CRITICAL - 2022-05-05 10:51:37 --> Unable to load template 'file:Home/index.tpl'
#0 C:\xampp\htdocs\diet_recommender\app\Libraries\Smarty\libs\sysplugins\smarty_internal_templatebase.php(238): Smarty_Internal_Template->render(false, 1)
#1 C:\xampp\htdocs\diet_recommender\app\Libraries\Smarty\libs\sysplugins\smarty_internal_templatebase.php(134): Smarty_Internal_TemplateBase->_execute(Object(Smarty_Internal_Template), NULL, NULL, NULL, 1)
#2 C:\xampp\htdocs\diet_recommender\app\Libraries\TPL.php(38): Smarty_Internal_TemplateBase->display('Home/index.tpl', NULL, NULL, NULL)
#3 C:\xampp\htdocs\diet_recommender\app\Controllers\BaseController.php(66): App\Libraries\TPL->display('Home/index.tpl')
#4 C:\xampp\htdocs\diet_recommender\system\CodeIgniter.php(320): App\Controllers\BaseController->__destruct()
#5 C:\xampp\htdocs\diet_recommender\public\index.php(37): CodeIgniter\CodeIgniter->run()
#6 C:\xampp\htdocs\diet_recommender\system\Commands\Server\rewrite.php(43): require_once('C:\\xampp\\htdocs...')
#7 {main}
CRITICAL - 2022-05-05 10:51:38 --> Unable to load template 'file:Home/index.tpl'
#0 C:\xampp\htdocs\diet_recommender\app\Libraries\Smarty\libs\sysplugins\smarty_internal_templatebase.php(238): Smarty_Internal_Template->render(false, 1)
#1 C:\xampp\htdocs\diet_recommender\app\Libraries\Smarty\libs\sysplugins\smarty_internal_templatebase.php(134): Smarty_Internal_TemplateBase->_execute(Object(Smarty_Internal_Template), NULL, NULL, NULL, 1)
#2 C:\xampp\htdocs\diet_recommender\app\Libraries\TPL.php(38): Smarty_Internal_TemplateBase->display('Home/index.tpl', NULL, NULL, NULL)
#3 C:\xampp\htdocs\diet_recommender\app\Controllers\BaseController.php(66): App\Libraries\TPL->display('Home/index.tpl')
#4 C:\xampp\htdocs\diet_recommender\system\CodeIgniter.php(320): App\Controllers\BaseController->__destruct()
#5 C:\xampp\htdocs\diet_recommender\public\index.php(37): CodeIgniter\CodeIgniter->run()
#6 C:\xampp\htdocs\diet_recommender\system\Commands\Server\rewrite.php(43): require_once('C:\\xampp\\htdocs...')
#7 {main}
CRITICAL - 2022-05-05 15:37:18 --> Unable to load template 'file:Home/index.tpl'
#0 C:\xampp\htdocs\diet_recommender\app\Libraries\Smarty\libs\sysplugins\smarty_internal_templatebase.php(238): Smarty_Internal_Template->render(false, 1)
#1 C:\xampp\htdocs\diet_recommender\app\Libraries\Smarty\libs\sysplugins\smarty_internal_templatebase.php(134): Smarty_Internal_TemplateBase->_execute(Object(Smarty_Internal_Template), NULL, NULL, NULL, 1)
#2 C:\xampp\htdocs\diet_recommender\app\Libraries\TPL.php(38): Smarty_Internal_TemplateBase->display('Home/index.tpl', NULL, NULL, NULL)
#3 C:\xampp\htdocs\diet_recommender\app\Controllers\BaseController.php(66): App\Libraries\TPL->display('Home/index.tpl')
#4 C:\xampp\htdocs\diet_recommender\system\CodeIgniter.php(320): App\Controllers\BaseController->__destruct()
#5 C:\xampp\htdocs\diet_recommender\public\index.php(37): CodeIgniter\CodeIgniter->run()
#6 C:\xampp\htdocs\diet_recommender\system\Commands\Server\rewrite.php(43): require_once('C:\\xampp\\htdocs...')
#7 {main}
CRITICAL - 2022-05-05 15:39:57 --> Unable to load template 'file:User/index.tpl'
#0 C:\xampp\htdocs\diet_recommender\app\Libraries\Smarty\libs\sysplugins\smarty_internal_templatebase.php(238): Smarty_Internal_Template->render(false, 1)
#1 C:\xampp\htdocs\diet_recommender\app\Libraries\Smarty\libs\sysplugins\smarty_internal_templatebase.php(134): Smarty_Internal_TemplateBase->_execute(Object(Smarty_Internal_Template), NULL, NULL, NULL, 1)
#2 C:\xampp\htdocs\diet_recommender\app\Libraries\TPL.php(38): Smarty_Internal_TemplateBase->display('User/index.tpl', NULL, NULL, NULL)
#3 C:\xampp\htdocs\diet_recommender\app\Controllers\BaseController.php(66): App\Libraries\TPL->display('User/index.tpl')
#4 C:\xampp\htdocs\diet_recommender\system\CodeIgniter.php(320): App\Controllers\BaseController->__destruct()
#5 C:\xampp\htdocs\diet_recommender\public\index.php(37): CodeIgniter\CodeIgniter->run()
#6 C:\xampp\htdocs\diet_recommender\system\Commands\Server\rewrite.php(43): require_once('C:\\xampp\\htdocs...')
#7 {main}
CRITICAL - 2022-05-05 15:40:08 --> Undefined array key "title"
#0 C:\xampp\htdocs\diet_recommender\app\Libraries\Smarty\Compiles\1da024282af05c95217fff5503d37c13343aa7ec_0.file.sidebar.tpl.php(29): CodeIgniter\Debug\Exceptions->errorHandler(2, 'Undefined array...', 'C:\\xampp\\htdocs...', 29)
#1 C:\xampp\htdocs\diet_recommender\app\Libraries\Smarty\libs\sysplugins\smarty_template_resource_base.php(123): content_62743627e8cb14_91781070(Object(Smarty_Internal_Template))
#2 C:\xampp\htdocs\diet_recommender\app\Libraries\Smarty\libs\sysplugins\smarty_template_compiled.php(114): Smarty_Template_Resource_Base->getRenderedTemplateCode(Object(Smarty_Internal_Template))
#3 C:\xampp\htdocs\diet_recommender\app\Libraries\Smarty\libs\sysplugins\smarty_internal_template.php(216): Smarty_Template_Compiled->render(Object(Smarty_Internal_Template))
#4 C:\xampp\htdocs\diet_recommender\app\Libraries\Smarty\libs\sysplugins\smarty_internal_template.php(385): Smarty_Internal_Template->render()
#5 C:\xampp\htdocs\diet_recommender\app\Libraries\Smarty\Compiles\c4cff84b956c2362d512dc8ee3c9abcbabb2c585_0.file.member_area.tpl.php(83): Smarty_Internal_Template->_subTemplateRender('file:Elements/s...', NULL, NULL, 0, 3600, Array, 0, false)
#6 C:\xampp\htdocs\diet_recommender\app\Libraries\Smarty\libs\sysplugins\smarty_template_resource_base.php(123): content_62743627db1ee0_57907706(Object(Smarty_Internal_Template))
#7 C:\xampp\htdocs\diet_recommender\app\Libraries\Smarty\libs\sysplugins\smarty_template_compiled.php(114): Smarty_Template_Resource_Base->getRenderedTemplateCode(Object(Smarty_Internal_Template))
#8 C:\xampp\htdocs\diet_recommender\app\Libraries\Smarty\libs\sysplugins\smarty_internal_template.php(216): Smarty_Template_Compiled->render(Object(Smarty_Internal_Template))
#9 C:\xampp\htdocs\diet_recommender\app\Libraries\Smarty\libs\sysplugins\smarty_internal_template.php(385): Smarty_Internal_Template->render()
#10 C:\xampp\htdocs\diet_recommender\app\Libraries\Smarty\libs\sysplugins\smarty_internal_runtime_inheritance.php(116): Smarty_Internal_Template->_subTemplateRender('Layouts/member_...', NULL, NULL, 0, 3600, Array, 2, false, NULL, NULL)
#11 C:\xampp\htdocs\diet_recommender\app\Libraries\Smarty\Compiles\c1e14bf05e0ae1f6d778c7414fe549974987ec00_0.file.index.tpl.php(30): Smarty_Internal_Runtime_Inheritance->endChild(Object(Smarty_Internal_Template), 'Layouts/member_...')
#12 C:\xampp\htdocs\diet_recommender\app\Libraries\Smarty\libs\sysplugins\smarty_template_resource_base.php(123): content_62743627d34ec3_06419402(Object(Smarty_Internal_Template))
#13 C:\xampp\htdocs\diet_recommender\app\Libraries\Smarty\libs\sysplugins\smarty_template_compiled.php(114): Smarty_Template_Resource_Base->getRenderedTemplateCode(Object(Smarty_Internal_Template))
#14 C:\xampp\htdocs\diet_recommender\app\Libraries\Smarty\libs\sysplugins\smarty_internal_template.php(216): Smarty_Template_Compiled->render(Object(Smarty_Internal_Template))
#15 C:\xampp\htdocs\diet_recommender\app\Libraries\Smarty\libs\sysplugins\smarty_internal_templatebase.php(238): Smarty_Internal_Template->render(false, 1)
#16 C:\xampp\htdocs\diet_recommender\app\Libraries\Smarty\libs\sysplugins\smarty_internal_templatebase.php(134): Smarty_Internal_TemplateBase->_execute(Object(Smarty_Internal_Template), NULL, NULL, NULL, 1)
#17 C:\xampp\htdocs\diet_recommender\app\Libraries\TPL.php(38): Smarty_Internal_TemplateBase->display('Admin/index.tpl', NULL, NULL, NULL)
#18 C:\xampp\htdocs\diet_recommender\app\Controllers\BaseController.php(66): App\Libraries\TPL->display('Admin/index.tpl')
#19 C:\xampp\htdocs\diet_recommender\system\CodeIgniter.php(320): App\Controllers\BaseController->__destruct()
#20 C:\xampp\htdocs\diet_recommender\public\index.php(37): CodeIgniter\CodeIgniter->run()
#21 C:\xampp\htdocs\diet_recommender\system\Commands\Server\rewrite.php(43): require_once('C:\\xampp\\htdocs...')
#22 {main}
CRITICAL - 2022-05-05 15:40:57 --> Undefined array key "title"
#0 C:\xampp\htdocs\diet_recommender\app\Libraries\Smarty\Compiles\1da024282af05c95217fff5503d37c13343aa7ec_0.file.sidebar.tpl.php(29): CodeIgniter\Debug\Exceptions->errorHandler(2, 'Undefined array...', 'C:\\xampp\\htdocs...', 29)
#1 C:\xampp\htdocs\diet_recommender\app\Libraries\Smarty\libs\sysplugins\smarty_template_resource_base.php(123): content_62743627e8cb14_91781070(Object(Smarty_Internal_Template))
#2 C:\xampp\htdocs\diet_recommender\app\Libraries\Smarty\libs\sysplugins\smarty_template_compiled.php(114): Smarty_Template_Resource_Base->getRenderedTemplateCode(Object(Smarty_Internal_Template))
#3 C:\xampp\htdocs\diet_recommender\app\Libraries\Smarty\libs\sysplugins\smarty_internal_template.php(216): Smarty_Template_Compiled->render(Object(Smarty_Internal_Template))
#4 C:\xampp\htdocs\diet_recommender\app\Libraries\Smarty\libs\sysplugins\smarty_internal_template.php(385): Smarty_Internal_Template->render()
#5 C:\xampp\htdocs\diet_recommender\app\Libraries\Smarty\Compiles\c4cff84b956c2362d512dc8ee3c9abcbabb2c585_0.file.member_area.tpl.php(83): Smarty_Internal_Template->_subTemplateRender('file:Elements/s...', NULL, NULL, 0, 3600, Array, 0, false)
#6 C:\xampp\htdocs\diet_recommender\app\Libraries\Smarty\libs\sysplugins\smarty_template_resource_base.php(123): content_62743627db1ee0_57907706(Object(Smarty_Internal_Template))
#7 C:\xampp\htdocs\diet_recommender\app\Libraries\Smarty\libs\sysplugins\smarty_template_compiled.php(114): Smarty_Template_Resource_Base->getRenderedTemplateCode(Object(Smarty_Internal_Template))
#8 C:\xampp\htdocs\diet_recommender\app\Libraries\Smarty\libs\sysplugins\smarty_internal_template.php(216): Smarty_Template_Compiled->render(Object(Smarty_Internal_Template))
#9 C:\xampp\htdocs\diet_recommender\app\Libraries\Smarty\libs\sysplugins\smarty_internal_template.php(385): Smarty_Internal_Template->render()
#10 C:\xampp\htdocs\diet_recommender\app\Libraries\Smarty\libs\sysplugins\smarty_internal_runtime_inheritance.php(116): Smarty_Internal_Template->_subTemplateRender('Layouts/member_...', NULL, NULL, 0, 3600, Array, 2, false, NULL, NULL)
#11 C:\xampp\htdocs\diet_recommender\app\Libraries\Smarty\Compiles\c1e14bf05e0ae1f6d778c7414fe549974987ec00_0.file.index.tpl.php(30): Smarty_Internal_Runtime_Inheritance->endChild(Object(Smarty_Internal_Template), 'Layouts/member_...')
#12 C:\xampp\htdocs\diet_recommender\app\Libraries\Smarty\libs\sysplugins\smarty_template_resource_base.php(123): content_62743627d34ec3_06419402(Object(Smarty_Internal_Template))
#13 C:\xampp\htdocs\diet_recommender\app\Libraries\Smarty\libs\sysplugins\smarty_template_compiled.php(114): Smarty_Template_Resource_Base->getRenderedTemplateCode(Object(Smarty_Internal_Template))
#14 C:\xampp\htdocs\diet_recommender\app\Libraries\Smarty\libs\sysplugins\smarty_internal_template.php(216): Smarty_Template_Compiled->render(Object(Smarty_Internal_Template))
#15 C:\xampp\htdocs\diet_recommender\app\Libraries\Smarty\libs\sysplugins\smarty_internal_templatebase.php(238): Smarty_Internal_Template->render(false, 1)
#16 C:\xampp\htdocs\diet_recommender\app\Libraries\Smarty\libs\sysplugins\smarty_internal_templatebase.php(134): Smarty_Internal_TemplateBase->_execute(Object(Smarty_Internal_Template), NULL, NULL, NULL, 1)
#17 C:\xampp\htdocs\diet_recommender\app\Libraries\TPL.php(38): Smarty_Internal_TemplateBase->display('Admin/index.tpl', NULL, NULL, NULL)
#18 C:\xampp\htdocs\diet_recommender\app\Controllers\BaseController.php(66): App\Libraries\TPL->display('Admin/index.tpl')
#19 C:\xampp\htdocs\diet_recommender\system\CodeIgniter.php(320): App\Controllers\BaseController->__destruct()
#20 C:\xampp\htdocs\diet_recommender\public\index.php(37): CodeIgniter\CodeIgniter->run()
#21 C:\xampp\htdocs\diet_recommender\system\Commands\Server\rewrite.php(43): require_once('C:\\xampp\\htdocs...')
#22 {main}
CRITICAL - 2022-05-05 15:41:54 --> Unable to load template 'file:Admin/assets.tpl'
#0 C:\xampp\htdocs\diet_recommender\app\Libraries\Smarty\libs\sysplugins\smarty_internal_templatebase.php(238): Smarty_Internal_Template->render(false, 1)
#1 C:\xampp\htdocs\diet_recommender\app\Libraries\Smarty\libs\sysplugins\smarty_internal_templatebase.php(134): Smarty_Internal_TemplateBase->_execute(Object(Smarty_Internal_Template), NULL, NULL, NULL, 1)
#2 C:\xampp\htdocs\diet_recommender\app\Libraries\TPL.php(38): Smarty_Internal_TemplateBase->display('Admin/assets.tp...', NULL, NULL, NULL)
#3 C:\xampp\htdocs\diet_recommender\app\Controllers\BaseController.php(66): App\Libraries\TPL->display('Admin/assets.tp...')
#4 C:\xampp\htdocs\diet_recommender\system\CodeIgniter.php(320): App\Controllers\BaseController->__destruct()
#5 C:\xampp\htdocs\diet_recommender\public\index.php(37): CodeIgniter\CodeIgniter->run()
#6 C:\xampp\htdocs\diet_recommender\system\Commands\Server\rewrite.php(43): require_once('C:\\xampp\\htdocs...')
#7 {main}
CRITICAL - 2022-05-05 15:41:54 --> Unable to load template 'file:Admin/assets.tpl'
#0 C:\xampp\htdocs\diet_recommender\app\Libraries\Smarty\libs\sysplugins\smarty_internal_templatebase.php(238): Smarty_Internal_Template->render(false, 1)
#1 C:\xampp\htdocs\diet_recommender\app\Libraries\Smarty\libs\sysplugins\smarty_internal_templatebase.php(134): Smarty_Internal_TemplateBase->_execute(Object(Smarty_Internal_Template), NULL, NULL, NULL, 1)
#2 C:\xampp\htdocs\diet_recommender\app\Libraries\TPL.php(38): Smarty_Internal_TemplateBase->display('Admin/assets.tp...', NULL, NULL, NULL)
#3 C:\xampp\htdocs\diet_recommender\app\Controllers\BaseController.php(66): App\Libraries\TPL->display('Admin/assets.tp...')
#4 C:\xampp\htdocs\diet_recommender\system\CodeIgniter.php(320): App\Controllers\BaseController->__destruct()
#5 C:\xampp\htdocs\diet_recommender\public\index.php(37): CodeIgniter\CodeIgniter->run()
#6 C:\xampp\htdocs\diet_recommender\system\Commands\Server\rewrite.php(43): require_once('C:\\xampp\\htdocs...')
#7 {main}
CRITICAL - 2022-05-05 15:41:54 --> Unable to load template 'file:Admin/assets.tpl'
#0 C:\xampp\htdocs\diet_recommender\app\Libraries\Smarty\libs\sysplugins\smarty_internal_templatebase.php(238): Smarty_Internal_Template->render(false, 1)
#1 C:\xampp\htdocs\diet_recommender\app\Libraries\Smarty\libs\sysplugins\smarty_internal_templatebase.php(134): Smarty_Internal_TemplateBase->_execute(Object(Smarty_Internal_Template), NULL, NULL, NULL, 1)
#2 C:\xampp\htdocs\diet_recommender\app\Libraries\TPL.php(38): Smarty_Internal_TemplateBase->display('Admin/assets.tp...', NULL, NULL, NULL)
#3 C:\xampp\htdocs\diet_recommender\app\Controllers\BaseController.php(66): App\Libraries\TPL->display('Admin/assets.tp...')
#4 C:\xampp\htdocs\diet_recommender\system\CodeIgniter.php(320): App\Controllers\BaseController->__destruct()
#5 C:\xampp\htdocs\diet_recommender\public\index.php(37): CodeIgniter\CodeIgniter->run()
#6 C:\xampp\htdocs\diet_recommender\system\Commands\Server\rewrite.php(43): require_once('C:\\xampp\\htdocs...')
#7 {main}
CRITICAL - 2022-05-05 15:41:54 --> Unable to load template 'file:Admin/assets.tpl'
#0 C:\xampp\htdocs\diet_recommender\app\Libraries\Smarty\libs\sysplugins\smarty_internal_templatebase.php(238): Smarty_Internal_Template->render(false, 1)
#1 C:\xampp\htdocs\diet_recommender\app\Libraries\Smarty\libs\sysplugins\smarty_internal_templatebase.php(134): Smarty_Internal_TemplateBase->_execute(Object(Smarty_Internal_Template), NULL, NULL, NULL, 1)
#2 C:\xampp\htdocs\diet_recommender\app\Libraries\TPL.php(38): Smarty_Internal_TemplateBase->display('Admin/assets.tp...', NULL, NULL, NULL)
#3 C:\xampp\htdocs\diet_recommender\app\Controllers\BaseController.php(66): App\Libraries\TPL->display('Admin/assets.tp...')
#4 C:\xampp\htdocs\diet_recommender\system\CodeIgniter.php(320): App\Controllers\BaseController->__destruct()
#5 C:\xampp\htdocs\diet_recommender\public\index.php(37): CodeIgniter\CodeIgniter->run()
#6 C:\xampp\htdocs\diet_recommender\system\Commands\Server\rewrite.php(43): require_once('C:\\xampp\\htdocs...')
#7 {main}
CRITICAL - 2022-05-05 15:41:55 --> Unable to load template 'file:Admin/assets.tpl'
#0 C:\xampp\htdocs\diet_recommender\app\Libraries\Smarty\libs\sysplugins\smarty_internal_templatebase.php(238): Smarty_Internal_Template->render(false, 1)
#1 C:\xampp\htdocs\diet_recommender\app\Libraries\Smarty\libs\sysplugins\smarty_internal_templatebase.php(134): Smarty_Internal_TemplateBase->_execute(Object(Smarty_Internal_Template), NULL, NULL, NULL, 1)
#2 C:\xampp\htdocs\diet_recommender\app\Libraries\TPL.php(38): Smarty_Internal_TemplateBase->display('Admin/assets.tp...', NULL, NULL, NULL)
#3 C:\xampp\htdocs\diet_recommender\app\Controllers\BaseController.php(66): App\Libraries\TPL->display('Admin/assets.tp...')
#4 C:\xampp\htdocs\diet_recommender\system\CodeIgniter.php(320): App\Controllers\BaseController->__destruct()
#5 C:\xampp\htdocs\diet_recommender\public\index.php(37): CodeIgniter\CodeIgniter->run()
#6 C:\xampp\htdocs\diet_recommender\system\Commands\Server\rewrite.php(43): require_once('C:\\xampp\\htdocs...')
#7 {main}
CRITICAL - 2022-05-05 15:41:55 --> Unable to load template 'file:Admin/assets.tpl'
#0 C:\xampp\htdocs\diet_recommender\app\Libraries\Smarty\libs\sysplugins\smarty_internal_templatebase.php(238): Smarty_Internal_Template->render(false, 1)
#1 C:\xampp\htdocs\diet_recommender\app\Libraries\Smarty\libs\sysplugins\smarty_internal_templatebase.php(134): Smarty_Internal_TemplateBase->_execute(Object(Smarty_Internal_Template), NULL, NULL, NULL, 1)
#2 C:\xampp\htdocs\diet_recommender\app\Libraries\TPL.php(38): Smarty_Internal_TemplateBase->display('Admin/assets.tp...', NULL, NULL, NULL)
#3 C:\xampp\htdocs\diet_recommender\app\Controllers\BaseController.php(66): App\Libraries\TPL->display('Admin/assets.tp...')
#4 C:\xampp\htdocs\diet_recommender\system\CodeIgniter.php(320): App\Controllers\BaseController->__destruct()
#5 C:\xampp\htdocs\diet_recommender\public\index.php(37): CodeIgniter\CodeIgniter->run()
#6 C:\xampp\htdocs\diet_recommender\system\Commands\Server\rewrite.php(43): require_once('C:\\xampp\\htdocs...')
#7 {main}
CRITICAL - 2022-05-05 15:43:02 --> Unable to load template 'file:Admin/assets.tpl'
#0 C:\xampp\htdocs\diet_recommender\app\Libraries\Smarty\libs\sysplugins\smarty_internal_templatebase.php(238): Smarty_Internal_Template->render(false, 1)
#1 C:\xampp\htdocs\diet_recommender\app\Libraries\Smarty\libs\sysplugins\smarty_internal_templatebase.php(134): Smarty_Internal_TemplateBase->_execute(Object(Smarty_Internal_Template), NULL, NULL, NULL, 1)
#2 C:\xampp\htdocs\diet_recommender\app\Libraries\TPL.php(38): Smarty_Internal_TemplateBase->display('Admin/assets.tp...', NULL, NULL, NULL)
#3 C:\xampp\htdocs\diet_recommender\app\Controllers\BaseController.php(66): App\Libraries\TPL->display('Admin/assets.tp...')
#4 C:\xampp\htdocs\diet_recommender\system\CodeIgniter.php(320): App\Controllers\BaseController->__destruct()
#5 C:\xampp\htdocs\diet_recommender\public\index.php(37): CodeIgniter\CodeIgniter->run()
#6 C:\xampp\htdocs\diet_recommender\system\Commands\Server\rewrite.php(43): require_once('C:\\xampp\\htdocs...')
#7 {main}
CRITICAL - 2022-05-05 15:43:02 --> Unable to load template 'file:Admin/assets.tpl'
#0 C:\xampp\htdocs\diet_recommender\app\Libraries\Smarty\libs\sysplugins\smarty_internal_templatebase.php(238): Smarty_Internal_Template->render(false, 1)
#1 C:\xampp\htdocs\diet_recommender\app\Libraries\Smarty\libs\sysplugins\smarty_internal_templatebase.php(134): Smarty_Internal_TemplateBase->_execute(Object(Smarty_Internal_Template), NULL, NULL, NULL, 1)
#2 C:\xampp\htdocs\diet_recommender\app\Libraries\TPL.php(38): Smarty_Internal_TemplateBase->display('Admin/assets.tp...', NULL, NULL, NULL)
#3 C:\xampp\htdocs\diet_recommender\app\Controllers\BaseController.php(66): App\Libraries\TPL->display('Admin/assets.tp...')
#4 C:\xampp\htdocs\diet_recommender\system\CodeIgniter.php(320): App\Controllers\BaseController->__destruct()
#5 C:\xampp\htdocs\diet_recommender\public\index.php(37): CodeIgniter\CodeIgniter->run()
#6 C:\xampp\htdocs\diet_recommender\system\Commands\Server\rewrite.php(43): require_once('C:\\xampp\\htdocs...')
#7 {main}
CRITICAL - 2022-05-05 15:43:02 --> Unable to load template 'file:Admin/assets.tpl'
#0 C:\xampp\htdocs\diet_recommender\app\Libraries\Smarty\libs\sysplugins\smarty_internal_templatebase.php(238): Smarty_Internal_Template->render(false, 1)
#1 C:\xampp\htdocs\diet_recommender\app\Libraries\Smarty\libs\sysplugins\smarty_internal_templatebase.php(134): Smarty_Internal_TemplateBase->_execute(Object(Smarty_Internal_Template), NULL, NULL, NULL, 1)
#2 C:\xampp\htdocs\diet_recommender\app\Libraries\TPL.php(38): Smarty_Internal_TemplateBase->display('Admin/assets.tp...', NULL, NULL, NULL)
#3 C:\xampp\htdocs\diet_recommender\app\Controllers\BaseController.php(66): App\Libraries\TPL->display('Admin/assets.tp...')
#4 C:\xampp\htdocs\diet_recommender\system\CodeIgniter.php(320): App\Controllers\BaseController->__destruct()
#5 C:\xampp\htdocs\diet_recommender\public\index.php(37): CodeIgniter\CodeIgniter->run()
#6 C:\xampp\htdocs\diet_recommender\system\Commands\Server\rewrite.php(43): require_once('C:\\xampp\\htdocs...')
#7 {main}
CRITICAL - 2022-05-05 15:43:05 --> Unable to load template 'file:Admin/assets.tpl'
#0 C:\xampp\htdocs\diet_recommender\app\Libraries\Smarty\libs\sysplugins\smarty_internal_templatebase.php(238): Smarty_Internal_Template->render(false, 1)
#1 C:\xampp\htdocs\diet_recommender\app\Libraries\Smarty\libs\sysplugins\smarty_internal_templatebase.php(134): Smarty_Internal_TemplateBase->_execute(Object(Smarty_Internal_Template), NULL, NULL, NULL, 1)
#2 C:\xampp\htdocs\diet_recommender\app\Libraries\TPL.php(38): Smarty_Internal_TemplateBase->display('Admin/assets.tp...', NULL, NULL, NULL)
#3 C:\xampp\htdocs\diet_recommender\app\Controllers\BaseController.php(66): App\Libraries\TPL->display('Admin/assets.tp...')
#4 C:\xampp\htdocs\diet_recommender\system\CodeIgniter.php(320): App\Controllers\BaseController->__destruct()
#5 C:\xampp\htdocs\diet_recommender\public\index.php(37): CodeIgniter\CodeIgniter->run()
#6 C:\xampp\htdocs\diet_recommender\system\Commands\Server\rewrite.php(43): require_once('C:\\xampp\\htdocs...')
#7 {main}
CRITICAL - 2022-05-05 15:43:05 --> Unable to load template 'file:Admin/assets.tpl'
#0 C:\xampp\htdocs\diet_recommender\app\Libraries\Smarty\libs\sysplugins\smarty_internal_templatebase.php(238): Smarty_Internal_Template->render(false, 1)
#1 C:\xampp\htdocs\diet_recommender\app\Libraries\Smarty\libs\sysplugins\smarty_internal_templatebase.php(134): Smarty_Internal_TemplateBase->_execute(Object(Smarty_Internal_Template), NULL, NULL, NULL, 1)
#2 C:\xampp\htdocs\diet_recommender\app\Libraries\TPL.php(38): Smarty_Internal_TemplateBase->display('Admin/assets.tp...', NULL, NULL, NULL)
#3 C:\xampp\htdocs\diet_recommender\app\Controllers\BaseController.php(66): App\Libraries\TPL->display('Admin/assets.tp...')
#4 C:\xampp\htdocs\diet_recommender\system\CodeIgniter.php(320): App\Controllers\BaseController->__destruct()
#5 C:\xampp\htdocs\diet_recommender\public\index.php(37): CodeIgniter\CodeIgniter->run()
#6 C:\xampp\htdocs\diet_recommender\system\Commands\Server\rewrite.php(43): require_once('C:\\xampp\\htdocs...')
#7 {main}
CRITICAL - 2022-05-05 15:43:05 --> Unable to load template 'file:Admin/assets.tpl'
#0 C:\xampp\htdocs\diet_recommender\app\Libraries\Smarty\libs\sysplugins\smarty_internal_templatebase.php(238): Smarty_Internal_Template->render(false, 1)
#1 C:\xampp\htdocs\diet_recommender\app\Libraries\Smarty\libs\sysplugins\smarty_internal_templatebase.php(134): Smarty_Internal_TemplateBase->_execute(Object(Smarty_Internal_Template), NULL, NULL, NULL, 1)
#2 C:\xampp\htdocs\diet_recommender\app\Libraries\TPL.php(38): Smarty_Internal_TemplateBase->display('Admin/assets.tp...', NULL, NULL, NULL)
#3 C:\xampp\htdocs\diet_recommender\app\Controllers\BaseController.php(66): App\Libraries\TPL->display('Admin/assets.tp...')
#4 C:\xampp\htdocs\diet_recommender\system\CodeIgniter.php(320): App\Controllers\BaseController->__destruct()
#5 C:\xampp\htdocs\diet_recommender\public\index.php(37): CodeIgniter\CodeIgniter->run()
#6 C:\xampp\htdocs\diet_recommender\system\Commands\Server\rewrite.php(43): require_once('C:\\xampp\\htdocs...')
#7 {main}
