CRITICAL - 2022-07-09 01:07:57 --> syntax error, unexpected token ">", expecting identifier or variable or "{" or "$"
#0 C:\xampp\htdocs\library\system\Autoloader\Autoloader.php(241): CodeIgniter\Autoloader\Autoloader->includeFile('C:\\xampp\\htdocs...')
#1 C:\xampp\htdocs\library\system\Autoloader\Autoloader.php(219): CodeIgniter\Autoloader\Autoloader->loadInNamespace('App\\Models\\Cart')
#2 [internal function]: CodeIgniter\Autoloader\Autoloader->loadClass('App\\Models\\Cart')
#3 C:\xampp\htdocs\library\system\Config\Factories.php(136): class_exists('App\\Models\\Cart')
#4 C:\xampp\htdocs\library\system\Config\Factories.php(106): CodeIgniter\Config\Factories::locateClass(Array, 'Cart')
#5 C:\xampp\htdocs\library\system\Common.php(780): CodeIgniter\Config\Factories::__callStatic('models', Array)
#6 C:\xampp\htdocs\library\app\Controllers\Student.php(21): model('Cart')
#7 C:\xampp\htdocs\library\app\Controllers\Student.php(37): App\Controllers\Student->_process_available_books_request()
#8 C:\xampp\htdocs\library\system\CodeIgniter.php(825): App\Controllers\Student->available_books()
#9 C:\xampp\htdocs\library\system\CodeIgniter.php(412): CodeIgniter\CodeIgniter->runController(Object(App\Controllers\Student))
#10 C:\xampp\htdocs\library\system\CodeIgniter.php(320): CodeIgniter\CodeIgniter->handleRequest(NULL, Object(Config\Cache), false)
#11 C:\xampp\htdocs\library\public\index.php(37): CodeIgniter\CodeIgniter->run()
#12 C:\xampp\htdocs\library\system\Commands\Server\rewrite.php(43): require_once('C:\\xampp\\htdocs...')
#13 {main}
CRITICAL - 2022-07-09 01:08:35 --> syntax error, unexpected token ">", expecting identifier or variable or "{" or "$"
#0 C:\xampp\htdocs\library\system\Autoloader\Autoloader.php(241): CodeIgniter\Autoloader\Autoloader->includeFile('C:\\xampp\\htdocs...')
#1 C:\xampp\htdocs\library\system\Autoloader\Autoloader.php(219): CodeIgniter\Autoloader\Autoloader->loadInNamespace('App\\Models\\Cart')
#2 [internal function]: CodeIgniter\Autoloader\Autoloader->loadClass('App\\Models\\Cart')
#3 C:\xampp\htdocs\library\system\Config\Factories.php(136): class_exists('App\\Models\\Cart')
#4 C:\xampp\htdocs\library\system\Config\Factories.php(106): CodeIgniter\Config\Factories::locateClass(Array, 'Cart')
#5 C:\xampp\htdocs\library\system\Common.php(780): CodeIgniter\Config\Factories::__callStatic('models', Array)
#6 C:\xampp\htdocs\library\app\Controllers\Student.php(21): model('Cart')
#7 C:\xampp\htdocs\library\app\Controllers\Student.php(37): App\Controllers\Student->_process_available_books_request()
#8 C:\xampp\htdocs\library\system\CodeIgniter.php(825): App\Controllers\Student->available_books()
#9 C:\xampp\htdocs\library\system\CodeIgniter.php(412): CodeIgniter\CodeIgniter->runController(Object(App\Controllers\Student))
#10 C:\xampp\htdocs\library\system\CodeIgniter.php(320): CodeIgniter\CodeIgniter->handleRequest(NULL, Object(Config\Cache), false)
#11 C:\xampp\htdocs\library\public\index.php(37): CodeIgniter\CodeIgniter->run()
#12 C:\xampp\htdocs\library\system\Commands\Server\rewrite.php(43): require_once('C:\\xampp\\htdocs...')
#13 {main}
CRITICAL - 2022-07-09 01:09:57 --> syntax error, unexpected token ">", expecting identifier or variable or "{" or "$"
#0 C:\xampp\htdocs\library\system\Autoloader\Autoloader.php(241): CodeIgniter\Autoloader\Autoloader->includeFile('C:\\xampp\\htdocs...')
#1 C:\xampp\htdocs\library\system\Autoloader\Autoloader.php(219): CodeIgniter\Autoloader\Autoloader->loadInNamespace('App\\Models\\Cart')
#2 [internal function]: CodeIgniter\Autoloader\Autoloader->loadClass('App\\Models\\Cart')
#3 C:\xampp\htdocs\library\system\Config\Factories.php(136): class_exists('App\\Models\\Cart')
#4 C:\xampp\htdocs\library\system\Config\Factories.php(106): CodeIgniter\Config\Factories::locateClass(Array, 'Cart')
#5 C:\xampp\htdocs\library\system\Common.php(780): CodeIgniter\Config\Factories::__callStatic('models', Array)
#6 C:\xampp\htdocs\library\app\Controllers\Student.php(21): model('Cart')
#7 C:\xampp\htdocs\library\app\Controllers\Student.php(37): App\Controllers\Student->_process_available_books_request()
#8 C:\xampp\htdocs\library\system\CodeIgniter.php(825): App\Controllers\Student->available_books()
#9 C:\xampp\htdocs\library\system\CodeIgniter.php(412): CodeIgniter\CodeIgniter->runController(Object(App\Controllers\Student))
#10 C:\xampp\htdocs\library\system\CodeIgniter.php(320): CodeIgniter\CodeIgniter->handleRequest(NULL, Object(Config\Cache), false)
#11 C:\xampp\htdocs\library\public\index.php(37): CodeIgniter\CodeIgniter->run()
#12 C:\xampp\htdocs\library\system\Commands\Server\rewrite.php(43): require_once('C:\\xampp\\htdocs...')
#13 {main}
CRITICAL - 2022-07-09 01:10:26 --> syntax error, unexpected token ">", expecting identifier or variable or "{" or "$"
#0 C:\xampp\htdocs\library\system\Autoloader\Autoloader.php(241): CodeIgniter\Autoloader\Autoloader->includeFile('C:\\xampp\\htdocs...')
#1 C:\xampp\htdocs\library\system\Autoloader\Autoloader.php(219): CodeIgniter\Autoloader\Autoloader->loadInNamespace('App\\Models\\Cart')
#2 [internal function]: CodeIgniter\Autoloader\Autoloader->loadClass('App\\Models\\Cart')
#3 C:\xampp\htdocs\library\system\Config\Factories.php(136): class_exists('App\\Models\\Cart')
#4 C:\xampp\htdocs\library\system\Config\Factories.php(106): CodeIgniter\Config\Factories::locateClass(Array, 'Cart')
#5 C:\xampp\htdocs\library\system\Common.php(780): CodeIgniter\Config\Factories::__callStatic('models', Array)
#6 C:\xampp\htdocs\library\app\Controllers\Student.php(21): model('Cart')
#7 C:\xampp\htdocs\library\app\Controllers\Student.php(37): App\Controllers\Student->_process_available_books_request()
#8 C:\xampp\htdocs\library\system\CodeIgniter.php(825): App\Controllers\Student->available_books()
#9 C:\xampp\htdocs\library\system\CodeIgniter.php(412): CodeIgniter\CodeIgniter->runController(Object(App\Controllers\Student))
#10 C:\xampp\htdocs\library\system\CodeIgniter.php(320): CodeIgniter\CodeIgniter->handleRequest(NULL, Object(Config\Cache), false)
#11 C:\xampp\htdocs\library\public\index.php(37): CodeIgniter\CodeIgniter->run()
#12 C:\xampp\htdocs\library\system\Commands\Server\rewrite.php(43): require_once('C:\\xampp\\htdocs...')
#13 {main}
CRITICAL - 2022-07-09 01:13:21 --> Unable to load template 'file:Student/localhost.tpl'
#0 C:\xampp\htdocs\library\app\ThirdParty\Smarty\libs\sysplugins\smarty_internal_templatebase.php(238): Smarty_Internal_Template->render(false, 1)
#1 C:\xampp\htdocs\library\app\ThirdParty\Smarty\libs\sysplugins\smarty_internal_templatebase.php(134): Smarty_Internal_TemplateBase->_execute(Object(Smarty_Internal_Template), NULL, NULL, NULL, 1)
#2 C:\xampp\htdocs\library\app\Libraries\TPL.php(40): Smarty_Internal_TemplateBase->display('Student/localho...', NULL, NULL, NULL)
#3 C:\xampp\htdocs\library\app\Libraries\TPL.php(55): App\Libraries\TPL->display('Student/localho...')
#4 C:\xampp\htdocs\library\system\CodeIgniter.php(320): App\Libraries\TPL->__destruct()
#5 C:\xampp\htdocs\library\public\index.php(37): CodeIgniter\CodeIgniter->run()
#6 C:\xampp\htdocs\library\system\Commands\Server\rewrite.php(43): require_once('C:\\xampp\\htdocs...')
#7 {main}
CRITICAL - 2022-07-09 01:14:00 --> Unable to load template 'file:Student/localhost.tpl'
#0 C:\xampp\htdocs\library\app\ThirdParty\Smarty\libs\sysplugins\smarty_internal_templatebase.php(238): Smarty_Internal_Template->render(false, 1)
#1 C:\xampp\htdocs\library\app\ThirdParty\Smarty\libs\sysplugins\smarty_internal_templatebase.php(134): Smarty_Internal_TemplateBase->_execute(Object(Smarty_Internal_Template), NULL, NULL, NULL, 1)
#2 C:\xampp\htdocs\library\app\Libraries\TPL.php(40): Smarty_Internal_TemplateBase->display('Student/localho...', NULL, NULL, NULL)
#3 C:\xampp\htdocs\library\app\Libraries\TPL.php(55): App\Libraries\TPL->display('Student/localho...')
#4 C:\xampp\htdocs\library\system\CodeIgniter.php(320): App\Libraries\TPL->__destruct()
#5 C:\xampp\htdocs\library\public\index.php(37): CodeIgniter\CodeIgniter->run()
#6 C:\xampp\htdocs\library\system\Commands\Server\rewrite.php(43): require_once('C:\\xampp\\htdocs...')
#7 {main}
CRITICAL - 2022-07-09 01:21:50 --> syntax error, unexpected token ">", expecting identifier or variable or "{" or "$"
#0 C:\xampp\htdocs\library\system\Autoloader\Autoloader.php(241): CodeIgniter\Autoloader\Autoloader->includeFile('C:\\xampp\\htdocs...')
#1 C:\xampp\htdocs\library\system\Autoloader\Autoloader.php(219): CodeIgniter\Autoloader\Autoloader->loadInNamespace('App\\Models\\Cart')
#2 [internal function]: CodeIgniter\Autoloader\Autoloader->loadClass('App\\Models\\Cart')
#3 C:\xampp\htdocs\library\system\Config\Factories.php(136): class_exists('App\\Models\\Cart')
#4 C:\xampp\htdocs\library\system\Config\Factories.php(106): CodeIgniter\Config\Factories::locateClass(Array, 'Cart')
#5 C:\xampp\htdocs\library\system\Common.php(780): CodeIgniter\Config\Factories::__callStatic('models', Array)
#6 C:\xampp\htdocs\library\app\Controllers\Student.php(22): model('Cart')
#7 C:\xampp\htdocs\library\app\Controllers\Student.php(38): App\Controllers\Student->_process_available_books_request()
#8 C:\xampp\htdocs\library\system\CodeIgniter.php(825): App\Controllers\Student->available_books()
#9 C:\xampp\htdocs\library\system\CodeIgniter.php(412): CodeIgniter\CodeIgniter->runController(Object(App\Controllers\Student))
#10 C:\xampp\htdocs\library\system\CodeIgniter.php(320): CodeIgniter\CodeIgniter->handleRequest(NULL, Object(Config\Cache), false)
#11 C:\xampp\htdocs\library\public\index.php(37): CodeIgniter\CodeIgniter->run()
#12 C:\xampp\htdocs\library\system\Commands\Server\rewrite.php(43): require_once('C:\\xampp\\htdocs...')
#13 {main}
CRITICAL - 2022-07-09 01:26:37 --> syntax error, unexpected token ">", expecting identifier or variable or "{" or "$"
#0 C:\xampp\htdocs\library\system\Autoloader\Autoloader.php(241): CodeIgniter\Autoloader\Autoloader->includeFile('C:\\xampp\\htdocs...')
#1 C:\xampp\htdocs\library\system\Autoloader\Autoloader.php(219): CodeIgniter\Autoloader\Autoloader->loadInNamespace('App\\Models\\Cart')
#2 [internal function]: CodeIgniter\Autoloader\Autoloader->loadClass('App\\Models\\Cart')
#3 C:\xampp\htdocs\library\system\Config\Factories.php(136): class_exists('App\\Models\\Cart')
#4 C:\xampp\htdocs\library\system\Config\Factories.php(106): CodeIgniter\Config\Factories::locateClass(Array, 'Cart')
#5 C:\xampp\htdocs\library\system\Common.php(780): CodeIgniter\Config\Factories::__callStatic('models', Array)
#6 C:\xampp\htdocs\library\app\Controllers\Student.php(23): model('Cart')
#7 C:\xampp\htdocs\library\app\Controllers\Student.php(39): App\Controllers\Student->_process_available_books_request()
#8 C:\xampp\htdocs\library\system\CodeIgniter.php(825): App\Controllers\Student->available_books()
#9 C:\xampp\htdocs\library\system\CodeIgniter.php(412): CodeIgniter\CodeIgniter->runController(Object(App\Controllers\Student))
#10 C:\xampp\htdocs\library\system\CodeIgniter.php(320): CodeIgniter\CodeIgniter->handleRequest(NULL, Object(Config\Cache), false)
#11 C:\xampp\htdocs\library\public\index.php(37): CodeIgniter\CodeIgniter->run()
#12 C:\xampp\htdocs\library\system\Commands\Server\rewrite.php(43): require_once('C:\\xampp\\htdocs...')
#13 {main}
CRITICAL - 2022-07-09 01:53:20 --> syntax error, unexpected token "return"
#0 C:\xampp\htdocs\library\system\Autoloader\Autoloader.php(241): CodeIgniter\Autoloader\Autoloader->includeFile('C:\\xampp\\htdocs...')
#1 C:\xampp\htdocs\library\system\Autoloader\Autoloader.php(219): CodeIgniter\Autoloader\Autoloader->loadInNamespace('App\\Models\\Cart')
#2 [internal function]: CodeIgniter\Autoloader\Autoloader->loadClass('App\\Models\\Cart')
#3 C:\xampp\htdocs\library\system\Config\Factories.php(136): class_exists('App\\Models\\Cart')
#4 C:\xampp\htdocs\library\system\Config\Factories.php(106): CodeIgniter\Config\Factories::locateClass(Array, 'Cart')
#5 C:\xampp\htdocs\library\system\Common.php(780): CodeIgniter\Config\Factories::__callStatic('models', Array)
#6 C:\xampp\htdocs\library\app\Controllers\Student.php(23): model('Cart')
#7 C:\xampp\htdocs\library\app\Controllers\Student.php(39): App\Controllers\Student->_process_available_books_request()
#8 C:\xampp\htdocs\library\system\CodeIgniter.php(825): App\Controllers\Student->available_books()
#9 C:\xampp\htdocs\library\system\CodeIgniter.php(412): CodeIgniter\CodeIgniter->runController(Object(App\Controllers\Student))
#10 C:\xampp\htdocs\library\system\CodeIgniter.php(320): CodeIgniter\CodeIgniter->handleRequest(NULL, Object(Config\Cache), false)
#11 C:\xampp\htdocs\library\public\index.php(37): CodeIgniter\CodeIgniter->run()
#12 C:\xampp\htdocs\library\system\Commands\Server\rewrite.php(43): require_once('C:\\xampp\\htdocs...')
#13 {main}
CRITICAL - 2022-07-09 01:53:39 --> syntax error, unexpected token "return"
#0 C:\xampp\htdocs\library\system\Autoloader\Autoloader.php(241): CodeIgniter\Autoloader\Autoloader->includeFile('C:\\xampp\\htdocs...')
#1 C:\xampp\htdocs\library\system\Autoloader\Autoloader.php(219): CodeIgniter\Autoloader\Autoloader->loadInNamespace('App\\Models\\Cart')
#2 [internal function]: CodeIgniter\Autoloader\Autoloader->loadClass('App\\Models\\Cart')
#3 C:\xampp\htdocs\library\system\Config\Factories.php(136): class_exists('App\\Models\\Cart')
#4 C:\xampp\htdocs\library\system\Config\Factories.php(106): CodeIgniter\Config\Factories::locateClass(Array, 'Cart')
#5 C:\xampp\htdocs\library\system\Common.php(780): CodeIgniter\Config\Factories::__callStatic('models', Array)
#6 C:\xampp\htdocs\library\app\Controllers\Student.php(23): model('Cart')
#7 C:\xampp\htdocs\library\app\Controllers\Student.php(39): App\Controllers\Student->_process_available_books_request()
#8 C:\xampp\htdocs\library\system\CodeIgniter.php(825): App\Controllers\Student->available_books()
#9 C:\xampp\htdocs\library\system\CodeIgniter.php(412): CodeIgniter\CodeIgniter->runController(Object(App\Controllers\Student))
#10 C:\xampp\htdocs\library\system\CodeIgniter.php(320): CodeIgniter\CodeIgniter->handleRequest(NULL, Object(Config\Cache), false)
#11 C:\xampp\htdocs\library\public\index.php(37): CodeIgniter\CodeIgniter->run()
#12 C:\xampp\htdocs\library\system\Commands\Server\rewrite.php(43): require_once('C:\\xampp\\htdocs...')
#13 {main}
CRITICAL - 2022-07-09 01:56:49 --> SQLSTATE[23000]: Integrity constraint violation: 1452 Cannot add or update a child row: a foreign key constraint fails (`library`.`cart_item`, CONSTRAINT `cart_item_ibfk_2` FOREIGN KEY (`book_id`) REFERENCES `book` (`id`))
#0 C:\xampp\htdocs\library\app\ThirdParty\NotORM\NotORM\Result.php(161): PDOStatement->execute(Array)
#1 C:\xampp\htdocs\library\app\ThirdParty\NotORM\NotORM\Result.php(237): NotORM_Result->query('INSERT INTO car...', Array)
#2 C:\xampp\htdocs\library\app\ThirdParty\NotORM\NotORM\MultiResult.php(38): NotORM_Result->insert_multi(Array)
#3 C:\xampp\htdocs\library\app\ThirdParty\NotORM\NotORM\Result.php(252): NotORM_MultiResult->insert_multi(Array)
#4 C:\xampp\htdocs\library\app\Models\Cart.php(71): NotORM_Result->insert(Array)
#5 C:\xampp\htdocs\library\app\Controllers\Student.php(29): App\Models\Cart->add_new_book(Array)
#6 C:\xampp\htdocs\library\app\Controllers\Student.php(39): App\Controllers\Student->_process_available_books_request()
#7 C:\xampp\htdocs\library\system\CodeIgniter.php(825): App\Controllers\Student->available_books()
#8 C:\xampp\htdocs\library\system\CodeIgniter.php(412): CodeIgniter\CodeIgniter->runController(Object(App\Controllers\Student))
#9 C:\xampp\htdocs\library\system\CodeIgniter.php(320): CodeIgniter\CodeIgniter->handleRequest(NULL, Object(Config\Cache), false)
#10 C:\xampp\htdocs\library\public\index.php(37): CodeIgniter\CodeIgniter->run()
#11 C:\xampp\htdocs\library\system\Commands\Server\rewrite.php(43): require_once('C:\\xampp\\htdocs...')
#12 {main}
CRITICAL - 2022-07-09 01:58:55 --> Undefined array key "action"
#0 C:\xampp\htdocs\library\app\Controllers\Student.php(20): CodeIgniter\Debug\Exceptions->errorHandler(2, 'Undefined array...', 'C:\\xampp\\htdocs...', 20)
#1 C:\xampp\htdocs\library\app\Controllers\Student.php(39): App\Controllers\Student->_process_available_books_request()
#2 C:\xampp\htdocs\library\system\CodeIgniter.php(825): App\Controllers\Student->available_books()
#3 C:\xampp\htdocs\library\system\CodeIgniter.php(412): CodeIgniter\CodeIgniter->runController(Object(App\Controllers\Student))
#4 C:\xampp\htdocs\library\system\CodeIgniter.php(320): CodeIgniter\CodeIgniter->handleRequest(NULL, Object(Config\Cache), false)
#5 C:\xampp\htdocs\library\public\index.php(37): CodeIgniter\CodeIgniter->run()
#6 C:\xampp\htdocs\library\system\Commands\Server\rewrite.php(43): require_once('C:\\xampp\\htdocs...')
#7 {main}
CRITICAL - 2022-07-09 01:59:30 --> Undefined array key "action"
#0 C:\xampp\htdocs\library\app\Controllers\Student.php(20): CodeIgniter\Debug\Exceptions->errorHandler(2, 'Undefined array...', 'C:\\xampp\\htdocs...', 20)
#1 C:\xampp\htdocs\library\app\Controllers\Student.php(39): App\Controllers\Student->_process_available_books_request()
#2 C:\xampp\htdocs\library\system\CodeIgniter.php(825): App\Controllers\Student->available_books()
#3 C:\xampp\htdocs\library\system\CodeIgniter.php(412): CodeIgniter\CodeIgniter->runController(Object(App\Controllers\Student))
#4 C:\xampp\htdocs\library\system\CodeIgniter.php(320): CodeIgniter\CodeIgniter->handleRequest(NULL, Object(Config\Cache), false)
#5 C:\xampp\htdocs\library\public\index.php(37): CodeIgniter\CodeIgniter->run()
#6 C:\xampp\htdocs\library\system\Commands\Server\rewrite.php(43): require_once('C:\\xampp\\htdocs...')
#7 {main}
CRITICAL - 2022-07-09 01:59:39 --> Undefined array key "action"
#0 C:\xampp\htdocs\library\app\Controllers\Student.php(20): CodeIgniter\Debug\Exceptions->errorHandler(2, 'Undefined array...', 'C:\\xampp\\htdocs...', 20)
#1 C:\xampp\htdocs\library\app\Controllers\Student.php(39): App\Controllers\Student->_process_available_books_request()
#2 C:\xampp\htdocs\library\system\CodeIgniter.php(825): App\Controllers\Student->available_books()
#3 C:\xampp\htdocs\library\system\CodeIgniter.php(412): CodeIgniter\CodeIgniter->runController(Object(App\Controllers\Student))
#4 C:\xampp\htdocs\library\system\CodeIgniter.php(320): CodeIgniter\CodeIgniter->handleRequest(NULL, Object(Config\Cache), false)
#5 C:\xampp\htdocs\library\public\index.php(37): CodeIgniter\CodeIgniter->run()
#6 C:\xampp\htdocs\library\system\Commands\Server\rewrite.php(43): require_once('C:\\xampp\\htdocs...')
#7 {main}
CRITICAL - 2022-07-09 01:59:40 --> Undefined array key "action"
#0 C:\xampp\htdocs\library\app\Controllers\Student.php(20): CodeIgniter\Debug\Exceptions->errorHandler(2, 'Undefined array...', 'C:\\xampp\\htdocs...', 20)
#1 C:\xampp\htdocs\library\app\Controllers\Student.php(39): App\Controllers\Student->_process_available_books_request()
#2 C:\xampp\htdocs\library\system\CodeIgniter.php(825): App\Controllers\Student->available_books()
#3 C:\xampp\htdocs\library\system\CodeIgniter.php(412): CodeIgniter\CodeIgniter->runController(Object(App\Controllers\Student))
#4 C:\xampp\htdocs\library\system\CodeIgniter.php(320): CodeIgniter\CodeIgniter->handleRequest(NULL, Object(Config\Cache), false)
#5 C:\xampp\htdocs\library\public\index.php(37): CodeIgniter\CodeIgniter->run()
#6 C:\xampp\htdocs\library\system\Commands\Server\rewrite.php(43): require_once('C:\\xampp\\htdocs...')
#7 {main}
CRITICAL - 2022-07-09 01:59:42 --> Undefined array key "action"
#0 C:\xampp\htdocs\library\app\Controllers\Student.php(20): CodeIgniter\Debug\Exceptions->errorHandler(2, 'Undefined array...', 'C:\\xampp\\htdocs...', 20)
#1 C:\xampp\htdocs\library\app\Controllers\Student.php(39): App\Controllers\Student->_process_available_books_request()
#2 C:\xampp\htdocs\library\system\CodeIgniter.php(825): App\Controllers\Student->available_books()
#3 C:\xampp\htdocs\library\system\CodeIgniter.php(412): CodeIgniter\CodeIgniter->runController(Object(App\Controllers\Student))
#4 C:\xampp\htdocs\library\system\CodeIgniter.php(320): CodeIgniter\CodeIgniter->handleRequest(NULL, Object(Config\Cache), false)
#5 C:\xampp\htdocs\library\public\index.php(37): CodeIgniter\CodeIgniter->run()
#6 C:\xampp\htdocs\library\system\Commands\Server\rewrite.php(43): require_once('C:\\xampp\\htdocs...')
#7 {main}
CRITICAL - 2022-07-09 01:59:50 --> Undefined array key "action"
#0 C:\xampp\htdocs\library\app\Controllers\Student.php(20): CodeIgniter\Debug\Exceptions->errorHandler(2, 'Undefined array...', 'C:\\xampp\\htdocs...', 20)
#1 C:\xampp\htdocs\library\app\Controllers\Student.php(39): App\Controllers\Student->_process_available_books_request()
#2 C:\xampp\htdocs\library\system\CodeIgniter.php(825): App\Controllers\Student->available_books()
#3 C:\xampp\htdocs\library\system\CodeIgniter.php(412): CodeIgniter\CodeIgniter->runController(Object(App\Controllers\Student))
#4 C:\xampp\htdocs\library\system\CodeIgniter.php(320): CodeIgniter\CodeIgniter->handleRequest(NULL, Object(Config\Cache), false)
#5 C:\xampp\htdocs\library\public\index.php(37): CodeIgniter\CodeIgniter->run()
#6 C:\xampp\htdocs\library\system\Commands\Server\rewrite.php(43): require_once('C:\\xampp\\htdocs...')
#7 {main}
CRITICAL - 2022-07-09 02:00:34 --> Undefined array key "action"
#0 C:\xampp\htdocs\library\app\Controllers\Student.php(20): CodeIgniter\Debug\Exceptions->errorHandler(2, 'Undefined array...', 'C:\\xampp\\htdocs...', 20)
#1 C:\xampp\htdocs\library\app\Controllers\Student.php(39): App\Controllers\Student->_process_available_books_request()
#2 C:\xampp\htdocs\library\system\CodeIgniter.php(825): App\Controllers\Student->available_books()
#3 C:\xampp\htdocs\library\system\CodeIgniter.php(412): CodeIgniter\CodeIgniter->runController(Object(App\Controllers\Student))
#4 C:\xampp\htdocs\library\system\CodeIgniter.php(320): CodeIgniter\CodeIgniter->handleRequest(NULL, Object(Config\Cache), false)
#5 C:\xampp\htdocs\library\public\index.php(37): CodeIgniter\CodeIgniter->run()
#6 C:\xampp\htdocs\library\system\Commands\Server\rewrite.php(43): require_once('C:\\xampp\\htdocs...')
#7 {main}
CRITICAL - 2022-07-09 02:06:29 --> Undefined array key "action"
#0 C:\xampp\htdocs\library\app\Controllers\Student.php(23): CodeIgniter\Debug\Exceptions->errorHandler(2, 'Undefined array...', 'C:\\xampp\\htdocs...', 23)
#1 C:\xampp\htdocs\library\app\Controllers\Student.php(42): App\Controllers\Student->_process_available_books_request()
#2 C:\xampp\htdocs\library\system\CodeIgniter.php(825): App\Controllers\Student->available_books()
#3 C:\xampp\htdocs\library\system\CodeIgniter.php(412): CodeIgniter\CodeIgniter->runController(Object(App\Controllers\Student))
#4 C:\xampp\htdocs\library\system\CodeIgniter.php(320): CodeIgniter\CodeIgniter->handleRequest(NULL, Object(Config\Cache), false)
#5 C:\xampp\htdocs\library\public\index.php(37): CodeIgniter\CodeIgniter->run()
#6 C:\xampp\htdocs\library\system\Commands\Server\rewrite.php(43): require_once('C:\\xampp\\htdocs...')
#7 {main}
CRITICAL - 2022-07-09 02:06:35 --> Undefined array key "action"
#0 C:\xampp\htdocs\library\app\Controllers\Student.php(23): CodeIgniter\Debug\Exceptions->errorHandler(2, 'Undefined array...', 'C:\\xampp\\htdocs...', 23)
#1 C:\xampp\htdocs\library\app\Controllers\Student.php(42): App\Controllers\Student->_process_available_books_request()
#2 C:\xampp\htdocs\library\system\CodeIgniter.php(825): App\Controllers\Student->available_books()
#3 C:\xampp\htdocs\library\system\CodeIgniter.php(412): CodeIgniter\CodeIgniter->runController(Object(App\Controllers\Student))
#4 C:\xampp\htdocs\library\system\CodeIgniter.php(320): CodeIgniter\CodeIgniter->handleRequest(NULL, Object(Config\Cache), false)
#5 C:\xampp\htdocs\library\public\index.php(37): CodeIgniter\CodeIgniter->run()
#6 C:\xampp\htdocs\library\system\Commands\Server\rewrite.php(43): require_once('C:\\xampp\\htdocs...')
#7 {main}
CRITICAL - 2022-07-09 02:06:36 --> Undefined array key "action"
#0 C:\xampp\htdocs\library\app\Controllers\Student.php(23): CodeIgniter\Debug\Exceptions->errorHandler(2, 'Undefined array...', 'C:\\xampp\\htdocs...', 23)
#1 C:\xampp\htdocs\library\app\Controllers\Student.php(42): App\Controllers\Student->_process_available_books_request()
#2 C:\xampp\htdocs\library\system\CodeIgniter.php(825): App\Controllers\Student->available_books()
#3 C:\xampp\htdocs\library\system\CodeIgniter.php(412): CodeIgniter\CodeIgniter->runController(Object(App\Controllers\Student))
#4 C:\xampp\htdocs\library\system\CodeIgniter.php(320): CodeIgniter\CodeIgniter->handleRequest(NULL, Object(Config\Cache), false)
#5 C:\xampp\htdocs\library\public\index.php(37): CodeIgniter\CodeIgniter->run()
#6 C:\xampp\htdocs\library\system\Commands\Server\rewrite.php(43): require_once('C:\\xampp\\htdocs...')
#7 {main}
CRITICAL - 2022-07-09 02:08:40 --> Undefined array key "action"
#0 C:\xampp\htdocs\library\app\Controllers\Student.php(23): CodeIgniter\Debug\Exceptions->errorHandler(2, 'Undefined array...', 'C:\\xampp\\htdocs...', 23)
#1 C:\xampp\htdocs\library\app\Controllers\Student.php(42): App\Controllers\Student->_process_available_books_request()
#2 C:\xampp\htdocs\library\system\CodeIgniter.php(825): App\Controllers\Student->available_books()
#3 C:\xampp\htdocs\library\system\CodeIgniter.php(412): CodeIgniter\CodeIgniter->runController(Object(App\Controllers\Student))
#4 C:\xampp\htdocs\library\system\CodeIgniter.php(320): CodeIgniter\CodeIgniter->handleRequest(NULL, Object(Config\Cache), false)
#5 C:\xampp\htdocs\library\public\index.php(37): CodeIgniter\CodeIgniter->run()
#6 C:\xampp\htdocs\library\system\Commands\Server\rewrite.php(43): require_once('C:\\xampp\\htdocs...')
#7 {main}
CRITICAL - 2022-07-09 02:09:30 --> Undefined array key "action"
#0 C:\xampp\htdocs\library\app\Controllers\Student.php(23): CodeIgniter\Debug\Exceptions->errorHandler(2, 'Undefined array...', 'C:\\xampp\\htdocs...', 23)
#1 C:\xampp\htdocs\library\app\Controllers\Student.php(42): App\Controllers\Student->_process_available_books_request()
#2 C:\xampp\htdocs\library\system\CodeIgniter.php(825): App\Controllers\Student->available_books()
#3 C:\xampp\htdocs\library\system\CodeIgniter.php(412): CodeIgniter\CodeIgniter->runController(Object(App\Controllers\Student))
#4 C:\xampp\htdocs\library\system\CodeIgniter.php(320): CodeIgniter\CodeIgniter->handleRequest(NULL, Object(Config\Cache), false)
#5 C:\xampp\htdocs\library\public\index.php(37): CodeIgniter\CodeIgniter->run()
#6 C:\xampp\htdocs\library\system\Commands\Server\rewrite.php(43): require_once('C:\\xampp\\htdocs...')
#7 {main}
CRITICAL - 2022-07-09 03:13:02 --> Undefined array key "action"
#0 C:\xampp\htdocs\library\app\Controllers\Student.php(23): CodeIgniter\Debug\Exceptions->errorHandler(2, 'Undefined array...', 'C:\\xampp\\htdocs...', 23)
#1 C:\xampp\htdocs\library\app\Controllers\Student.php(42): App\Controllers\Student->_process_available_books_request()
#2 C:\xampp\htdocs\library\system\CodeIgniter.php(825): App\Controllers\Student->available_books()
#3 C:\xampp\htdocs\library\system\CodeIgniter.php(412): CodeIgniter\CodeIgniter->runController(Object(App\Controllers\Student))
#4 C:\xampp\htdocs\library\system\CodeIgniter.php(320): CodeIgniter\CodeIgniter->handleRequest(NULL, Object(Config\Cache), false)
#5 C:\xampp\htdocs\library\public\index.php(37): CodeIgniter\CodeIgniter->run()
#6 C:\xampp\htdocs\library\system\Commands\Server\rewrite.php(43): require_once('C:\\xampp\\htdocs...')
#7 {main}
CRITICAL - 2022-07-09 03:13:16 --> Undefined array key "action"
#0 C:\xampp\htdocs\library\app\Controllers\Student.php(23): CodeIgniter\Debug\Exceptions->errorHandler(2, 'Undefined array...', 'C:\\xampp\\htdocs...', 23)
#1 C:\xampp\htdocs\library\app\Controllers\Student.php(42): App\Controllers\Student->_process_available_books_request()
#2 C:\xampp\htdocs\library\system\CodeIgniter.php(825): App\Controllers\Student->available_books()
#3 C:\xampp\htdocs\library\system\CodeIgniter.php(412): CodeIgniter\CodeIgniter->runController(Object(App\Controllers\Student))
#4 C:\xampp\htdocs\library\system\CodeIgniter.php(320): CodeIgniter\CodeIgniter->handleRequest(NULL, Object(Config\Cache), false)
#5 C:\xampp\htdocs\library\public\index.php(37): CodeIgniter\CodeIgniter->run()
#6 C:\xampp\htdocs\library\system\Commands\Server\rewrite.php(43): require_once('C:\\xampp\\htdocs...')
#7 {main}
CRITICAL - 2022-07-09 03:13:40 --> Undefined array key "action"
#0 C:\xampp\htdocs\library\app\Controllers\Student.php(23): CodeIgniter\Debug\Exceptions->errorHandler(2, 'Undefined array...', 'C:\\xampp\\htdocs...', 23)
#1 C:\xampp\htdocs\library\app\Controllers\Student.php(42): App\Controllers\Student->_process_available_books_request()
#2 C:\xampp\htdocs\library\system\CodeIgniter.php(825): App\Controllers\Student->available_books()
#3 C:\xampp\htdocs\library\system\CodeIgniter.php(412): CodeIgniter\CodeIgniter->runController(Object(App\Controllers\Student))
#4 C:\xampp\htdocs\library\system\CodeIgniter.php(320): CodeIgniter\CodeIgniter->handleRequest(NULL, Object(Config\Cache), false)
#5 C:\xampp\htdocs\library\public\index.php(37): CodeIgniter\CodeIgniter->run()
#6 C:\xampp\htdocs\library\system\Commands\Server\rewrite.php(43): require_once('C:\\xampp\\htdocs...')
#7 {main}
CRITICAL - 2022-07-09 03:14:12 --> Undefined array key "action"
#0 C:\xampp\htdocs\library\app\Controllers\Student.php(23): CodeIgniter\Debug\Exceptions->errorHandler(2, 'Undefined array...', 'C:\\xampp\\htdocs...', 23)
#1 C:\xampp\htdocs\library\app\Controllers\Student.php(42): App\Controllers\Student->_process_available_books_request()
#2 C:\xampp\htdocs\library\system\CodeIgniter.php(825): App\Controllers\Student->available_books()
#3 C:\xampp\htdocs\library\system\CodeIgniter.php(412): CodeIgniter\CodeIgniter->runController(Object(App\Controllers\Student))
#4 C:\xampp\htdocs\library\system\CodeIgniter.php(320): CodeIgniter\CodeIgniter->handleRequest(NULL, Object(Config\Cache), false)
#5 C:\xampp\htdocs\library\public\index.php(37): CodeIgniter\CodeIgniter->run()
#6 C:\xampp\htdocs\library\system\Commands\Server\rewrite.php(43): require_once('C:\\xampp\\htdocs...')
#7 {main}
CRITICAL - 2022-07-09 03:16:08 --> compact(): Undefined variable $result
#0 [internal function]: CodeIgniter\Debug\Exceptions->errorHandler(2, 'compact(): Unde...', 'C:\\xampp\\htdocs...', 67)
#1 C:\xampp\htdocs\library\app\Models\Cart.php(67): compact('result', 'message')
#2 C:\xampp\htdocs\library\app\Controllers\Student.php(32): App\Models\Cart->add_new_book(Array)
#3 C:\xampp\htdocs\library\app\Controllers\Student.php(42): App\Controllers\Student->_process_available_books_request()
#4 C:\xampp\htdocs\library\system\CodeIgniter.php(825): App\Controllers\Student->available_books()
#5 C:\xampp\htdocs\library\system\CodeIgniter.php(412): CodeIgniter\CodeIgniter->runController(Object(App\Controllers\Student))
#6 C:\xampp\htdocs\library\system\CodeIgniter.php(320): CodeIgniter\CodeIgniter->handleRequest(NULL, Object(Config\Cache), false)
#7 C:\xampp\htdocs\library\public\index.php(37): CodeIgniter\CodeIgniter->run()
#8 C:\xampp\htdocs\library\system\Commands\Server\rewrite.php(43): require_once('C:\\xampp\\htdocs...')
#9 {main}
CRITICAL - 2022-07-09 03:16:16 --> compact(): Undefined variable $result
#0 [internal function]: CodeIgniter\Debug\Exceptions->errorHandler(2, 'compact(): Unde...', 'C:\\xampp\\htdocs...', 67)
#1 C:\xampp\htdocs\library\app\Models\Cart.php(67): compact('result', 'message')
#2 C:\xampp\htdocs\library\app\Controllers\Student.php(32): App\Models\Cart->add_new_book(Array)
#3 C:\xampp\htdocs\library\app\Controllers\Student.php(42): App\Controllers\Student->_process_available_books_request()
#4 C:\xampp\htdocs\library\system\CodeIgniter.php(825): App\Controllers\Student->available_books()
#5 C:\xampp\htdocs\library\system\CodeIgniter.php(412): CodeIgniter\CodeIgniter->runController(Object(App\Controllers\Student))
#6 C:\xampp\htdocs\library\system\CodeIgniter.php(320): CodeIgniter\CodeIgniter->handleRequest(NULL, Object(Config\Cache), false)
#7 C:\xampp\htdocs\library\public\index.php(37): CodeIgniter\CodeIgniter->run()
#8 C:\xampp\htdocs\library\system\Commands\Server\rewrite.php(43): require_once('C:\\xampp\\htdocs...')
#9 {main}
CRITICAL - 2022-07-09 03:16:22 --> compact(): Undefined variable $result
#0 [internal function]: CodeIgniter\Debug\Exceptions->errorHandler(2, 'compact(): Unde...', 'C:\\xampp\\htdocs...', 67)
#1 C:\xampp\htdocs\library\app\Models\Cart.php(67): compact('result', 'message')
#2 C:\xampp\htdocs\library\app\Controllers\Student.php(32): App\Models\Cart->add_new_book(Array)
#3 C:\xampp\htdocs\library\app\Controllers\Student.php(42): App\Controllers\Student->_process_available_books_request()
#4 C:\xampp\htdocs\library\system\CodeIgniter.php(825): App\Controllers\Student->available_books()
#5 C:\xampp\htdocs\library\system\CodeIgniter.php(412): CodeIgniter\CodeIgniter->runController(Object(App\Controllers\Student))
#6 C:\xampp\htdocs\library\system\CodeIgniter.php(320): CodeIgniter\CodeIgniter->handleRequest(NULL, Object(Config\Cache), false)
#7 C:\xampp\htdocs\library\public\index.php(37): CodeIgniter\CodeIgniter->run()
#8 C:\xampp\htdocs\library\system\Commands\Server\rewrite.php(43): require_once('C:\\xampp\\htdocs...')
#9 {main}
CRITICAL - 2022-07-09 03:23:56 --> compact(): Undefined variable $result
#0 [internal function]: CodeIgniter\Debug\Exceptions->errorHandler(2, 'compact(): Unde...', 'C:\\xampp\\htdocs...', 67)
#1 C:\xampp\htdocs\library\app\Models\Cart.php(67): compact('result', 'message')
#2 C:\xampp\htdocs\library\app\Controllers\Student.php(32): App\Models\Cart->add_new_book(Array)
#3 C:\xampp\htdocs\library\app\Controllers\Student.php(42): App\Controllers\Student->_process_available_books_request()
#4 C:\xampp\htdocs\library\system\CodeIgniter.php(825): App\Controllers\Student->available_books()
#5 C:\xampp\htdocs\library\system\CodeIgniter.php(412): CodeIgniter\CodeIgniter->runController(Object(App\Controllers\Student))
#6 C:\xampp\htdocs\library\system\CodeIgniter.php(320): CodeIgniter\CodeIgniter->handleRequest(NULL, Object(Config\Cache), false)
#7 C:\xampp\htdocs\library\public\index.php(37): CodeIgniter\CodeIgniter->run()
#8 C:\xampp\htdocs\library\system\Commands\Server\rewrite.php(43): require_once('C:\\xampp\\htdocs...')
#9 {main}
CRITICAL - 2022-07-09 03:23:59 --> compact(): Undefined variable $result
#0 [internal function]: CodeIgniter\Debug\Exceptions->errorHandler(2, 'compact(): Unde...', 'C:\\xampp\\htdocs...', 67)
#1 C:\xampp\htdocs\library\app\Models\Cart.php(67): compact('result', 'message')
#2 C:\xampp\htdocs\library\app\Controllers\Student.php(32): App\Models\Cart->add_new_book(Array)
#3 C:\xampp\htdocs\library\app\Controllers\Student.php(42): App\Controllers\Student->_process_available_books_request()
#4 C:\xampp\htdocs\library\system\CodeIgniter.php(825): App\Controllers\Student->available_books()
#5 C:\xampp\htdocs\library\system\CodeIgniter.php(412): CodeIgniter\CodeIgniter->runController(Object(App\Controllers\Student))
#6 C:\xampp\htdocs\library\system\CodeIgniter.php(320): CodeIgniter\CodeIgniter->handleRequest(NULL, Object(Config\Cache), false)
#7 C:\xampp\htdocs\library\public\index.php(37): CodeIgniter\CodeIgniter->run()
#8 C:\xampp\htdocs\library\system\Commands\Server\rewrite.php(43): require_once('C:\\xampp\\htdocs...')
#9 {main}
CRITICAL - 2022-07-09 03:24:00 --> compact(): Undefined variable $result
#0 [internal function]: CodeIgniter\Debug\Exceptions->errorHandler(2, 'compact(): Unde...', 'C:\\xampp\\htdocs...', 67)
#1 C:\xampp\htdocs\library\app\Models\Cart.php(67): compact('result', 'message')
#2 C:\xampp\htdocs\library\app\Controllers\Student.php(32): App\Models\Cart->add_new_book(Array)
#3 C:\xampp\htdocs\library\app\Controllers\Student.php(42): App\Controllers\Student->_process_available_books_request()
#4 C:\xampp\htdocs\library\system\CodeIgniter.php(825): App\Controllers\Student->available_books()
#5 C:\xampp\htdocs\library\system\CodeIgniter.php(412): CodeIgniter\CodeIgniter->runController(Object(App\Controllers\Student))
#6 C:\xampp\htdocs\library\system\CodeIgniter.php(320): CodeIgniter\CodeIgniter->handleRequest(NULL, Object(Config\Cache), false)
#7 C:\xampp\htdocs\library\public\index.php(37): CodeIgniter\CodeIgniter->run()
#8 C:\xampp\htdocs\library\system\Commands\Server\rewrite.php(43): require_once('C:\\xampp\\htdocs...')
#9 {main}
CRITICAL - 2022-07-09 03:24:42 --> compact(): Undefined variable $result
#0 [internal function]: CodeIgniter\Debug\Exceptions->errorHandler(2, 'compact(): Unde...', 'C:\\xampp\\htdocs...', 67)
#1 C:\xampp\htdocs\library\app\Models\Cart.php(67): compact('result', 'message')
#2 C:\xampp\htdocs\library\app\Controllers\Student.php(32): App\Models\Cart->add_new_book(Array)
#3 C:\xampp\htdocs\library\app\Controllers\Student.php(42): App\Controllers\Student->_process_available_books_request()
#4 C:\xampp\htdocs\library\system\CodeIgniter.php(825): App\Controllers\Student->available_books()
#5 C:\xampp\htdocs\library\system\CodeIgniter.php(412): CodeIgniter\CodeIgniter->runController(Object(App\Controllers\Student))
#6 C:\xampp\htdocs\library\system\CodeIgniter.php(320): CodeIgniter\CodeIgniter->handleRequest(NULL, Object(Config\Cache), false)
#7 C:\xampp\htdocs\library\public\index.php(37): CodeIgniter\CodeIgniter->run()
#8 C:\xampp\htdocs\library\system\Commands\Server\rewrite.php(43): require_once('C:\\xampp\\htdocs...')
#9 {main}
CRITICAL - 2022-07-09 03:24:49 --> compact(): Undefined variable $result
#0 [internal function]: CodeIgniter\Debug\Exceptions->errorHandler(2, 'compact(): Unde...', 'C:\\xampp\\htdocs...', 67)
#1 C:\xampp\htdocs\library\app\Models\Cart.php(67): compact('result', 'message')
#2 C:\xampp\htdocs\library\app\Controllers\Student.php(32): App\Models\Cart->add_new_book(Array)
#3 C:\xampp\htdocs\library\app\Controllers\Student.php(42): App\Controllers\Student->_process_available_books_request()
#4 C:\xampp\htdocs\library\system\CodeIgniter.php(825): App\Controllers\Student->available_books()
#5 C:\xampp\htdocs\library\system\CodeIgniter.php(412): CodeIgniter\CodeIgniter->runController(Object(App\Controllers\Student))
#6 C:\xampp\htdocs\library\system\CodeIgniter.php(320): CodeIgniter\CodeIgniter->handleRequest(NULL, Object(Config\Cache), false)
#7 C:\xampp\htdocs\library\public\index.php(37): CodeIgniter\CodeIgniter->run()
#8 C:\xampp\htdocs\library\system\Commands\Server\rewrite.php(43): require_once('C:\\xampp\\htdocs...')
#9 {main}
CRITICAL - 2022-07-09 03:25:04 --> compact(): Undefined variable $result
#0 [internal function]: CodeIgniter\Debug\Exceptions->errorHandler(2, 'compact(): Unde...', 'C:\\xampp\\htdocs...', 67)
#1 C:\xampp\htdocs\library\app\Models\Cart.php(67): compact('result', 'message')
#2 C:\xampp\htdocs\library\app\Controllers\Student.php(32): App\Models\Cart->add_new_book(Array)
#3 C:\xampp\htdocs\library\app\Controllers\Student.php(42): App\Controllers\Student->_process_available_books_request()
#4 C:\xampp\htdocs\library\system\CodeIgniter.php(825): App\Controllers\Student->available_books()
#5 C:\xampp\htdocs\library\system\CodeIgniter.php(412): CodeIgniter\CodeIgniter->runController(Object(App\Controllers\Student))
#6 C:\xampp\htdocs\library\system\CodeIgniter.php(320): CodeIgniter\CodeIgniter->handleRequest(NULL, Object(Config\Cache), false)
#7 C:\xampp\htdocs\library\public\index.php(37): CodeIgniter\CodeIgniter->run()
#8 C:\xampp\htdocs\library\system\Commands\Server\rewrite.php(43): require_once('C:\\xampp\\htdocs...')
#9 {main}
CRITICAL - 2022-07-09 03:25:25 --> compact(): Undefined variable $result
#0 [internal function]: CodeIgniter\Debug\Exceptions->errorHandler(2, 'compact(): Unde...', 'C:\\xampp\\htdocs...', 67)
#1 C:\xampp\htdocs\library\app\Models\Cart.php(67): compact('result', 'message')
#2 C:\xampp\htdocs\library\app\Controllers\Student.php(32): App\Models\Cart->add_new_book(Array)
#3 C:\xampp\htdocs\library\app\Controllers\Student.php(42): App\Controllers\Student->_process_available_books_request()
#4 C:\xampp\htdocs\library\system\CodeIgniter.php(825): App\Controllers\Student->available_books()
#5 C:\xampp\htdocs\library\system\CodeIgniter.php(412): CodeIgniter\CodeIgniter->runController(Object(App\Controllers\Student))
#6 C:\xampp\htdocs\library\system\CodeIgniter.php(320): CodeIgniter\CodeIgniter->handleRequest(NULL, Object(Config\Cache), false)
#7 C:\xampp\htdocs\library\public\index.php(37): CodeIgniter\CodeIgniter->run()
#8 C:\xampp\htdocs\library\system\Commands\Server\rewrite.php(43): require_once('C:\\xampp\\htdocs...')
#9 {main}
CRITICAL - 2022-07-09 03:25:29 --> compact(): Undefined variable $result
#0 [internal function]: CodeIgniter\Debug\Exceptions->errorHandler(2, 'compact(): Unde...', 'C:\\xampp\\htdocs...', 67)
#1 C:\xampp\htdocs\library\app\Models\Cart.php(67): compact('result', 'message')
#2 C:\xampp\htdocs\library\app\Controllers\Student.php(32): App\Models\Cart->add_new_book(Array)
#3 C:\xampp\htdocs\library\app\Controllers\Student.php(42): App\Controllers\Student->_process_available_books_request()
#4 C:\xampp\htdocs\library\system\CodeIgniter.php(825): App\Controllers\Student->available_books()
#5 C:\xampp\htdocs\library\system\CodeIgniter.php(412): CodeIgniter\CodeIgniter->runController(Object(App\Controllers\Student))
#6 C:\xampp\htdocs\library\system\CodeIgniter.php(320): CodeIgniter\CodeIgniter->handleRequest(NULL, Object(Config\Cache), false)
#7 C:\xampp\htdocs\library\public\index.php(37): CodeIgniter\CodeIgniter->run()
#8 C:\xampp\htdocs\library\system\Commands\Server\rewrite.php(43): require_once('C:\\xampp\\htdocs...')
#9 {main}
CRITICAL - 2022-07-09 03:26:28 --> compact(): Undefined variable $result
#0 [internal function]: CodeIgniter\Debug\Exceptions->errorHandler(2, 'compact(): Unde...', 'C:\\xampp\\htdocs...', 67)
#1 C:\xampp\htdocs\library\app\Models\Cart.php(67): compact('result', 'message')
#2 C:\xampp\htdocs\library\app\Controllers\Student.php(32): App\Models\Cart->add_new_book(Array)
#3 C:\xampp\htdocs\library\app\Controllers\Student.php(42): App\Controllers\Student->_process_available_books_request()
#4 C:\xampp\htdocs\library\system\CodeIgniter.php(825): App\Controllers\Student->available_books()
#5 C:\xampp\htdocs\library\system\CodeIgniter.php(412): CodeIgniter\CodeIgniter->runController(Object(App\Controllers\Student))
#6 C:\xampp\htdocs\library\system\CodeIgniter.php(320): CodeIgniter\CodeIgniter->handleRequest(NULL, Object(Config\Cache), false)
#7 C:\xampp\htdocs\library\public\index.php(37): CodeIgniter\CodeIgniter->run()
#8 C:\xampp\htdocs\library\system\Commands\Server\rewrite.php(43): require_once('C:\\xampp\\htdocs...')
#9 {main}
CRITICAL - 2022-07-09 03:27:12 --> compact(): Undefined variable $result
#0 [internal function]: CodeIgniter\Debug\Exceptions->errorHandler(2, 'compact(): Unde...', 'C:\\xampp\\htdocs...', 67)
#1 C:\xampp\htdocs\library\app\Models\Cart.php(67): compact('result', 'message')
#2 C:\xampp\htdocs\library\app\Controllers\Student.php(32): App\Models\Cart->add_new_book(Array)
#3 C:\xampp\htdocs\library\app\Controllers\Student.php(42): App\Controllers\Student->_process_available_books_request()
#4 C:\xampp\htdocs\library\system\CodeIgniter.php(825): App\Controllers\Student->available_books()
#5 C:\xampp\htdocs\library\system\CodeIgniter.php(412): CodeIgniter\CodeIgniter->runController(Object(App\Controllers\Student))
#6 C:\xampp\htdocs\library\system\CodeIgniter.php(320): CodeIgniter\CodeIgniter->handleRequest(NULL, Object(Config\Cache), false)
#7 C:\xampp\htdocs\library\public\index.php(37): CodeIgniter\CodeIgniter->run()
#8 C:\xampp\htdocs\library\system\Commands\Server\rewrite.php(43): require_once('C:\\xampp\\htdocs...')
#9 {main}
CRITICAL - 2022-07-09 03:27:44 --> compact(): Undefined variable $result
#0 [internal function]: CodeIgniter\Debug\Exceptions->errorHandler(2, 'compact(): Unde...', 'C:\\xampp\\htdocs...', 67)
#1 C:\xampp\htdocs\library\app\Models\Cart.php(67): compact('result', 'message')
#2 C:\xampp\htdocs\library\app\Controllers\Student.php(32): App\Models\Cart->add_new_book(Array)
#3 C:\xampp\htdocs\library\app\Controllers\Student.php(42): App\Controllers\Student->_process_available_books_request()
#4 C:\xampp\htdocs\library\system\CodeIgniter.php(825): App\Controllers\Student->available_books()
#5 C:\xampp\htdocs\library\system\CodeIgniter.php(412): CodeIgniter\CodeIgniter->runController(Object(App\Controllers\Student))
#6 C:\xampp\htdocs\library\system\CodeIgniter.php(320): CodeIgniter\CodeIgniter->handleRequest(NULL, Object(Config\Cache), false)
#7 C:\xampp\htdocs\library\public\index.php(37): CodeIgniter\CodeIgniter->run()
#8 C:\xampp\htdocs\library\system\Commands\Server\rewrite.php(43): require_once('C:\\xampp\\htdocs...')
#9 {main}
CRITICAL - 2022-07-09 18:08:29 --> Undefined array key "cart_item_id"
#0 C:\xampp\htdocs\library\app\ThirdParty\NotORM\NotORM\Row.php(166): CodeIgniter\Debug\Exceptions->errorHandler(2, 'Undefined array...', 'C:\\xampp\\htdocs...', 166)
#1 C:\xampp\htdocs\library\app\ThirdParty\NotORM\NotORM\Row.php(35): NotORM_Row->offsetGet('cart_item_id')
#2 C:\xampp\htdocs\library\app\Models\Cart.php(93): NotORM_Row->__get('cart_item')
#3 C:\xampp\htdocs\library\app\Controllers\Student.php(52): App\Models\Cart->delete_item(Array)
#4 C:\xampp\htdocs\library\app\Controllers\Student.php(73): App\Controllers\Student->_process_cart_request()
#5 C:\xampp\htdocs\library\system\CodeIgniter.php(825): App\Controllers\Student->cart()
#6 C:\xampp\htdocs\library\system\CodeIgniter.php(412): CodeIgniter\CodeIgniter->runController(Object(App\Controllers\Student))
#7 C:\xampp\htdocs\library\system\CodeIgniter.php(320): CodeIgniter\CodeIgniter->handleRequest(NULL, Object(Config\Cache), false)
#8 C:\xampp\htdocs\library\public\index.php(37): CodeIgniter\CodeIgniter->run()
#9 C:\xampp\htdocs\library\system\Commands\Server\rewrite.php(43): require_once('C:\\xampp\\htdocs...')
#10 {main}
CRITICAL - 2022-07-09 18:10:00 --> Unable to load template 'file:Student/test.tpl'
#0 C:\xampp\htdocs\library\app\ThirdParty\Smarty\libs\sysplugins\smarty_internal_templatebase.php(238): Smarty_Internal_Template->render(false, 1)
#1 C:\xampp\htdocs\library\app\ThirdParty\Smarty\libs\sysplugins\smarty_internal_templatebase.php(134): Smarty_Internal_TemplateBase->_execute(Object(Smarty_Internal_Template), NULL, NULL, NULL, 1)
#2 C:\xampp\htdocs\library\app\Libraries\TPL.php(40): Smarty_Internal_TemplateBase->display('Student/test.tp...', NULL, NULL, NULL)
#3 C:\xampp\htdocs\library\app\Libraries\TPL.php(55): App\Libraries\TPL->display('Student/test.tp...')
#4 C:\xampp\htdocs\library\system\CodeIgniter.php(320): App\Libraries\TPL->__destruct()
#5 C:\xampp\htdocs\library\public\index.php(37): CodeIgniter\CodeIgniter->run()
#6 C:\xampp\htdocs\library\system\Commands\Server\rewrite.php(43): require_once('C:\\xampp\\htdocs...')
#7 {main}
CRITICAL - 2022-07-09 18:15:23 --> Undefined array key "cart_item_id"
#0 C:\xampp\htdocs\library\app\ThirdParty\NotORM\NotORM\Row.php(166): CodeIgniter\Debug\Exceptions->errorHandler(2, 'Undefined array...', 'C:\\xampp\\htdocs...', 166)
#1 C:\xampp\htdocs\library\app\ThirdParty\NotORM\NotORM\Row.php(35): NotORM_Row->offsetGet('cart_item_id')
#2 C:\xampp\htdocs\library\app\Models\Cart.php(93): NotORM_Row->__get('cart_item')
#3 C:\xampp\htdocs\library\app\Controllers\Student.php(52): App\Models\Cart->delete_item(Array)
#4 C:\xampp\htdocs\library\app\Controllers\Student.php(97): App\Controllers\Student->_process_cart_request()
#5 C:\xampp\htdocs\library\system\CodeIgniter.php(825): App\Controllers\Student->test()
#6 C:\xampp\htdocs\library\system\CodeIgniter.php(412): CodeIgniter\CodeIgniter->runController(Object(App\Controllers\Student))
#7 C:\xampp\htdocs\library\system\CodeIgniter.php(320): CodeIgniter\CodeIgniter->handleRequest(NULL, Object(Config\Cache), false)
#8 C:\xampp\htdocs\library\public\index.php(37): CodeIgniter\CodeIgniter->run()
#9 C:\xampp\htdocs\library\system\Commands\Server\rewrite.php(43): require_once('C:\\xampp\\htdocs...')
#10 {main}
CRITICAL - 2022-07-09 18:15:51 --> Undefined array key "cart_item_id"
#0 C:\xampp\htdocs\library\app\ThirdParty\NotORM\NotORM\Row.php(166): CodeIgniter\Debug\Exceptions->errorHandler(2, 'Undefined array...', 'C:\\xampp\\htdocs...', 166)
#1 C:\xampp\htdocs\library\app\ThirdParty\NotORM\NotORM\Row.php(35): NotORM_Row->offsetGet('cart_item_id')
#2 C:\xampp\htdocs\library\app\Models\Cart.php(93): NotORM_Row->__get('cart_item')
#3 C:\xampp\htdocs\library\app\Controllers\Student.php(52): App\Models\Cart->delete_item(Array)
#4 C:\xampp\htdocs\library\app\Controllers\Student.php(97): App\Controllers\Student->_process_cart_request()
#5 C:\xampp\htdocs\library\system\CodeIgniter.php(825): App\Controllers\Student->test()
#6 C:\xampp\htdocs\library\system\CodeIgniter.php(412): CodeIgniter\CodeIgniter->runController(Object(App\Controllers\Student))
#7 C:\xampp\htdocs\library\system\CodeIgniter.php(320): CodeIgniter\CodeIgniter->handleRequest(NULL, Object(Config\Cache), false)
#8 C:\xampp\htdocs\library\public\index.php(37): CodeIgniter\CodeIgniter->run()
#9 C:\xampp\htdocs\library\system\Commands\Server\rewrite.php(43): require_once('C:\\xampp\\htdocs...')
#10 {main}
CRITICAL - 2022-07-09 18:18:14 --> Undefined variable $cartItem
#0 C:\xampp\htdocs\library\app\Models\Cart.php(95): CodeIgniter\Debug\Exceptions->errorHandler(2, 'Undefined varia...', 'C:\\xampp\\htdocs...', 95)
#1 C:\xampp\htdocs\library\app\Controllers\Student.php(52): App\Models\Cart->delete_item(Array)
#2 C:\xampp\htdocs\library\app\Controllers\Student.php(97): App\Controllers\Student->_process_cart_request()
#3 C:\xampp\htdocs\library\system\CodeIgniter.php(825): App\Controllers\Student->test()
#4 C:\xampp\htdocs\library\system\CodeIgniter.php(412): CodeIgniter\CodeIgniter->runController(Object(App\Controllers\Student))
#5 C:\xampp\htdocs\library\system\CodeIgniter.php(320): CodeIgniter\CodeIgniter->handleRequest(NULL, Object(Config\Cache), false)
#6 C:\xampp\htdocs\library\public\index.php(37): CodeIgniter\CodeIgniter->run()
#7 C:\xampp\htdocs\library\system\Commands\Server\rewrite.php(43): require_once('C:\\xampp\\htdocs...')
#8 {main}
CRITICAL - 2022-07-09 18:19:22 --> Undefined variable $cartItem
#0 C:\xampp\htdocs\library\app\Models\Cart.php(95): CodeIgniter\Debug\Exceptions->errorHandler(2, 'Undefined varia...', 'C:\\xampp\\htdocs...', 95)
#1 C:\xampp\htdocs\library\app\Controllers\Student.php(52): App\Models\Cart->delete_item(Array)
#2 C:\xampp\htdocs\library\app\Controllers\Student.php(97): App\Controllers\Student->_process_cart_request()
#3 C:\xampp\htdocs\library\system\CodeIgniter.php(825): App\Controllers\Student->test()
#4 C:\xampp\htdocs\library\system\CodeIgniter.php(412): CodeIgniter\CodeIgniter->runController(Object(App\Controllers\Student))
#5 C:\xampp\htdocs\library\system\CodeIgniter.php(320): CodeIgniter\CodeIgniter->handleRequest(NULL, Object(Config\Cache), false)
#6 C:\xampp\htdocs\library\public\index.php(37): CodeIgniter\CodeIgniter->run()
#7 C:\xampp\htdocs\library\system\Commands\Server\rewrite.php(43): require_once('C:\\xampp\\htdocs...')
#8 {main}
CRITICAL - 2022-07-09 18:20:10 --> Undefined array key "cart_item_id"
#0 C:\xampp\htdocs\library\app\ThirdParty\NotORM\NotORM\Row.php(166): CodeIgniter\Debug\Exceptions->errorHandler(2, 'Undefined array...', 'C:\\xampp\\htdocs...', 166)
#1 C:\xampp\htdocs\library\app\ThirdParty\NotORM\NotORM\Row.php(35): NotORM_Row->offsetGet('cart_item_id')
#2 C:\xampp\htdocs\library\app\Models\Cart.php(94): NotORM_Row->__get('cart_item')
#3 C:\xampp\htdocs\library\app\Controllers\Student.php(52): App\Models\Cart->delete_item(Array)
#4 C:\xampp\htdocs\library\app\Controllers\Student.php(97): App\Controllers\Student->_process_cart_request()
#5 C:\xampp\htdocs\library\system\CodeIgniter.php(825): App\Controllers\Student->test()
#6 C:\xampp\htdocs\library\system\CodeIgniter.php(412): CodeIgniter\CodeIgniter->runController(Object(App\Controllers\Student))
#7 C:\xampp\htdocs\library\system\CodeIgniter.php(320): CodeIgniter\CodeIgniter->handleRequest(NULL, Object(Config\Cache), false)
#8 C:\xampp\htdocs\library\public\index.php(37): CodeIgniter\CodeIgniter->run()
#9 C:\xampp\htdocs\library\system\Commands\Server\rewrite.php(43): require_once('C:\\xampp\\htdocs...')
#10 {main}
CRITICAL - 2022-07-09 18:20:22 --> Undefined array key "cart_item_id"
#0 C:\xampp\htdocs\library\app\ThirdParty\NotORM\NotORM\Row.php(166): CodeIgniter\Debug\Exceptions->errorHandler(2, 'Undefined array...', 'C:\\xampp\\htdocs...', 166)
#1 C:\xampp\htdocs\library\app\ThirdParty\NotORM\NotORM\Row.php(35): NotORM_Row->offsetGet('cart_item_id')
#2 C:\xampp\htdocs\library\app\Models\Cart.php(94): NotORM_Row->__get('cart_item')
#3 C:\xampp\htdocs\library\app\Controllers\Student.php(52): App\Models\Cart->delete_item(Array)
#4 C:\xampp\htdocs\library\app\Controllers\Student.php(97): App\Controllers\Student->_process_cart_request()
#5 C:\xampp\htdocs\library\system\CodeIgniter.php(825): App\Controllers\Student->test()
#6 C:\xampp\htdocs\library\system\CodeIgniter.php(412): CodeIgniter\CodeIgniter->runController(Object(App\Controllers\Student))
#7 C:\xampp\htdocs\library\system\CodeIgniter.php(320): CodeIgniter\CodeIgniter->handleRequest(NULL, Object(Config\Cache), false)
#8 C:\xampp\htdocs\library\public\index.php(37): CodeIgniter\CodeIgniter->run()
#9 C:\xampp\htdocs\library\system\Commands\Server\rewrite.php(43): require_once('C:\\xampp\\htdocs...')
#10 {main}
CRITICAL - 2022-07-09 18:20:47 --> Undefined array key "cart_item_id"
#0 C:\xampp\htdocs\library\app\ThirdParty\NotORM\NotORM\Row.php(166): CodeIgniter\Debug\Exceptions->errorHandler(2, 'Undefined array...', 'C:\\xampp\\htdocs...', 166)
#1 C:\xampp\htdocs\library\app\ThirdParty\NotORM\NotORM\Row.php(35): NotORM_Row->offsetGet('cart_item_id')
#2 C:\xampp\htdocs\library\app\Models\Cart.php(95): NotORM_Row->__get('cart_item')
#3 C:\xampp\htdocs\library\app\Controllers\Student.php(52): App\Models\Cart->delete_item(Array)
#4 C:\xampp\htdocs\library\app\Controllers\Student.php(97): App\Controllers\Student->_process_cart_request()
#5 C:\xampp\htdocs\library\system\CodeIgniter.php(825): App\Controllers\Student->test()
#6 C:\xampp\htdocs\library\system\CodeIgniter.php(412): CodeIgniter\CodeIgniter->runController(Object(App\Controllers\Student))
#7 C:\xampp\htdocs\library\system\CodeIgniter.php(320): CodeIgniter\CodeIgniter->handleRequest(NULL, Object(Config\Cache), false)
#8 C:\xampp\htdocs\library\public\index.php(37): CodeIgniter\CodeIgniter->run()
#9 C:\xampp\htdocs\library\system\Commands\Server\rewrite.php(43): require_once('C:\\xampp\\htdocs...')
#10 {main}
CRITICAL - 2022-07-09 18:21:29 --> Undefined array key "cart_item_id"
#0 C:\xampp\htdocs\library\app\ThirdParty\NotORM\NotORM\Row.php(166): CodeIgniter\Debug\Exceptions->errorHandler(2, 'Undefined array...', 'C:\\xampp\\htdocs...', 166)
#1 C:\xampp\htdocs\library\app\ThirdParty\NotORM\NotORM\Row.php(35): NotORM_Row->offsetGet('cart_item_id')
#2 C:\xampp\htdocs\library\app\Models\Cart.php(95): NotORM_Row->__get('cart_item')
#3 C:\xampp\htdocs\library\app\Controllers\Student.php(52): App\Models\Cart->delete_item(Array)
#4 C:\xampp\htdocs\library\app\Controllers\Student.php(97): App\Controllers\Student->_process_cart_request()
#5 C:\xampp\htdocs\library\system\CodeIgniter.php(825): App\Controllers\Student->test()
#6 C:\xampp\htdocs\library\system\CodeIgniter.php(412): CodeIgniter\CodeIgniter->runController(Object(App\Controllers\Student))
#7 C:\xampp\htdocs\library\system\CodeIgniter.php(320): CodeIgniter\CodeIgniter->handleRequest(NULL, Object(Config\Cache), false)
#8 C:\xampp\htdocs\library\public\index.php(37): CodeIgniter\CodeIgniter->run()
#9 C:\xampp\htdocs\library\system\Commands\Server\rewrite.php(43): require_once('C:\\xampp\\htdocs...')
#10 {main}
CRITICAL - 2022-07-09 18:22:06 --> Undefined array key "cart_item_id"
#0 C:\xampp\htdocs\library\app\ThirdParty\NotORM\NotORM\Row.php(166): CodeIgniter\Debug\Exceptions->errorHandler(2, 'Undefined array...', 'C:\\xampp\\htdocs...', 166)
#1 C:\xampp\htdocs\library\app\ThirdParty\NotORM\NotORM\Row.php(35): NotORM_Row->offsetGet('cart_item_id')
#2 C:\xampp\htdocs\library\app\Models\Cart.php(95): NotORM_Row->__get('cart_item')
#3 C:\xampp\htdocs\library\app\Controllers\Student.php(52): App\Models\Cart->delete_item(Array)
#4 C:\xampp\htdocs\library\app\Controllers\Student.php(97): App\Controllers\Student->_process_cart_request()
#5 C:\xampp\htdocs\library\system\CodeIgniter.php(825): App\Controllers\Student->test()
#6 C:\xampp\htdocs\library\system\CodeIgniter.php(412): CodeIgniter\CodeIgniter->runController(Object(App\Controllers\Student))
#7 C:\xampp\htdocs\library\system\CodeIgniter.php(320): CodeIgniter\CodeIgniter->handleRequest(NULL, Object(Config\Cache), false)
#8 C:\xampp\htdocs\library\public\index.php(37): CodeIgniter\CodeIgniter->run()
#9 C:\xampp\htdocs\library\system\Commands\Server\rewrite.php(43): require_once('C:\\xampp\\htdocs...')
#10 {main}
CRITICAL - 2022-07-09 18:23:35 --> Undefined array key "cart_item_id"
#0 C:\xampp\htdocs\library\app\ThirdParty\NotORM\NotORM\Row.php(166): CodeIgniter\Debug\Exceptions->errorHandler(2, 'Undefined array...', 'C:\\xampp\\htdocs...', 166)
#1 C:\xampp\htdocs\library\app\ThirdParty\NotORM\NotORM\Row.php(35): NotORM_Row->offsetGet('cart_item_id')
#2 C:\xampp\htdocs\library\app\Models\Cart.php(95): NotORM_Row->__get('cart_item')
#3 C:\xampp\htdocs\library\app\Controllers\Student.php(52): App\Models\Cart->delete_item(Array)
#4 C:\xampp\htdocs\library\app\Controllers\Student.php(97): App\Controllers\Student->_process_cart_request()
#5 C:\xampp\htdocs\library\system\CodeIgniter.php(825): App\Controllers\Student->test()
#6 C:\xampp\htdocs\library\system\CodeIgniter.php(412): CodeIgniter\CodeIgniter->runController(Object(App\Controllers\Student))
#7 C:\xampp\htdocs\library\system\CodeIgniter.php(320): CodeIgniter\CodeIgniter->handleRequest(NULL, Object(Config\Cache), false)
#8 C:\xampp\htdocs\library\public\index.php(37): CodeIgniter\CodeIgniter->run()
#9 C:\xampp\htdocs\library\system\Commands\Server\rewrite.php(43): require_once('C:\\xampp\\htdocs...')
#10 {main}
CRITICAL - 2022-07-09 18:23:53 --> Undefined array key "cart_item_id"
#0 C:\xampp\htdocs\library\app\ThirdParty\NotORM\NotORM\Row.php(166): CodeIgniter\Debug\Exceptions->errorHandler(2, 'Undefined array...', 'C:\\xampp\\htdocs...', 166)
#1 C:\xampp\htdocs\library\app\ThirdParty\NotORM\NotORM\Row.php(35): NotORM_Row->offsetGet('cart_item_id')
#2 C:\xampp\htdocs\library\app\Models\Cart.php(95): NotORM_Row->__get('cart_item')
#3 C:\xampp\htdocs\library\app\Controllers\Student.php(52): App\Models\Cart->delete_item(Array)
#4 C:\xampp\htdocs\library\app\Controllers\Student.php(97): App\Controllers\Student->_process_cart_request()
#5 C:\xampp\htdocs\library\system\CodeIgniter.php(825): App\Controllers\Student->test()
#6 C:\xampp\htdocs\library\system\CodeIgniter.php(412): CodeIgniter\CodeIgniter->runController(Object(App\Controllers\Student))
#7 C:\xampp\htdocs\library\system\CodeIgniter.php(320): CodeIgniter\CodeIgniter->handleRequest(NULL, Object(Config\Cache), false)
#8 C:\xampp\htdocs\library\public\index.php(37): CodeIgniter\CodeIgniter->run()
#9 C:\xampp\htdocs\library\system\Commands\Server\rewrite.php(43): require_once('C:\\xampp\\htdocs...')
#10 {main}
CRITICAL - 2022-07-09 18:24:22 --> Undefined array key "cart_item_id"
#0 C:\xampp\htdocs\library\app\ThirdParty\NotORM\NotORM\Row.php(166): CodeIgniter\Debug\Exceptions->errorHandler(2, 'Undefined array...', 'C:\\xampp\\htdocs...', 166)
#1 C:\xampp\htdocs\library\app\ThirdParty\NotORM\NotORM\Row.php(35): NotORM_Row->offsetGet('cart_item_id')
#2 C:\xampp\htdocs\library\app\Models\Cart.php(95): NotORM_Row->__get('cart_item')
#3 C:\xampp\htdocs\library\app\Controllers\Student.php(52): App\Models\Cart->delete_item(Array)
#4 C:\xampp\htdocs\library\app\Controllers\Student.php(97): App\Controllers\Student->_process_cart_request()
#5 C:\xampp\htdocs\library\system\CodeIgniter.php(825): App\Controllers\Student->test()
#6 C:\xampp\htdocs\library\system\CodeIgniter.php(412): CodeIgniter\CodeIgniter->runController(Object(App\Controllers\Student))
#7 C:\xampp\htdocs\library\system\CodeIgniter.php(320): CodeIgniter\CodeIgniter->handleRequest(NULL, Object(Config\Cache), false)
#8 C:\xampp\htdocs\library\public\index.php(37): CodeIgniter\CodeIgniter->run()
#9 C:\xampp\htdocs\library\system\Commands\Server\rewrite.php(43): require_once('C:\\xampp\\htdocs...')
#10 {main}
CRITICAL - 2022-07-09 18:25:09 --> Undefined array key "cart_item_id"
#0 C:\xampp\htdocs\library\app\ThirdParty\NotORM\NotORM\Row.php(166): CodeIgniter\Debug\Exceptions->errorHandler(2, 'Undefined array...', 'C:\\xampp\\htdocs...', 166)
#1 C:\xampp\htdocs\library\app\ThirdParty\NotORM\NotORM\Row.php(35): NotORM_Row->offsetGet('cart_item_id')
#2 C:\xampp\htdocs\library\app\Models\Cart.php(95): NotORM_Row->__get('cart_item')
#3 C:\xampp\htdocs\library\app\Controllers\Student.php(52): App\Models\Cart->delete_item(Array)
#4 C:\xampp\htdocs\library\app\Controllers\Student.php(97): App\Controllers\Student->_process_cart_request()
#5 C:\xampp\htdocs\library\system\CodeIgniter.php(825): App\Controllers\Student->test()
#6 C:\xampp\htdocs\library\system\CodeIgniter.php(412): CodeIgniter\CodeIgniter->runController(Object(App\Controllers\Student))
#7 C:\xampp\htdocs\library\system\CodeIgniter.php(320): CodeIgniter\CodeIgniter->handleRequest(NULL, Object(Config\Cache), false)
#8 C:\xampp\htdocs\library\public\index.php(37): CodeIgniter\CodeIgniter->run()
#9 C:\xampp\htdocs\library\system\Commands\Server\rewrite.php(43): require_once('C:\\xampp\\htdocs...')
#10 {main}
CRITICAL - 2022-07-09 18:25:29 --> Undefined array key "cart_item_id"
#0 C:\xampp\htdocs\library\app\ThirdParty\NotORM\NotORM\Row.php(166): CodeIgniter\Debug\Exceptions->errorHandler(2, 'Undefined array...', 'C:\\xampp\\htdocs...', 166)
#1 C:\xampp\htdocs\library\app\ThirdParty\NotORM\NotORM\Row.php(35): NotORM_Row->offsetGet('cart_item_id')
#2 C:\xampp\htdocs\library\app\Models\Cart.php(95): NotORM_Row->__get('cart_item')
#3 C:\xampp\htdocs\library\app\Controllers\Student.php(52): App\Models\Cart->delete_item(Array)
#4 C:\xampp\htdocs\library\app\Controllers\Student.php(97): App\Controllers\Student->_process_cart_request()
#5 C:\xampp\htdocs\library\system\CodeIgniter.php(825): App\Controllers\Student->test()
#6 C:\xampp\htdocs\library\system\CodeIgniter.php(412): CodeIgniter\CodeIgniter->runController(Object(App\Controllers\Student))
#7 C:\xampp\htdocs\library\system\CodeIgniter.php(320): CodeIgniter\CodeIgniter->handleRequest(NULL, Object(Config\Cache), false)
#8 C:\xampp\htdocs\library\public\index.php(37): CodeIgniter\CodeIgniter->run()
#9 C:\xampp\htdocs\library\system\Commands\Server\rewrite.php(43): require_once('C:\\xampp\\htdocs...')
#10 {main}
CRITICAL - 2022-07-09 18:34:33 --> Undefined array key "action"
#0 C:\xampp\htdocs\library\app\Controllers\Student.php(44): CodeIgniter\Debug\Exceptions->errorHandler(2, 'Undefined array...', 'C:\\xampp\\htdocs...', 44)
#1 C:\xampp\htdocs\library\app\Controllers\Student.php(73): App\Controllers\Student->_process_cart_request()
#2 C:\xampp\htdocs\library\system\CodeIgniter.php(825): App\Controllers\Student->cart()
#3 C:\xampp\htdocs\library\system\CodeIgniter.php(412): CodeIgniter\CodeIgniter->runController(Object(App\Controllers\Student))
#4 C:\xampp\htdocs\library\system\CodeIgniter.php(320): CodeIgniter\CodeIgniter->handleRequest(NULL, Object(Config\Cache), false)
#5 C:\xampp\htdocs\library\public\index.php(37): CodeIgniter\CodeIgniter->run()
#6 C:\xampp\htdocs\library\system\Commands\Server\rewrite.php(43): require_once('C:\\xampp\\htdocs...')
#7 {main}
CRITICAL - 2022-07-09 18:34:38 --> Undefined array key "action"
#0 C:\xampp\htdocs\library\app\Controllers\Student.php(44): CodeIgniter\Debug\Exceptions->errorHandler(2, 'Undefined array...', 'C:\\xampp\\htdocs...', 44)
#1 C:\xampp\htdocs\library\app\Controllers\Student.php(73): App\Controllers\Student->_process_cart_request()
#2 C:\xampp\htdocs\library\system\CodeIgniter.php(825): App\Controllers\Student->cart()
#3 C:\xampp\htdocs\library\system\CodeIgniter.php(412): CodeIgniter\CodeIgniter->runController(Object(App\Controllers\Student))
#4 C:\xampp\htdocs\library\system\CodeIgniter.php(320): CodeIgniter\CodeIgniter->handleRequest(NULL, Object(Config\Cache), false)
#5 C:\xampp\htdocs\library\public\index.php(37): CodeIgniter\CodeIgniter->run()
#6 C:\xampp\htdocs\library\system\Commands\Server\rewrite.php(43): require_once('C:\\xampp\\htdocs...')
#7 {main}
CRITICAL - 2022-07-09 18:34:45 --> Undefined array key "action"
#0 C:\xampp\htdocs\library\app\Controllers\Student.php(44): CodeIgniter\Debug\Exceptions->errorHandler(2, 'Undefined array...', 'C:\\xampp\\htdocs...', 44)
#1 C:\xampp\htdocs\library\app\Controllers\Student.php(73): App\Controllers\Student->_process_cart_request()
#2 C:\xampp\htdocs\library\system\CodeIgniter.php(825): App\Controllers\Student->cart()
#3 C:\xampp\htdocs\library\system\CodeIgniter.php(412): CodeIgniter\CodeIgniter->runController(Object(App\Controllers\Student))
#4 C:\xampp\htdocs\library\system\CodeIgniter.php(320): CodeIgniter\CodeIgniter->handleRequest(NULL, Object(Config\Cache), false)
#5 C:\xampp\htdocs\library\public\index.php(37): CodeIgniter\CodeIgniter->run()
#6 C:\xampp\htdocs\library\system\Commands\Server\rewrite.php(43): require_once('C:\\xampp\\htdocs...')
#7 {main}
CRITICAL - 2022-07-09 20:50:55 --> Too few arguments to function NotORM_Result::insert(), 0 passed in C:\xampp\htdocs\library\app\Models\Cart.php on line 148 and exactly 1 expected
#0 C:\xampp\htdocs\library\app\Models\Cart.php(148): NotORM_Result->insert()
#1 C:\xampp\htdocs\library\app\Controllers\Student.php(53): App\Models\Cart->borrow(Array)
#2 C:\xampp\htdocs\library\app\Controllers\Student.php(94): App\Controllers\Student->_process_cart_request()
#3 C:\xampp\htdocs\library\system\CodeIgniter.php(825): App\Controllers\Student->cart()
#4 C:\xampp\htdocs\library\system\CodeIgniter.php(412): CodeIgniter\CodeIgniter->runController(Object(App\Controllers\Student))
#5 C:\xampp\htdocs\library\system\CodeIgniter.php(320): CodeIgniter\CodeIgniter->handleRequest(NULL, Object(Config\Cache), false)
#6 C:\xampp\htdocs\library\public\index.php(37): CodeIgniter\CodeIgniter->run()
#7 C:\xampp\htdocs\library\system\Commands\Server\rewrite.php(43): require_once('C:\\xampp\\htdocs...')
#8 {main}
CRITICAL - 2022-07-09 20:55:29 --> Class "App\Models\NotORM_Literal" not found
#0 C:\xampp\htdocs\library\app\Controllers\Student.php(53): App\Models\Cart->borrow(Array)
#1 C:\xampp\htdocs\library\app\Controllers\Student.php(94): App\Controllers\Student->_process_cart_request()
#2 C:\xampp\htdocs\library\system\CodeIgniter.php(825): App\Controllers\Student->cart()
#3 C:\xampp\htdocs\library\system\CodeIgniter.php(412): CodeIgniter\CodeIgniter->runController(Object(App\Controllers\Student))
#4 C:\xampp\htdocs\library\system\CodeIgniter.php(320): CodeIgniter\CodeIgniter->handleRequest(NULL, Object(Config\Cache), false)
#5 C:\xampp\htdocs\library\public\index.php(37): CodeIgniter\CodeIgniter->run()
#6 C:\xampp\htdocs\library\system\Commands\Server\rewrite.php(43): require_once('C:\\xampp\\htdocs...')
#7 {main}
CRITICAL - 2022-07-09 20:55:52 --> Class "App\Models\NotORM_Literal" not found
#0 C:\xampp\htdocs\library\app\Controllers\Student.php(53): App\Models\Cart->borrow(Array)
#1 C:\xampp\htdocs\library\app\Controllers\Student.php(94): App\Controllers\Student->_process_cart_request()
#2 C:\xampp\htdocs\library\system\CodeIgniter.php(825): App\Controllers\Student->cart()
#3 C:\xampp\htdocs\library\system\CodeIgniter.php(412): CodeIgniter\CodeIgniter->runController(Object(App\Controllers\Student))
#4 C:\xampp\htdocs\library\system\CodeIgniter.php(320): CodeIgniter\CodeIgniter->handleRequest(NULL, Object(Config\Cache), false)
#5 C:\xampp\htdocs\library\public\index.php(37): CodeIgniter\CodeIgniter->run()
#6 C:\xampp\htdocs\library\system\Commands\Server\rewrite.php(43): require_once('C:\\xampp\\htdocs...')
#7 {main}
CRITICAL - 2022-07-09 20:56:03 --> Class "App\Models\NotORM_Literal" not found
#0 C:\xampp\htdocs\library\app\Controllers\Student.php(53): App\Models\Cart->borrow(Array)
#1 C:\xampp\htdocs\library\app\Controllers\Student.php(94): App\Controllers\Student->_process_cart_request()
#2 C:\xampp\htdocs\library\system\CodeIgniter.php(825): App\Controllers\Student->cart()
#3 C:\xampp\htdocs\library\system\CodeIgniter.php(412): CodeIgniter\CodeIgniter->runController(Object(App\Controllers\Student))
#4 C:\xampp\htdocs\library\system\CodeIgniter.php(320): CodeIgniter\CodeIgniter->handleRequest(NULL, Object(Config\Cache), false)
#5 C:\xampp\htdocs\library\public\index.php(37): CodeIgniter\CodeIgniter->run()
#6 C:\xampp\htdocs\library\system\Commands\Server\rewrite.php(43): require_once('C:\\xampp\\htdocs...')
#7 {main}
CRITICAL - 2022-07-09 20:57:30 --> Class "App\Models\NotORM_Literal" not found
#0 C:\xampp\htdocs\library\app\Controllers\Student.php(53): App\Models\Cart->borrow(Array)
#1 C:\xampp\htdocs\library\app\Controllers\Student.php(94): App\Controllers\Student->_process_cart_request()
#2 C:\xampp\htdocs\library\system\CodeIgniter.php(825): App\Controllers\Student->cart()
#3 C:\xampp\htdocs\library\system\CodeIgniter.php(412): CodeIgniter\CodeIgniter->runController(Object(App\Controllers\Student))
#4 C:\xampp\htdocs\library\system\CodeIgniter.php(320): CodeIgniter\CodeIgniter->handleRequest(NULL, Object(Config\Cache), false)
#5 C:\xampp\htdocs\library\public\index.php(37): CodeIgniter\CodeIgniter->run()
#6 C:\xampp\htdocs\library\system\Commands\Server\rewrite.php(43): require_once('C:\\xampp\\htdocs...')
#7 {main}
CRITICAL - 2022-07-09 20:59:21 --> Class "App\Models\NotORM_Literal" not found
#0 C:\xampp\htdocs\library\app\Controllers\Student.php(124): App\Models\Cart->borrow(Array)
#1 C:\xampp\htdocs\library\system\CodeIgniter.php(825): App\Controllers\Student->test()
#2 C:\xampp\htdocs\library\system\CodeIgniter.php(412): CodeIgniter\CodeIgniter->runController(Object(App\Controllers\Student))
#3 C:\xampp\htdocs\library\system\CodeIgniter.php(320): CodeIgniter\CodeIgniter->handleRequest(NULL, Object(Config\Cache), false)
#4 C:\xampp\htdocs\library\public\index.php(37): CodeIgniter\CodeIgniter->run()
#5 C:\xampp\htdocs\library\system\Commands\Server\rewrite.php(43): require_once('C:\\xampp\\htdocs...')
#6 {main}
CRITICAL - 2022-07-09 21:00:54 --> SQLSTATE[42000]: Syntax error or access violation: 1064 You have an error in your SQL syntax; check the manual that corresponds to your MariaDB server version for the right syntax to use near 'DAY)' at line 1
#0 C:\xampp\htdocs\library\app\ThirdParty\NotORM\NotORM\Result.php(161): PDOStatement->execute(Array)
#1 C:\xampp\htdocs\library\app\ThirdParty\NotORM\NotORM\Result.php(237): NotORM_Result->query('INSERT INTO res...', Array)
#2 C:\xampp\htdocs\library\app\ThirdParty\NotORM\NotORM\Result.php(252): NotORM_Result->insert_multi(Array)
#3 C:\xampp\htdocs\library\app\Models\Cart.php(151): NotORM_Result->insert(Array)
#4 C:\xampp\htdocs\library\app\Controllers\Student.php(53): App\Models\Cart->borrow(Array)
#5 C:\xampp\htdocs\library\app\Controllers\Student.php(94): App\Controllers\Student->_process_cart_request()
#6 C:\xampp\htdocs\library\system\CodeIgniter.php(825): App\Controllers\Student->cart()
#7 C:\xampp\htdocs\library\system\CodeIgniter.php(412): CodeIgniter\CodeIgniter->runController(Object(App\Controllers\Student))
#8 C:\xampp\htdocs\library\system\CodeIgniter.php(320): CodeIgniter\CodeIgniter->handleRequest(NULL, Object(Config\Cache), false)
#9 C:\xampp\htdocs\library\public\index.php(37): CodeIgniter\CodeIgniter->run()
#10 C:\xampp\htdocs\library\system\Commands\Server\rewrite.php(43): require_once('C:\\xampp\\htdocs...')
#11 {main}
CRITICAL - 2022-07-09 21:01:15 --> SQLSTATE[42000]: Syntax error or access violation: 1064 You have an error in your SQL syntax; check the manual that corresponds to your MariaDB server version for the right syntax to use near 'DAY)' at line 1
#0 C:\xampp\htdocs\library\app\ThirdParty\NotORM\NotORM\Result.php(161): PDOStatement->execute(Array)
#1 C:\xampp\htdocs\library\app\ThirdParty\NotORM\NotORM\Result.php(237): NotORM_Result->query('INSERT INTO res...', Array)
#2 C:\xampp\htdocs\library\app\ThirdParty\NotORM\NotORM\Result.php(252): NotORM_Result->insert_multi(Array)
#3 C:\xampp\htdocs\library\app\Models\Cart.php(151): NotORM_Result->insert(Array)
#4 C:\xampp\htdocs\library\app\Controllers\Student.php(124): App\Models\Cart->borrow(Array)
#5 C:\xampp\htdocs\library\system\CodeIgniter.php(825): App\Controllers\Student->test()
#6 C:\xampp\htdocs\library\system\CodeIgniter.php(412): CodeIgniter\CodeIgniter->runController(Object(App\Controllers\Student))
#7 C:\xampp\htdocs\library\system\CodeIgniter.php(320): CodeIgniter\CodeIgniter->handleRequest(NULL, Object(Config\Cache), false)
#8 C:\xampp\htdocs\library\public\index.php(37): CodeIgniter\CodeIgniter->run()
#9 C:\xampp\htdocs\library\system\Commands\Server\rewrite.php(43): require_once('C:\\xampp\\htdocs...')
#10 {main}
CRITICAL - 2022-07-09 21:01:39 --> Uncaught TypeError: abs(): Argument #1 ($num) must be of type int|float, string given in C:\xampp\htdocs\library\system\Debug\Exceptions.php:298
Stack trace:
#0 C:\xampp\htdocs\library\system\Debug\Exceptions.php(298): abs('42S22')
#1 C:\xampp\htdocs\library\system\Debug\Exceptions.php(102): CodeIgniter\Debug\Exceptions->determineCodes(Object(PDOException))
#2 [internal function]: CodeIgniter\Debug\Exceptions->exceptionHandler(Object(PDOException))
#3 {main}
  thrown
#0 [internal function]: CodeIgniter\Debug\Exceptions->shutdownHandler()
#1 {main}
CRITICAL - 2022-07-09 21:02:06 --> SQLSTATE[42000]: Syntax error or access violation: 1064 You have an error in your SQL syntax; check the manual that corresponds to your MariaDB server version for the right syntax to use near 'DAYS)' at line 1
#0 C:\xampp\htdocs\library\app\ThirdParty\NotORM\NotORM\Result.php(161): PDOStatement->execute(Array)
#1 C:\xampp\htdocs\library\app\ThirdParty\NotORM\NotORM\Result.php(237): NotORM_Result->query('INSERT INTO res...', Array)
#2 C:\xampp\htdocs\library\app\ThirdParty\NotORM\NotORM\Result.php(252): NotORM_Result->insert_multi(Array)
#3 C:\xampp\htdocs\library\app\Models\Cart.php(151): NotORM_Result->insert(Array)
#4 C:\xampp\htdocs\library\app\Controllers\Student.php(124): App\Models\Cart->borrow(Array)
#5 C:\xampp\htdocs\library\system\CodeIgniter.php(825): App\Controllers\Student->test()
#6 C:\xampp\htdocs\library\system\CodeIgniter.php(412): CodeIgniter\CodeIgniter->runController(Object(App\Controllers\Student))
#7 C:\xampp\htdocs\library\system\CodeIgniter.php(320): CodeIgniter\CodeIgniter->handleRequest(NULL, Object(Config\Cache), false)
#8 C:\xampp\htdocs\library\public\index.php(37): CodeIgniter\CodeIgniter->run()
#9 C:\xampp\htdocs\library\system\Commands\Server\rewrite.php(43): require_once('C:\\xampp\\htdocs...')
#10 {main}
CRITICAL - 2022-07-09 21:02:18 --> SQLSTATE[42000]: Syntax error or access violation: 1064 You have an error in your SQL syntax; check the manual that corresponds to your MariaDB server version for the right syntax to use near 'DAYS)' at line 1
#0 C:\xampp\htdocs\library\app\ThirdParty\NotORM\NotORM\Result.php(161): PDOStatement->execute(Array)
#1 C:\xampp\htdocs\library\app\ThirdParty\NotORM\NotORM\Result.php(237): NotORM_Result->query('INSERT INTO res...', Array)
#2 C:\xampp\htdocs\library\app\ThirdParty\NotORM\NotORM\Result.php(252): NotORM_Result->insert_multi(Array)
#3 C:\xampp\htdocs\library\app\Models\Cart.php(151): NotORM_Result->insert(Array)
#4 C:\xampp\htdocs\library\app\Controllers\Student.php(124): App\Models\Cart->borrow(Array)
#5 C:\xampp\htdocs\library\system\CodeIgniter.php(825): App\Controllers\Student->test()
#6 C:\xampp\htdocs\library\system\CodeIgniter.php(412): CodeIgniter\CodeIgniter->runController(Object(App\Controllers\Student))
#7 C:\xampp\htdocs\library\system\CodeIgniter.php(320): CodeIgniter\CodeIgniter->handleRequest(NULL, Object(Config\Cache), false)
#8 C:\xampp\htdocs\library\public\index.php(37): CodeIgniter\CodeIgniter->run()
#9 C:\xampp\htdocs\library\system\Commands\Server\rewrite.php(43): require_once('C:\\xampp\\htdocs...')
#10 {main}
