CRITICAL - 2022-04-10 00:58:02 --> Class "App\Models\BaseModel" not found
#0 C:\xampp\htdocs\diet\system\Autoloader\Autoloader.php(264): include_once()
#1 C:\xampp\htdocs\diet\system\Autoloader\Autoloader.php(241): CodeIgniter\Autoloader\Autoloader->includeFile('C:\\xampp\\htdocs...')
#2 C:\xampp\htdocs\diet\system\Autoloader\Autoloader.php(219): CodeIgniter\Autoloader\Autoloader->loadInNamespace('App\\Models\\User')
#3 [internal function]: CodeIgniter\Autoloader\Autoloader->loadClass('App\\Models\\User')
#4 C:\xampp\htdocs\diet\system\Config\Factories.php(136): class_exists('App\\Models\\User')
#5 C:\xampp\htdocs\diet\system\Config\Factories.php(106): CodeIgniter\Config\Factories::locateClass(Array, 'App\\Controllers...')
#6 C:\xampp\htdocs\diet\system\Common.php(780): CodeIgniter\Config\Factories::__callStatic('models', Array)
#7 C:\xampp\htdocs\diet\app\Controllers\Home.php(14): model('App\\Controllers...')
#8 C:\xampp\htdocs\diet\system\CodeIgniter.php(825): App\Controllers\Home->test()
#9 C:\xampp\htdocs\diet\system\CodeIgniter.php(412): CodeIgniter\CodeIgniter->runController(Object(App\Controllers\Home))
#10 C:\xampp\htdocs\diet\system\CodeIgniter.php(320): CodeIgniter\CodeIgniter->handleRequest(NULL, Object(Config\Cache), false)
#11 C:\xampp\htdocs\diet\public\index.php(37): CodeIgniter\CodeIgniter->run()
#12 C:\xampp\htdocs\diet\system\Commands\Server\rewrite.php(43): require_once('C:\\xampp\\htdocs...')
#13 {main}
CRITICAL - 2022-04-10 00:59:54 --> Class "App\Models\BaseModel" not found
#0 C:\xampp\htdocs\diet\system\Autoloader\Autoloader.php(264): include_once()
#1 C:\xampp\htdocs\diet\system\Autoloader\Autoloader.php(241): CodeIgniter\Autoloader\Autoloader->includeFile('C:\\xampp\\htdocs...')
#2 C:\xampp\htdocs\diet\system\Autoloader\Autoloader.php(219): CodeIgniter\Autoloader\Autoloader->loadInNamespace('App\\Models\\User')
#3 [internal function]: CodeIgniter\Autoloader\Autoloader->loadClass('App\\Models\\User')
#4 C:\xampp\htdocs\diet\system\Config\Factories.php(136): class_exists('App\\Models\\User')
#5 C:\xampp\htdocs\diet\system\Config\Factories.php(106): CodeIgniter\Config\Factories::locateClass(Array, 'App\\Controllers...')
#6 C:\xampp\htdocs\diet\system\Common.php(780): CodeIgniter\Config\Factories::__callStatic('models', Array)
#7 C:\xampp\htdocs\diet\app\Controllers\Home.php(14): model('App\\Controllers...')
#8 C:\xampp\htdocs\diet\system\CodeIgniter.php(825): App\Controllers\Home->test()
#9 C:\xampp\htdocs\diet\system\CodeIgniter.php(412): CodeIgniter\CodeIgniter->runController(Object(App\Controllers\Home))
#10 C:\xampp\htdocs\diet\system\CodeIgniter.php(320): CodeIgniter\CodeIgniter->handleRequest(NULL, Object(Config\Cache), false)
#11 C:\xampp\htdocs\diet\public\index.php(37): CodeIgniter\CodeIgniter->run()
#12 C:\xampp\htdocs\diet\system\Commands\Server\rewrite.php(43): require_once('C:\\xampp\\htdocs...')
#13 {main}
CRITICAL - 2022-04-10 01:12:26 --> Undefined property: App\Models\User::$db
#0 C:\xampp\htdocs\diet\app\Models\User.php(17): CodeIgniter\Debug\Exceptions->errorHandler(2, 'Undefined prope...', 'C:\\xampp\\htdocs...', 17)
#1 C:\xampp\htdocs\diet\app\Controllers\Home.php(15): App\Models\User->test()
#2 C:\xampp\htdocs\diet\system\CodeIgniter.php(825): App\Controllers\Home->test()
#3 C:\xampp\htdocs\diet\system\CodeIgniter.php(412): CodeIgniter\CodeIgniter->runController(Object(App\Controllers\Home))
#4 C:\xampp\htdocs\diet\system\CodeIgniter.php(320): CodeIgniter\CodeIgniter->handleRequest(NULL, Object(Config\Cache), false)
#5 C:\xampp\htdocs\diet\public\index.php(37): CodeIgniter\CodeIgniter->run()
#6 C:\xampp\htdocs\diet\system\Commands\Server\rewrite.php(43): require_once('C:\\xampp\\htdocs...')
#7 {main}
CRITICAL - 2022-04-10 01:13:49 --> Attempt to read property "users" on null
#0 C:\xampp\htdocs\diet\app\Models\User.php(18): CodeIgniter\Debug\Exceptions->errorHandler(2, 'Attempt to read...', 'C:\\xampp\\htdocs...', 18)
#1 C:\xampp\htdocs\diet\app\Controllers\Home.php(15): App\Models\User->test()
#2 C:\xampp\htdocs\diet\system\CodeIgniter.php(825): App\Controllers\Home->test()
#3 C:\xampp\htdocs\diet\system\CodeIgniter.php(412): CodeIgniter\CodeIgniter->runController(Object(App\Controllers\Home))
#4 C:\xampp\htdocs\diet\system\CodeIgniter.php(320): CodeIgniter\CodeIgniter->handleRequest(NULL, Object(Config\Cache), false)
#5 C:\xampp\htdocs\diet\public\index.php(37): CodeIgniter\CodeIgniter->run()
#6 C:\xampp\htdocs\diet\system\Commands\Server\rewrite.php(43): require_once('C:\\xampp\\htdocs...')
#7 {main}
CRITICAL - 2022-04-10 01:15:47 --> Trying to access array offset on value of type null
#0 C:\xampp\htdocs\diet\app\Libraries\Smarty\Compiles\cfe2e772954118c1c41467629e000f7953ba2d70_0.file.test.tpl.php(24): CodeIgniter\Debug\Exceptions->errorHandler(2, 'Trying to acces...', 'C:\\xampp\\htdocs...', 24)
#1 C:\xampp\htdocs\diet\app\Libraries\Smarty\libs\sysplugins\smarty_template_resource_base.php(123): content_6250436c146bf4_85772450(Object(Smarty_Internal_Template))
#2 C:\xampp\htdocs\diet\app\Libraries\Smarty\libs\sysplugins\smarty_template_compiled.php(114): Smarty_Template_Resource_Base->getRenderedTemplateCode(Object(Smarty_Internal_Template))
#3 C:\xampp\htdocs\diet\app\Libraries\Smarty\libs\sysplugins\smarty_internal_template.php(216): Smarty_Template_Compiled->render(Object(Smarty_Internal_Template))
#4 C:\xampp\htdocs\diet\app\Libraries\Smarty\libs\sysplugins\smarty_internal_templatebase.php(238): Smarty_Internal_Template->render(false, 1)
#5 C:\xampp\htdocs\diet\app\Libraries\Smarty\libs\sysplugins\smarty_internal_templatebase.php(134): Smarty_Internal_TemplateBase->_execute(Object(Smarty_Internal_Template), NULL, NULL, NULL, 1)
#6 C:\xampp\htdocs\diet\app\Libraries\TPL.php(38): Smarty_Internal_TemplateBase->display('Home/test.tpl', NULL, NULL, NULL)
#7 C:\xampp\htdocs\diet\app\Controllers\BaseController.php(66): App\Libraries\TPL->display('Home/test.tpl')
#8 C:\xampp\htdocs\diet\system\CodeIgniter.php(320): App\Controllers\BaseController->__destruct()
#9 C:\xampp\htdocs\diet\public\index.php(37): CodeIgniter\CodeIgniter->run()
#10 C:\xampp\htdocs\diet\system\Commands\Server\rewrite.php(43): require_once('C:\\xampp\\htdocs...')
#11 {main}
