CRITICAL - 2022-05-13 01:13:09 --> Undefined array key "recommended_foods"
#0 C:\xampp\htdocs\diet_recommender\app\ThirdParty\Smarty\Compiles\951cc59105ab3d2de5a18b8d45527a8a5011304d_0.file.student_diets.tpl.php(208): CodeIgniter\Debug\Exceptions->errorHandler(2, 'Undefined array...', 'C:\\xampp\\htdocs...', 208)
#1 C:\xampp\htdocs\diet_recommender\app\ThirdParty\Smarty\libs\sysplugins\smarty_internal_runtime_inheritance.php(248): Block_907058148627df6f501cb35_06961415->callBlock(Object(Smarty_Internal_Template))
#2 C:\xampp\htdocs\diet_recommender\app\ThirdParty\Smarty\libs\sysplugins\smarty_internal_runtime_inheritance.php(184): Smarty_Internal_Runtime_Inheritance->callBlock(Object(Block_907058148627df6f501cb35_06961415), Object(Smarty_Internal_Template))
#3 C:\xampp\htdocs\diet_recommender\app\ThirdParty\Smarty\libs\sysplugins\smarty_internal_runtime_inheritance.php(186): Smarty_Internal_Runtime_Inheritance->process(Object(Smarty_Internal_Template), Object(Block_907058148627df6f501cb35_06961415), Object(Block_152547647562763a95474861_22545650))
#4 C:\xampp\htdocs\diet_recommender\app\ThirdParty\Smarty\libs\sysplugins\smarty_internal_runtime_inheritance.php(156): Smarty_Internal_Runtime_Inheritance->process(Object(Smarty_Internal_Template), Object(Block_152547647562763a95474861_22545650))
#5 C:\xampp\htdocs\diet_recommender\app\ThirdParty\Smarty\Compiles\c4cff84b956c2362d512dc8ee3c9abcbabb2c585_0.file.member_area.tpl.php(86): Smarty_Internal_Runtime_Inheritance->instanceBlock(Object(Smarty_Internal_Template), 'Block_152547647...', 'body')
#6 C:\xampp\htdocs\diet_recommender\app\ThirdParty\Smarty\libs\sysplugins\smarty_template_resource_base.php(123): content_62763a954786e9_84606815(Object(Smarty_Internal_Template))
#7 C:\xampp\htdocs\diet_recommender\app\ThirdParty\Smarty\libs\sysplugins\smarty_template_compiled.php(114): Smarty_Template_Resource_Base->getRenderedTemplateCode(Object(Smarty_Internal_Template))
#8 C:\xampp\htdocs\diet_recommender\app\ThirdParty\Smarty\libs\sysplugins\smarty_internal_template.php(216): Smarty_Template_Compiled->render(Object(Smarty_Internal_Template))
#9 C:\xampp\htdocs\diet_recommender\app\ThirdParty\Smarty\libs\sysplugins\smarty_internal_template.php(385): Smarty_Internal_Template->render()
#10 C:\xampp\htdocs\diet_recommender\app\ThirdParty\Smarty\libs\sysplugins\smarty_internal_runtime_inheritance.php(116): Smarty_Internal_Template->_subTemplateRender('Layouts/member_...', NULL, NULL, 0, 3600, Array, 2, false, NULL, NULL)
#11 C:\xampp\htdocs\diet_recommender\app\ThirdParty\Smarty\Compiles\951cc59105ab3d2de5a18b8d45527a8a5011304d_0.file.student_diets.tpl.php(31): Smarty_Internal_Runtime_Inheritance->endChild(Object(Smarty_Internal_Template), 'Layouts/member_...')
#12 C:\xampp\htdocs\diet_recommender\app\ThirdParty\Smarty\libs\sysplugins\smarty_template_resource_base.php(123): content_627df6f5072a47_25326428(Object(Smarty_Internal_Template))
#13 C:\xampp\htdocs\diet_recommender\app\ThirdParty\Smarty\libs\sysplugins\smarty_template_compiled.php(114): Smarty_Template_Resource_Base->getRenderedTemplateCode(Object(Smarty_Internal_Template))
#14 C:\xampp\htdocs\diet_recommender\app\ThirdParty\Smarty\libs\sysplugins\smarty_internal_template.php(216): Smarty_Template_Compiled->render(Object(Smarty_Internal_Template))
#15 C:\xampp\htdocs\diet_recommender\app\ThirdParty\Smarty\libs\sysplugins\smarty_internal_templatebase.php(238): Smarty_Internal_Template->render(false, 1)
#16 C:\xampp\htdocs\diet_recommender\app\ThirdParty\Smarty\libs\sysplugins\smarty_internal_templatebase.php(134): Smarty_Internal_TemplateBase->_execute(Object(Smarty_Internal_Template), NULL, NULL, NULL, 1)
#17 C:\xampp\htdocs\diet_recommender\app\Libraries\TPL.php(40): Smarty_Internal_TemplateBase->display('Teacher/student...', NULL, NULL, NULL)
#18 C:\xampp\htdocs\diet_recommender\app\Libraries\TPL.php(55): App\Libraries\TPL->display('Teacher/student...')
#19 C:\xampp\htdocs\diet_recommender\system\CodeIgniter.php(320): App\Libraries\TPL->__destruct()
#20 C:\xampp\htdocs\diet_recommender\public\index.php(37): CodeIgniter\CodeIgniter->run()
#21 C:\xampp\htdocs\diet_recommender\system\Commands\Server\rewrite.php(43): require_once('C:\\xampp\\htdocs...')
#22 {main}
CRITICAL - 2022-05-13 01:14:07 --> Syntax error in template "file:C:\xampp\htdocs\diet_recommender\app\Views\Teacher\student_diets.tpl"  on line 179 "{/block}" unclosed '{block}' tag
#0 C:\xampp\htdocs\diet_recommender\app\ThirdParty\Smarty\libs\sysplugins\smarty_internal_compilebase.php(196): Smarty_Internal_TemplateCompilerBase->trigger_template_error('unclosed '{bloc...')
#1 C:\xampp\htdocs\diet_recommender\app\ThirdParty\Smarty\libs\sysplugins\smarty_internal_compile_foreach.php(331): Smarty_Internal_CompileBase->closeTag(Object(Smarty_Internal_SmartyTemplateCompiler), Array)
#2 C:\xampp\htdocs\diet_recommender\app\ThirdParty\Smarty\libs\sysplugins\smarty_internal_templatecompilerbase.php(752): Smarty_Internal_Compile_Foreachclose->compile(Array, Object(Smarty_Internal_SmartyTemplateCompiler), Array, NULL, NULL)
#3 C:\xampp\htdocs\diet_recommender\app\ThirdParty\Smarty\libs\sysplugins\smarty_internal_templatecompilerbase.php(1481): Smarty_Internal_TemplateCompilerBase->callTagCompiler('foreachclose', Array, Array)
#4 C:\xampp\htdocs\diet_recommender\app\ThirdParty\Smarty\libs\sysplugins\smarty_internal_templatecompilerbase.php(553): Smarty_Internal_TemplateCompilerBase->compileTag2('foreachclose', Array, Array)
#5 C:\xampp\htdocs\diet_recommender\app\ThirdParty\Smarty\libs\sysplugins\smarty_internal_templateparser.php(2251): Smarty_Internal_TemplateCompilerBase->compileTag('foreachclose', Array)
#6 C:\xampp\htdocs\diet_recommender\app\ThirdParty\Smarty\libs\sysplugins\smarty_internal_templateparser.php(2777): Smarty_Internal_Templateparser->yy_r44()
#7 C:\xampp\htdocs\diet_recommender\app\ThirdParty\Smarty\libs\sysplugins\smarty_internal_templateparser.php(2872): Smarty_Internal_Templateparser->yy_reduce(44)
#8 C:\xampp\htdocs\diet_recommender\app\ThirdParty\Smarty\libs\sysplugins\smarty_internal_smartytemplatecompiler.php(128): Smarty_Internal_Templateparser->doParse(3, '\n\t\t\t\t\t</tbody>\n...')
#9 C:\xampp\htdocs\diet_recommender\app\ThirdParty\Smarty\libs\sysplugins\smarty_internal_templatecompilerbase.php(469): Smarty_Internal_SmartyTemplateCompiler->doCompile('{extends file="...', true)
#10 C:\xampp\htdocs\diet_recommender\app\ThirdParty\Smarty\libs\sysplugins\smarty_internal_templatecompilerbase.php(395): Smarty_Internal_TemplateCompilerBase->compileTemplateSource(Object(Smarty_Internal_Template), false, NULL)
#11 C:\xampp\htdocs\diet_recommender\app\ThirdParty\Smarty\libs\sysplugins\smarty_template_compiled.php(184): Smarty_Internal_TemplateCompilerBase->compileTemplate(Object(Smarty_Internal_Template))
#12 C:\xampp\htdocs\diet_recommender\app\ThirdParty\Smarty\libs\sysplugins\smarty_template_compiled.php(141): Smarty_Template_Compiled->compileTemplateSource(Object(Smarty_Internal_Template))
#13 C:\xampp\htdocs\diet_recommender\app\ThirdParty\Smarty\libs\sysplugins\smarty_template_compiled.php(105): Smarty_Template_Compiled->process(Object(Smarty_Internal_Template))
#14 C:\xampp\htdocs\diet_recommender\app\ThirdParty\Smarty\libs\sysplugins\smarty_internal_template.php(216): Smarty_Template_Compiled->render(Object(Smarty_Internal_Template))
#15 C:\xampp\htdocs\diet_recommender\app\ThirdParty\Smarty\libs\sysplugins\smarty_internal_templatebase.php(238): Smarty_Internal_Template->render(false, 1)
#16 C:\xampp\htdocs\diet_recommender\app\ThirdParty\Smarty\libs\sysplugins\smarty_internal_templatebase.php(134): Smarty_Internal_TemplateBase->_execute(Object(Smarty_Internal_Template), NULL, NULL, NULL, 1)
#17 C:\xampp\htdocs\diet_recommender\app\Libraries\TPL.php(40): Smarty_Internal_TemplateBase->display('Teacher/student...', NULL, NULL, NULL)
#18 C:\xampp\htdocs\diet_recommender\app\Libraries\TPL.php(55): App\Libraries\TPL->display('Teacher/student...')
#19 C:\xampp\htdocs\diet_recommender\system\CodeIgniter.php(320): App\Libraries\TPL->__destruct()
#20 C:\xampp\htdocs\diet_recommender\public\index.php(37): CodeIgniter\CodeIgniter->run()
#21 C:\xampp\htdocs\diet_recommender\system\Commands\Server\rewrite.php(43): require_once('C:\\xampp\\htdocs...')
#22 {main}
