CRITICAL - 2022-06-21 01:10:21 --> Could not instantiate mail function.
#0 C:\xampp\htdocs\library\app\ThirdParty\PHPMailer\src\PHPMailer.php(1664): PHPMailer\PHPMailer\PHPMailer->mailSend('Date: Tue, 21 J...', 'This is a multi...')
#1 C:\xampp\htdocs\library\app\ThirdParty\PHPMailer\src\PHPMailer.php(1500): PHPMailer\PHPMailer\PHPMailer->postSend()
#2 C:\xampp\htdocs\library\app\ThirdParty\EzAuth.php(236): PHPMailer\PHPMailer\PHPMailer->send()
#3 C:\xampp\htdocs\library\app\ThirdParty\EzAuth.php(274): elmyrockers\EzAuth->_mail(Array, NULL)
#4 C:\xampp\htdocs\library\app\ThirdParty\EzAuth.php(458): elmyrockers\EzAuth->_sendMail(Array, 'reset_password', Array, NULL)
#5 C:\xampp\htdocs\library\app\Controllers\Auth.php(42): elmyrockers\EzAuth->forgotPassword('', 'http://localhos...')
#6 C:\xampp\htdocs\library\system\CodeIgniter.php(825): App\Controllers\Auth->forgot_password()
#7 C:\xampp\htdocs\library\system\CodeIgniter.php(412): CodeIgniter\CodeIgniter->runController(Object(App\Controllers\Auth))
#8 C:\xampp\htdocs\library\system\CodeIgniter.php(320): CodeIgniter\CodeIgniter->handleRequest(NULL, Object(Config\Cache), false)
#9 C:\xampp\htdocs\library\public\index.php(37): CodeIgniter\CodeIgniter->run()
#10 C:\xampp\htdocs\library\system\Commands\Server\rewrite.php(43): require_once('C:\\xampp\\htdocs...')
#11 {main}
CRITICAL - 2022-06-21 09:49:55 --> Undefined property: App\Models\Category::$flash
#0 C:\xampp\htdocs\library\app\Models\Category.php(23): CodeIgniter\Debug\Exceptions->errorHandler(2, 'Undefined prope...', 'C:\\xampp\\htdocs...', 23)
#1 C:\xampp\htdocs\library\app\Controllers\Librarian.php(92): App\Models\Category->insert(Array)
#2 C:\xampp\htdocs\library\app\Controllers\Librarian.php(131): App\Controllers\Librarian->_process_categories_form_if_it_has_been_sent()
#3 C:\xampp\htdocs\library\system\CodeIgniter.php(825): App\Controllers\Librarian->categories()
#4 C:\xampp\htdocs\library\system\CodeIgniter.php(412): CodeIgniter\CodeIgniter->runController(Object(App\Controllers\Librarian))
#5 C:\xampp\htdocs\library\system\CodeIgniter.php(320): CodeIgniter\CodeIgniter->handleRequest(NULL, Object(Config\Cache), false)
#6 C:\xampp\htdocs\library\public\index.php(37): CodeIgniter\CodeIgniter->run()
#7 C:\xampp\htdocs\library\system\Commands\Server\rewrite.php(43): require_once('C:\\xampp\\htdocs...')
#8 {main}
CRITICAL - 2022-06-21 09:50:11 --> Undefined property: App\Models\Category::$flash
#0 C:\xampp\htdocs\library\app\Models\Category.php(23): CodeIgniter\Debug\Exceptions->errorHandler(2, 'Undefined prope...', 'C:\\xampp\\htdocs...', 23)
#1 C:\xampp\htdocs\library\app\Controllers\Librarian.php(92): App\Models\Category->insert(Array)
#2 C:\xampp\htdocs\library\app\Controllers\Librarian.php(131): App\Controllers\Librarian->_process_categories_form_if_it_has_been_sent()
#3 C:\xampp\htdocs\library\system\CodeIgniter.php(825): App\Controllers\Librarian->categories()
#4 C:\xampp\htdocs\library\system\CodeIgniter.php(412): CodeIgniter\CodeIgniter->runController(Object(App\Controllers\Librarian))
#5 C:\xampp\htdocs\library\system\CodeIgniter.php(320): CodeIgniter\CodeIgniter->handleRequest(NULL, Object(Config\Cache), false)
#6 C:\xampp\htdocs\library\public\index.php(37): CodeIgniter\CodeIgniter->run()
#7 C:\xampp\htdocs\library\system\Commands\Server\rewrite.php(43): require_once('C:\\xampp\\htdocs...')
#8 {main}
CRITICAL - 2022-06-21 09:51:24 --> Undefined property: App\Models\Category::$flash
#0 C:\xampp\htdocs\library\app\Models\Category.php(23): CodeIgniter\Debug\Exceptions->errorHandler(2, 'Undefined prope...', 'C:\\xampp\\htdocs...', 23)
#1 C:\xampp\htdocs\library\app\Controllers\Librarian.php(92): App\Models\Category->insert(Array)
#2 C:\xampp\htdocs\library\app\Controllers\Librarian.php(131): App\Controllers\Librarian->_process_categories_form_if_it_has_been_sent()
#3 C:\xampp\htdocs\library\system\CodeIgniter.php(825): App\Controllers\Librarian->categories()
#4 C:\xampp\htdocs\library\system\CodeIgniter.php(412): CodeIgniter\CodeIgniter->runController(Object(App\Controllers\Librarian))
#5 C:\xampp\htdocs\library\system\CodeIgniter.php(320): CodeIgniter\CodeIgniter->handleRequest(NULL, Object(Config\Cache), false)
#6 C:\xampp\htdocs\library\public\index.php(37): CodeIgniter\CodeIgniter->run()
#7 C:\xampp\htdocs\library\system\Commands\Server\rewrite.php(43): require_once('C:\\xampp\\htdocs...')
#8 {main}
CRITICAL - 2022-06-21 09:55:19 --> Undefined array key "id"
#0 C:\xampp\htdocs\library\app\Models\Category.php(29): CodeIgniter\Debug\Exceptions->errorHandler(2, 'Undefined array...', 'C:\\xampp\\htdocs...', 29)
#1 C:\xampp\htdocs\library\app\Controllers\Librarian.php(93): App\Models\Category->update(Array)
#2 C:\xampp\htdocs\library\app\Controllers\Librarian.php(131): App\Controllers\Librarian->_process_categories_form_if_it_has_been_sent()
#3 C:\xampp\htdocs\library\system\CodeIgniter.php(825): App\Controllers\Librarian->categories()
#4 C:\xampp\htdocs\library\system\CodeIgniter.php(412): CodeIgniter\CodeIgniter->runController(Object(App\Controllers\Librarian))
#5 C:\xampp\htdocs\library\system\CodeIgniter.php(320): CodeIgniter\CodeIgniter->handleRequest(NULL, Object(Config\Cache), false)
#6 C:\xampp\htdocs\library\public\index.php(37): CodeIgniter\CodeIgniter->run()
#7 C:\xampp\htdocs\library\system\Commands\Server\rewrite.php(43): require_once('C:\\xampp\\htdocs...')
#8 {main}
CRITICAL - 2022-06-21 09:55:25 --> Undefined array key "id"
#0 C:\xampp\htdocs\library\app\Models\Category.php(29): CodeIgniter\Debug\Exceptions->errorHandler(2, 'Undefined array...', 'C:\\xampp\\htdocs...', 29)
#1 C:\xampp\htdocs\library\app\Controllers\Librarian.php(93): App\Models\Category->update(Array)
#2 C:\xampp\htdocs\library\app\Controllers\Librarian.php(131): App\Controllers\Librarian->_process_categories_form_if_it_has_been_sent()
#3 C:\xampp\htdocs\library\system\CodeIgniter.php(825): App\Controllers\Librarian->categories()
#4 C:\xampp\htdocs\library\system\CodeIgniter.php(412): CodeIgniter\CodeIgniter->runController(Object(App\Controllers\Librarian))
#5 C:\xampp\htdocs\library\system\CodeIgniter.php(320): CodeIgniter\CodeIgniter->handleRequest(NULL, Object(Config\Cache), false)
#6 C:\xampp\htdocs\library\public\index.php(37): CodeIgniter\CodeIgniter->run()
#7 C:\xampp\htdocs\library\system\Commands\Server\rewrite.php(43): require_once('C:\\xampp\\htdocs...')
#8 {main}
CRITICAL - 2022-06-21 09:55:26 --> Undefined array key "id"
#0 C:\xampp\htdocs\library\app\Models\Category.php(29): CodeIgniter\Debug\Exceptions->errorHandler(2, 'Undefined array...', 'C:\\xampp\\htdocs...', 29)
#1 C:\xampp\htdocs\library\app\Controllers\Librarian.php(93): App\Models\Category->update(Array)
#2 C:\xampp\htdocs\library\app\Controllers\Librarian.php(131): App\Controllers\Librarian->_process_categories_form_if_it_has_been_sent()
#3 C:\xampp\htdocs\library\system\CodeIgniter.php(825): App\Controllers\Librarian->categories()
#4 C:\xampp\htdocs\library\system\CodeIgniter.php(412): CodeIgniter\CodeIgniter->runController(Object(App\Controllers\Librarian))
#5 C:\xampp\htdocs\library\system\CodeIgniter.php(320): CodeIgniter\CodeIgniter->handleRequest(NULL, Object(Config\Cache), false)
#6 C:\xampp\htdocs\library\public\index.php(37): CodeIgniter\CodeIgniter->run()
#7 C:\xampp\htdocs\library\system\Commands\Server\rewrite.php(43): require_once('C:\\xampp\\htdocs...')
#8 {main}
CRITICAL - 2022-06-21 09:56:37 --> Undefined array key "id"
#0 C:\xampp\htdocs\library\app\Models\Category.php(29): CodeIgniter\Debug\Exceptions->errorHandler(2, 'Undefined array...', 'C:\\xampp\\htdocs...', 29)
#1 C:\xampp\htdocs\library\app\Controllers\Librarian.php(93): App\Models\Category->update(Array)
#2 C:\xampp\htdocs\library\app\Controllers\Librarian.php(131): App\Controllers\Librarian->_process_categories_form_if_it_has_been_sent()
#3 C:\xampp\htdocs\library\system\CodeIgniter.php(825): App\Controllers\Librarian->categories()
#4 C:\xampp\htdocs\library\system\CodeIgniter.php(412): CodeIgniter\CodeIgniter->runController(Object(App\Controllers\Librarian))
#5 C:\xampp\htdocs\library\system\CodeIgniter.php(320): CodeIgniter\CodeIgniter->handleRequest(NULL, Object(Config\Cache), false)
#6 C:\xampp\htdocs\library\public\index.php(37): CodeIgniter\CodeIgniter->run()
#7 C:\xampp\htdocs\library\system\Commands\Server\rewrite.php(43): require_once('C:\\xampp\\htdocs...')
#8 {main}
CRITICAL - 2022-06-21 09:56:45 --> Undefined array key "id"
#0 C:\xampp\htdocs\library\app\Models\Category.php(29): CodeIgniter\Debug\Exceptions->errorHandler(2, 'Undefined array...', 'C:\\xampp\\htdocs...', 29)
#1 C:\xampp\htdocs\library\app\Controllers\Librarian.php(93): App\Models\Category->update(Array)
#2 C:\xampp\htdocs\library\app\Controllers\Librarian.php(131): App\Controllers\Librarian->_process_categories_form_if_it_has_been_sent()
#3 C:\xampp\htdocs\library\system\CodeIgniter.php(825): App\Controllers\Librarian->categories()
#4 C:\xampp\htdocs\library\system\CodeIgniter.php(412): CodeIgniter\CodeIgniter->runController(Object(App\Controllers\Librarian))
#5 C:\xampp\htdocs\library\system\CodeIgniter.php(320): CodeIgniter\CodeIgniter->handleRequest(NULL, Object(Config\Cache), false)
#6 C:\xampp\htdocs\library\public\index.php(37): CodeIgniter\CodeIgniter->run()
#7 C:\xampp\htdocs\library\system\Commands\Server\rewrite.php(43): require_once('C:\\xampp\\htdocs...')
#8 {main}
CRITICAL - 2022-06-21 11:11:41 --> Unable to load template 'file:Librarian/screenshot.455.jpg.tpl'
#0 C:\xampp\htdocs\library\app\ThirdParty\Smarty\libs\sysplugins\smarty_internal_templatebase.php(238): Smarty_Internal_Template->render(false, 1)
#1 C:\xampp\htdocs\library\app\ThirdParty\Smarty\libs\sysplugins\smarty_internal_templatebase.php(134): Smarty_Internal_TemplateBase->_execute(Object(Smarty_Internal_Template), NULL, NULL, NULL, 1)
#2 C:\xampp\htdocs\library\app\Libraries\TPL.php(40): Smarty_Internal_TemplateBase->display('Librarian/scree...', NULL, NULL, NULL)
#3 C:\xampp\htdocs\library\app\Libraries\TPL.php(55): App\Libraries\TPL->display('Librarian/scree...')
#4 C:\xampp\htdocs\library\system\CodeIgniter.php(320): App\Libraries\TPL->__destruct()
#5 C:\xampp\htdocs\library\public\index.php(37): CodeIgniter\CodeIgniter->run()
#6 C:\xampp\htdocs\library\system\Commands\Server\rewrite.php(43): require_once('C:\\xampp\\htdocs...')
#7 {main}
CRITICAL - 2022-06-21 11:44:14 --> Uncaught TypeError: abs(): Argument #1 ($num) must be of type int|float, string given in C:\xampp\htdocs\library\system\Debug\Exceptions.php:298
Stack trace:
#0 C:\xampp\htdocs\library\system\Debug\Exceptions.php(298): abs('42S22')
#1 C:\xampp\htdocs\library\system\Debug\Exceptions.php(102): CodeIgniter\Debug\Exceptions->determineCodes(Object(PDOException))
#2 [internal function]: CodeIgniter\Debug\Exceptions->exceptionHandler(Object(PDOException))
#3 {main}
  thrown
#0 [internal function]: CodeIgniter\Debug\Exceptions->shutdownHandler()
#1 {main}
CRITICAL - 2022-06-21 11:44:18 --> Uncaught TypeError: abs(): Argument #1 ($num) must be of type int|float, string given in C:\xampp\htdocs\library\system\Debug\Exceptions.php:298
Stack trace:
#0 C:\xampp\htdocs\library\system\Debug\Exceptions.php(298): abs('42S22')
#1 C:\xampp\htdocs\library\system\Debug\Exceptions.php(102): CodeIgniter\Debug\Exceptions->determineCodes(Object(PDOException))
#2 [internal function]: CodeIgniter\Debug\Exceptions->exceptionHandler(Object(PDOException))
#3 {main}
  thrown
#0 [internal function]: CodeIgniter\Debug\Exceptions->shutdownHandler()
#1 {main}
CRITICAL - 2022-06-21 11:45:44 --> Uncaught TypeError: abs(): Argument #1 ($num) must be of type int|float, string given in C:\xampp\htdocs\library\system\Debug\Exceptions.php:298
Stack trace:
#0 C:\xampp\htdocs\library\system\Debug\Exceptions.php(298): abs('42S22')
#1 C:\xampp\htdocs\library\system\Debug\Exceptions.php(102): CodeIgniter\Debug\Exceptions->determineCodes(Object(PDOException))
#2 [internal function]: CodeIgniter\Debug\Exceptions->exceptionHandler(Object(PDOException))
#3 {main}
  thrown
#0 [internal function]: CodeIgniter\Debug\Exceptions->shutdownHandler()
#1 {main}
CRITICAL - 2022-06-21 11:45:46 --> Uncaught TypeError: abs(): Argument #1 ($num) must be of type int|float, string given in C:\xampp\htdocs\library\system\Debug\Exceptions.php:298
Stack trace:
#0 C:\xampp\htdocs\library\system\Debug\Exceptions.php(298): abs('42S22')
#1 C:\xampp\htdocs\library\system\Debug\Exceptions.php(102): CodeIgniter\Debug\Exceptions->determineCodes(Object(PDOException))
#2 [internal function]: CodeIgniter\Debug\Exceptions->exceptionHandler(Object(PDOException))
#3 {main}
  thrown
#0 [internal function]: CodeIgniter\Debug\Exceptions->shutdownHandler()
#1 {main}
CRITICAL - 2022-06-21 11:45:47 --> Uncaught TypeError: abs(): Argument #1 ($num) must be of type int|float, string given in C:\xampp\htdocs\library\system\Debug\Exceptions.php:298
Stack trace:
#0 C:\xampp\htdocs\library\system\Debug\Exceptions.php(298): abs('42S22')
#1 C:\xampp\htdocs\library\system\Debug\Exceptions.php(102): CodeIgniter\Debug\Exceptions->determineCodes(Object(PDOException))
#2 [internal function]: CodeIgniter\Debug\Exceptions->exceptionHandler(Object(PDOException))
#3 {main}
  thrown
#0 [internal function]: CodeIgniter\Debug\Exceptions->shutdownHandler()
#1 {main}
CRITICAL - 2022-06-21 11:46:08 --> Uncaught TypeError: abs(): Argument #1 ($num) must be of type int|float, string given in C:\xampp\htdocs\library\system\Debug\Exceptions.php:298
Stack trace:
#0 C:\xampp\htdocs\library\system\Debug\Exceptions.php(298): abs('42S22')
#1 C:\xampp\htdocs\library\system\Debug\Exceptions.php(102): CodeIgniter\Debug\Exceptions->determineCodes(Object(PDOException))
#2 [internal function]: CodeIgniter\Debug\Exceptions->exceptionHandler(Object(PDOException))
#3 {main}
  thrown
#0 [internal function]: CodeIgniter\Debug\Exceptions->shutdownHandler()
#1 {main}
CRITICAL - 2022-06-21 11:50:01 --> Undefined array key 4
#0 C:\xampp\htdocs\library\app\ThirdParty\Smarty\Compiles\cbfb92c99038bc258cb693bd326a1034b8052f2f_0.file.reservation.tpl.php(127): CodeIgniter\Debug\Exceptions->errorHandler(2, 'Undefined array...', 'C:\\xampp\\htdocs...', 127)
#1 C:\xampp\htdocs\library\app\ThirdParty\Smarty\libs\sysplugins\smarty_internal_runtime_inheritance.php(248): Block_36447222762b1f68ba117d8_21380263->callBlock(Object(Smarty_Internal_Template))
#2 C:\xampp\htdocs\library\app\ThirdParty\Smarty\libs\sysplugins\smarty_internal_runtime_inheritance.php(184): Smarty_Internal_Runtime_Inheritance->callBlock(Object(Block_36447222762b1f68ba117d8_21380263), Object(Smarty_Internal_Template))
#3 C:\xampp\htdocs\library\app\ThirdParty\Smarty\libs\sysplugins\smarty_internal_runtime_inheritance.php(186): Smarty_Internal_Runtime_Inheritance->process(Object(Smarty_Internal_Template), Object(Block_36447222762b1f68ba117d8_21380263), Object(Block_36948230562a0d74db1d9a9_77174523))
#4 C:\xampp\htdocs\library\app\ThirdParty\Smarty\libs\sysplugins\smarty_internal_runtime_inheritance.php(156): Smarty_Internal_Runtime_Inheritance->process(Object(Smarty_Internal_Template), Object(Block_36948230562a0d74db1d9a9_77174523))
#5 C:\xampp\htdocs\library\app\ThirdParty\Smarty\Compiles\22637d358f3c99c9096a629ae87732b9c39544cc_0.file.member_area.tpl.php(85): Smarty_Internal_Runtime_Inheritance->instanceBlock(Object(Smarty_Internal_Template), 'Block_369482305...', 'body')
#6 C:\xampp\htdocs\library\app\ThirdParty\Smarty\libs\sysplugins\smarty_template_resource_base.php(123): content_62a0d74db256a7_89690035(Object(Smarty_Internal_Template))
#7 C:\xampp\htdocs\library\app\ThirdParty\Smarty\libs\sysplugins\smarty_template_compiled.php(114): Smarty_Template_Resource_Base->getRenderedTemplateCode(Object(Smarty_Internal_Template))
#8 C:\xampp\htdocs\library\app\ThirdParty\Smarty\libs\sysplugins\smarty_internal_template.php(216): Smarty_Template_Compiled->render(Object(Smarty_Internal_Template))
#9 C:\xampp\htdocs\library\app\ThirdParty\Smarty\libs\sysplugins\smarty_internal_template.php(385): Smarty_Internal_Template->render()
#10 C:\xampp\htdocs\library\app\ThirdParty\Smarty\libs\sysplugins\smarty_internal_runtime_inheritance.php(116): Smarty_Internal_Template->_subTemplateRender('layouts/member_...', NULL, NULL, 0, 3600, Array, 2, false, NULL, NULL)
#11 C:\xampp\htdocs\library\app\ThirdParty\Smarty\Compiles\cbfb92c99038bc258cb693bd326a1034b8052f2f_0.file.reservation.tpl.php(54): Smarty_Internal_Runtime_Inheritance->endChild(Object(Smarty_Internal_Template), 'layouts/member_...')
#12 C:\xampp\htdocs\library\app\ThirdParty\Smarty\libs\sysplugins\smarty_template_resource_base.php(123): content_62b1f68ba4c166_96914453(Object(Smarty_Internal_Template))
#13 C:\xampp\htdocs\library\app\ThirdParty\Smarty\libs\sysplugins\smarty_template_compiled.php(114): Smarty_Template_Resource_Base->getRenderedTemplateCode(Object(Smarty_Internal_Template))
#14 C:\xampp\htdocs\library\app\ThirdParty\Smarty\libs\sysplugins\smarty_internal_template.php(216): Smarty_Template_Compiled->render(Object(Smarty_Internal_Template))
#15 C:\xampp\htdocs\library\app\ThirdParty\Smarty\libs\sysplugins\smarty_internal_templatebase.php(238): Smarty_Internal_Template->render(false, 1)
#16 C:\xampp\htdocs\library\app\ThirdParty\Smarty\libs\sysplugins\smarty_internal_templatebase.php(134): Smarty_Internal_TemplateBase->_execute(Object(Smarty_Internal_Template), NULL, NULL, NULL, 1)
#17 C:\xampp\htdocs\library\app\Libraries\TPL.php(40): Smarty_Internal_TemplateBase->display('Librarian/reser...', NULL, NULL, NULL)
#18 C:\xampp\htdocs\library\app\Libraries\TPL.php(55): App\Libraries\TPL->display('Librarian/reser...')
#19 C:\xampp\htdocs\library\system\CodeIgniter.php(320): App\Libraries\TPL->__destruct()
#20 C:\xampp\htdocs\library\public\index.php(37): CodeIgniter\CodeIgniter->run()
#21 C:\xampp\htdocs\library\system\Commands\Server\rewrite.php(43): require_once('C:\\xampp\\htdocs...')
#22 {main}
CRITICAL - 2022-06-21 11:50:11 --> Undefined array key 4
#0 C:\xampp\htdocs\library\app\ThirdParty\Smarty\Compiles\cbfb92c99038bc258cb693bd326a1034b8052f2f_0.file.reservation.tpl.php(127): CodeIgniter\Debug\Exceptions->errorHandler(2, 'Undefined array...', 'C:\\xampp\\htdocs...', 127)
#1 C:\xampp\htdocs\library\app\ThirdParty\Smarty\libs\sysplugins\smarty_internal_runtime_inheritance.php(248): Block_36447222762b1f68ba117d8_21380263->callBlock(Object(Smarty_Internal_Template))
#2 C:\xampp\htdocs\library\app\ThirdParty\Smarty\libs\sysplugins\smarty_internal_runtime_inheritance.php(184): Smarty_Internal_Runtime_Inheritance->callBlock(Object(Block_36447222762b1f68ba117d8_21380263), Object(Smarty_Internal_Template))
#3 C:\xampp\htdocs\library\app\ThirdParty\Smarty\libs\sysplugins\smarty_internal_runtime_inheritance.php(186): Smarty_Internal_Runtime_Inheritance->process(Object(Smarty_Internal_Template), Object(Block_36447222762b1f68ba117d8_21380263), Object(Block_36948230562a0d74db1d9a9_77174523))
#4 C:\xampp\htdocs\library\app\ThirdParty\Smarty\libs\sysplugins\smarty_internal_runtime_inheritance.php(156): Smarty_Internal_Runtime_Inheritance->process(Object(Smarty_Internal_Template), Object(Block_36948230562a0d74db1d9a9_77174523))
#5 C:\xampp\htdocs\library\app\ThirdParty\Smarty\Compiles\22637d358f3c99c9096a629ae87732b9c39544cc_0.file.member_area.tpl.php(85): Smarty_Internal_Runtime_Inheritance->instanceBlock(Object(Smarty_Internal_Template), 'Block_369482305...', 'body')
#6 C:\xampp\htdocs\library\app\ThirdParty\Smarty\libs\sysplugins\smarty_template_resource_base.php(123): content_62a0d74db256a7_89690035(Object(Smarty_Internal_Template))
#7 C:\xampp\htdocs\library\app\ThirdParty\Smarty\libs\sysplugins\smarty_template_compiled.php(114): Smarty_Template_Resource_Base->getRenderedTemplateCode(Object(Smarty_Internal_Template))
#8 C:\xampp\htdocs\library\app\ThirdParty\Smarty\libs\sysplugins\smarty_internal_template.php(216): Smarty_Template_Compiled->render(Object(Smarty_Internal_Template))
#9 C:\xampp\htdocs\library\app\ThirdParty\Smarty\libs\sysplugins\smarty_internal_template.php(385): Smarty_Internal_Template->render()
#10 C:\xampp\htdocs\library\app\ThirdParty\Smarty\libs\sysplugins\smarty_internal_runtime_inheritance.php(116): Smarty_Internal_Template->_subTemplateRender('layouts/member_...', NULL, NULL, 0, 3600, Array, 2, false, NULL, NULL)
#11 C:\xampp\htdocs\library\app\ThirdParty\Smarty\Compiles\cbfb92c99038bc258cb693bd326a1034b8052f2f_0.file.reservation.tpl.php(54): Smarty_Internal_Runtime_Inheritance->endChild(Object(Smarty_Internal_Template), 'layouts/member_...')
#12 C:\xampp\htdocs\library\app\ThirdParty\Smarty\libs\sysplugins\smarty_template_resource_base.php(123): content_62b1f68ba4c166_96914453(Object(Smarty_Internal_Template))
#13 C:\xampp\htdocs\library\app\ThirdParty\Smarty\libs\sysplugins\smarty_template_compiled.php(114): Smarty_Template_Resource_Base->getRenderedTemplateCode(Object(Smarty_Internal_Template))
#14 C:\xampp\htdocs\library\app\ThirdParty\Smarty\libs\sysplugins\smarty_internal_template.php(216): Smarty_Template_Compiled->render(Object(Smarty_Internal_Template))
#15 C:\xampp\htdocs\library\app\ThirdParty\Smarty\libs\sysplugins\smarty_internal_templatebase.php(238): Smarty_Internal_Template->render(false, 1)
#16 C:\xampp\htdocs\library\app\ThirdParty\Smarty\libs\sysplugins\smarty_internal_templatebase.php(134): Smarty_Internal_TemplateBase->_execute(Object(Smarty_Internal_Template), NULL, NULL, NULL, 1)
#17 C:\xampp\htdocs\library\app\Libraries\TPL.php(40): Smarty_Internal_TemplateBase->display('Librarian/reser...', NULL, NULL, NULL)
#18 C:\xampp\htdocs\library\app\Libraries\TPL.php(55): App\Libraries\TPL->display('Librarian/reser...')
#19 C:\xampp\htdocs\library\system\CodeIgniter.php(320): App\Libraries\TPL->__destruct()
#20 C:\xampp\htdocs\library\public\index.php(37): CodeIgniter\CodeIgniter->run()
#21 C:\xampp\htdocs\library\system\Commands\Server\rewrite.php(43): require_once('C:\\xampp\\htdocs...')
#22 {main}
CRITICAL - 2022-06-21 11:55:22 --> Undefined array key 4
#0 C:\xampp\htdocs\library\app\ThirdParty\Smarty\Compiles\cbfb92c99038bc258cb693bd326a1034b8052f2f_0.file.reservation.tpl.php(127): CodeIgniter\Debug\Exceptions->errorHandler(2, 'Undefined array...', 'C:\\xampp\\htdocs...', 127)
#1 C:\xampp\htdocs\library\app\ThirdParty\Smarty\libs\sysplugins\smarty_internal_runtime_inheritance.php(248): Block_36447222762b1f68ba117d8_21380263->callBlock(Object(Smarty_Internal_Template))
#2 C:\xampp\htdocs\library\app\ThirdParty\Smarty\libs\sysplugins\smarty_internal_runtime_inheritance.php(184): Smarty_Internal_Runtime_Inheritance->callBlock(Object(Block_36447222762b1f68ba117d8_21380263), Object(Smarty_Internal_Template))
#3 C:\xampp\htdocs\library\app\ThirdParty\Smarty\libs\sysplugins\smarty_internal_runtime_inheritance.php(186): Smarty_Internal_Runtime_Inheritance->process(Object(Smarty_Internal_Template), Object(Block_36447222762b1f68ba117d8_21380263), Object(Block_36948230562a0d74db1d9a9_77174523))
#4 C:\xampp\htdocs\library\app\ThirdParty\Smarty\libs\sysplugins\smarty_internal_runtime_inheritance.php(156): Smarty_Internal_Runtime_Inheritance->process(Object(Smarty_Internal_Template), Object(Block_36948230562a0d74db1d9a9_77174523))
#5 C:\xampp\htdocs\library\app\ThirdParty\Smarty\Compiles\22637d358f3c99c9096a629ae87732b9c39544cc_0.file.member_area.tpl.php(85): Smarty_Internal_Runtime_Inheritance->instanceBlock(Object(Smarty_Internal_Template), 'Block_369482305...', 'body')
#6 C:\xampp\htdocs\library\app\ThirdParty\Smarty\libs\sysplugins\smarty_template_resource_base.php(123): content_62a0d74db256a7_89690035(Object(Smarty_Internal_Template))
#7 C:\xampp\htdocs\library\app\ThirdParty\Smarty\libs\sysplugins\smarty_template_compiled.php(114): Smarty_Template_Resource_Base->getRenderedTemplateCode(Object(Smarty_Internal_Template))
#8 C:\xampp\htdocs\library\app\ThirdParty\Smarty\libs\sysplugins\smarty_internal_template.php(216): Smarty_Template_Compiled->render(Object(Smarty_Internal_Template))
#9 C:\xampp\htdocs\library\app\ThirdParty\Smarty\libs\sysplugins\smarty_internal_template.php(385): Smarty_Internal_Template->render()
#10 C:\xampp\htdocs\library\app\ThirdParty\Smarty\libs\sysplugins\smarty_internal_runtime_inheritance.php(116): Smarty_Internal_Template->_subTemplateRender('layouts/member_...', NULL, NULL, 0, 3600, Array, 2, false, NULL, NULL)
#11 C:\xampp\htdocs\library\app\ThirdParty\Smarty\Compiles\cbfb92c99038bc258cb693bd326a1034b8052f2f_0.file.reservation.tpl.php(54): Smarty_Internal_Runtime_Inheritance->endChild(Object(Smarty_Internal_Template), 'layouts/member_...')
#12 C:\xampp\htdocs\library\app\ThirdParty\Smarty\libs\sysplugins\smarty_template_resource_base.php(123): content_62b1f68ba4c166_96914453(Object(Smarty_Internal_Template))
#13 C:\xampp\htdocs\library\app\ThirdParty\Smarty\libs\sysplugins\smarty_template_compiled.php(114): Smarty_Template_Resource_Base->getRenderedTemplateCode(Object(Smarty_Internal_Template))
#14 C:\xampp\htdocs\library\app\ThirdParty\Smarty\libs\sysplugins\smarty_internal_template.php(216): Smarty_Template_Compiled->render(Object(Smarty_Internal_Template))
#15 C:\xampp\htdocs\library\app\ThirdParty\Smarty\libs\sysplugins\smarty_internal_templatebase.php(238): Smarty_Internal_Template->render(false, 1)
#16 C:\xampp\htdocs\library\app\ThirdParty\Smarty\libs\sysplugins\smarty_internal_templatebase.php(134): Smarty_Internal_TemplateBase->_execute(Object(Smarty_Internal_Template), NULL, NULL, NULL, 1)
#17 C:\xampp\htdocs\library\app\Libraries\TPL.php(40): Smarty_Internal_TemplateBase->display('Librarian/reser...', NULL, NULL, NULL)
#18 C:\xampp\htdocs\library\app\Libraries\TPL.php(55): App\Libraries\TPL->display('Librarian/reser...')
#19 C:\xampp\htdocs\library\system\CodeIgniter.php(320): App\Libraries\TPL->__destruct()
#20 C:\xampp\htdocs\library\public\index.php(37): CodeIgniter\CodeIgniter->run()
#21 C:\xampp\htdocs\library\system\Commands\Server\rewrite.php(43): require_once('C:\\xampp\\htdocs...')
#22 {main}
CRITICAL - 2022-06-21 12:06:00 --> Unable to load template 'file:Student/available_books.tpl'
#0 C:\xampp\htdocs\library\app\ThirdParty\Smarty\libs\sysplugins\smarty_internal_templatebase.php(238): Smarty_Internal_Template->render(false, 1)
#1 C:\xampp\htdocs\library\app\ThirdParty\Smarty\libs\sysplugins\smarty_internal_templatebase.php(134): Smarty_Internal_TemplateBase->_execute(Object(Smarty_Internal_Template), NULL, NULL, NULL, 1)
#2 C:\xampp\htdocs\library\app\Libraries\TPL.php(40): Smarty_Internal_TemplateBase->display('Student/availab...', NULL, NULL, NULL)
#3 C:\xampp\htdocs\library\app\Libraries\TPL.php(55): App\Libraries\TPL->display('Student/availab...')
#4 C:\xampp\htdocs\library\system\CodeIgniter.php(320): App\Libraries\TPL->__destruct()
#5 C:\xampp\htdocs\library\public\index.php(37): CodeIgniter\CodeIgniter->run()
#6 C:\xampp\htdocs\library\system\Commands\Server\rewrite.php(43): require_once('C:\\xampp\\htdocs...')
#7 {main}
CRITICAL - 2022-06-21 12:06:04 --> Unable to load template 'file:Student/wishlist.tpl'
#0 C:\xampp\htdocs\library\app\ThirdParty\Smarty\libs\sysplugins\smarty_internal_templatebase.php(238): Smarty_Internal_Template->render(false, 1)
#1 C:\xampp\htdocs\library\app\ThirdParty\Smarty\libs\sysplugins\smarty_internal_templatebase.php(134): Smarty_Internal_TemplateBase->_execute(Object(Smarty_Internal_Template), NULL, NULL, NULL, 1)
#2 C:\xampp\htdocs\library\app\Libraries\TPL.php(40): Smarty_Internal_TemplateBase->display('Student/wishlis...', NULL, NULL, NULL)
#3 C:\xampp\htdocs\library\app\Libraries\TPL.php(55): App\Libraries\TPL->display('Student/wishlis...')
#4 C:\xampp\htdocs\library\system\CodeIgniter.php(320): App\Libraries\TPL->__destruct()
#5 C:\xampp\htdocs\library\public\index.php(37): CodeIgniter\CodeIgniter->run()
#6 C:\xampp\htdocs\library\system\Commands\Server\rewrite.php(43): require_once('C:\\xampp\\htdocs...')
#7 {main}
CRITICAL - 2022-06-21 12:06:09 --> Unable to load template 'file:Student/cart.tpl'
#0 C:\xampp\htdocs\library\app\ThirdParty\Smarty\libs\sysplugins\smarty_internal_templatebase.php(238): Smarty_Internal_Template->render(false, 1)
#1 C:\xampp\htdocs\library\app\ThirdParty\Smarty\libs\sysplugins\smarty_internal_templatebase.php(134): Smarty_Internal_TemplateBase->_execute(Object(Smarty_Internal_Template), NULL, NULL, NULL, 1)
#2 C:\xampp\htdocs\library\app\Libraries\TPL.php(40): Smarty_Internal_TemplateBase->display('Student/cart.tp...', NULL, NULL, NULL)
#3 C:\xampp\htdocs\library\app\Libraries\TPL.php(55): App\Libraries\TPL->display('Student/cart.tp...')
#4 C:\xampp\htdocs\library\system\CodeIgniter.php(320): App\Libraries\TPL->__destruct()
#5 C:\xampp\htdocs\library\public\index.php(37): CodeIgniter\CodeIgniter->run()
#6 C:\xampp\htdocs\library\system\Commands\Server\rewrite.php(43): require_once('C:\\xampp\\htdocs...')
#7 {main}
