CRITICAL - 2022-04-23 03:35:04 --> Unable to load template 'file:Home/index.tpl'
#0 C:\xampp\htdocs\diet_recommender\app\Libraries\Smarty\libs\sysplugins\smarty_internal_templatebase.php(238): Smarty_Internal_Template->render(false, 1)
#1 C:\xampp\htdocs\diet_recommender\app\Libraries\Smarty\libs\sysplugins\smarty_internal_templatebase.php(134): Smarty_Internal_TemplateBase->_execute(Object(Smarty_Internal_Template), NULL, NULL, NULL, 1)
#2 C:\xampp\htdocs\diet_recommender\app\Libraries\TPL.php(38): Smarty_Internal_TemplateBase->display('Home/index.tpl', NULL, NULL, NULL)
#3 C:\xampp\htdocs\diet_recommender\app\Controllers\BaseController.php(66): App\Libraries\TPL->display('Home/index.tpl')
#4 C:\xampp\htdocs\diet_recommender\system\CodeIgniter.php(320): App\Controllers\BaseController->__destruct()
#5 C:\xampp\htdocs\diet_recommender\public\index.php(37): CodeIgniter\CodeIgniter->run()
#6 C:\xampp\htdocs\diet_recommender\system\Commands\Server\rewrite.php(43): require_once('C:\\xampp\\htdocs...')
#7 {main}
CRITICAL - 2022-04-23 03:35:05 --> Unable to load template 'file:Home/index.tpl'
#0 C:\xampp\htdocs\diet_recommender\app\Libraries\Smarty\libs\sysplugins\smarty_internal_templatebase.php(238): Smarty_Internal_Template->render(false, 1)
#1 C:\xampp\htdocs\diet_recommender\app\Libraries\Smarty\libs\sysplugins\smarty_internal_templatebase.php(134): Smarty_Internal_TemplateBase->_execute(Object(Smarty_Internal_Template), NULL, NULL, NULL, 1)
#2 C:\xampp\htdocs\diet_recommender\app\Libraries\TPL.php(38): Smarty_Internal_TemplateBase->display('Home/index.tpl', NULL, NULL, NULL)
#3 C:\xampp\htdocs\diet_recommender\app\Controllers\BaseController.php(66): App\Libraries\TPL->display('Home/index.tpl')
#4 C:\xampp\htdocs\diet_recommender\system\CodeIgniter.php(320): App\Controllers\BaseController->__destruct()
#5 C:\xampp\htdocs\diet_recommender\public\index.php(37): CodeIgniter\CodeIgniter->run()
#6 C:\xampp\htdocs\diet_recommender\system\Commands\Server\rewrite.php(43): require_once('C:\\xampp\\htdocs...')
#7 {main}
CRITICAL - 2022-04-23 03:35:16 --> SQLSTATE[HY000] [2002] No connection could be made because the target machine actively refused it
#0 C:\xampp\htdocs\diet_recommender\app\Libraries\CI_NotORM.php(20): PDO->__construct('mysql:host=loca...', 'root', '')
#1 C:\xampp\htdocs\diet_recommender\app\Libraries\BaseModel.php(16): App\Libraries\CI_NotORM->__construct()
#2 C:\xampp\htdocs\diet_recommender\system\Config\Factories.php(110): App\Libraries\BaseModel->__construct(NULL)
#3 C:\xampp\htdocs\diet_recommender\system\Common.php(780): CodeIgniter\Config\Factories::__callStatic('models', Array)
#4 C:\xampp\htdocs\diet_recommender\app\Controllers\Auth.php(27): model('App\\Controllers...')
#5 C:\xampp\htdocs\diet_recommender\system\CodeIgniter.php(825): App\Controllers\Auth->login()
#6 C:\xampp\htdocs\diet_recommender\system\CodeIgniter.php(412): CodeIgniter\CodeIgniter->runController(Object(App\Controllers\Auth))
#7 C:\xampp\htdocs\diet_recommender\system\CodeIgniter.php(320): CodeIgniter\CodeIgniter->handleRequest(NULL, Object(Config\Cache), false)
#8 C:\xampp\htdocs\diet_recommender\public\index.php(37): CodeIgniter\CodeIgniter->run()
#9 C:\xampp\htdocs\diet_recommender\system\Commands\Server\rewrite.php(43): require_once('C:\\xampp\\htdocs...')
#10 {main}
CRITICAL - 2022-04-23 03:35:43 --> SQLSTATE[HY000] [2002] No connection could be made because the target machine actively refused it
#0 C:\xampp\htdocs\diet_recommender\app\Libraries\CI_NotORM.php(20): PDO->__construct('mysql:host=loca...', 'root', '')
#1 C:\xampp\htdocs\diet_recommender\app\Libraries\BaseModel.php(16): App\Libraries\CI_NotORM->__construct()
#2 C:\xampp\htdocs\diet_recommender\system\Config\Factories.php(110): App\Libraries\BaseModel->__construct(NULL)
#3 C:\xampp\htdocs\diet_recommender\system\Common.php(780): CodeIgniter\Config\Factories::__callStatic('models', Array)
#4 C:\xampp\htdocs\diet_recommender\app\Controllers\Auth.php(27): model('App\\Controllers...')
#5 C:\xampp\htdocs\diet_recommender\system\CodeIgniter.php(825): App\Controllers\Auth->login()
#6 C:\xampp\htdocs\diet_recommender\system\CodeIgniter.php(412): CodeIgniter\CodeIgniter->runController(Object(App\Controllers\Auth))
#7 C:\xampp\htdocs\diet_recommender\system\CodeIgniter.php(320): CodeIgniter\CodeIgniter->handleRequest(NULL, Object(Config\Cache), false)
#8 C:\xampp\htdocs\diet_recommender\public\index.php(37): CodeIgniter\CodeIgniter->run()
#9 C:\xampp\htdocs\diet_recommender\system\Commands\Server\rewrite.php(43): require_once('C:\\xampp\\htdocs...')
#10 {main}
