CRITICAL - 2022-05-15 05:33:09 --> Unable to load template 'file:elements/admin_sidebar.tpl' in 'Layouts/member_area2.tpl'
#0 C:\xampp\htdocs\diet_recommender\app\ThirdParty\Smarty\libs\sysplugins\smarty_internal_template.php(385): Smarty_Internal_Template->render()
#1 C:\xampp\htdocs\diet_recommender\app\ThirdParty\Smarty\Compiles\9c8b618fbb6736305eefcd72b84bedc1a655e46c_0.file.member_area2.tpl.php(88): Smarty_Internal_Template->_subTemplateRender('file:elements/a...', NULL, NULL, 0, 3600, Array, 0, false)
#2 C:\xampp\htdocs\diet_recommender\app\ThirdParty\Smarty\libs\sysplugins\smarty_template_resource_base.php(123): content_6280d6e51ed5c9_42776527(Object(Smarty_Internal_Template))
#3 C:\xampp\htdocs\diet_recommender\app\ThirdParty\Smarty\libs\sysplugins\smarty_template_compiled.php(114): Smarty_Template_Resource_Base->getRenderedTemplateCode(Object(Smarty_Internal_Template))
#4 C:\xampp\htdocs\diet_recommender\app\ThirdParty\Smarty\libs\sysplugins\smarty_internal_template.php(216): Smarty_Template_Compiled->render(Object(Smarty_Internal_Template))
#5 C:\xampp\htdocs\diet_recommender\app\ThirdParty\Smarty\libs\sysplugins\smarty_internal_template.php(385): Smarty_Internal_Template->render()
#6 C:\xampp\htdocs\diet_recommender\app\ThirdParty\Smarty\libs\sysplugins\smarty_internal_runtime_inheritance.php(116): Smarty_Internal_Template->_subTemplateRender('Layouts/member_...', NULL, NULL, 0, 3600, Array, 2, false, NULL, NULL)
#7 C:\xampp\htdocs\diet_recommender\app\ThirdParty\Smarty\Compiles\951cc59105ab3d2de5a18b8d45527a8a5011304d_0.file.student_diets.tpl.php(35): Smarty_Internal_Runtime_Inheritance->endChild(Object(Smarty_Internal_Template), 'Layouts/member_...')
#8 C:\xampp\htdocs\diet_recommender\app\ThirdParty\Smarty\libs\sysplugins\smarty_template_resource_base.php(123): content_6280d6e4ece338_84017082(Object(Smarty_Internal_Template))
#9 C:\xampp\htdocs\diet_recommender\app\ThirdParty\Smarty\libs\sysplugins\smarty_template_compiled.php(114): Smarty_Template_Resource_Base->getRenderedTemplateCode(Object(Smarty_Internal_Template))
#10 C:\xampp\htdocs\diet_recommender\app\ThirdParty\Smarty\libs\sysplugins\smarty_internal_template.php(216): Smarty_Template_Compiled->render(Object(Smarty_Internal_Template))
#11 C:\xampp\htdocs\diet_recommender\app\ThirdParty\Smarty\libs\sysplugins\smarty_internal_templatebase.php(238): Smarty_Internal_Template->render(false, 1)
#12 C:\xampp\htdocs\diet_recommender\app\ThirdParty\Smarty\libs\sysplugins\smarty_internal_templatebase.php(134): Smarty_Internal_TemplateBase->_execute(Object(Smarty_Internal_Template), NULL, NULL, NULL, 1)
#13 C:\xampp\htdocs\diet_recommender\app\Libraries\TPL.php(40): Smarty_Internal_TemplateBase->display('Teacher/student...', NULL, NULL, NULL)
#14 C:\xampp\htdocs\diet_recommender\app\Libraries\TPL.php(55): App\Libraries\TPL->display('Teacher/student...')
#15 C:\xampp\htdocs\diet_recommender\system\CodeIgniter.php(320): App\Libraries\TPL->__destruct()
#16 C:\xampp\htdocs\diet_recommender\public\index.php(37): CodeIgniter\CodeIgniter->run()
#17 C:\xampp\htdocs\diet_recommender\system\Commands\Server\rewrite.php(43): require_once('C:\\xampp\\htdocs...')
#18 {main}
CRITICAL - 2022-05-15 05:33:49 --> Unable to load template 'file:elements/admin_sidebar.tpl' in 'Layouts/member_area2.tpl'
#0 C:\xampp\htdocs\diet_recommender\app\ThirdParty\Smarty\libs\sysplugins\smarty_internal_template.php(385): Smarty_Internal_Template->render()
#1 C:\xampp\htdocs\diet_recommender\app\ThirdParty\Smarty\Compiles\9c8b618fbb6736305eefcd72b84bedc1a655e46c_0.file.member_area2.tpl.php(88): Smarty_Internal_Template->_subTemplateRender('file:elements/a...', NULL, NULL, 0, 3600, Array, 0, false)
#2 C:\xampp\htdocs\diet_recommender\app\ThirdParty\Smarty\libs\sysplugins\smarty_template_resource_base.php(123): content_6280d6e51ed5c9_42776527(Object(Smarty_Internal_Template))
#3 C:\xampp\htdocs\diet_recommender\app\ThirdParty\Smarty\libs\sysplugins\smarty_template_compiled.php(114): Smarty_Template_Resource_Base->getRenderedTemplateCode(Object(Smarty_Internal_Template))
#4 C:\xampp\htdocs\diet_recommender\app\ThirdParty\Smarty\libs\sysplugins\smarty_internal_template.php(216): Smarty_Template_Compiled->render(Object(Smarty_Internal_Template))
#5 C:\xampp\htdocs\diet_recommender\app\ThirdParty\Smarty\libs\sysplugins\smarty_internal_template.php(385): Smarty_Internal_Template->render()
#6 C:\xampp\htdocs\diet_recommender\app\ThirdParty\Smarty\libs\sysplugins\smarty_internal_runtime_inheritance.php(116): Smarty_Internal_Template->_subTemplateRender('Layouts/member_...', NULL, NULL, 0, 3600, Array, 2, false, NULL, NULL)
#7 C:\xampp\htdocs\diet_recommender\app\ThirdParty\Smarty\Compiles\951cc59105ab3d2de5a18b8d45527a8a5011304d_0.file.student_diets.tpl.php(35): Smarty_Internal_Runtime_Inheritance->endChild(Object(Smarty_Internal_Template), 'Layouts/member_...')
#8 C:\xampp\htdocs\diet_recommender\app\ThirdParty\Smarty\libs\sysplugins\smarty_template_resource_base.php(123): content_6280d6e4ece338_84017082(Object(Smarty_Internal_Template))
#9 C:\xampp\htdocs\diet_recommender\app\ThirdParty\Smarty\libs\sysplugins\smarty_template_compiled.php(114): Smarty_Template_Resource_Base->getRenderedTemplateCode(Object(Smarty_Internal_Template))
#10 C:\xampp\htdocs\diet_recommender\app\ThirdParty\Smarty\libs\sysplugins\smarty_internal_template.php(216): Smarty_Template_Compiled->render(Object(Smarty_Internal_Template))
#11 C:\xampp\htdocs\diet_recommender\app\ThirdParty\Smarty\libs\sysplugins\smarty_internal_templatebase.php(238): Smarty_Internal_Template->render(false, 1)
#12 C:\xampp\htdocs\diet_recommender\app\ThirdParty\Smarty\libs\sysplugins\smarty_internal_templatebase.php(134): Smarty_Internal_TemplateBase->_execute(Object(Smarty_Internal_Template), NULL, NULL, NULL, 1)
#13 C:\xampp\htdocs\diet_recommender\app\Libraries\TPL.php(40): Smarty_Internal_TemplateBase->display('Teacher/student...', NULL, NULL, NULL)
#14 C:\xampp\htdocs\diet_recommender\app\Libraries\TPL.php(55): App\Libraries\TPL->display('Teacher/student...')
#15 C:\xampp\htdocs\diet_recommender\system\CodeIgniter.php(320): App\Libraries\TPL->__destruct()
#16 C:\xampp\htdocs\diet_recommender\public\index.php(37): CodeIgniter\CodeIgniter->run()
#17 C:\xampp\htdocs\diet_recommender\system\Commands\Server\rewrite.php(43): require_once('C:\\xampp\\htdocs...')
#18 {main}
