CRITICAL - 2022-05-12 02:59:16 --> Call to undefined method App\Models\Student_Profile::getAllWithDiets()
#0 C:\xampp\htdocs\diet_recommender\system\CodeIgniter.php(825): App\Controllers\Teacher->student_diets()
#1 C:\xampp\htdocs\diet_recommender\system\CodeIgniter.php(412): CodeIgniter\CodeIgniter->runController(Object(App\Controllers\Teacher))
#2 C:\xampp\htdocs\diet_recommender\system\CodeIgniter.php(320): CodeIgniter\CodeIgniter->handleRequest(NULL, Object(Config\Cache), false)
#3 C:\xampp\htdocs\diet_recommender\public\index.php(37): CodeIgniter\CodeIgniter->run()
#4 C:\xampp\htdocs\diet_recommender\system\Commands\Server\rewrite.php(43): require_once('C:\\xampp\\htdocs...')
#5 {main}
CRITICAL - 2022-05-12 03:07:53 --> Division by zero
#0 C:\xampp\htdocs\diet_recommender\app\Models\Student_Profile.php(76): App\Models\Student_Profile->_setVirtualColumnsForDiet(Object(NotORM_MultiResult))
#1 C:\xampp\htdocs\diet_recommender\app\Controllers\Student.php(21): App\Models\Student_Profile->getByUserID('53')
#2 C:\xampp\htdocs\diet_recommender\system\CodeIgniter.php(825): App\Controllers\Student->my_diet()
#3 C:\xampp\htdocs\diet_recommender\system\CodeIgniter.php(412): CodeIgniter\CodeIgniter->runController(Object(App\Controllers\Student))
#4 C:\xampp\htdocs\diet_recommender\system\CodeIgniter.php(320): CodeIgniter\CodeIgniter->handleRequest(NULL, Object(Config\Cache), false)
#5 C:\xampp\htdocs\diet_recommender\public\index.php(37): CodeIgniter\CodeIgniter->run()
#6 C:\xampp\htdocs\diet_recommender\system\Commands\Server\rewrite.php(43): require_once('C:\\xampp\\htdocs...')
#7 {main}
CRITICAL - 2022-05-12 03:08:37 --> Division by zero
#0 C:\xampp\htdocs\diet_recommender\app\Models\Student_Profile.php(76): App\Models\Student_Profile->_setVirtualColumnsForDiet(Object(NotORM_MultiResult))
#1 C:\xampp\htdocs\diet_recommender\app\Controllers\Student.php(21): App\Models\Student_Profile->getByUserID('53')
#2 C:\xampp\htdocs\diet_recommender\system\CodeIgniter.php(825): App\Controllers\Student->my_diet()
#3 C:\xampp\htdocs\diet_recommender\system\CodeIgniter.php(412): CodeIgniter\CodeIgniter->runController(Object(App\Controllers\Student))
#4 C:\xampp\htdocs\diet_recommender\system\CodeIgniter.php(320): CodeIgniter\CodeIgniter->handleRequest(NULL, Object(Config\Cache), false)
#5 C:\xampp\htdocs\diet_recommender\public\index.php(37): CodeIgniter\CodeIgniter->run()
#6 C:\xampp\htdocs\diet_recommender\system\Commands\Server\rewrite.php(43): require_once('C:\\xampp\\htdocs...')
#7 {main}
CRITICAL - 2022-05-12 03:12:02 --> syntax error, unexpected identifier "v"
#0 C:\xampp\htdocs\diet_recommender\system\Autoloader\Autoloader.php(241): CodeIgniter\Autoloader\Autoloader->includeFile('C:\\xampp\\htdocs...')
#1 C:\xampp\htdocs\diet_recommender\system\Autoloader\Autoloader.php(219): CodeIgniter\Autoloader\Autoloader->loadInNamespace('App\\Models\\Stud...')
#2 [internal function]: CodeIgniter\Autoloader\Autoloader->loadClass('App\\Models\\Stud...')
#3 C:\xampp\htdocs\diet_recommender\system\Config\Factories.php(136): class_exists('App\\Models\\Stud...')
#4 C:\xampp\htdocs\diet_recommender\system\Config\Factories.php(106): CodeIgniter\Config\Factories::locateClass(Array, 'Student_Profile')
#5 C:\xampp\htdocs\diet_recommender\system\Common.php(780): CodeIgniter\Config\Factories::__callStatic('models', Array)
#6 C:\xampp\htdocs\diet_recommender\app\Controllers\Student.php(21): model('Student_Profile')
#7 C:\xampp\htdocs\diet_recommender\system\CodeIgniter.php(825): App\Controllers\Student->my_diet()
#8 C:\xampp\htdocs\diet_recommender\system\CodeIgniter.php(412): CodeIgniter\CodeIgniter->runController(Object(App\Controllers\Student))
#9 C:\xampp\htdocs\diet_recommender\system\CodeIgniter.php(320): CodeIgniter\CodeIgniter->handleRequest(NULL, Object(Config\Cache), false)
#10 C:\xampp\htdocs\diet_recommender\public\index.php(37): CodeIgniter\CodeIgniter->run()
#11 C:\xampp\htdocs\diet_recommender\system\Commands\Server\rewrite.php(43): require_once('C:\\xampp\\htdocs...')
#12 {main}
CRITICAL - 2022-05-12 03:12:24 --> Call to a member function student_profile() on null
#0 C:\xampp\htdocs\diet_recommender\app\Controllers\Student.php(21): App\Models\Student_Profile->getByUserID('53')
#1 C:\xampp\htdocs\diet_recommender\system\CodeIgniter.php(825): App\Controllers\Student->my_diet()
#2 C:\xampp\htdocs\diet_recommender\system\CodeIgniter.php(412): CodeIgniter\CodeIgniter->runController(Object(App\Controllers\Student))
#3 C:\xampp\htdocs\diet_recommender\system\CodeIgniter.php(320): CodeIgniter\CodeIgniter->handleRequest(NULL, Object(Config\Cache), false)
#4 C:\xampp\htdocs\diet_recommender\public\index.php(37): CodeIgniter\CodeIgniter->run()
#5 C:\xampp\htdocs\diet_recommender\system\Commands\Server\rewrite.php(43): require_once('C:\\xampp\\htdocs...')
#6 {main}
CRITICAL - 2022-05-12 03:40:24 --> Undefined array key "recommended_by_id"
#0 C:\xampp\htdocs\diet_recommender\app\ThirdParty\NotORM\NotORM\Row.php(166): CodeIgniter\Debug\Exceptions->errorHandler(2, 'Undefined array...', 'C:\\xampp\\htdocs...', 166)
#1 C:\xampp\htdocs\diet_recommender\app\ThirdParty\NotORM\NotORM\Row.php(35): NotORM_Row->offsetGet('recommended_by_...')
#2 C:\xampp\htdocs\diet_recommender\app\ThirdParty\Smarty\Compiles\2d9552da3312aafd85f70aaa9d62c6d7c066bec4_0.file.my_diet.tpl.php(154): NotORM_Row->__get('recommended_by')
#3 C:\xampp\htdocs\diet_recommender\app\ThirdParty\Smarty\libs\sysplugins\smarty_internal_runtime_inheritance.php(248): Block_271896325627cc7f8c23727_17107191->callBlock(Object(Smarty_Internal_Template))
#4 C:\xampp\htdocs\diet_recommender\app\ThirdParty\Smarty\libs\sysplugins\smarty_internal_runtime_inheritance.php(184): Smarty_Internal_Runtime_Inheritance->callBlock(Object(Block_271896325627cc7f8c23727_17107191), Object(Smarty_Internal_Template))
#5 C:\xampp\htdocs\diet_recommender\app\ThirdParty\Smarty\libs\sysplugins\smarty_internal_runtime_inheritance.php(186): Smarty_Internal_Runtime_Inheritance->process(Object(Smarty_Internal_Template), Object(Block_271896325627cc7f8c23727_17107191), Object(Block_152547647562763a95474861_22545650))
#6 C:\xampp\htdocs\diet_recommender\app\ThirdParty\Smarty\libs\sysplugins\smarty_internal_runtime_inheritance.php(156): Smarty_Internal_Runtime_Inheritance->process(Object(Smarty_Internal_Template), Object(Block_152547647562763a95474861_22545650))
#7 C:\xampp\htdocs\diet_recommender\app\ThirdParty\Smarty\Compiles\c4cff84b956c2362d512dc8ee3c9abcbabb2c585_0.file.member_area.tpl.php(86): Smarty_Internal_Runtime_Inheritance->instanceBlock(Object(Smarty_Internal_Template), 'Block_152547647...', 'body')
#8 C:\xampp\htdocs\diet_recommender\app\ThirdParty\Smarty\libs\sysplugins\smarty_template_resource_base.php(123): content_62763a954786e9_84606815(Object(Smarty_Internal_Template))
#9 C:\xampp\htdocs\diet_recommender\app\ThirdParty\Smarty\libs\sysplugins\smarty_template_compiled.php(114): Smarty_Template_Resource_Base->getRenderedTemplateCode(Object(Smarty_Internal_Template))
#10 C:\xampp\htdocs\diet_recommender\app\ThirdParty\Smarty\libs\sysplugins\smarty_internal_template.php(216): Smarty_Template_Compiled->render(Object(Smarty_Internal_Template))
#11 C:\xampp\htdocs\diet_recommender\app\ThirdParty\Smarty\libs\sysplugins\smarty_internal_template.php(385): Smarty_Internal_Template->render()
#12 C:\xampp\htdocs\diet_recommender\app\ThirdParty\Smarty\libs\sysplugins\smarty_internal_runtime_inheritance.php(116): Smarty_Internal_Template->_subTemplateRender('Layouts/member_...', NULL, NULL, 0, 3600, Array, 2, false, NULL, NULL)
#13 C:\xampp\htdocs\diet_recommender\app\ThirdParty\Smarty\Compiles\2d9552da3312aafd85f70aaa9d62c6d7c066bec4_0.file.my_diet.tpl.php(31): Smarty_Internal_Runtime_Inheritance->endChild(Object(Smarty_Internal_Template), 'Layouts/member_...')
#14 C:\xampp\htdocs\diet_recommender\app\ThirdParty\Smarty\libs\sysplugins\smarty_template_resource_base.php(123): content_627cc7f8c52535_10055142(Object(Smarty_Internal_Template))
#15 C:\xampp\htdocs\diet_recommender\app\ThirdParty\Smarty\libs\sysplugins\smarty_template_compiled.php(114): Smarty_Template_Resource_Base->getRenderedTemplateCode(Object(Smarty_Internal_Template))
#16 C:\xampp\htdocs\diet_recommender\app\ThirdParty\Smarty\libs\sysplugins\smarty_internal_template.php(216): Smarty_Template_Compiled->render(Object(Smarty_Internal_Template))
#17 C:\xampp\htdocs\diet_recommender\app\ThirdParty\Smarty\libs\sysplugins\smarty_internal_templatebase.php(238): Smarty_Internal_Template->render(false, 1)
#18 C:\xampp\htdocs\diet_recommender\app\ThirdParty\Smarty\libs\sysplugins\smarty_internal_templatebase.php(134): Smarty_Internal_TemplateBase->_execute(Object(Smarty_Internal_Template), NULL, NULL, NULL, 1)
#19 C:\xampp\htdocs\diet_recommender\app\Libraries\TPL.php(40): Smarty_Internal_TemplateBase->display('Student/my_diet...', NULL, NULL, NULL)
#20 C:\xampp\htdocs\diet_recommender\app\Libraries\TPL.php(55): App\Libraries\TPL->display('Student/my_diet...')
#21 C:\xampp\htdocs\diet_recommender\system\CodeIgniter.php(320): App\Libraries\TPL->__destruct()
#22 C:\xampp\htdocs\diet_recommender\public\index.php(37): CodeIgniter\CodeIgniter->run()
#23 C:\xampp\htdocs\diet_recommender\system\Commands\Server\rewrite.php(43): require_once('C:\\xampp\\htdocs...')
#24 {main}
CRITICAL - 2022-05-12 03:42:20 --> Syntax error in template "file:C:\xampp\htdocs\diet_recommender\app\Views\Student\my_diet.tpl"  on line 95 "<td>{$row->user->via( 'recommended_by' )[ 'username' ]}</td>"  - Unexpected "[ ", expected one of: "}"
#0 C:\xampp\htdocs\diet_recommender\app\ThirdParty\Smarty\libs\sysplugins\smarty_internal_templateparser.php(2819): Smarty_Internal_TemplateCompilerBase->trigger_template_error()
#1 C:\xampp\htdocs\diet_recommender\app\ThirdParty\Smarty\libs\sysplugins\smarty_internal_templateparser.php(2880): Smarty_Internal_Templateparser->yy_syntax_error(51, '[ ')
#2 C:\xampp\htdocs\diet_recommender\app\ThirdParty\Smarty\libs\sysplugins\smarty_internal_smartytemplatecompiler.php(128): Smarty_Internal_Templateparser->doParse(51, '[ ')
#3 C:\xampp\htdocs\diet_recommender\app\ThirdParty\Smarty\libs\sysplugins\smarty_internal_templatecompilerbase.php(469): Smarty_Internal_SmartyTemplateCompiler->doCompile('{extends file="...', true)
#4 C:\xampp\htdocs\diet_recommender\app\ThirdParty\Smarty\libs\sysplugins\smarty_internal_templatecompilerbase.php(395): Smarty_Internal_TemplateCompilerBase->compileTemplateSource(Object(Smarty_Internal_Template), false, NULL)
#5 C:\xampp\htdocs\diet_recommender\app\ThirdParty\Smarty\libs\sysplugins\smarty_template_compiled.php(184): Smarty_Internal_TemplateCompilerBase->compileTemplate(Object(Smarty_Internal_Template))
#6 C:\xampp\htdocs\diet_recommender\app\ThirdParty\Smarty\libs\sysplugins\smarty_template_compiled.php(141): Smarty_Template_Compiled->compileTemplateSource(Object(Smarty_Internal_Template))
#7 C:\xampp\htdocs\diet_recommender\app\ThirdParty\Smarty\libs\sysplugins\smarty_template_compiled.php(105): Smarty_Template_Compiled->process(Object(Smarty_Internal_Template))
#8 C:\xampp\htdocs\diet_recommender\app\ThirdParty\Smarty\libs\sysplugins\smarty_internal_template.php(216): Smarty_Template_Compiled->render(Object(Smarty_Internal_Template))
#9 C:\xampp\htdocs\diet_recommender\app\ThirdParty\Smarty\libs\sysplugins\smarty_internal_templatebase.php(238): Smarty_Internal_Template->render(false, 1)
#10 C:\xampp\htdocs\diet_recommender\app\ThirdParty\Smarty\libs\sysplugins\smarty_internal_templatebase.php(134): Smarty_Internal_TemplateBase->_execute(Object(Smarty_Internal_Template), NULL, NULL, NULL, 1)
#11 C:\xampp\htdocs\diet_recommender\app\Libraries\TPL.php(40): Smarty_Internal_TemplateBase->display('Student/my_diet...', NULL, NULL, NULL)
#12 C:\xampp\htdocs\diet_recommender\app\Libraries\TPL.php(55): App\Libraries\TPL->display('Student/my_diet...')
#13 C:\xampp\htdocs\diet_recommender\system\CodeIgniter.php(320): App\Libraries\TPL->__destruct()
#14 C:\xampp\htdocs\diet_recommender\public\index.php(37): CodeIgniter\CodeIgniter->run()
#15 C:\xampp\htdocs\diet_recommender\system\Commands\Server\rewrite.php(43): require_once('C:\\xampp\\htdocs...')
#16 {main}
CRITICAL - 2022-05-12 03:42:33 --> Syntax error in template "file:C:\xampp\htdocs\diet_recommender\app\Views\Student\my_diet.tpl"  on line 95 "<td>{$row->user->via( 'recommended_by' ).username}</td>"  - Unexpected ".", expected one of: "}"
#0 C:\xampp\htdocs\diet_recommender\app\ThirdParty\Smarty\libs\sysplugins\smarty_internal_templateparser.php(2819): Smarty_Internal_TemplateCompilerBase->trigger_template_error()
#1 C:\xampp\htdocs\diet_recommender\app\ThirdParty\Smarty\libs\sysplugins\smarty_internal_templateparser.php(2880): Smarty_Internal_Templateparser->yy_syntax_error(44, '.')
#2 C:\xampp\htdocs\diet_recommender\app\ThirdParty\Smarty\libs\sysplugins\smarty_internal_smartytemplatecompiler.php(128): Smarty_Internal_Templateparser->doParse(44, '.')
#3 C:\xampp\htdocs\diet_recommender\app\ThirdParty\Smarty\libs\sysplugins\smarty_internal_templatecompilerbase.php(469): Smarty_Internal_SmartyTemplateCompiler->doCompile('{extends file="...', true)
#4 C:\xampp\htdocs\diet_recommender\app\ThirdParty\Smarty\libs\sysplugins\smarty_internal_templatecompilerbase.php(395): Smarty_Internal_TemplateCompilerBase->compileTemplateSource(Object(Smarty_Internal_Template), false, NULL)
#5 C:\xampp\htdocs\diet_recommender\app\ThirdParty\Smarty\libs\sysplugins\smarty_template_compiled.php(184): Smarty_Internal_TemplateCompilerBase->compileTemplate(Object(Smarty_Internal_Template))
#6 C:\xampp\htdocs\diet_recommender\app\ThirdParty\Smarty\libs\sysplugins\smarty_template_compiled.php(141): Smarty_Template_Compiled->compileTemplateSource(Object(Smarty_Internal_Template))
#7 C:\xampp\htdocs\diet_recommender\app\ThirdParty\Smarty\libs\sysplugins\smarty_template_compiled.php(105): Smarty_Template_Compiled->process(Object(Smarty_Internal_Template))
#8 C:\xampp\htdocs\diet_recommender\app\ThirdParty\Smarty\libs\sysplugins\smarty_internal_template.php(216): Smarty_Template_Compiled->render(Object(Smarty_Internal_Template))
#9 C:\xampp\htdocs\diet_recommender\app\ThirdParty\Smarty\libs\sysplugins\smarty_internal_templatebase.php(238): Smarty_Internal_Template->render(false, 1)
#10 C:\xampp\htdocs\diet_recommender\app\ThirdParty\Smarty\libs\sysplugins\smarty_internal_templatebase.php(134): Smarty_Internal_TemplateBase->_execute(Object(Smarty_Internal_Template), NULL, NULL, NULL, 1)
#11 C:\xampp\htdocs\diet_recommender\app\Libraries\TPL.php(40): Smarty_Internal_TemplateBase->display('Student/my_diet...', NULL, NULL, NULL)
#12 C:\xampp\htdocs\diet_recommender\app\Libraries\TPL.php(55): App\Libraries\TPL->display('Student/my_diet...')
#13 C:\xampp\htdocs\diet_recommender\system\CodeIgniter.php(320): App\Libraries\TPL->__destruct()
#14 C:\xampp\htdocs\diet_recommender\public\index.php(37): CodeIgniter\CodeIgniter->run()
#15 C:\xampp\htdocs\diet_recommender\system\Commands\Server\rewrite.php(43): require_once('C:\\xampp\\htdocs...')
#16 {main}
CRITICAL - 2022-05-12 03:45:08 --> Uncaught TypeError: abs(): Argument #1 ($num) must be of type int|float, string given in C:\xampp\htdocs\diet_recommender\system\Debug\Exceptions.php:298
Stack trace:
#0 C:\xampp\htdocs\diet_recommender\system\Debug\Exceptions.php(298): abs('42S02')
#1 C:\xampp\htdocs\diet_recommender\system\Debug\Exceptions.php(102): CodeIgniter\Debug\Exceptions->determineCodes(Object(PDOException))
#2 [internal function]: CodeIgniter\Debug\Exceptions->exceptionHandler(Object(PDOException))
#3 {main}
  thrown
#0 [internal function]: CodeIgniter\Debug\Exceptions->shutdownHandler()
#1 {main}
CRITICAL - 2022-05-12 03:50:57 --> Syntax error in template "file:C:\xampp\htdocs\diet_recommender\app\Views\Student\my_diet.tpl"  on line 86 "{$unit = "$row[ 'number_of_unit' ]} {$row->food[ 'unit_type' ]"}"  - Unexpected """, expected one of: "}"
#0 C:\xampp\htdocs\diet_recommender\app\ThirdParty\Smarty\libs\sysplugins\smarty_internal_templateparser.php(2819): Smarty_Internal_TemplateCompilerBase->trigger_template_error()
#1 C:\xampp\htdocs\diet_recommender\app\ThirdParty\Smarty\libs\sysplugins\smarty_internal_templateparser.php(2880): Smarty_Internal_Templateparser->yy_syntax_error(59, '"')
#2 C:\xampp\htdocs\diet_recommender\app\ThirdParty\Smarty\libs\sysplugins\smarty_internal_smartytemplatecompiler.php(128): Smarty_Internal_Templateparser->doParse(59, '"')
#3 C:\xampp\htdocs\diet_recommender\app\ThirdParty\Smarty\libs\sysplugins\smarty_internal_templatecompilerbase.php(469): Smarty_Internal_SmartyTemplateCompiler->doCompile('{extends file="...', true)
#4 C:\xampp\htdocs\diet_recommender\app\ThirdParty\Smarty\libs\sysplugins\smarty_internal_templatecompilerbase.php(395): Smarty_Internal_TemplateCompilerBase->compileTemplateSource(Object(Smarty_Internal_Template), false, NULL)
#5 C:\xampp\htdocs\diet_recommender\app\ThirdParty\Smarty\libs\sysplugins\smarty_template_compiled.php(184): Smarty_Internal_TemplateCompilerBase->compileTemplate(Object(Smarty_Internal_Template))
#6 C:\xampp\htdocs\diet_recommender\app\ThirdParty\Smarty\libs\sysplugins\smarty_template_compiled.php(141): Smarty_Template_Compiled->compileTemplateSource(Object(Smarty_Internal_Template))
#7 C:\xampp\htdocs\diet_recommender\app\ThirdParty\Smarty\libs\sysplugins\smarty_template_compiled.php(105): Smarty_Template_Compiled->process(Object(Smarty_Internal_Template))
#8 C:\xampp\htdocs\diet_recommender\app\ThirdParty\Smarty\libs\sysplugins\smarty_internal_template.php(216): Smarty_Template_Compiled->render(Object(Smarty_Internal_Template))
#9 C:\xampp\htdocs\diet_recommender\app\ThirdParty\Smarty\libs\sysplugins\smarty_internal_templatebase.php(238): Smarty_Internal_Template->render(false, 1)
#10 C:\xampp\htdocs\diet_recommender\app\ThirdParty\Smarty\libs\sysplugins\smarty_internal_templatebase.php(134): Smarty_Internal_TemplateBase->_execute(Object(Smarty_Internal_Template), NULL, NULL, NULL, 1)
#11 C:\xampp\htdocs\diet_recommender\app\Libraries\TPL.php(40): Smarty_Internal_TemplateBase->display('Student/my_diet...', NULL, NULL, NULL)
#12 C:\xampp\htdocs\diet_recommender\app\Libraries\TPL.php(55): App\Libraries\TPL->display('Student/my_diet...')
#13 C:\xampp\htdocs\diet_recommender\system\CodeIgniter.php(320): App\Libraries\TPL->__destruct()
#14 C:\xampp\htdocs\diet_recommender\public\index.php(37): CodeIgniter\CodeIgniter->run()
#15 C:\xampp\htdocs\diet_recommender\system\Commands\Server\rewrite.php(43): require_once('C:\\xampp\\htdocs...')
#16 {main}
CRITICAL - 2022-05-12 03:52:18 --> Syntax error in template "file:C:\xampp\htdocs\diet_recommender\app\Views\Student\my_diet.tpl"  on line 86 "{$unit = '$row[ 'number_of_unit' ] $row->food[ 'unit_type' ]'}"  - Unexpected "number_of_unit", expected one of: "}"
#0 C:\xampp\htdocs\diet_recommender\app\ThirdParty\Smarty\libs\sysplugins\smarty_internal_templateparser.php(2819): Smarty_Internal_TemplateCompilerBase->trigger_template_error()
#1 C:\xampp\htdocs\diet_recommender\app\ThirdParty\Smarty\libs\sysplugins\smarty_internal_templateparser.php(2880): Smarty_Internal_Templateparser->yy_syntax_error(16, 'number_of_unit')
#2 C:\xampp\htdocs\diet_recommender\app\ThirdParty\Smarty\libs\sysplugins\smarty_internal_smartytemplatecompiler.php(128): Smarty_Internal_Templateparser->doParse(16, 'number_of_unit')
#3 C:\xampp\htdocs\diet_recommender\app\ThirdParty\Smarty\libs\sysplugins\smarty_internal_templatecompilerbase.php(469): Smarty_Internal_SmartyTemplateCompiler->doCompile('{extends file="...', true)
#4 C:\xampp\htdocs\diet_recommender\app\ThirdParty\Smarty\libs\sysplugins\smarty_internal_templatecompilerbase.php(395): Smarty_Internal_TemplateCompilerBase->compileTemplateSource(Object(Smarty_Internal_Template), false, NULL)
#5 C:\xampp\htdocs\diet_recommender\app\ThirdParty\Smarty\libs\sysplugins\smarty_template_compiled.php(184): Smarty_Internal_TemplateCompilerBase->compileTemplate(Object(Smarty_Internal_Template))
#6 C:\xampp\htdocs\diet_recommender\app\ThirdParty\Smarty\libs\sysplugins\smarty_template_compiled.php(141): Smarty_Template_Compiled->compileTemplateSource(Object(Smarty_Internal_Template))
#7 C:\xampp\htdocs\diet_recommender\app\ThirdParty\Smarty\libs\sysplugins\smarty_template_compiled.php(105): Smarty_Template_Compiled->process(Object(Smarty_Internal_Template))
#8 C:\xampp\htdocs\diet_recommender\app\ThirdParty\Smarty\libs\sysplugins\smarty_internal_template.php(216): Smarty_Template_Compiled->render(Object(Smarty_Internal_Template))
#9 C:\xampp\htdocs\diet_recommender\app\ThirdParty\Smarty\libs\sysplugins\smarty_internal_templatebase.php(238): Smarty_Internal_Template->render(false, 1)
#10 C:\xampp\htdocs\diet_recommender\app\ThirdParty\Smarty\libs\sysplugins\smarty_internal_templatebase.php(134): Smarty_Internal_TemplateBase->_execute(Object(Smarty_Internal_Template), NULL, NULL, NULL, 1)
#11 C:\xampp\htdocs\diet_recommender\app\Libraries\TPL.php(40): Smarty_Internal_TemplateBase->display('Student/my_diet...', NULL, NULL, NULL)
#12 C:\xampp\htdocs\diet_recommender\app\Libraries\TPL.php(55): App\Libraries\TPL->display('Student/my_diet...')
#13 C:\xampp\htdocs\diet_recommender\system\CodeIgniter.php(320): App\Libraries\TPL->__destruct()
#14 C:\xampp\htdocs\diet_recommender\public\index.php(37): CodeIgniter\CodeIgniter->run()
#15 C:\xampp\htdocs\diet_recommender\system\Commands\Server\rewrite.php(43): require_once('C:\\xampp\\htdocs...')
#16 {main}
CRITICAL - 2022-05-12 03:53:15 --> Syntax error in template "file:C:\xampp\htdocs\diet_recommender\app\Views\Student\my_diet.tpl"  on line 86 "{$unit = $row[ 'number_of_unit' ]. $row->food[ 'unit_type' ]}"  - Unexpected " "
#0 C:\xampp\htdocs\diet_recommender\app\ThirdParty\Smarty\libs\sysplugins\smarty_internal_templateparser.php(2819): Smarty_Internal_TemplateCompilerBase->trigger_template_error()
#1 C:\xampp\htdocs\diet_recommender\app\ThirdParty\Smarty\libs\sysplugins\smarty_internal_templateparser.php(2880): Smarty_Internal_Templateparser->yy_syntax_error(26, ' ')
#2 C:\xampp\htdocs\diet_recommender\app\ThirdParty\Smarty\libs\sysplugins\smarty_internal_smartytemplatecompiler.php(128): Smarty_Internal_Templateparser->doParse(26, ' ')
#3 C:\xampp\htdocs\diet_recommender\app\ThirdParty\Smarty\libs\sysplugins\smarty_internal_templatecompilerbase.php(469): Smarty_Internal_SmartyTemplateCompiler->doCompile('{extends file="...', true)
#4 C:\xampp\htdocs\diet_recommender\app\ThirdParty\Smarty\libs\sysplugins\smarty_internal_templatecompilerbase.php(395): Smarty_Internal_TemplateCompilerBase->compileTemplateSource(Object(Smarty_Internal_Template), false, NULL)
#5 C:\xampp\htdocs\diet_recommender\app\ThirdParty\Smarty\libs\sysplugins\smarty_template_compiled.php(184): Smarty_Internal_TemplateCompilerBase->compileTemplate(Object(Smarty_Internal_Template))
#6 C:\xampp\htdocs\diet_recommender\app\ThirdParty\Smarty\libs\sysplugins\smarty_template_compiled.php(141): Smarty_Template_Compiled->compileTemplateSource(Object(Smarty_Internal_Template))
#7 C:\xampp\htdocs\diet_recommender\app\ThirdParty\Smarty\libs\sysplugins\smarty_template_compiled.php(105): Smarty_Template_Compiled->process(Object(Smarty_Internal_Template))
#8 C:\xampp\htdocs\diet_recommender\app\ThirdParty\Smarty\libs\sysplugins\smarty_internal_template.php(216): Smarty_Template_Compiled->render(Object(Smarty_Internal_Template))
#9 C:\xampp\htdocs\diet_recommender\app\ThirdParty\Smarty\libs\sysplugins\smarty_internal_templatebase.php(238): Smarty_Internal_Template->render(false, 1)
#10 C:\xampp\htdocs\diet_recommender\app\ThirdParty\Smarty\libs\sysplugins\smarty_internal_templatebase.php(134): Smarty_Internal_TemplateBase->_execute(Object(Smarty_Internal_Template), NULL, NULL, NULL, 1)
#11 C:\xampp\htdocs\diet_recommender\app\Libraries\TPL.php(40): Smarty_Internal_TemplateBase->display('Student/my_diet...', NULL, NULL, NULL)
#12 C:\xampp\htdocs\diet_recommender\app\Libraries\TPL.php(55): App\Libraries\TPL->display('Student/my_diet...')
#13 C:\xampp\htdocs\diet_recommender\system\CodeIgniter.php(320): App\Libraries\TPL->__destruct()
#14 C:\xampp\htdocs\diet_recommender\public\index.php(37): CodeIgniter\CodeIgniter->run()
#15 C:\xampp\htdocs\diet_recommender\system\Commands\Server\rewrite.php(43): require_once('C:\\xampp\\htdocs...')
#16 {main}
CRITICAL - 2022-05-12 06:32:29 --> A non-numeric value encountered
#0 C:\xampp\htdocs\diet_recommender\app\ThirdParty\Smarty\Compiles\2d9552da3312aafd85f70aaa9d62c6d7c066bec4_0.file.my_diet.tpl.php(156): CodeIgniter\Debug\Exceptions->errorHandler(2, 'A non-numeric v...', 'C:\\xampp\\htdocs...', 156)
#1 C:\xampp\htdocs\diet_recommender\app\ThirdParty\Smarty\libs\sysplugins\smarty_internal_runtime_inheritance.php(248): Block_481548637627cf04d5e5ee3_45421196->callBlock(Object(Smarty_Internal_Template))
#2 C:\xampp\htdocs\diet_recommender\app\ThirdParty\Smarty\libs\sysplugins\smarty_internal_runtime_inheritance.php(184): Smarty_Internal_Runtime_Inheritance->callBlock(Object(Block_481548637627cf04d5e5ee3_45421196), Object(Smarty_Internal_Template))
#3 C:\xampp\htdocs\diet_recommender\app\ThirdParty\Smarty\libs\sysplugins\smarty_internal_runtime_inheritance.php(186): Smarty_Internal_Runtime_Inheritance->process(Object(Smarty_Internal_Template), Object(Block_481548637627cf04d5e5ee3_45421196), Object(Block_152547647562763a95474861_22545650))
#4 C:\xampp\htdocs\diet_recommender\app\ThirdParty\Smarty\libs\sysplugins\smarty_internal_runtime_inheritance.php(156): Smarty_Internal_Runtime_Inheritance->process(Object(Smarty_Internal_Template), Object(Block_152547647562763a95474861_22545650))
#5 C:\xampp\htdocs\diet_recommender\app\ThirdParty\Smarty\Compiles\c4cff84b956c2362d512dc8ee3c9abcbabb2c585_0.file.member_area.tpl.php(86): Smarty_Internal_Runtime_Inheritance->instanceBlock(Object(Smarty_Internal_Template), 'Block_152547647...', 'body')
#6 C:\xampp\htdocs\diet_recommender\app\ThirdParty\Smarty\libs\sysplugins\smarty_template_resource_base.php(123): content_62763a954786e9_84606815(Object(Smarty_Internal_Template))
#7 C:\xampp\htdocs\diet_recommender\app\ThirdParty\Smarty\libs\sysplugins\smarty_template_compiled.php(114): Smarty_Template_Resource_Base->getRenderedTemplateCode(Object(Smarty_Internal_Template))
#8 C:\xampp\htdocs\diet_recommender\app\ThirdParty\Smarty\libs\sysplugins\smarty_internal_template.php(216): Smarty_Template_Compiled->render(Object(Smarty_Internal_Template))
#9 C:\xampp\htdocs\diet_recommender\app\ThirdParty\Smarty\libs\sysplugins\smarty_internal_template.php(385): Smarty_Internal_Template->render()
#10 C:\xampp\htdocs\diet_recommender\app\ThirdParty\Smarty\libs\sysplugins\smarty_internal_runtime_inheritance.php(116): Smarty_Internal_Template->_subTemplateRender('Layouts/member_...', NULL, NULL, 0, 3600, Array, 2, false, NULL, NULL)
#11 C:\xampp\htdocs\diet_recommender\app\ThirdParty\Smarty\Compiles\2d9552da3312aafd85f70aaa9d62c6d7c066bec4_0.file.my_diet.tpl.php(31): Smarty_Internal_Runtime_Inheritance->endChild(Object(Smarty_Internal_Template), 'Layouts/member_...')
#12 C:\xampp\htdocs\diet_recommender\app\ThirdParty\Smarty\libs\sysplugins\smarty_template_resource_base.php(123): content_627cf04d630278_06390870(Object(Smarty_Internal_Template))
#13 C:\xampp\htdocs\diet_recommender\app\ThirdParty\Smarty\libs\sysplugins\smarty_template_compiled.php(114): Smarty_Template_Resource_Base->getRenderedTemplateCode(Object(Smarty_Internal_Template))
#14 C:\xampp\htdocs\diet_recommender\app\ThirdParty\Smarty\libs\sysplugins\smarty_internal_template.php(216): Smarty_Template_Compiled->render(Object(Smarty_Internal_Template))
#15 C:\xampp\htdocs\diet_recommender\app\ThirdParty\Smarty\libs\sysplugins\smarty_internal_templatebase.php(238): Smarty_Internal_Template->render(false, 1)
#16 C:\xampp\htdocs\diet_recommender\app\ThirdParty\Smarty\libs\sysplugins\smarty_internal_templatebase.php(134): Smarty_Internal_TemplateBase->_execute(Object(Smarty_Internal_Template), NULL, NULL, NULL, 1)
#17 C:\xampp\htdocs\diet_recommender\app\Libraries\TPL.php(40): Smarty_Internal_TemplateBase->display('Student/my_diet...', NULL, NULL, NULL)
#18 C:\xampp\htdocs\diet_recommender\app\Libraries\TPL.php(55): App\Libraries\TPL->display('Student/my_diet...')
#19 C:\xampp\htdocs\diet_recommender\system\CodeIgniter.php(320): App\Libraries\TPL->__destruct()
#20 C:\xampp\htdocs\diet_recommender\public\index.php(37): CodeIgniter\CodeIgniter->run()
#21 C:\xampp\htdocs\diet_recommender\system\Commands\Server\rewrite.php(43): require_once('C:\\xampp\\htdocs...')
#22 {main}
CRITICAL - 2022-05-12 09:12:30 --> Undefined array key ""
#0 C:\xampp\htdocs\diet_recommender\app\ThirdParty\Smarty\Compiles\2d9552da3312aafd85f70aaa9d62c6d7c066bec4_0.file.my_diet.tpl.php(136): CodeIgniter\Debug\Exceptions->errorHandler(2, 'Undefined array...', 'C:\\xampp\\htdocs...', 136)
#1 C:\xampp\htdocs\diet_recommender\app\ThirdParty\Smarty\libs\sysplugins\smarty_internal_runtime_inheritance.php(248): Block_898780654627d15ce92ab07_76024410->callBlock(Object(Smarty_Internal_Template))
#2 C:\xampp\htdocs\diet_recommender\app\ThirdParty\Smarty\libs\sysplugins\smarty_internal_runtime_inheritance.php(184): Smarty_Internal_Runtime_Inheritance->callBlock(Object(Block_898780654627d15ce92ab07_76024410), Object(Smarty_Internal_Template))
#3 C:\xampp\htdocs\diet_recommender\app\ThirdParty\Smarty\libs\sysplugins\smarty_internal_runtime_inheritance.php(186): Smarty_Internal_Runtime_Inheritance->process(Object(Smarty_Internal_Template), Object(Block_898780654627d15ce92ab07_76024410), Object(Block_152547647562763a95474861_22545650))
#4 C:\xampp\htdocs\diet_recommender\app\ThirdParty\Smarty\libs\sysplugins\smarty_internal_runtime_inheritance.php(156): Smarty_Internal_Runtime_Inheritance->process(Object(Smarty_Internal_Template), Object(Block_152547647562763a95474861_22545650))
#5 C:\xampp\htdocs\diet_recommender\app\ThirdParty\Smarty\Compiles\c4cff84b956c2362d512dc8ee3c9abcbabb2c585_0.file.member_area.tpl.php(86): Smarty_Internal_Runtime_Inheritance->instanceBlock(Object(Smarty_Internal_Template), 'Block_152547647...', 'body')
#6 C:\xampp\htdocs\diet_recommender\app\ThirdParty\Smarty\libs\sysplugins\smarty_template_resource_base.php(123): content_62763a954786e9_84606815(Object(Smarty_Internal_Template))
#7 C:\xampp\htdocs\diet_recommender\app\ThirdParty\Smarty\libs\sysplugins\smarty_template_compiled.php(114): Smarty_Template_Resource_Base->getRenderedTemplateCode(Object(Smarty_Internal_Template))
#8 C:\xampp\htdocs\diet_recommender\app\ThirdParty\Smarty\libs\sysplugins\smarty_internal_template.php(216): Smarty_Template_Compiled->render(Object(Smarty_Internal_Template))
#9 C:\xampp\htdocs\diet_recommender\app\ThirdParty\Smarty\libs\sysplugins\smarty_internal_template.php(385): Smarty_Internal_Template->render()
#10 C:\xampp\htdocs\diet_recommender\app\ThirdParty\Smarty\libs\sysplugins\smarty_internal_runtime_inheritance.php(116): Smarty_Internal_Template->_subTemplateRender('Layouts/member_...', NULL, NULL, 0, 3600, Array, 2, false, NULL, NULL)
#11 C:\xampp\htdocs\diet_recommender\app\ThirdParty\Smarty\Compiles\2d9552da3312aafd85f70aaa9d62c6d7c066bec4_0.file.my_diet.tpl.php(38): Smarty_Internal_Runtime_Inheritance->endChild(Object(Smarty_Internal_Template), 'Layouts/member_...')
#12 C:\xampp\htdocs\diet_recommender\app\ThirdParty\Smarty\libs\sysplugins\smarty_template_resource_base.php(123): content_627d15ce98c595_08987121(Object(Smarty_Internal_Template))
#13 C:\xampp\htdocs\diet_recommender\app\ThirdParty\Smarty\libs\sysplugins\smarty_template_compiled.php(114): Smarty_Template_Resource_Base->getRenderedTemplateCode(Object(Smarty_Internal_Template))
#14 C:\xampp\htdocs\diet_recommender\app\ThirdParty\Smarty\libs\sysplugins\smarty_internal_template.php(216): Smarty_Template_Compiled->render(Object(Smarty_Internal_Template))
#15 C:\xampp\htdocs\diet_recommender\app\ThirdParty\Smarty\libs\sysplugins\smarty_internal_templatebase.php(238): Smarty_Internal_Template->render(false, 1)
#16 C:\xampp\htdocs\diet_recommender\app\ThirdParty\Smarty\libs\sysplugins\smarty_internal_templatebase.php(134): Smarty_Internal_TemplateBase->_execute(Object(Smarty_Internal_Template), NULL, NULL, NULL, 1)
#17 C:\xampp\htdocs\diet_recommender\app\Libraries\TPL.php(40): Smarty_Internal_TemplateBase->display('Student/my_diet...', NULL, NULL, NULL)
#18 C:\xampp\htdocs\diet_recommender\app\Libraries\TPL.php(55): App\Libraries\TPL->display('Student/my_diet...')
#19 C:\xampp\htdocs\diet_recommender\system\CodeIgniter.php(320): App\Libraries\TPL->__destruct()
#20 C:\xampp\htdocs\diet_recommender\public\index.php(37): CodeIgniter\CodeIgniter->run()
#21 C:\xampp\htdocs\diet_recommender\system\Commands\Server\rewrite.php(43): require_once('C:\\xampp\\htdocs...')
#22 {main}
CRITICAL - 2022-05-12 09:13:04 --> Undefined array key ""
#0 C:\xampp\htdocs\diet_recommender\app\ThirdParty\Smarty\Compiles\2d9552da3312aafd85f70aaa9d62c6d7c066bec4_0.file.my_diet.tpl.php(136): CodeIgniter\Debug\Exceptions->errorHandler(2, 'Undefined array...', 'C:\\xampp\\htdocs...', 136)
#1 C:\xampp\htdocs\diet_recommender\app\ThirdParty\Smarty\libs\sysplugins\smarty_internal_runtime_inheritance.php(248): Block_1038559766627d15f0b16b07_36422088->callBlock(Object(Smarty_Internal_Template))
#2 C:\xampp\htdocs\diet_recommender\app\ThirdParty\Smarty\libs\sysplugins\smarty_internal_runtime_inheritance.php(184): Smarty_Internal_Runtime_Inheritance->callBlock(Object(Block_1038559766627d15f0b16b07_36422088), Object(Smarty_Internal_Template))
#3 C:\xampp\htdocs\diet_recommender\app\ThirdParty\Smarty\libs\sysplugins\smarty_internal_runtime_inheritance.php(186): Smarty_Internal_Runtime_Inheritance->process(Object(Smarty_Internal_Template), Object(Block_1038559766627d15f0b16b07_36422088), Object(Block_152547647562763a95474861_22545650))
#4 C:\xampp\htdocs\diet_recommender\app\ThirdParty\Smarty\libs\sysplugins\smarty_internal_runtime_inheritance.php(156): Smarty_Internal_Runtime_Inheritance->process(Object(Smarty_Internal_Template), Object(Block_152547647562763a95474861_22545650))
#5 C:\xampp\htdocs\diet_recommender\app\ThirdParty\Smarty\Compiles\c4cff84b956c2362d512dc8ee3c9abcbabb2c585_0.file.member_area.tpl.php(86): Smarty_Internal_Runtime_Inheritance->instanceBlock(Object(Smarty_Internal_Template), 'Block_152547647...', 'body')
#6 C:\xampp\htdocs\diet_recommender\app\ThirdParty\Smarty\libs\sysplugins\smarty_template_resource_base.php(123): content_62763a954786e9_84606815(Object(Smarty_Internal_Template))
#7 C:\xampp\htdocs\diet_recommender\app\ThirdParty\Smarty\libs\sysplugins\smarty_template_compiled.php(114): Smarty_Template_Resource_Base->getRenderedTemplateCode(Object(Smarty_Internal_Template))
#8 C:\xampp\htdocs\diet_recommender\app\ThirdParty\Smarty\libs\sysplugins\smarty_internal_template.php(216): Smarty_Template_Compiled->render(Object(Smarty_Internal_Template))
#9 C:\xampp\htdocs\diet_recommender\app\ThirdParty\Smarty\libs\sysplugins\smarty_internal_template.php(385): Smarty_Internal_Template->render()
#10 C:\xampp\htdocs\diet_recommender\app\ThirdParty\Smarty\libs\sysplugins\smarty_internal_runtime_inheritance.php(116): Smarty_Internal_Template->_subTemplateRender('Layouts/member_...', NULL, NULL, 0, 3600, Array, 2, false, NULL, NULL)
#11 C:\xampp\htdocs\diet_recommender\app\ThirdParty\Smarty\Compiles\2d9552da3312aafd85f70aaa9d62c6d7c066bec4_0.file.my_diet.tpl.php(38): Smarty_Internal_Runtime_Inheritance->endChild(Object(Smarty_Internal_Template), 'Layouts/member_...')
#12 C:\xampp\htdocs\diet_recommender\app\ThirdParty\Smarty\libs\sysplugins\smarty_template_resource_base.php(123): content_627d15f0b8be21_53183580(Object(Smarty_Internal_Template))
#13 C:\xampp\htdocs\diet_recommender\app\ThirdParty\Smarty\libs\sysplugins\smarty_template_compiled.php(114): Smarty_Template_Resource_Base->getRenderedTemplateCode(Object(Smarty_Internal_Template))
#14 C:\xampp\htdocs\diet_recommender\app\ThirdParty\Smarty\libs\sysplugins\smarty_internal_template.php(216): Smarty_Template_Compiled->render(Object(Smarty_Internal_Template))
#15 C:\xampp\htdocs\diet_recommender\app\ThirdParty\Smarty\libs\sysplugins\smarty_internal_templatebase.php(238): Smarty_Internal_Template->render(false, 1)
#16 C:\xampp\htdocs\diet_recommender\app\ThirdParty\Smarty\libs\sysplugins\smarty_internal_templatebase.php(134): Smarty_Internal_TemplateBase->_execute(Object(Smarty_Internal_Template), NULL, NULL, NULL, 1)
#17 C:\xampp\htdocs\diet_recommender\app\Libraries\TPL.php(40): Smarty_Internal_TemplateBase->display('Student/my_diet...', NULL, NULL, NULL)
#18 C:\xampp\htdocs\diet_recommender\app\Libraries\TPL.php(55): App\Libraries\TPL->display('Student/my_diet...')
#19 C:\xampp\htdocs\diet_recommender\system\CodeIgniter.php(320): App\Libraries\TPL->__destruct()
#20 C:\xampp\htdocs\diet_recommender\public\index.php(37): CodeIgniter\CodeIgniter->run()
#21 C:\xampp\htdocs\diet_recommender\system\Commands\Server\rewrite.php(43): require_once('C:\\xampp\\htdocs...')
#22 {main}
CRITICAL - 2022-05-12 09:13:31 --> Illegal offset type
#0 C:\xampp\htdocs\diet_recommender\app\ThirdParty\Smarty\libs\sysplugins\smarty_template_resource_base.php(123): content_627d160b09d118_41653845(Object(Smarty_Internal_Template))
#1 C:\xampp\htdocs\diet_recommender\app\ThirdParty\Smarty\libs\sysplugins\smarty_template_compiled.php(114): Smarty_Template_Resource_Base->getRenderedTemplateCode(Object(Smarty_Internal_Template))
#2 C:\xampp\htdocs\diet_recommender\app\ThirdParty\Smarty\libs\sysplugins\smarty_internal_template.php(216): Smarty_Template_Compiled->render(Object(Smarty_Internal_Template))
#3 C:\xampp\htdocs\diet_recommender\app\ThirdParty\Smarty\libs\sysplugins\smarty_internal_templatebase.php(238): Smarty_Internal_Template->render(false, 1)
#4 C:\xampp\htdocs\diet_recommender\app\ThirdParty\Smarty\libs\sysplugins\smarty_internal_templatebase.php(134): Smarty_Internal_TemplateBase->_execute(Object(Smarty_Internal_Template), NULL, NULL, NULL, 1)
#5 C:\xampp\htdocs\diet_recommender\app\Libraries\TPL.php(40): Smarty_Internal_TemplateBase->display('Student/my_diet...', NULL, NULL, NULL)
#6 C:\xampp\htdocs\diet_recommender\app\Libraries\TPL.php(55): App\Libraries\TPL->display('Student/my_diet...')
#7 C:\xampp\htdocs\diet_recommender\system\CodeIgniter.php(320): App\Libraries\TPL->__destruct()
#8 C:\xampp\htdocs\diet_recommender\public\index.php(37): CodeIgniter\CodeIgniter->run()
#9 C:\xampp\htdocs\diet_recommender\system\Commands\Server\rewrite.php(43): require_once('C:\\xampp\\htdocs...')
#10 {main}
CRITICAL - 2022-05-12 09:13:33 --> Illegal offset type
#0 C:\xampp\htdocs\diet_recommender\app\ThirdParty\Smarty\libs\sysplugins\smarty_template_resource_base.php(123): content_627d160b09d118_41653845(Object(Smarty_Internal_Template))
#1 C:\xampp\htdocs\diet_recommender\app\ThirdParty\Smarty\libs\sysplugins\smarty_template_compiled.php(114): Smarty_Template_Resource_Base->getRenderedTemplateCode(Object(Smarty_Internal_Template))
#2 C:\xampp\htdocs\diet_recommender\app\ThirdParty\Smarty\libs\sysplugins\smarty_internal_template.php(216): Smarty_Template_Compiled->render(Object(Smarty_Internal_Template))
#3 C:\xampp\htdocs\diet_recommender\app\ThirdParty\Smarty\libs\sysplugins\smarty_internal_templatebase.php(238): Smarty_Internal_Template->render(false, 1)
#4 C:\xampp\htdocs\diet_recommender\app\ThirdParty\Smarty\libs\sysplugins\smarty_internal_templatebase.php(134): Smarty_Internal_TemplateBase->_execute(Object(Smarty_Internal_Template), NULL, NULL, NULL, 1)
#5 C:\xampp\htdocs\diet_recommender\app\Libraries\TPL.php(40): Smarty_Internal_TemplateBase->display('Student/my_diet...', NULL, NULL, NULL)
#6 C:\xampp\htdocs\diet_recommender\app\Libraries\TPL.php(55): App\Libraries\TPL->display('Student/my_diet...')
#7 C:\xampp\htdocs\diet_recommender\system\CodeIgniter.php(320): App\Libraries\TPL->__destruct()
#8 C:\xampp\htdocs\diet_recommender\public\index.php(37): CodeIgniter\CodeIgniter->run()
#9 C:\xampp\htdocs\diet_recommender\system\Commands\Server\rewrite.php(43): require_once('C:\\xampp\\htdocs...')
#10 {main}
CRITICAL - 2022-05-12 09:14:58 --> Undefined array key ""
#0 C:\xampp\htdocs\diet_recommender\app\ThirdParty\Smarty\Compiles\2d9552da3312aafd85f70aaa9d62c6d7c066bec4_0.file.my_diet.tpl.php(132): CodeIgniter\Debug\Exceptions->errorHandler(2, 'Undefined array...', 'C:\\xampp\\htdocs...', 132)
#1 C:\xampp\htdocs\diet_recommender\app\ThirdParty\Smarty\libs\sysplugins\smarty_internal_runtime_inheritance.php(248): Block_302572814627d16627e0748_60851682->callBlock(Object(Smarty_Internal_Template))
#2 C:\xampp\htdocs\diet_recommender\app\ThirdParty\Smarty\libs\sysplugins\smarty_internal_runtime_inheritance.php(184): Smarty_Internal_Runtime_Inheritance->callBlock(Object(Block_302572814627d16627e0748_60851682), Object(Smarty_Internal_Template))
#3 C:\xampp\htdocs\diet_recommender\app\ThirdParty\Smarty\libs\sysplugins\smarty_internal_runtime_inheritance.php(186): Smarty_Internal_Runtime_Inheritance->process(Object(Smarty_Internal_Template), Object(Block_302572814627d16627e0748_60851682), Object(Block_152547647562763a95474861_22545650))
#4 C:\xampp\htdocs\diet_recommender\app\ThirdParty\Smarty\libs\sysplugins\smarty_internal_runtime_inheritance.php(156): Smarty_Internal_Runtime_Inheritance->process(Object(Smarty_Internal_Template), Object(Block_152547647562763a95474861_22545650))
#5 C:\xampp\htdocs\diet_recommender\app\ThirdParty\Smarty\Compiles\c4cff84b956c2362d512dc8ee3c9abcbabb2c585_0.file.member_area.tpl.php(86): Smarty_Internal_Runtime_Inheritance->instanceBlock(Object(Smarty_Internal_Template), 'Block_152547647...', 'body')
#6 C:\xampp\htdocs\diet_recommender\app\ThirdParty\Smarty\libs\sysplugins\smarty_template_resource_base.php(123): content_62763a954786e9_84606815(Object(Smarty_Internal_Template))
#7 C:\xampp\htdocs\diet_recommender\app\ThirdParty\Smarty\libs\sysplugins\smarty_template_compiled.php(114): Smarty_Template_Resource_Base->getRenderedTemplateCode(Object(Smarty_Internal_Template))
#8 C:\xampp\htdocs\diet_recommender\app\ThirdParty\Smarty\libs\sysplugins\smarty_internal_template.php(216): Smarty_Template_Compiled->render(Object(Smarty_Internal_Template))
#9 C:\xampp\htdocs\diet_recommender\app\ThirdParty\Smarty\libs\sysplugins\smarty_internal_template.php(385): Smarty_Internal_Template->render()
#10 C:\xampp\htdocs\diet_recommender\app\ThirdParty\Smarty\libs\sysplugins\smarty_internal_runtime_inheritance.php(116): Smarty_Internal_Template->_subTemplateRender('Layouts/member_...', NULL, NULL, 0, 3600, Array, 2, false, NULL, NULL)
#11 C:\xampp\htdocs\diet_recommender\app\ThirdParty\Smarty\Compiles\2d9552da3312aafd85f70aaa9d62c6d7c066bec4_0.file.my_diet.tpl.php(34): Smarty_Internal_Runtime_Inheritance->endChild(Object(Smarty_Internal_Template), 'Layouts/member_...')
#12 C:\xampp\htdocs\diet_recommender\app\ThirdParty\Smarty\libs\sysplugins\smarty_template_resource_base.php(123): content_627d1662851be7_06971488(Object(Smarty_Internal_Template))
#13 C:\xampp\htdocs\diet_recommender\app\ThirdParty\Smarty\libs\sysplugins\smarty_template_compiled.php(114): Smarty_Template_Resource_Base->getRenderedTemplateCode(Object(Smarty_Internal_Template))
#14 C:\xampp\htdocs\diet_recommender\app\ThirdParty\Smarty\libs\sysplugins\smarty_internal_template.php(216): Smarty_Template_Compiled->render(Object(Smarty_Internal_Template))
#15 C:\xampp\htdocs\diet_recommender\app\ThirdParty\Smarty\libs\sysplugins\smarty_internal_templatebase.php(238): Smarty_Internal_Template->render(false, 1)
#16 C:\xampp\htdocs\diet_recommender\app\ThirdParty\Smarty\libs\sysplugins\smarty_internal_templatebase.php(134): Smarty_Internal_TemplateBase->_execute(Object(Smarty_Internal_Template), NULL, NULL, NULL, 1)
#17 C:\xampp\htdocs\diet_recommender\app\Libraries\TPL.php(40): Smarty_Internal_TemplateBase->display('Student/my_diet...', NULL, NULL, NULL)
#18 C:\xampp\htdocs\diet_recommender\app\Libraries\TPL.php(55): App\Libraries\TPL->display('Student/my_diet...')
#19 C:\xampp\htdocs\diet_recommender\system\CodeIgniter.php(320): App\Libraries\TPL->__destruct()
#20 C:\xampp\htdocs\diet_recommender\public\index.php(37): CodeIgniter\CodeIgniter->run()
#21 C:\xampp\htdocs\diet_recommender\system\Commands\Server\rewrite.php(43): require_once('C:\\xampp\\htdocs...')
#22 {main}
CRITICAL - 2022-05-12 09:15:08 --> Undefined array key ""
#0 C:\xampp\htdocs\diet_recommender\app\ThirdParty\Smarty\Compiles\2d9552da3312aafd85f70aaa9d62c6d7c066bec4_0.file.my_diet.tpl.php(130): CodeIgniter\Debug\Exceptions->errorHandler(2, 'Undefined array...', 'C:\\xampp\\htdocs...', 130)
#1 C:\xampp\htdocs\diet_recommender\app\ThirdParty\Smarty\libs\sysplugins\smarty_internal_runtime_inheritance.php(248): Block_1999635093627d166c692bb6_32887831->callBlock(Object(Smarty_Internal_Template))
#2 C:\xampp\htdocs\diet_recommender\app\ThirdParty\Smarty\libs\sysplugins\smarty_internal_runtime_inheritance.php(184): Smarty_Internal_Runtime_Inheritance->callBlock(Object(Block_1999635093627d166c692bb6_32887831), Object(Smarty_Internal_Template))
#3 C:\xampp\htdocs\diet_recommender\app\ThirdParty\Smarty\libs\sysplugins\smarty_internal_runtime_inheritance.php(186): Smarty_Internal_Runtime_Inheritance->process(Object(Smarty_Internal_Template), Object(Block_1999635093627d166c692bb6_32887831), Object(Block_152547647562763a95474861_22545650))
#4 C:\xampp\htdocs\diet_recommender\app\ThirdParty\Smarty\libs\sysplugins\smarty_internal_runtime_inheritance.php(156): Smarty_Internal_Runtime_Inheritance->process(Object(Smarty_Internal_Template), Object(Block_152547647562763a95474861_22545650))
#5 C:\xampp\htdocs\diet_recommender\app\ThirdParty\Smarty\Compiles\c4cff84b956c2362d512dc8ee3c9abcbabb2c585_0.file.member_area.tpl.php(86): Smarty_Internal_Runtime_Inheritance->instanceBlock(Object(Smarty_Internal_Template), 'Block_152547647...', 'body')
#6 C:\xampp\htdocs\diet_recommender\app\ThirdParty\Smarty\libs\sysplugins\smarty_template_resource_base.php(123): content_62763a954786e9_84606815(Object(Smarty_Internal_Template))
#7 C:\xampp\htdocs\diet_recommender\app\ThirdParty\Smarty\libs\sysplugins\smarty_template_compiled.php(114): Smarty_Template_Resource_Base->getRenderedTemplateCode(Object(Smarty_Internal_Template))
#8 C:\xampp\htdocs\diet_recommender\app\ThirdParty\Smarty\libs\sysplugins\smarty_internal_template.php(216): Smarty_Template_Compiled->render(Object(Smarty_Internal_Template))
#9 C:\xampp\htdocs\diet_recommender\app\ThirdParty\Smarty\libs\sysplugins\smarty_internal_template.php(385): Smarty_Internal_Template->render()
#10 C:\xampp\htdocs\diet_recommender\app\ThirdParty\Smarty\libs\sysplugins\smarty_internal_runtime_inheritance.php(116): Smarty_Internal_Template->_subTemplateRender('Layouts/member_...', NULL, NULL, 0, 3600, Array, 2, false, NULL, NULL)
#11 C:\xampp\htdocs\diet_recommender\app\ThirdParty\Smarty\Compiles\2d9552da3312aafd85f70aaa9d62c6d7c066bec4_0.file.my_diet.tpl.php(32): Smarty_Internal_Runtime_Inheritance->endChild(Object(Smarty_Internal_Template), 'Layouts/member_...')
#12 C:\xampp\htdocs\diet_recommender\app\ThirdParty\Smarty\libs\sysplugins\smarty_template_resource_base.php(123): content_627d166c6f84d4_72069127(Object(Smarty_Internal_Template))
#13 C:\xampp\htdocs\diet_recommender\app\ThirdParty\Smarty\libs\sysplugins\smarty_template_compiled.php(114): Smarty_Template_Resource_Base->getRenderedTemplateCode(Object(Smarty_Internal_Template))
#14 C:\xampp\htdocs\diet_recommender\app\ThirdParty\Smarty\libs\sysplugins\smarty_internal_template.php(216): Smarty_Template_Compiled->render(Object(Smarty_Internal_Template))
#15 C:\xampp\htdocs\diet_recommender\app\ThirdParty\Smarty\libs\sysplugins\smarty_internal_templatebase.php(238): Smarty_Internal_Template->render(false, 1)
#16 C:\xampp\htdocs\diet_recommender\app\ThirdParty\Smarty\libs\sysplugins\smarty_internal_templatebase.php(134): Smarty_Internal_TemplateBase->_execute(Object(Smarty_Internal_Template), NULL, NULL, NULL, 1)
#17 C:\xampp\htdocs\diet_recommender\app\Libraries\TPL.php(40): Smarty_Internal_TemplateBase->display('Student/my_diet...', NULL, NULL, NULL)
#18 C:\xampp\htdocs\diet_recommender\app\Libraries\TPL.php(55): App\Libraries\TPL->display('Student/my_diet...')
#19 C:\xampp\htdocs\diet_recommender\system\CodeIgniter.php(320): App\Libraries\TPL->__destruct()
#20 C:\xampp\htdocs\diet_recommender\public\index.php(37): CodeIgniter\CodeIgniter->run()
#21 C:\xampp\htdocs\diet_recommender\system\Commands\Server\rewrite.php(43): require_once('C:\\xampp\\htdocs...')
#22 {main}
CRITICAL - 2022-05-12 09:15:11 --> Undefined array key ""
#0 C:\xampp\htdocs\diet_recommender\app\ThirdParty\Smarty\Compiles\2d9552da3312aafd85f70aaa9d62c6d7c066bec4_0.file.my_diet.tpl.php(130): CodeIgniter\Debug\Exceptions->errorHandler(2, 'Undefined array...', 'C:\\xampp\\htdocs...', 130)
#1 C:\xampp\htdocs\diet_recommender\app\ThirdParty\Smarty\libs\sysplugins\smarty_internal_runtime_inheritance.php(248): Block_1999635093627d166c692bb6_32887831->callBlock(Object(Smarty_Internal_Template))
#2 C:\xampp\htdocs\diet_recommender\app\ThirdParty\Smarty\libs\sysplugins\smarty_internal_runtime_inheritance.php(184): Smarty_Internal_Runtime_Inheritance->callBlock(Object(Block_1999635093627d166c692bb6_32887831), Object(Smarty_Internal_Template))
#3 C:\xampp\htdocs\diet_recommender\app\ThirdParty\Smarty\libs\sysplugins\smarty_internal_runtime_inheritance.php(186): Smarty_Internal_Runtime_Inheritance->process(Object(Smarty_Internal_Template), Object(Block_1999635093627d166c692bb6_32887831), Object(Block_152547647562763a95474861_22545650))
#4 C:\xampp\htdocs\diet_recommender\app\ThirdParty\Smarty\libs\sysplugins\smarty_internal_runtime_inheritance.php(156): Smarty_Internal_Runtime_Inheritance->process(Object(Smarty_Internal_Template), Object(Block_152547647562763a95474861_22545650))
#5 C:\xampp\htdocs\diet_recommender\app\ThirdParty\Smarty\Compiles\c4cff84b956c2362d512dc8ee3c9abcbabb2c585_0.file.member_area.tpl.php(86): Smarty_Internal_Runtime_Inheritance->instanceBlock(Object(Smarty_Internal_Template), 'Block_152547647...', 'body')
#6 C:\xampp\htdocs\diet_recommender\app\ThirdParty\Smarty\libs\sysplugins\smarty_template_resource_base.php(123): content_62763a954786e9_84606815(Object(Smarty_Internal_Template))
#7 C:\xampp\htdocs\diet_recommender\app\ThirdParty\Smarty\libs\sysplugins\smarty_template_compiled.php(114): Smarty_Template_Resource_Base->getRenderedTemplateCode(Object(Smarty_Internal_Template))
#8 C:\xampp\htdocs\diet_recommender\app\ThirdParty\Smarty\libs\sysplugins\smarty_internal_template.php(216): Smarty_Template_Compiled->render(Object(Smarty_Internal_Template))
#9 C:\xampp\htdocs\diet_recommender\app\ThirdParty\Smarty\libs\sysplugins\smarty_internal_template.php(385): Smarty_Internal_Template->render()
#10 C:\xampp\htdocs\diet_recommender\app\ThirdParty\Smarty\libs\sysplugins\smarty_internal_runtime_inheritance.php(116): Smarty_Internal_Template->_subTemplateRender('Layouts/member_...', NULL, NULL, 0, 3600, Array, 2, false, NULL, NULL)
#11 C:\xampp\htdocs\diet_recommender\app\ThirdParty\Smarty\Compiles\2d9552da3312aafd85f70aaa9d62c6d7c066bec4_0.file.my_diet.tpl.php(32): Smarty_Internal_Runtime_Inheritance->endChild(Object(Smarty_Internal_Template), 'Layouts/member_...')
#12 C:\xampp\htdocs\diet_recommender\app\ThirdParty\Smarty\libs\sysplugins\smarty_template_resource_base.php(123): content_627d166c6f84d4_72069127(Object(Smarty_Internal_Template))
#13 C:\xampp\htdocs\diet_recommender\app\ThirdParty\Smarty\libs\sysplugins\smarty_template_compiled.php(114): Smarty_Template_Resource_Base->getRenderedTemplateCode(Object(Smarty_Internal_Template))
#14 C:\xampp\htdocs\diet_recommender\app\ThirdParty\Smarty\libs\sysplugins\smarty_internal_template.php(216): Smarty_Template_Compiled->render(Object(Smarty_Internal_Template))
#15 C:\xampp\htdocs\diet_recommender\app\ThirdParty\Smarty\libs\sysplugins\smarty_internal_templatebase.php(238): Smarty_Internal_Template->render(false, 1)
#16 C:\xampp\htdocs\diet_recommender\app\ThirdParty\Smarty\libs\sysplugins\smarty_internal_templatebase.php(134): Smarty_Internal_TemplateBase->_execute(Object(Smarty_Internal_Template), NULL, NULL, NULL, 1)
#17 C:\xampp\htdocs\diet_recommender\app\Libraries\TPL.php(40): Smarty_Internal_TemplateBase->display('Student/my_diet...', NULL, NULL, NULL)
#18 C:\xampp\htdocs\diet_recommender\app\Libraries\TPL.php(55): App\Libraries\TPL->display('Student/my_diet...')
#19 C:\xampp\htdocs\diet_recommender\system\CodeIgniter.php(320): App\Libraries\TPL->__destruct()
#20 C:\xampp\htdocs\diet_recommender\public\index.php(37): CodeIgniter\CodeIgniter->run()
#21 C:\xampp\htdocs\diet_recommender\system\Commands\Server\rewrite.php(43): require_once('C:\\xampp\\htdocs...')
#22 {main}
CRITICAL - 2022-05-12 09:15:24 --> Undefined array key ""
#0 C:\xampp\htdocs\diet_recommender\app\ThirdParty\Smarty\Compiles\2d9552da3312aafd85f70aaa9d62c6d7c066bec4_0.file.my_diet.tpl.php(129): CodeIgniter\Debug\Exceptions->errorHandler(2, 'Undefined array...', 'C:\\xampp\\htdocs...', 129)
#1 C:\xampp\htdocs\diet_recommender\app\ThirdParty\Smarty\libs\sysplugins\smarty_internal_runtime_inheritance.php(248): Block_1225322172627d167cbc29a5_94119606->callBlock(Object(Smarty_Internal_Template))
#2 C:\xampp\htdocs\diet_recommender\app\ThirdParty\Smarty\libs\sysplugins\smarty_internal_runtime_inheritance.php(184): Smarty_Internal_Runtime_Inheritance->callBlock(Object(Block_1225322172627d167cbc29a5_94119606), Object(Smarty_Internal_Template))
#3 C:\xampp\htdocs\diet_recommender\app\ThirdParty\Smarty\libs\sysplugins\smarty_internal_runtime_inheritance.php(186): Smarty_Internal_Runtime_Inheritance->process(Object(Smarty_Internal_Template), Object(Block_1225322172627d167cbc29a5_94119606), Object(Block_152547647562763a95474861_22545650))
#4 C:\xampp\htdocs\diet_recommender\app\ThirdParty\Smarty\libs\sysplugins\smarty_internal_runtime_inheritance.php(156): Smarty_Internal_Runtime_Inheritance->process(Object(Smarty_Internal_Template), Object(Block_152547647562763a95474861_22545650))
#5 C:\xampp\htdocs\diet_recommender\app\ThirdParty\Smarty\Compiles\c4cff84b956c2362d512dc8ee3c9abcbabb2c585_0.file.member_area.tpl.php(86): Smarty_Internal_Runtime_Inheritance->instanceBlock(Object(Smarty_Internal_Template), 'Block_152547647...', 'body')
#6 C:\xampp\htdocs\diet_recommender\app\ThirdParty\Smarty\libs\sysplugins\smarty_template_resource_base.php(123): content_62763a954786e9_84606815(Object(Smarty_Internal_Template))
#7 C:\xampp\htdocs\diet_recommender\app\ThirdParty\Smarty\libs\sysplugins\smarty_template_compiled.php(114): Smarty_Template_Resource_Base->getRenderedTemplateCode(Object(Smarty_Internal_Template))
#8 C:\xampp\htdocs\diet_recommender\app\ThirdParty\Smarty\libs\sysplugins\smarty_internal_template.php(216): Smarty_Template_Compiled->render(Object(Smarty_Internal_Template))
#9 C:\xampp\htdocs\diet_recommender\app\ThirdParty\Smarty\libs\sysplugins\smarty_internal_template.php(385): Smarty_Internal_Template->render()
#10 C:\xampp\htdocs\diet_recommender\app\ThirdParty\Smarty\libs\sysplugins\smarty_internal_runtime_inheritance.php(116): Smarty_Internal_Template->_subTemplateRender('Layouts/member_...', NULL, NULL, 0, 3600, Array, 2, false, NULL, NULL)
#11 C:\xampp\htdocs\diet_recommender\app\ThirdParty\Smarty\Compiles\2d9552da3312aafd85f70aaa9d62c6d7c066bec4_0.file.my_diet.tpl.php(31): Smarty_Internal_Runtime_Inheritance->endChild(Object(Smarty_Internal_Template), 'Layouts/member_...')
#12 C:\xampp\htdocs\diet_recommender\app\ThirdParty\Smarty\libs\sysplugins\smarty_template_resource_base.php(123): content_627d167cc33e43_04550125(Object(Smarty_Internal_Template))
#13 C:\xampp\htdocs\diet_recommender\app\ThirdParty\Smarty\libs\sysplugins\smarty_template_compiled.php(114): Smarty_Template_Resource_Base->getRenderedTemplateCode(Object(Smarty_Internal_Template))
#14 C:\xampp\htdocs\diet_recommender\app\ThirdParty\Smarty\libs\sysplugins\smarty_internal_template.php(216): Smarty_Template_Compiled->render(Object(Smarty_Internal_Template))
#15 C:\xampp\htdocs\diet_recommender\app\ThirdParty\Smarty\libs\sysplugins\smarty_internal_templatebase.php(238): Smarty_Internal_Template->render(false, 1)
#16 C:\xampp\htdocs\diet_recommender\app\ThirdParty\Smarty\libs\sysplugins\smarty_internal_templatebase.php(134): Smarty_Internal_TemplateBase->_execute(Object(Smarty_Internal_Template), NULL, NULL, NULL, 1)
#17 C:\xampp\htdocs\diet_recommender\app\Libraries\TPL.php(40): Smarty_Internal_TemplateBase->display('Student/my_diet...', NULL, NULL, NULL)
#18 C:\xampp\htdocs\diet_recommender\app\Libraries\TPL.php(55): App\Libraries\TPL->display('Student/my_diet...')
#19 C:\xampp\htdocs\diet_recommender\system\CodeIgniter.php(320): App\Libraries\TPL->__destruct()
#20 C:\xampp\htdocs\diet_recommender\public\index.php(37): CodeIgniter\CodeIgniter->run()
#21 C:\xampp\htdocs\diet_recommender\system\Commands\Server\rewrite.php(43): require_once('C:\\xampp\\htdocs...')
#22 {main}
CRITICAL - 2022-05-12 09:15:27 --> Undefined array key ""
#0 C:\xampp\htdocs\diet_recommender\app\ThirdParty\Smarty\Compiles\2d9552da3312aafd85f70aaa9d62c6d7c066bec4_0.file.my_diet.tpl.php(129): CodeIgniter\Debug\Exceptions->errorHandler(2, 'Undefined array...', 'C:\\xampp\\htdocs...', 129)
#1 C:\xampp\htdocs\diet_recommender\app\ThirdParty\Smarty\libs\sysplugins\smarty_internal_runtime_inheritance.php(248): Block_1225322172627d167cbc29a5_94119606->callBlock(Object(Smarty_Internal_Template))
#2 C:\xampp\htdocs\diet_recommender\app\ThirdParty\Smarty\libs\sysplugins\smarty_internal_runtime_inheritance.php(184): Smarty_Internal_Runtime_Inheritance->callBlock(Object(Block_1225322172627d167cbc29a5_94119606), Object(Smarty_Internal_Template))
#3 C:\xampp\htdocs\diet_recommender\app\ThirdParty\Smarty\libs\sysplugins\smarty_internal_runtime_inheritance.php(186): Smarty_Internal_Runtime_Inheritance->process(Object(Smarty_Internal_Template), Object(Block_1225322172627d167cbc29a5_94119606), Object(Block_152547647562763a95474861_22545650))
#4 C:\xampp\htdocs\diet_recommender\app\ThirdParty\Smarty\libs\sysplugins\smarty_internal_runtime_inheritance.php(156): Smarty_Internal_Runtime_Inheritance->process(Object(Smarty_Internal_Template), Object(Block_152547647562763a95474861_22545650))
#5 C:\xampp\htdocs\diet_recommender\app\ThirdParty\Smarty\Compiles\c4cff84b956c2362d512dc8ee3c9abcbabb2c585_0.file.member_area.tpl.php(86): Smarty_Internal_Runtime_Inheritance->instanceBlock(Object(Smarty_Internal_Template), 'Block_152547647...', 'body')
#6 C:\xampp\htdocs\diet_recommender\app\ThirdParty\Smarty\libs\sysplugins\smarty_template_resource_base.php(123): content_62763a954786e9_84606815(Object(Smarty_Internal_Template))
#7 C:\xampp\htdocs\diet_recommender\app\ThirdParty\Smarty\libs\sysplugins\smarty_template_compiled.php(114): Smarty_Template_Resource_Base->getRenderedTemplateCode(Object(Smarty_Internal_Template))
#8 C:\xampp\htdocs\diet_recommender\app\ThirdParty\Smarty\libs\sysplugins\smarty_internal_template.php(216): Smarty_Template_Compiled->render(Object(Smarty_Internal_Template))
#9 C:\xampp\htdocs\diet_recommender\app\ThirdParty\Smarty\libs\sysplugins\smarty_internal_template.php(385): Smarty_Internal_Template->render()
#10 C:\xampp\htdocs\diet_recommender\app\ThirdParty\Smarty\libs\sysplugins\smarty_internal_runtime_inheritance.php(116): Smarty_Internal_Template->_subTemplateRender('Layouts/member_...', NULL, NULL, 0, 3600, Array, 2, false, NULL, NULL)
#11 C:\xampp\htdocs\diet_recommender\app\ThirdParty\Smarty\Compiles\2d9552da3312aafd85f70aaa9d62c6d7c066bec4_0.file.my_diet.tpl.php(31): Smarty_Internal_Runtime_Inheritance->endChild(Object(Smarty_Internal_Template), 'Layouts/member_...')
#12 C:\xampp\htdocs\diet_recommender\app\ThirdParty\Smarty\libs\sysplugins\smarty_template_resource_base.php(123): content_627d167cc33e43_04550125(Object(Smarty_Internal_Template))
#13 C:\xampp\htdocs\diet_recommender\app\ThirdParty\Smarty\libs\sysplugins\smarty_template_compiled.php(114): Smarty_Template_Resource_Base->getRenderedTemplateCode(Object(Smarty_Internal_Template))
#14 C:\xampp\htdocs\diet_recommender\app\ThirdParty\Smarty\libs\sysplugins\smarty_internal_template.php(216): Smarty_Template_Compiled->render(Object(Smarty_Internal_Template))
#15 C:\xampp\htdocs\diet_recommender\app\ThirdParty\Smarty\libs\sysplugins\smarty_internal_templatebase.php(238): Smarty_Internal_Template->render(false, 1)
#16 C:\xampp\htdocs\diet_recommender\app\ThirdParty\Smarty\libs\sysplugins\smarty_internal_templatebase.php(134): Smarty_Internal_TemplateBase->_execute(Object(Smarty_Internal_Template), NULL, NULL, NULL, 1)
#17 C:\xampp\htdocs\diet_recommender\app\Libraries\TPL.php(40): Smarty_Internal_TemplateBase->display('Student/my_diet...', NULL, NULL, NULL)
#18 C:\xampp\htdocs\diet_recommender\app\Libraries\TPL.php(55): App\Libraries\TPL->display('Student/my_diet...')
#19 C:\xampp\htdocs\diet_recommender\system\CodeIgniter.php(320): App\Libraries\TPL->__destruct()
#20 C:\xampp\htdocs\diet_recommender\public\index.php(37): CodeIgniter\CodeIgniter->run()
#21 C:\xampp\htdocs\diet_recommender\system\Commands\Server\rewrite.php(43): require_once('C:\\xampp\\htdocs...')
#22 {main}
CRITICAL - 2022-05-12 09:15:46 --> Undefined array key ""
#0 C:\xampp\htdocs\diet_recommender\app\ThirdParty\Smarty\Compiles\2d9552da3312aafd85f70aaa9d62c6d7c066bec4_0.file.my_diet.tpl.php(129): CodeIgniter\Debug\Exceptions->errorHandler(2, 'Undefined array...', 'C:\\xampp\\htdocs...', 129)
#1 C:\xampp\htdocs\diet_recommender\app\ThirdParty\Smarty\libs\sysplugins\smarty_internal_runtime_inheritance.php(248): Block_1924405096627d1691d9c129_99347945->callBlock(Object(Smarty_Internal_Template))
#2 C:\xampp\htdocs\diet_recommender\app\ThirdParty\Smarty\libs\sysplugins\smarty_internal_runtime_inheritance.php(184): Smarty_Internal_Runtime_Inheritance->callBlock(Object(Block_1924405096627d1691d9c129_99347945), Object(Smarty_Internal_Template))
#3 C:\xampp\htdocs\diet_recommender\app\ThirdParty\Smarty\libs\sysplugins\smarty_internal_runtime_inheritance.php(186): Smarty_Internal_Runtime_Inheritance->process(Object(Smarty_Internal_Template), Object(Block_1924405096627d1691d9c129_99347945), Object(Block_152547647562763a95474861_22545650))
#4 C:\xampp\htdocs\diet_recommender\app\ThirdParty\Smarty\libs\sysplugins\smarty_internal_runtime_inheritance.php(156): Smarty_Internal_Runtime_Inheritance->process(Object(Smarty_Internal_Template), Object(Block_152547647562763a95474861_22545650))
#5 C:\xampp\htdocs\diet_recommender\app\ThirdParty\Smarty\Compiles\c4cff84b956c2362d512dc8ee3c9abcbabb2c585_0.file.member_area.tpl.php(86): Smarty_Internal_Runtime_Inheritance->instanceBlock(Object(Smarty_Internal_Template), 'Block_152547647...', 'body')
#6 C:\xampp\htdocs\diet_recommender\app\ThirdParty\Smarty\libs\sysplugins\smarty_template_resource_base.php(123): content_62763a954786e9_84606815(Object(Smarty_Internal_Template))
#7 C:\xampp\htdocs\diet_recommender\app\ThirdParty\Smarty\libs\sysplugins\smarty_template_compiled.php(114): Smarty_Template_Resource_Base->getRenderedTemplateCode(Object(Smarty_Internal_Template))
#8 C:\xampp\htdocs\diet_recommender\app\ThirdParty\Smarty\libs\sysplugins\smarty_internal_template.php(216): Smarty_Template_Compiled->render(Object(Smarty_Internal_Template))
#9 C:\xampp\htdocs\diet_recommender\app\ThirdParty\Smarty\libs\sysplugins\smarty_internal_template.php(385): Smarty_Internal_Template->render()
#10 C:\xampp\htdocs\diet_recommender\app\ThirdParty\Smarty\libs\sysplugins\smarty_internal_runtime_inheritance.php(116): Smarty_Internal_Template->_subTemplateRender('Layouts/member_...', NULL, NULL, 0, 3600, Array, 2, false, NULL, NULL)
#11 C:\xampp\htdocs\diet_recommender\app\ThirdParty\Smarty\Compiles\2d9552da3312aafd85f70aaa9d62c6d7c066bec4_0.file.my_diet.tpl.php(31): Smarty_Internal_Runtime_Inheritance->endChild(Object(Smarty_Internal_Template), 'Layouts/member_...')
#12 C:\xampp\htdocs\diet_recommender\app\ThirdParty\Smarty\libs\sysplugins\smarty_template_resource_base.php(123): content_627d1691e058c8_66103100(Object(Smarty_Internal_Template))
#13 C:\xampp\htdocs\diet_recommender\app\ThirdParty\Smarty\libs\sysplugins\smarty_template_compiled.php(114): Smarty_Template_Resource_Base->getRenderedTemplateCode(Object(Smarty_Internal_Template))
#14 C:\xampp\htdocs\diet_recommender\app\ThirdParty\Smarty\libs\sysplugins\smarty_internal_template.php(216): Smarty_Template_Compiled->render(Object(Smarty_Internal_Template))
#15 C:\xampp\htdocs\diet_recommender\app\ThirdParty\Smarty\libs\sysplugins\smarty_internal_templatebase.php(238): Smarty_Internal_Template->render(false, 1)
#16 C:\xampp\htdocs\diet_recommender\app\ThirdParty\Smarty\libs\sysplugins\smarty_internal_templatebase.php(134): Smarty_Internal_TemplateBase->_execute(Object(Smarty_Internal_Template), NULL, NULL, NULL, 1)
#17 C:\xampp\htdocs\diet_recommender\app\Libraries\TPL.php(40): Smarty_Internal_TemplateBase->display('Student/my_diet...', NULL, NULL, NULL)
#18 C:\xampp\htdocs\diet_recommender\app\Libraries\TPL.php(55): App\Libraries\TPL->display('Student/my_diet...')
#19 C:\xampp\htdocs\diet_recommender\system\CodeIgniter.php(320): App\Libraries\TPL->__destruct()
#20 C:\xampp\htdocs\diet_recommender\public\index.php(37): CodeIgniter\CodeIgniter->run()
#21 C:\xampp\htdocs\diet_recommender\system\Commands\Server\rewrite.php(43): require_once('C:\\xampp\\htdocs...')
#22 {main}
CRITICAL - 2022-05-12 09:15:58 --> Undefined array key ""
#0 C:\xampp\htdocs\diet_recommender\app\ThirdParty\Smarty\Compiles\2d9552da3312aafd85f70aaa9d62c6d7c066bec4_0.file.my_diet.tpl.php(129): CodeIgniter\Debug\Exceptions->errorHandler(2, 'Undefined array...', 'C:\\xampp\\htdocs...', 129)
#1 C:\xampp\htdocs\diet_recommender\app\ThirdParty\Smarty\libs\sysplugins\smarty_internal_runtime_inheritance.php(248): Block_1924405096627d1691d9c129_99347945->callBlock(Object(Smarty_Internal_Template))
#2 C:\xampp\htdocs\diet_recommender\app\ThirdParty\Smarty\libs\sysplugins\smarty_internal_runtime_inheritance.php(184): Smarty_Internal_Runtime_Inheritance->callBlock(Object(Block_1924405096627d1691d9c129_99347945), Object(Smarty_Internal_Template))
#3 C:\xampp\htdocs\diet_recommender\app\ThirdParty\Smarty\libs\sysplugins\smarty_internal_runtime_inheritance.php(186): Smarty_Internal_Runtime_Inheritance->process(Object(Smarty_Internal_Template), Object(Block_1924405096627d1691d9c129_99347945), Object(Block_152547647562763a95474861_22545650))
#4 C:\xampp\htdocs\diet_recommender\app\ThirdParty\Smarty\libs\sysplugins\smarty_internal_runtime_inheritance.php(156): Smarty_Internal_Runtime_Inheritance->process(Object(Smarty_Internal_Template), Object(Block_152547647562763a95474861_22545650))
#5 C:\xampp\htdocs\diet_recommender\app\ThirdParty\Smarty\Compiles\c4cff84b956c2362d512dc8ee3c9abcbabb2c585_0.file.member_area.tpl.php(86): Smarty_Internal_Runtime_Inheritance->instanceBlock(Object(Smarty_Internal_Template), 'Block_152547647...', 'body')
#6 C:\xampp\htdocs\diet_recommender\app\ThirdParty\Smarty\libs\sysplugins\smarty_template_resource_base.php(123): content_62763a954786e9_84606815(Object(Smarty_Internal_Template))
#7 C:\xampp\htdocs\diet_recommender\app\ThirdParty\Smarty\libs\sysplugins\smarty_template_compiled.php(114): Smarty_Template_Resource_Base->getRenderedTemplateCode(Object(Smarty_Internal_Template))
#8 C:\xampp\htdocs\diet_recommender\app\ThirdParty\Smarty\libs\sysplugins\smarty_internal_template.php(216): Smarty_Template_Compiled->render(Object(Smarty_Internal_Template))
#9 C:\xampp\htdocs\diet_recommender\app\ThirdParty\Smarty\libs\sysplugins\smarty_internal_template.php(385): Smarty_Internal_Template->render()
#10 C:\xampp\htdocs\diet_recommender\app\ThirdParty\Smarty\libs\sysplugins\smarty_internal_runtime_inheritance.php(116): Smarty_Internal_Template->_subTemplateRender('Layouts/member_...', NULL, NULL, 0, 3600, Array, 2, false, NULL, NULL)
#11 C:\xampp\htdocs\diet_recommender\app\ThirdParty\Smarty\Compiles\2d9552da3312aafd85f70aaa9d62c6d7c066bec4_0.file.my_diet.tpl.php(31): Smarty_Internal_Runtime_Inheritance->endChild(Object(Smarty_Internal_Template), 'Layouts/member_...')
#12 C:\xampp\htdocs\diet_recommender\app\ThirdParty\Smarty\libs\sysplugins\smarty_template_resource_base.php(123): content_627d1691e058c8_66103100(Object(Smarty_Internal_Template))
#13 C:\xampp\htdocs\diet_recommender\app\ThirdParty\Smarty\libs\sysplugins\smarty_template_compiled.php(114): Smarty_Template_Resource_Base->getRenderedTemplateCode(Object(Smarty_Internal_Template))
#14 C:\xampp\htdocs\diet_recommender\app\ThirdParty\Smarty\libs\sysplugins\smarty_internal_template.php(216): Smarty_Template_Compiled->render(Object(Smarty_Internal_Template))
#15 C:\xampp\htdocs\diet_recommender\app\ThirdParty\Smarty\libs\sysplugins\smarty_internal_templatebase.php(238): Smarty_Internal_Template->render(false, 1)
#16 C:\xampp\htdocs\diet_recommender\app\ThirdParty\Smarty\libs\sysplugins\smarty_internal_templatebase.php(134): Smarty_Internal_TemplateBase->_execute(Object(Smarty_Internal_Template), NULL, NULL, NULL, 1)
#17 C:\xampp\htdocs\diet_recommender\app\Libraries\TPL.php(40): Smarty_Internal_TemplateBase->display('Student/my_diet...', NULL, NULL, NULL)
#18 C:\xampp\htdocs\diet_recommender\app\Libraries\TPL.php(55): App\Libraries\TPL->display('Student/my_diet...')
#19 C:\xampp\htdocs\diet_recommender\system\CodeIgniter.php(320): App\Libraries\TPL->__destruct()
#20 C:\xampp\htdocs\diet_recommender\public\index.php(37): CodeIgniter\CodeIgniter->run()
#21 C:\xampp\htdocs\diet_recommender\system\Commands\Server\rewrite.php(43): require_once('C:\\xampp\\htdocs...')
#22 {main}
CRITICAL - 2022-05-12 09:17:00 --> Undefined array key ""
#0 C:\xampp\htdocs\diet_recommender\app\ThirdParty\Smarty\Compiles\2d9552da3312aafd85f70aaa9d62c6d7c066bec4_0.file.my_diet.tpl.php(136): CodeIgniter\Debug\Exceptions->errorHandler(2, 'Undefined array...', 'C:\\xampp\\htdocs...', 136)
#1 C:\xampp\htdocs\diet_recommender\app\ThirdParty\Smarty\libs\sysplugins\smarty_internal_runtime_inheritance.php(248): Block_81485763627d16dbbe7748_67419780->callBlock(Object(Smarty_Internal_Template))
#2 C:\xampp\htdocs\diet_recommender\app\ThirdParty\Smarty\libs\sysplugins\smarty_internal_runtime_inheritance.php(184): Smarty_Internal_Runtime_Inheritance->callBlock(Object(Block_81485763627d16dbbe7748_67419780), Object(Smarty_Internal_Template))
#3 C:\xampp\htdocs\diet_recommender\app\ThirdParty\Smarty\libs\sysplugins\smarty_internal_runtime_inheritance.php(186): Smarty_Internal_Runtime_Inheritance->process(Object(Smarty_Internal_Template), Object(Block_81485763627d16dbbe7748_67419780), Object(Block_152547647562763a95474861_22545650))
#4 C:\xampp\htdocs\diet_recommender\app\ThirdParty\Smarty\libs\sysplugins\smarty_internal_runtime_inheritance.php(156): Smarty_Internal_Runtime_Inheritance->process(Object(Smarty_Internal_Template), Object(Block_152547647562763a95474861_22545650))
#5 C:\xampp\htdocs\diet_recommender\app\ThirdParty\Smarty\Compiles\c4cff84b956c2362d512dc8ee3c9abcbabb2c585_0.file.member_area.tpl.php(86): Smarty_Internal_Runtime_Inheritance->instanceBlock(Object(Smarty_Internal_Template), 'Block_152547647...', 'body')
#6 C:\xampp\htdocs\diet_recommender\app\ThirdParty\Smarty\libs\sysplugins\smarty_template_resource_base.php(123): content_62763a954786e9_84606815(Object(Smarty_Internal_Template))
#7 C:\xampp\htdocs\diet_recommender\app\ThirdParty\Smarty\libs\sysplugins\smarty_template_compiled.php(114): Smarty_Template_Resource_Base->getRenderedTemplateCode(Object(Smarty_Internal_Template))
#8 C:\xampp\htdocs\diet_recommender\app\ThirdParty\Smarty\libs\sysplugins\smarty_internal_template.php(216): Smarty_Template_Compiled->render(Object(Smarty_Internal_Template))
#9 C:\xampp\htdocs\diet_recommender\app\ThirdParty\Smarty\libs\sysplugins\smarty_internal_template.php(385): Smarty_Internal_Template->render()
#10 C:\xampp\htdocs\diet_recommender\app\ThirdParty\Smarty\libs\sysplugins\smarty_internal_runtime_inheritance.php(116): Smarty_Internal_Template->_subTemplateRender('Layouts/member_...', NULL, NULL, 0, 3600, Array, 2, false, NULL, NULL)
#11 C:\xampp\htdocs\diet_recommender\app\ThirdParty\Smarty\Compiles\2d9552da3312aafd85f70aaa9d62c6d7c066bec4_0.file.my_diet.tpl.php(38): Smarty_Internal_Runtime_Inheritance->endChild(Object(Smarty_Internal_Template), 'Layouts/member_...')
#12 C:\xampp\htdocs\diet_recommender\app\ThirdParty\Smarty\libs\sysplugins\smarty_template_resource_base.php(123): content_627d16dbc54d61_04128071(Object(Smarty_Internal_Template))
#13 C:\xampp\htdocs\diet_recommender\app\ThirdParty\Smarty\libs\sysplugins\smarty_template_compiled.php(114): Smarty_Template_Resource_Base->getRenderedTemplateCode(Object(Smarty_Internal_Template))
#14 C:\xampp\htdocs\diet_recommender\app\ThirdParty\Smarty\libs\sysplugins\smarty_internal_template.php(216): Smarty_Template_Compiled->render(Object(Smarty_Internal_Template))
#15 C:\xampp\htdocs\diet_recommender\app\ThirdParty\Smarty\libs\sysplugins\smarty_internal_templatebase.php(238): Smarty_Internal_Template->render(false, 1)
#16 C:\xampp\htdocs\diet_recommender\app\ThirdParty\Smarty\libs\sysplugins\smarty_internal_templatebase.php(134): Smarty_Internal_TemplateBase->_execute(Object(Smarty_Internal_Template), NULL, NULL, NULL, 1)
#17 C:\xampp\htdocs\diet_recommender\app\Libraries\TPL.php(40): Smarty_Internal_TemplateBase->display('Student/my_diet...', NULL, NULL, NULL)
#18 C:\xampp\htdocs\diet_recommender\app\Libraries\TPL.php(55): App\Libraries\TPL->display('Student/my_diet...')
#19 C:\xampp\htdocs\diet_recommender\system\CodeIgniter.php(320): App\Libraries\TPL->__destruct()
#20 C:\xampp\htdocs\diet_recommender\public\index.php(37): CodeIgniter\CodeIgniter->run()
#21 C:\xampp\htdocs\diet_recommender\system\Commands\Server\rewrite.php(43): require_once('C:\\xampp\\htdocs...')
#22 {main}
CRITICAL - 2022-05-12 09:23:25 --> Syntax error in template "file:C:\xampp\htdocs\diet_recommender\app\Views\Student\my_diet.tpl"  on line 3 "{$activeClass.$student_profile.type_of_diet] = 'class="target-diet"'}"  - Unexpected "]", expected one of: "}"
#0 C:\xampp\htdocs\diet_recommender\app\ThirdParty\Smarty\libs\sysplugins\smarty_internal_templateparser.php(2819): Smarty_Internal_TemplateCompilerBase->trigger_template_error()
#1 C:\xampp\htdocs\diet_recommender\app\ThirdParty\Smarty\libs\sysplugins\smarty_internal_templateparser.php(2880): Smarty_Internal_Templateparser->yy_syntax_error(52, ']')
#2 C:\xampp\htdocs\diet_recommender\app\ThirdParty\Smarty\libs\sysplugins\smarty_internal_smartytemplatecompiler.php(128): Smarty_Internal_Templateparser->doParse(52, ']')
#3 C:\xampp\htdocs\diet_recommender\app\ThirdParty\Smarty\libs\sysplugins\smarty_internal_templatecompilerbase.php(469): Smarty_Internal_SmartyTemplateCompiler->doCompile('{$type_of_diet ...', true)
#4 C:\xampp\htdocs\diet_recommender\app\ThirdParty\Smarty\libs\sysplugins\smarty_internal_templatecompilerbase.php(395): Smarty_Internal_TemplateCompilerBase->compileTemplateSource(Object(Smarty_Internal_Template), false, NULL)
#5 C:\xampp\htdocs\diet_recommender\app\ThirdParty\Smarty\libs\sysplugins\smarty_template_compiled.php(184): Smarty_Internal_TemplateCompilerBase->compileTemplate(Object(Smarty_Internal_Template))
#6 C:\xampp\htdocs\diet_recommender\app\ThirdParty\Smarty\libs\sysplugins\smarty_template_compiled.php(141): Smarty_Template_Compiled->compileTemplateSource(Object(Smarty_Internal_Template))
#7 C:\xampp\htdocs\diet_recommender\app\ThirdParty\Smarty\libs\sysplugins\smarty_template_compiled.php(105): Smarty_Template_Compiled->process(Object(Smarty_Internal_Template))
#8 C:\xampp\htdocs\diet_recommender\app\ThirdParty\Smarty\libs\sysplugins\smarty_internal_template.php(216): Smarty_Template_Compiled->render(Object(Smarty_Internal_Template))
#9 C:\xampp\htdocs\diet_recommender\app\ThirdParty\Smarty\libs\sysplugins\smarty_internal_templatebase.php(238): Smarty_Internal_Template->render(false, 1)
#10 C:\xampp\htdocs\diet_recommender\app\ThirdParty\Smarty\libs\sysplugins\smarty_internal_templatebase.php(134): Smarty_Internal_TemplateBase->_execute(Object(Smarty_Internal_Template), NULL, NULL, NULL, 1)
#11 C:\xampp\htdocs\diet_recommender\app\Libraries\TPL.php(40): Smarty_Internal_TemplateBase->display('Student/my_diet...', NULL, NULL, NULL)
#12 C:\xampp\htdocs\diet_recommender\app\Libraries\TPL.php(55): App\Libraries\TPL->display('Student/my_diet...')
#13 C:\xampp\htdocs\diet_recommender\system\CodeIgniter.php(320): App\Libraries\TPL->__destruct()
#14 C:\xampp\htdocs\diet_recommender\public\index.php(37): CodeIgniter\CodeIgniter->run()
#15 C:\xampp\htdocs\diet_recommender\system\Commands\Server\rewrite.php(43): require_once('C:\\xampp\\htdocs...')
#16 {main}
CRITICAL - 2022-05-12 09:24:02 --> Illegal offset type
#0 C:\xampp\htdocs\diet_recommender\app\ThirdParty\Smarty\libs\sysplugins\smarty_template_resource_base.php(123): content_627d1881bf5778_86517041(Object(Smarty_Internal_Template))
#1 C:\xampp\htdocs\diet_recommender\app\ThirdParty\Smarty\libs\sysplugins\smarty_template_compiled.php(114): Smarty_Template_Resource_Base->getRenderedTemplateCode(Object(Smarty_Internal_Template))
#2 C:\xampp\htdocs\diet_recommender\app\ThirdParty\Smarty\libs\sysplugins\smarty_internal_template.php(216): Smarty_Template_Compiled->render(Object(Smarty_Internal_Template))
#3 C:\xampp\htdocs\diet_recommender\app\ThirdParty\Smarty\libs\sysplugins\smarty_internal_templatebase.php(238): Smarty_Internal_Template->render(false, 1)
#4 C:\xampp\htdocs\diet_recommender\app\ThirdParty\Smarty\libs\sysplugins\smarty_internal_templatebase.php(134): Smarty_Internal_TemplateBase->_execute(Object(Smarty_Internal_Template), NULL, NULL, NULL, 1)
#5 C:\xampp\htdocs\diet_recommender\app\Libraries\TPL.php(40): Smarty_Internal_TemplateBase->display('Student/my_diet...', NULL, NULL, NULL)
#6 C:\xampp\htdocs\diet_recommender\app\Libraries\TPL.php(55): App\Libraries\TPL->display('Student/my_diet...')
#7 C:\xampp\htdocs\diet_recommender\system\CodeIgniter.php(320): App\Libraries\TPL->__destruct()
#8 C:\xampp\htdocs\diet_recommender\public\index.php(37): CodeIgniter\CodeIgniter->run()
#9 C:\xampp\htdocs\diet_recommender\system\Commands\Server\rewrite.php(43): require_once('C:\\xampp\\htdocs...')
#10 {main}
CRITICAL - 2022-05-12 09:24:11 --> Illegal offset type
#0 C:\xampp\htdocs\diet_recommender\app\ThirdParty\Smarty\libs\sysplugins\smarty_template_resource_base.php(123): content_627d1881bf5778_86517041(Object(Smarty_Internal_Template))
#1 C:\xampp\htdocs\diet_recommender\app\ThirdParty\Smarty\libs\sysplugins\smarty_template_compiled.php(114): Smarty_Template_Resource_Base->getRenderedTemplateCode(Object(Smarty_Internal_Template))
#2 C:\xampp\htdocs\diet_recommender\app\ThirdParty\Smarty\libs\sysplugins\smarty_internal_template.php(216): Smarty_Template_Compiled->render(Object(Smarty_Internal_Template))
#3 C:\xampp\htdocs\diet_recommender\app\ThirdParty\Smarty\libs\sysplugins\smarty_internal_templatebase.php(238): Smarty_Internal_Template->render(false, 1)
#4 C:\xampp\htdocs\diet_recommender\app\ThirdParty\Smarty\libs\sysplugins\smarty_internal_templatebase.php(134): Smarty_Internal_TemplateBase->_execute(Object(Smarty_Internal_Template), NULL, NULL, NULL, 1)
#5 C:\xampp\htdocs\diet_recommender\app\Libraries\TPL.php(40): Smarty_Internal_TemplateBase->display('Student/my_diet...', NULL, NULL, NULL)
#6 C:\xampp\htdocs\diet_recommender\app\Libraries\TPL.php(55): App\Libraries\TPL->display('Student/my_diet...')
#7 C:\xampp\htdocs\diet_recommender\system\CodeIgniter.php(320): App\Libraries\TPL->__destruct()
#8 C:\xampp\htdocs\diet_recommender\public\index.php(37): CodeIgniter\CodeIgniter->run()
#9 C:\xampp\htdocs\diet_recommender\system\Commands\Server\rewrite.php(43): require_once('C:\\xampp\\htdocs...')
#10 {main}
CRITICAL - 2022-05-12 23:27:51 --> Undefined array key "type_of_diet"
#0 C:\xampp\htdocs\diet_recommender\app\ThirdParty\Smarty\Compiles\e4b8f980b42f71b2732ed0169ad6d58fcc5462b5_0.file.my_profile.tpl.php(112): CodeIgniter\Debug\Exceptions->errorHandler(2, 'Undefined array...', 'C:\\xampp\\htdocs...', 112)
#1 C:\xampp\htdocs\diet_recommender\app\ThirdParty\Smarty\libs\sysplugins\smarty_internal_runtime_inheritance.php(248): Block_1941787772627dde475917b7_71104773->callBlock(Object(Smarty_Internal_Template))
#2 C:\xampp\htdocs\diet_recommender\app\ThirdParty\Smarty\libs\sysplugins\smarty_internal_runtime_inheritance.php(184): Smarty_Internal_Runtime_Inheritance->callBlock(Object(Block_1941787772627dde475917b7_71104773), Object(Smarty_Internal_Template))
#3 C:\xampp\htdocs\diet_recommender\app\ThirdParty\Smarty\libs\sysplugins\smarty_internal_runtime_inheritance.php(186): Smarty_Internal_Runtime_Inheritance->process(Object(Smarty_Internal_Template), Object(Block_1941787772627dde475917b7_71104773), Object(Block_152547647562763a95474861_22545650))
#4 C:\xampp\htdocs\diet_recommender\app\ThirdParty\Smarty\libs\sysplugins\smarty_internal_runtime_inheritance.php(156): Smarty_Internal_Runtime_Inheritance->process(Object(Smarty_Internal_Template), Object(Block_152547647562763a95474861_22545650))
#5 C:\xampp\htdocs\diet_recommender\app\ThirdParty\Smarty\Compiles\c4cff84b956c2362d512dc8ee3c9abcbabb2c585_0.file.member_area.tpl.php(86): Smarty_Internal_Runtime_Inheritance->instanceBlock(Object(Smarty_Internal_Template), 'Block_152547647...', 'body')
#6 C:\xampp\htdocs\diet_recommender\app\ThirdParty\Smarty\libs\sysplugins\smarty_template_resource_base.php(123): content_62763a954786e9_84606815(Object(Smarty_Internal_Template))
#7 C:\xampp\htdocs\diet_recommender\app\ThirdParty\Smarty\libs\sysplugins\smarty_template_compiled.php(114): Smarty_Template_Resource_Base->getRenderedTemplateCode(Object(Smarty_Internal_Template))
#8 C:\xampp\htdocs\diet_recommender\app\ThirdParty\Smarty\libs\sysplugins\smarty_internal_template.php(216): Smarty_Template_Compiled->render(Object(Smarty_Internal_Template))
#9 C:\xampp\htdocs\diet_recommender\app\ThirdParty\Smarty\libs\sysplugins\smarty_internal_template.php(385): Smarty_Internal_Template->render()
#10 C:\xampp\htdocs\diet_recommender\app\ThirdParty\Smarty\libs\sysplugins\smarty_internal_runtime_inheritance.php(116): Smarty_Internal_Template->_subTemplateRender('Layouts/member_...', NULL, NULL, 0, 3600, Array, 2, false, NULL, NULL)
#11 C:\xampp\htdocs\diet_recommender\app\ThirdParty\Smarty\Compiles\e4b8f980b42f71b2732ed0169ad6d58fcc5462b5_0.file.my_profile.tpl.php(31): Smarty_Internal_Runtime_Inheritance->endChild(Object(Smarty_Internal_Template), 'Layouts/member_...')
#12 C:\xampp\htdocs\diet_recommender\app\ThirdParty\Smarty\libs\sysplugins\smarty_template_resource_base.php(123): content_627dde47606ac7_89145727(Object(Smarty_Internal_Template))
#13 C:\xampp\htdocs\diet_recommender\app\ThirdParty\Smarty\libs\sysplugins\smarty_template_compiled.php(114): Smarty_Template_Resource_Base->getRenderedTemplateCode(Object(Smarty_Internal_Template))
#14 C:\xampp\htdocs\diet_recommender\app\ThirdParty\Smarty\libs\sysplugins\smarty_internal_template.php(216): Smarty_Template_Compiled->render(Object(Smarty_Internal_Template))
#15 C:\xampp\htdocs\diet_recommender\app\ThirdParty\Smarty\libs\sysplugins\smarty_internal_templatebase.php(238): Smarty_Internal_Template->render(false, 1)
#16 C:\xampp\htdocs\diet_recommender\app\ThirdParty\Smarty\libs\sysplugins\smarty_internal_templatebase.php(134): Smarty_Internal_TemplateBase->_execute(Object(Smarty_Internal_Template), NULL, NULL, NULL, 1)
#17 C:\xampp\htdocs\diet_recommender\app\Libraries\TPL.php(40): Smarty_Internal_TemplateBase->display('Student/my_prof...', NULL, NULL, NULL)
#18 C:\xampp\htdocs\diet_recommender\app\Libraries\TPL.php(55): App\Libraries\TPL->display('Student/my_prof...')
#19 C:\xampp\htdocs\diet_recommender\system\CodeIgniter.php(320): App\Libraries\TPL->__destruct()
#20 C:\xampp\htdocs\diet_recommender\public\index.php(37): CodeIgniter\CodeIgniter->run()
#21 C:\xampp\htdocs\diet_recommender\system\Commands\Server\rewrite.php(43): require_once('C:\\xampp\\htdocs...')
#22 {main}
CRITICAL - 2022-05-12 23:28:35 --> Undefined array key "type_of_diet"
#0 C:\xampp\htdocs\diet_recommender\app\ThirdParty\Smarty\Compiles\e4b8f980b42f71b2732ed0169ad6d58fcc5462b5_0.file.my_profile.tpl.php(112): CodeIgniter\Debug\Exceptions->errorHandler(2, 'Undefined array...', 'C:\\xampp\\htdocs...', 112)
#1 C:\xampp\htdocs\diet_recommender\app\ThirdParty\Smarty\libs\sysplugins\smarty_internal_runtime_inheritance.php(248): Block_980100457627dde72e51af8_86123926->callBlock(Object(Smarty_Internal_Template))
#2 C:\xampp\htdocs\diet_recommender\app\ThirdParty\Smarty\libs\sysplugins\smarty_internal_runtime_inheritance.php(184): Smarty_Internal_Runtime_Inheritance->callBlock(Object(Block_980100457627dde72e51af8_86123926), Object(Smarty_Internal_Template))
#3 C:\xampp\htdocs\diet_recommender\app\ThirdParty\Smarty\libs\sysplugins\smarty_internal_runtime_inheritance.php(186): Smarty_Internal_Runtime_Inheritance->process(Object(Smarty_Internal_Template), Object(Block_980100457627dde72e51af8_86123926), Object(Block_152547647562763a95474861_22545650))
#4 C:\xampp\htdocs\diet_recommender\app\ThirdParty\Smarty\libs\sysplugins\smarty_internal_runtime_inheritance.php(156): Smarty_Internal_Runtime_Inheritance->process(Object(Smarty_Internal_Template), Object(Block_152547647562763a95474861_22545650))
#5 C:\xampp\htdocs\diet_recommender\app\ThirdParty\Smarty\Compiles\c4cff84b956c2362d512dc8ee3c9abcbabb2c585_0.file.member_area.tpl.php(86): Smarty_Internal_Runtime_Inheritance->instanceBlock(Object(Smarty_Internal_Template), 'Block_152547647...', 'body')
#6 C:\xampp\htdocs\diet_recommender\app\ThirdParty\Smarty\libs\sysplugins\smarty_template_resource_base.php(123): content_62763a954786e9_84606815(Object(Smarty_Internal_Template))
#7 C:\xampp\htdocs\diet_recommender\app\ThirdParty\Smarty\libs\sysplugins\smarty_template_compiled.php(114): Smarty_Template_Resource_Base->getRenderedTemplateCode(Object(Smarty_Internal_Template))
#8 C:\xampp\htdocs\diet_recommender\app\ThirdParty\Smarty\libs\sysplugins\smarty_internal_template.php(216): Smarty_Template_Compiled->render(Object(Smarty_Internal_Template))
#9 C:\xampp\htdocs\diet_recommender\app\ThirdParty\Smarty\libs\sysplugins\smarty_internal_template.php(385): Smarty_Internal_Template->render()
#10 C:\xampp\htdocs\diet_recommender\app\ThirdParty\Smarty\libs\sysplugins\smarty_internal_runtime_inheritance.php(116): Smarty_Internal_Template->_subTemplateRender('Layouts/member_...', NULL, NULL, 0, 3600, Array, 2, false, NULL, NULL)
#11 C:\xampp\htdocs\diet_recommender\app\ThirdParty\Smarty\Compiles\e4b8f980b42f71b2732ed0169ad6d58fcc5462b5_0.file.my_profile.tpl.php(31): Smarty_Internal_Runtime_Inheritance->endChild(Object(Smarty_Internal_Template), 'Layouts/member_...')
#12 C:\xampp\htdocs\diet_recommender\app\ThirdParty\Smarty\libs\sysplugins\smarty_template_resource_base.php(123): content_627dde72e70ef9_53992792(Object(Smarty_Internal_Template))
#13 C:\xampp\htdocs\diet_recommender\app\ThirdParty\Smarty\libs\sysplugins\smarty_template_compiled.php(114): Smarty_Template_Resource_Base->getRenderedTemplateCode(Object(Smarty_Internal_Template))
#14 C:\xampp\htdocs\diet_recommender\app\ThirdParty\Smarty\libs\sysplugins\smarty_internal_template.php(216): Smarty_Template_Compiled->render(Object(Smarty_Internal_Template))
#15 C:\xampp\htdocs\diet_recommender\app\ThirdParty\Smarty\libs\sysplugins\smarty_internal_templatebase.php(238): Smarty_Internal_Template->render(false, 1)
#16 C:\xampp\htdocs\diet_recommender\app\ThirdParty\Smarty\libs\sysplugins\smarty_internal_templatebase.php(134): Smarty_Internal_TemplateBase->_execute(Object(Smarty_Internal_Template), NULL, NULL, NULL, 1)
#17 C:\xampp\htdocs\diet_recommender\app\Libraries\TPL.php(40): Smarty_Internal_TemplateBase->display('Student/my_prof...', NULL, NULL, NULL)
#18 C:\xampp\htdocs\diet_recommender\app\Libraries\TPL.php(55): App\Libraries\TPL->display('Student/my_prof...')
#19 C:\xampp\htdocs\diet_recommender\system\CodeIgniter.php(320): App\Libraries\TPL->__destruct()
#20 C:\xampp\htdocs\diet_recommender\public\index.php(37): CodeIgniter\CodeIgniter->run()
#21 C:\xampp\htdocs\diet_recommender\system\Commands\Server\rewrite.php(43): require_once('C:\\xampp\\htdocs...')
#22 {main}
