CRITICAL - 2022-07-26 01:16:01 --> SQLSTATE[23000]: Integrity constraint violation: 1452 Cannot add or update a child row: a foreign key constraint fails (`library`.`book`, CONSTRAINT `book_ibfk_1` FOREIGN KEY (`category_id`) REFERENCES `category` (`id`))
#0 C:\xampp\htdocs\library2\app\ThirdParty\NotORM\NotORM\Result.php(161): PDOStatement->execute(Array)
#1 C:\xampp\htdocs\library2\app\ThirdParty\NotORM\NotORM\Result.php(237): NotORM_Result->query('INSERT INTO boo...', Array)
#2 C:\xampp\htdocs\library2\app\ThirdParty\NotORM\NotORM\Result.php(252): NotORM_Result->insert_multi(Array)
#3 C:\xampp\htdocs\library2\app\Models\Book.php(58): NotORM_Result->insert(Array)
#4 C:\xampp\htdocs\library2\app\Controllers\Librarian.php(123): App\Models\Book->insert(Array)
#5 C:\xampp\htdocs\library2\app\Controllers\Librarian.php(150): App\Controllers\Librarian->_process_books_form_if_it_has_been_sent()
#6 C:\xampp\htdocs\library2\system\CodeIgniter.php(825): App\Controllers\Librarian->list_of_books()
#7 C:\xampp\htdocs\library2\system\CodeIgniter.php(412): CodeIgniter\CodeIgniter->runController(Object(App\Controllers\Librarian))
#8 C:\xampp\htdocs\library2\system\CodeIgniter.php(320): CodeIgniter\CodeIgniter->handleRequest(NULL, Object(Config\Cache), false)
#9 C:\xampp\htdocs\library2\public\index.php(37): CodeIgniter\CodeIgniter->run()
#10 C:\xampp\htdocs\library2\system\Commands\Server\rewrite.php(43): require_once('C:\\xampp\\htdocs...')
#11 {main}
CRITICAL - 2022-07-26 01:16:05 --> SQLSTATE[23000]: Integrity constraint violation: 1452 Cannot add or update a child row: a foreign key constraint fails (`library`.`book`, CONSTRAINT `book_ibfk_1` FOREIGN KEY (`category_id`) REFERENCES `category` (`id`))
#0 C:\xampp\htdocs\library2\app\ThirdParty\NotORM\NotORM\Result.php(161): PDOStatement->execute(Array)
#1 C:\xampp\htdocs\library2\app\ThirdParty\NotORM\NotORM\Result.php(237): NotORM_Result->query('INSERT INTO boo...', Array)
#2 C:\xampp\htdocs\library2\app\ThirdParty\NotORM\NotORM\Result.php(252): NotORM_Result->insert_multi(Array)
#3 C:\xampp\htdocs\library2\app\Models\Book.php(58): NotORM_Result->insert(Array)
#4 C:\xampp\htdocs\library2\app\Controllers\Librarian.php(123): App\Models\Book->insert(Array)
#5 C:\xampp\htdocs\library2\app\Controllers\Librarian.php(150): App\Controllers\Librarian->_process_books_form_if_it_has_been_sent()
#6 C:\xampp\htdocs\library2\system\CodeIgniter.php(825): App\Controllers\Librarian->list_of_books()
#7 C:\xampp\htdocs\library2\system\CodeIgniter.php(412): CodeIgniter\CodeIgniter->runController(Object(App\Controllers\Librarian))
#8 C:\xampp\htdocs\library2\system\CodeIgniter.php(320): CodeIgniter\CodeIgniter->handleRequest(NULL, Object(Config\Cache), false)
#9 C:\xampp\htdocs\library2\public\index.php(37): CodeIgniter\CodeIgniter->run()
#10 C:\xampp\htdocs\library2\system\Commands\Server\rewrite.php(43): require_once('C:\\xampp\\htdocs...')
#11 {main}
CRITICAL - 2022-07-26 02:43:16 --> Could not instantiate mail function.
#0 C:\xampp\htdocs\library2\app\ThirdParty\PHPMailer\src\PHPMailer.php(1664): PHPMailer\PHPMailer\PHPMailer->mailSend('Date: Tue, 26 J...', 'This is a multi...')
#1 C:\xampp\htdocs\library2\app\ThirdParty\PHPMailer\src\PHPMailer.php(1500): PHPMailer\PHPMailer\PHPMailer->postSend()
#2 C:\xampp\htdocs\library2\app\ThirdParty\EzAuth.php(236): PHPMailer\PHPMailer\PHPMailer->send()
#3 C:\xampp\htdocs\library2\app\ThirdParty\EzAuth.php(274): elmyrockers\EzAuth->_mail(Array, NULL)
#4 C:\xampp\htdocs\library2\app\ThirdParty\EzAuth.php(310): elmyrockers\EzAuth->_sendMail(Array, 'email_verificat...', Array, NULL)
#5 C:\xampp\htdocs\library2\app\Controllers\Auth.php(14): elmyrockers\EzAuth->register('', true, 'localhost:8080/...')
#6 C:\xampp\htdocs\library2\system\CodeIgniter.php(825): App\Controllers\Auth->register()
#7 C:\xampp\htdocs\library2\system\CodeIgniter.php(412): CodeIgniter\CodeIgniter->runController(Object(App\Controllers\Auth))
#8 C:\xampp\htdocs\library2\system\CodeIgniter.php(320): CodeIgniter\CodeIgniter->handleRequest(NULL, Object(Config\Cache), false)
#9 C:\xampp\htdocs\library2\public\index.php(37): CodeIgniter\CodeIgniter->run()
#10 C:\xampp\htdocs\library2\system\Commands\Server\rewrite.php(43): require_once('C:\\xampp\\htdocs...')
#11 {main}
CRITICAL - 2022-07-26 06:36:41 --> SQLSTATE[23000]: Integrity constraint violation: 1062 Duplicate entry '0' for key 'PRIMARY'
#0 C:\xampp\htdocs\library2\app\ThirdParty\NotORM\NotORM\Result.php(161): PDOStatement->execute(Array)
#1 C:\xampp\htdocs\library2\app\ThirdParty\NotORM\NotORM\Result.php(237): NotORM_Result->query('INSERT INTO wis...', Array)
#2 C:\xampp\htdocs\library2\app\ThirdParty\NotORM\NotORM\Result.php(252): NotORM_Result->insert_multi(Array)
#3 C:\xampp\htdocs\library2\app\Models\Wishlist.php(36): NotORM_Result->insert(Array)
#4 C:\xampp\htdocs\library2\app\Controllers\Student.php(44): App\Models\Wishlist->add_new_book(Array)
#5 C:\xampp\htdocs\library2\app\Controllers\Student.php(94): App\Controllers\Student->_process_available_books_request()
#6 C:\xampp\htdocs\library2\system\CodeIgniter.php(825): App\Controllers\Student->available_books()
#7 C:\xampp\htdocs\library2\system\CodeIgniter.php(412): CodeIgniter\CodeIgniter->runController(Object(App\Controllers\Student))
#8 C:\xampp\htdocs\library2\system\CodeIgniter.php(320): CodeIgniter\CodeIgniter->handleRequest(NULL, Object(Config\Cache), false)
#9 C:\xampp\htdocs\library2\public\index.php(37): CodeIgniter\CodeIgniter->run()
#10 C:\xampp\htdocs\library2\system\Commands\Server\rewrite.php(43): require_once('C:\\xampp\\htdocs...')
#11 {main}
CRITICAL - 2022-07-26 06:36:46 --> SQLSTATE[23000]: Integrity constraint violation: 1062 Duplicate entry '0' for key 'PRIMARY'
#0 C:\xampp\htdocs\library2\app\ThirdParty\NotORM\NotORM\Result.php(161): PDOStatement->execute(Array)
#1 C:\xampp\htdocs\library2\app\ThirdParty\NotORM\NotORM\Result.php(237): NotORM_Result->query('INSERT INTO wis...', Array)
#2 C:\xampp\htdocs\library2\app\ThirdParty\NotORM\NotORM\Result.php(252): NotORM_Result->insert_multi(Array)
#3 C:\xampp\htdocs\library2\app\Models\Wishlist.php(36): NotORM_Result->insert(Array)
#4 C:\xampp\htdocs\library2\app\Controllers\Student.php(44): App\Models\Wishlist->add_new_book(Array)
#5 C:\xampp\htdocs\library2\app\Controllers\Student.php(94): App\Controllers\Student->_process_available_books_request()
#6 C:\xampp\htdocs\library2\system\CodeIgniter.php(825): App\Controllers\Student->available_books()
#7 C:\xampp\htdocs\library2\system\CodeIgniter.php(412): CodeIgniter\CodeIgniter->runController(Object(App\Controllers\Student))
#8 C:\xampp\htdocs\library2\system\CodeIgniter.php(320): CodeIgniter\CodeIgniter->handleRequest(NULL, Object(Config\Cache), false)
#9 C:\xampp\htdocs\library2\public\index.php(37): CodeIgniter\CodeIgniter->run()
#10 C:\xampp\htdocs\library2\system\Commands\Server\rewrite.php(43): require_once('C:\\xampp\\htdocs...')
#11 {main}
CRITICAL - 2022-07-26 06:36:50 --> SQLSTATE[23000]: Integrity constraint violation: 1062 Duplicate entry '0' for key 'PRIMARY'
#0 C:\xampp\htdocs\library2\app\ThirdParty\NotORM\NotORM\Result.php(161): PDOStatement->execute(Array)
#1 C:\xampp\htdocs\library2\app\ThirdParty\NotORM\NotORM\Result.php(237): NotORM_Result->query('INSERT INTO wis...', Array)
#2 C:\xampp\htdocs\library2\app\ThirdParty\NotORM\NotORM\Result.php(252): NotORM_Result->insert_multi(Array)
#3 C:\xampp\htdocs\library2\app\Models\Wishlist.php(36): NotORM_Result->insert(Array)
#4 C:\xampp\htdocs\library2\app\Controllers\Student.php(44): App\Models\Wishlist->add_new_book(Array)
#5 C:\xampp\htdocs\library2\app\Controllers\Student.php(94): App\Controllers\Student->_process_available_books_request()
#6 C:\xampp\htdocs\library2\system\CodeIgniter.php(825): App\Controllers\Student->available_books()
#7 C:\xampp\htdocs\library2\system\CodeIgniter.php(412): CodeIgniter\CodeIgniter->runController(Object(App\Controllers\Student))
#8 C:\xampp\htdocs\library2\system\CodeIgniter.php(320): CodeIgniter\CodeIgniter->handleRequest(NULL, Object(Config\Cache), false)
#9 C:\xampp\htdocs\library2\public\index.php(37): CodeIgniter\CodeIgniter->run()
#10 C:\xampp\htdocs\library2\system\Commands\Server\rewrite.php(43): require_once('C:\\xampp\\htdocs...')
#11 {main}
CRITICAL - 2022-07-26 06:36:51 --> SQLSTATE[23000]: Integrity constraint violation: 1062 Duplicate entry '0' for key 'PRIMARY'
#0 C:\xampp\htdocs\library2\app\ThirdParty\NotORM\NotORM\Result.php(161): PDOStatement->execute(Array)
#1 C:\xampp\htdocs\library2\app\ThirdParty\NotORM\NotORM\Result.php(237): NotORM_Result->query('INSERT INTO wis...', Array)
#2 C:\xampp\htdocs\library2\app\ThirdParty\NotORM\NotORM\Result.php(252): NotORM_Result->insert_multi(Array)
#3 C:\xampp\htdocs\library2\app\Models\Wishlist.php(36): NotORM_Result->insert(Array)
#4 C:\xampp\htdocs\library2\app\Controllers\Student.php(44): App\Models\Wishlist->add_new_book(Array)
#5 C:\xampp\htdocs\library2\app\Controllers\Student.php(94): App\Controllers\Student->_process_available_books_request()
#6 C:\xampp\htdocs\library2\system\CodeIgniter.php(825): App\Controllers\Student->available_books()
#7 C:\xampp\htdocs\library2\system\CodeIgniter.php(412): CodeIgniter\CodeIgniter->runController(Object(App\Controllers\Student))
#8 C:\xampp\htdocs\library2\system\CodeIgniter.php(320): CodeIgniter\CodeIgniter->handleRequest(NULL, Object(Config\Cache), false)
#9 C:\xampp\htdocs\library2\public\index.php(37): CodeIgniter\CodeIgniter->run()
#10 C:\xampp\htdocs\library2\system\Commands\Server\rewrite.php(43): require_once('C:\\xampp\\htdocs...')
#11 {main}
CRITICAL - 2022-07-26 06:37:08 --> SQLSTATE[23000]: Integrity constraint violation: 1062 Duplicate entry '0' for key 'PRIMARY'
#0 C:\xampp\htdocs\library2\app\ThirdParty\NotORM\NotORM\Result.php(161): PDOStatement->execute(Array)
#1 C:\xampp\htdocs\library2\app\ThirdParty\NotORM\NotORM\Result.php(237): NotORM_Result->query('INSERT INTO wis...', Array)
#2 C:\xampp\htdocs\library2\app\ThirdParty\NotORM\NotORM\Result.php(252): NotORM_Result->insert_multi(Array)
#3 C:\xampp\htdocs\library2\app\Models\Wishlist.php(36): NotORM_Result->insert(Array)
#4 C:\xampp\htdocs\library2\app\Controllers\Student.php(44): App\Models\Wishlist->add_new_book(Array)
#5 C:\xampp\htdocs\library2\app\Controllers\Student.php(94): App\Controllers\Student->_process_available_books_request()
#6 C:\xampp\htdocs\library2\system\CodeIgniter.php(825): App\Controllers\Student->available_books()
#7 C:\xampp\htdocs\library2\system\CodeIgniter.php(412): CodeIgniter\CodeIgniter->runController(Object(App\Controllers\Student))
#8 C:\xampp\htdocs\library2\system\CodeIgniter.php(320): CodeIgniter\CodeIgniter->handleRequest(NULL, Object(Config\Cache), false)
#9 C:\xampp\htdocs\library2\public\index.php(37): CodeIgniter\CodeIgniter->run()
#10 C:\xampp\htdocs\library2\system\Commands\Server\rewrite.php(43): require_once('C:\\xampp\\htdocs...')
#11 {main}
CRITICAL - 2022-07-26 06:37:10 --> SQLSTATE[23000]: Integrity constraint violation: 1062 Duplicate entry '0' for key 'PRIMARY'
#0 C:\xampp\htdocs\library2\app\ThirdParty\NotORM\NotORM\Result.php(161): PDOStatement->execute(Array)
#1 C:\xampp\htdocs\library2\app\ThirdParty\NotORM\NotORM\Result.php(237): NotORM_Result->query('INSERT INTO wis...', Array)
#2 C:\xampp\htdocs\library2\app\ThirdParty\NotORM\NotORM\Result.php(252): NotORM_Result->insert_multi(Array)
#3 C:\xampp\htdocs\library2\app\Models\Wishlist.php(36): NotORM_Result->insert(Array)
#4 C:\xampp\htdocs\library2\app\Controllers\Student.php(44): App\Models\Wishlist->add_new_book(Array)
#5 C:\xampp\htdocs\library2\app\Controllers\Student.php(94): App\Controllers\Student->_process_available_books_request()
#6 C:\xampp\htdocs\library2\system\CodeIgniter.php(825): App\Controllers\Student->available_books()
#7 C:\xampp\htdocs\library2\system\CodeIgniter.php(412): CodeIgniter\CodeIgniter->runController(Object(App\Controllers\Student))
#8 C:\xampp\htdocs\library2\system\CodeIgniter.php(320): CodeIgniter\CodeIgniter->handleRequest(NULL, Object(Config\Cache), false)
#9 C:\xampp\htdocs\library2\public\index.php(37): CodeIgniter\CodeIgniter->run()
#10 C:\xampp\htdocs\library2\system\Commands\Server\rewrite.php(43): require_once('C:\\xampp\\htdocs...')
#11 {main}
CRITICAL - 2022-07-26 06:37:11 --> SQLSTATE[23000]: Integrity constraint violation: 1062 Duplicate entry '0' for key 'PRIMARY'
#0 C:\xampp\htdocs\library2\app\ThirdParty\NotORM\NotORM\Result.php(161): PDOStatement->execute(Array)
#1 C:\xampp\htdocs\library2\app\ThirdParty\NotORM\NotORM\Result.php(237): NotORM_Result->query('INSERT INTO wis...', Array)
#2 C:\xampp\htdocs\library2\app\ThirdParty\NotORM\NotORM\Result.php(252): NotORM_Result->insert_multi(Array)
#3 C:\xampp\htdocs\library2\app\Models\Wishlist.php(36): NotORM_Result->insert(Array)
#4 C:\xampp\htdocs\library2\app\Controllers\Student.php(44): App\Models\Wishlist->add_new_book(Array)
#5 C:\xampp\htdocs\library2\app\Controllers\Student.php(94): App\Controllers\Student->_process_available_books_request()
#6 C:\xampp\htdocs\library2\system\CodeIgniter.php(825): App\Controllers\Student->available_books()
#7 C:\xampp\htdocs\library2\system\CodeIgniter.php(412): CodeIgniter\CodeIgniter->runController(Object(App\Controllers\Student))
#8 C:\xampp\htdocs\library2\system\CodeIgniter.php(320): CodeIgniter\CodeIgniter->handleRequest(NULL, Object(Config\Cache), false)
#9 C:\xampp\htdocs\library2\public\index.php(37): CodeIgniter\CodeIgniter->run()
#10 C:\xampp\htdocs\library2\system\Commands\Server\rewrite.php(43): require_once('C:\\xampp\\htdocs...')
#11 {main}
CRITICAL - 2022-07-26 06:41:45 --> SQLSTATE[23000]: Integrity constraint violation: 1062 Duplicate entry '0' for key 'PRIMARY'
#0 C:\xampp\htdocs\library2\app\ThirdParty\NotORM\NotORM\Result.php(161): PDOStatement->execute(Array)
#1 C:\xampp\htdocs\library2\app\ThirdParty\NotORM\NotORM\Result.php(237): NotORM_Result->query('INSERT INTO wis...', Array)
#2 C:\xampp\htdocs\library2\app\ThirdParty\NotORM\NotORM\Result.php(252): NotORM_Result->insert_multi(Array)
#3 C:\xampp\htdocs\library2\app\Models\Wishlist.php(36): NotORM_Result->insert(Array)
#4 C:\xampp\htdocs\library2\app\Controllers\Student.php(44): App\Models\Wishlist->add_new_book(Array)
#5 C:\xampp\htdocs\library2\app\Controllers\Student.php(94): App\Controllers\Student->_process_available_books_request()
#6 C:\xampp\htdocs\library2\system\CodeIgniter.php(825): App\Controllers\Student->available_books()
#7 C:\xampp\htdocs\library2\system\CodeIgniter.php(412): CodeIgniter\CodeIgniter->runController(Object(App\Controllers\Student))
#8 C:\xampp\htdocs\library2\system\CodeIgniter.php(320): CodeIgniter\CodeIgniter->handleRequest(NULL, Object(Config\Cache), false)
#9 C:\xampp\htdocs\library2\public\index.php(37): CodeIgniter\CodeIgniter->run()
#10 C:\xampp\htdocs\library2\system\Commands\Server\rewrite.php(43): require_once('C:\\xampp\\htdocs...')
#11 {main}
CRITICAL - 2022-07-26 06:41:47 --> SQLSTATE[23000]: Integrity constraint violation: 1062 Duplicate entry '0' for key 'PRIMARY'
#0 C:\xampp\htdocs\library2\app\ThirdParty\NotORM\NotORM\Result.php(161): PDOStatement->execute(Array)
#1 C:\xampp\htdocs\library2\app\ThirdParty\NotORM\NotORM\Result.php(237): NotORM_Result->query('INSERT INTO wis...', Array)
#2 C:\xampp\htdocs\library2\app\ThirdParty\NotORM\NotORM\Result.php(252): NotORM_Result->insert_multi(Array)
#3 C:\xampp\htdocs\library2\app\Models\Wishlist.php(36): NotORM_Result->insert(Array)
#4 C:\xampp\htdocs\library2\app\Controllers\Student.php(44): App\Models\Wishlist->add_new_book(Array)
#5 C:\xampp\htdocs\library2\app\Controllers\Student.php(94): App\Controllers\Student->_process_available_books_request()
#6 C:\xampp\htdocs\library2\system\CodeIgniter.php(825): App\Controllers\Student->available_books()
#7 C:\xampp\htdocs\library2\system\CodeIgniter.php(412): CodeIgniter\CodeIgniter->runController(Object(App\Controllers\Student))
#8 C:\xampp\htdocs\library2\system\CodeIgniter.php(320): CodeIgniter\CodeIgniter->handleRequest(NULL, Object(Config\Cache), false)
#9 C:\xampp\htdocs\library2\public\index.php(37): CodeIgniter\CodeIgniter->run()
#10 C:\xampp\htdocs\library2\system\Commands\Server\rewrite.php(43): require_once('C:\\xampp\\htdocs...')
#11 {main}
CRITICAL - 2022-07-26 06:41:49 --> SQLSTATE[23000]: Integrity constraint violation: 1062 Duplicate entry '0' for key 'PRIMARY'
#0 C:\xampp\htdocs\library2\app\ThirdParty\NotORM\NotORM\Result.php(161): PDOStatement->execute(Array)
#1 C:\xampp\htdocs\library2\app\ThirdParty\NotORM\NotORM\Result.php(237): NotORM_Result->query('INSERT INTO wis...', Array)
#2 C:\xampp\htdocs\library2\app\ThirdParty\NotORM\NotORM\Result.php(252): NotORM_Result->insert_multi(Array)
#3 C:\xampp\htdocs\library2\app\Models\Wishlist.php(36): NotORM_Result->insert(Array)
#4 C:\xampp\htdocs\library2\app\Controllers\Student.php(44): App\Models\Wishlist->add_new_book(Array)
#5 C:\xampp\htdocs\library2\app\Controllers\Student.php(94): App\Controllers\Student->_process_available_books_request()
#6 C:\xampp\htdocs\library2\system\CodeIgniter.php(825): App\Controllers\Student->available_books()
#7 C:\xampp\htdocs\library2\system\CodeIgniter.php(412): CodeIgniter\CodeIgniter->runController(Object(App\Controllers\Student))
#8 C:\xampp\htdocs\library2\system\CodeIgniter.php(320): CodeIgniter\CodeIgniter->handleRequest(NULL, Object(Config\Cache), false)
#9 C:\xampp\htdocs\library2\public\index.php(37): CodeIgniter\CodeIgniter->run()
#10 C:\xampp\htdocs\library2\system\Commands\Server\rewrite.php(43): require_once('C:\\xampp\\htdocs...')
#11 {main}
CRITICAL - 2022-07-26 06:42:03 --> SQLSTATE[23000]: Integrity constraint violation: 1062 Duplicate entry '0' for key 'PRIMARY'
#0 C:\xampp\htdocs\library2\app\ThirdParty\NotORM\NotORM\Result.php(161): PDOStatement->execute(Array)
#1 C:\xampp\htdocs\library2\app\ThirdParty\NotORM\NotORM\Result.php(237): NotORM_Result->query('INSERT INTO wis...', Array)
#2 C:\xampp\htdocs\library2\app\ThirdParty\NotORM\NotORM\Result.php(252): NotORM_Result->insert_multi(Array)
#3 C:\xampp\htdocs\library2\app\Models\Wishlist.php(36): NotORM_Result->insert(Array)
#4 C:\xampp\htdocs\library2\app\Controllers\Student.php(44): App\Models\Wishlist->add_new_book(Array)
#5 C:\xampp\htdocs\library2\app\Controllers\Student.php(94): App\Controllers\Student->_process_available_books_request()
#6 C:\xampp\htdocs\library2\system\CodeIgniter.php(825): App\Controllers\Student->available_books()
#7 C:\xampp\htdocs\library2\system\CodeIgniter.php(412): CodeIgniter\CodeIgniter->runController(Object(App\Controllers\Student))
#8 C:\xampp\htdocs\library2\system\CodeIgniter.php(320): CodeIgniter\CodeIgniter->handleRequest(NULL, Object(Config\Cache), false)
#9 C:\xampp\htdocs\library2\public\index.php(37): CodeIgniter\CodeIgniter->run()
#10 C:\xampp\htdocs\library2\system\Commands\Server\rewrite.php(43): require_once('C:\\xampp\\htdocs...')
#11 {main}
CRITICAL - 2022-07-26 06:42:04 --> SQLSTATE[23000]: Integrity constraint violation: 1062 Duplicate entry '0' for key 'PRIMARY'
#0 C:\xampp\htdocs\library2\app\ThirdParty\NotORM\NotORM\Result.php(161): PDOStatement->execute(Array)
#1 C:\xampp\htdocs\library2\app\ThirdParty\NotORM\NotORM\Result.php(237): NotORM_Result->query('INSERT INTO wis...', Array)
#2 C:\xampp\htdocs\library2\app\ThirdParty\NotORM\NotORM\Result.php(252): NotORM_Result->insert_multi(Array)
#3 C:\xampp\htdocs\library2\app\Models\Wishlist.php(36): NotORM_Result->insert(Array)
#4 C:\xampp\htdocs\library2\app\Controllers\Student.php(44): App\Models\Wishlist->add_new_book(Array)
#5 C:\xampp\htdocs\library2\app\Controllers\Student.php(94): App\Controllers\Student->_process_available_books_request()
#6 C:\xampp\htdocs\library2\system\CodeIgniter.php(825): App\Controllers\Student->available_books()
#7 C:\xampp\htdocs\library2\system\CodeIgniter.php(412): CodeIgniter\CodeIgniter->runController(Object(App\Controllers\Student))
#8 C:\xampp\htdocs\library2\system\CodeIgniter.php(320): CodeIgniter\CodeIgniter->handleRequest(NULL, Object(Config\Cache), false)
#9 C:\xampp\htdocs\library2\public\index.php(37): CodeIgniter\CodeIgniter->run()
#10 C:\xampp\htdocs\library2\system\Commands\Server\rewrite.php(43): require_once('C:\\xampp\\htdocs...')
#11 {main}
CRITICAL - 2022-07-26 06:42:04 --> SQLSTATE[23000]: Integrity constraint violation: 1062 Duplicate entry '0' for key 'PRIMARY'
#0 C:\xampp\htdocs\library2\app\ThirdParty\NotORM\NotORM\Result.php(161): PDOStatement->execute(Array)
#1 C:\xampp\htdocs\library2\app\ThirdParty\NotORM\NotORM\Result.php(237): NotORM_Result->query('INSERT INTO wis...', Array)
#2 C:\xampp\htdocs\library2\app\ThirdParty\NotORM\NotORM\Result.php(252): NotORM_Result->insert_multi(Array)
#3 C:\xampp\htdocs\library2\app\Models\Wishlist.php(36): NotORM_Result->insert(Array)
#4 C:\xampp\htdocs\library2\app\Controllers\Student.php(44): App\Models\Wishlist->add_new_book(Array)
#5 C:\xampp\htdocs\library2\app\Controllers\Student.php(94): App\Controllers\Student->_process_available_books_request()
#6 C:\xampp\htdocs\library2\system\CodeIgniter.php(825): App\Controllers\Student->available_books()
#7 C:\xampp\htdocs\library2\system\CodeIgniter.php(412): CodeIgniter\CodeIgniter->runController(Object(App\Controllers\Student))
#8 C:\xampp\htdocs\library2\system\CodeIgniter.php(320): CodeIgniter\CodeIgniter->handleRequest(NULL, Object(Config\Cache), false)
#9 C:\xampp\htdocs\library2\public\index.php(37): CodeIgniter\CodeIgniter->run()
#10 C:\xampp\htdocs\library2\system\Commands\Server\rewrite.php(43): require_once('C:\\xampp\\htdocs...')
#11 {main}
CRITICAL - 2022-07-26 06:42:04 --> SQLSTATE[23000]: Integrity constraint violation: 1062 Duplicate entry '0' for key 'PRIMARY'
#0 C:\xampp\htdocs\library2\app\ThirdParty\NotORM\NotORM\Result.php(161): PDOStatement->execute(Array)
#1 C:\xampp\htdocs\library2\app\ThirdParty\NotORM\NotORM\Result.php(237): NotORM_Result->query('INSERT INTO wis...', Array)
#2 C:\xampp\htdocs\library2\app\ThirdParty\NotORM\NotORM\Result.php(252): NotORM_Result->insert_multi(Array)
#3 C:\xampp\htdocs\library2\app\Models\Wishlist.php(36): NotORM_Result->insert(Array)
#4 C:\xampp\htdocs\library2\app\Controllers\Student.php(44): App\Models\Wishlist->add_new_book(Array)
#5 C:\xampp\htdocs\library2\app\Controllers\Student.php(94): App\Controllers\Student->_process_available_books_request()
#6 C:\xampp\htdocs\library2\system\CodeIgniter.php(825): App\Controllers\Student->available_books()
#7 C:\xampp\htdocs\library2\system\CodeIgniter.php(412): CodeIgniter\CodeIgniter->runController(Object(App\Controllers\Student))
#8 C:\xampp\htdocs\library2\system\CodeIgniter.php(320): CodeIgniter\CodeIgniter->handleRequest(NULL, Object(Config\Cache), false)
#9 C:\xampp\htdocs\library2\public\index.php(37): CodeIgniter\CodeIgniter->run()
#10 C:\xampp\htdocs\library2\system\Commands\Server\rewrite.php(43): require_once('C:\\xampp\\htdocs...')
#11 {main}
CRITICAL - 2022-07-26 06:42:04 --> SQLSTATE[23000]: Integrity constraint violation: 1062 Duplicate entry '0' for key 'PRIMARY'
#0 C:\xampp\htdocs\library2\app\ThirdParty\NotORM\NotORM\Result.php(161): PDOStatement->execute(Array)
#1 C:\xampp\htdocs\library2\app\ThirdParty\NotORM\NotORM\Result.php(237): NotORM_Result->query('INSERT INTO wis...', Array)
#2 C:\xampp\htdocs\library2\app\ThirdParty\NotORM\NotORM\Result.php(252): NotORM_Result->insert_multi(Array)
#3 C:\xampp\htdocs\library2\app\Models\Wishlist.php(36): NotORM_Result->insert(Array)
#4 C:\xampp\htdocs\library2\app\Controllers\Student.php(44): App\Models\Wishlist->add_new_book(Array)
#5 C:\xampp\htdocs\library2\app\Controllers\Student.php(94): App\Controllers\Student->_process_available_books_request()
#6 C:\xampp\htdocs\library2\system\CodeIgniter.php(825): App\Controllers\Student->available_books()
#7 C:\xampp\htdocs\library2\system\CodeIgniter.php(412): CodeIgniter\CodeIgniter->runController(Object(App\Controllers\Student))
#8 C:\xampp\htdocs\library2\system\CodeIgniter.php(320): CodeIgniter\CodeIgniter->handleRequest(NULL, Object(Config\Cache), false)
#9 C:\xampp\htdocs\library2\public\index.php(37): CodeIgniter\CodeIgniter->run()
#10 C:\xampp\htdocs\library2\system\Commands\Server\rewrite.php(43): require_once('C:\\xampp\\htdocs...')
#11 {main}
CRITICAL - 2022-07-26 06:42:04 --> SQLSTATE[23000]: Integrity constraint violation: 1062 Duplicate entry '0' for key 'PRIMARY'
#0 C:\xampp\htdocs\library2\app\ThirdParty\NotORM\NotORM\Result.php(161): PDOStatement->execute(Array)
#1 C:\xampp\htdocs\library2\app\ThirdParty\NotORM\NotORM\Result.php(237): NotORM_Result->query('INSERT INTO wis...', Array)
#2 C:\xampp\htdocs\library2\app\ThirdParty\NotORM\NotORM\Result.php(252): NotORM_Result->insert_multi(Array)
#3 C:\xampp\htdocs\library2\app\Models\Wishlist.php(36): NotORM_Result->insert(Array)
#4 C:\xampp\htdocs\library2\app\Controllers\Student.php(44): App\Models\Wishlist->add_new_book(Array)
#5 C:\xampp\htdocs\library2\app\Controllers\Student.php(94): App\Controllers\Student->_process_available_books_request()
#6 C:\xampp\htdocs\library2\system\CodeIgniter.php(825): App\Controllers\Student->available_books()
#7 C:\xampp\htdocs\library2\system\CodeIgniter.php(412): CodeIgniter\CodeIgniter->runController(Object(App\Controllers\Student))
#8 C:\xampp\htdocs\library2\system\CodeIgniter.php(320): CodeIgniter\CodeIgniter->handleRequest(NULL, Object(Config\Cache), false)
#9 C:\xampp\htdocs\library2\public\index.php(37): CodeIgniter\CodeIgniter->run()
#10 C:\xampp\htdocs\library2\system\Commands\Server\rewrite.php(43): require_once('C:\\xampp\\htdocs...')
#11 {main}
CRITICAL - 2022-07-26 06:42:56 --> SQLSTATE[23000]: Integrity constraint violation: 1062 Duplicate entry '0' for key 'PRIMARY'
#0 C:\xampp\htdocs\library2\app\ThirdParty\NotORM\NotORM\Result.php(161): PDOStatement->execute(Array)
#1 C:\xampp\htdocs\library2\app\ThirdParty\NotORM\NotORM\Result.php(237): NotORM_Result->query('INSERT INTO wis...', Array)
#2 C:\xampp\htdocs\library2\app\ThirdParty\NotORM\NotORM\Result.php(252): NotORM_Result->insert_multi(Array)
#3 C:\xampp\htdocs\library2\app\Models\Wishlist.php(36): NotORM_Result->insert(Array)
#4 C:\xampp\htdocs\library2\app\Controllers\Student.php(44): App\Models\Wishlist->add_new_book(Array)
#5 C:\xampp\htdocs\library2\app\Controllers\Student.php(94): App\Controllers\Student->_process_available_books_request()
#6 C:\xampp\htdocs\library2\system\CodeIgniter.php(825): App\Controllers\Student->available_books()
#7 C:\xampp\htdocs\library2\system\CodeIgniter.php(412): CodeIgniter\CodeIgniter->runController(Object(App\Controllers\Student))
#8 C:\xampp\htdocs\library2\system\CodeIgniter.php(320): CodeIgniter\CodeIgniter->handleRequest(NULL, Object(Config\Cache), false)
#9 C:\xampp\htdocs\library2\public\index.php(37): CodeIgniter\CodeIgniter->run()
#10 C:\xampp\htdocs\library2\system\Commands\Server\rewrite.php(43): require_once('C:\\xampp\\htdocs...')
#11 {main}
CRITICAL - 2022-07-26 06:42:58 --> SQLSTATE[23000]: Integrity constraint violation: 1062 Duplicate entry '0' for key 'PRIMARY'
#0 C:\xampp\htdocs\library2\app\ThirdParty\NotORM\NotORM\Result.php(161): PDOStatement->execute(Array)
#1 C:\xampp\htdocs\library2\app\ThirdParty\NotORM\NotORM\Result.php(237): NotORM_Result->query('INSERT INTO wis...', Array)
#2 C:\xampp\htdocs\library2\app\ThirdParty\NotORM\NotORM\Result.php(252): NotORM_Result->insert_multi(Array)
#3 C:\xampp\htdocs\library2\app\Models\Wishlist.php(36): NotORM_Result->insert(Array)
#4 C:\xampp\htdocs\library2\app\Controllers\Student.php(44): App\Models\Wishlist->add_new_book(Array)
#5 C:\xampp\htdocs\library2\app\Controllers\Student.php(94): App\Controllers\Student->_process_available_books_request()
#6 C:\xampp\htdocs\library2\system\CodeIgniter.php(825): App\Controllers\Student->available_books()
#7 C:\xampp\htdocs\library2\system\CodeIgniter.php(412): CodeIgniter\CodeIgniter->runController(Object(App\Controllers\Student))
#8 C:\xampp\htdocs\library2\system\CodeIgniter.php(320): CodeIgniter\CodeIgniter->handleRequest(NULL, Object(Config\Cache), false)
#9 C:\xampp\htdocs\library2\public\index.php(37): CodeIgniter\CodeIgniter->run()
#10 C:\xampp\htdocs\library2\system\Commands\Server\rewrite.php(43): require_once('C:\\xampp\\htdocs...')
#11 {main}
CRITICAL - 2022-07-26 06:42:58 --> SQLSTATE[23000]: Integrity constraint violation: 1062 Duplicate entry '0' for key 'PRIMARY'
#0 C:\xampp\htdocs\library2\app\ThirdParty\NotORM\NotORM\Result.php(161): PDOStatement->execute(Array)
#1 C:\xampp\htdocs\library2\app\ThirdParty\NotORM\NotORM\Result.php(237): NotORM_Result->query('INSERT INTO wis...', Array)
#2 C:\xampp\htdocs\library2\app\ThirdParty\NotORM\NotORM\Result.php(252): NotORM_Result->insert_multi(Array)
#3 C:\xampp\htdocs\library2\app\Models\Wishlist.php(36): NotORM_Result->insert(Array)
#4 C:\xampp\htdocs\library2\app\Controllers\Student.php(44): App\Models\Wishlist->add_new_book(Array)
#5 C:\xampp\htdocs\library2\app\Controllers\Student.php(94): App\Controllers\Student->_process_available_books_request()
#6 C:\xampp\htdocs\library2\system\CodeIgniter.php(825): App\Controllers\Student->available_books()
#7 C:\xampp\htdocs\library2\system\CodeIgniter.php(412): CodeIgniter\CodeIgniter->runController(Object(App\Controllers\Student))
#8 C:\xampp\htdocs\library2\system\CodeIgniter.php(320): CodeIgniter\CodeIgniter->handleRequest(NULL, Object(Config\Cache), false)
#9 C:\xampp\htdocs\library2\public\index.php(37): CodeIgniter\CodeIgniter->run()
#10 C:\xampp\htdocs\library2\system\Commands\Server\rewrite.php(43): require_once('C:\\xampp\\htdocs...')
#11 {main}
CRITICAL - 2022-07-26 06:42:58 --> SQLSTATE[23000]: Integrity constraint violation: 1062 Duplicate entry '0' for key 'PRIMARY'
#0 C:\xampp\htdocs\library2\app\ThirdParty\NotORM\NotORM\Result.php(161): PDOStatement->execute(Array)
#1 C:\xampp\htdocs\library2\app\ThirdParty\NotORM\NotORM\Result.php(237): NotORM_Result->query('INSERT INTO wis...', Array)
#2 C:\xampp\htdocs\library2\app\ThirdParty\NotORM\NotORM\Result.php(252): NotORM_Result->insert_multi(Array)
#3 C:\xampp\htdocs\library2\app\Models\Wishlist.php(36): NotORM_Result->insert(Array)
#4 C:\xampp\htdocs\library2\app\Controllers\Student.php(44): App\Models\Wishlist->add_new_book(Array)
#5 C:\xampp\htdocs\library2\app\Controllers\Student.php(94): App\Controllers\Student->_process_available_books_request()
#6 C:\xampp\htdocs\library2\system\CodeIgniter.php(825): App\Controllers\Student->available_books()
#7 C:\xampp\htdocs\library2\system\CodeIgniter.php(412): CodeIgniter\CodeIgniter->runController(Object(App\Controllers\Student))
#8 C:\xampp\htdocs\library2\system\CodeIgniter.php(320): CodeIgniter\CodeIgniter->handleRequest(NULL, Object(Config\Cache), false)
#9 C:\xampp\htdocs\library2\public\index.php(37): CodeIgniter\CodeIgniter->run()
#10 C:\xampp\htdocs\library2\system\Commands\Server\rewrite.php(43): require_once('C:\\xampp\\htdocs...')
#11 {main}
CRITICAL - 2022-07-26 06:42:58 --> SQLSTATE[23000]: Integrity constraint violation: 1062 Duplicate entry '0' for key 'PRIMARY'
#0 C:\xampp\htdocs\library2\app\ThirdParty\NotORM\NotORM\Result.php(161): PDOStatement->execute(Array)
#1 C:\xampp\htdocs\library2\app\ThirdParty\NotORM\NotORM\Result.php(237): NotORM_Result->query('INSERT INTO wis...', Array)
#2 C:\xampp\htdocs\library2\app\ThirdParty\NotORM\NotORM\Result.php(252): NotORM_Result->insert_multi(Array)
#3 C:\xampp\htdocs\library2\app\Models\Wishlist.php(36): NotORM_Result->insert(Array)
#4 C:\xampp\htdocs\library2\app\Controllers\Student.php(44): App\Models\Wishlist->add_new_book(Array)
#5 C:\xampp\htdocs\library2\app\Controllers\Student.php(94): App\Controllers\Student->_process_available_books_request()
#6 C:\xampp\htdocs\library2\system\CodeIgniter.php(825): App\Controllers\Student->available_books()
#7 C:\xampp\htdocs\library2\system\CodeIgniter.php(412): CodeIgniter\CodeIgniter->runController(Object(App\Controllers\Student))
#8 C:\xampp\htdocs\library2\system\CodeIgniter.php(320): CodeIgniter\CodeIgniter->handleRequest(NULL, Object(Config\Cache), false)
#9 C:\xampp\htdocs\library2\public\index.php(37): CodeIgniter\CodeIgniter->run()
#10 C:\xampp\htdocs\library2\system\Commands\Server\rewrite.php(43): require_once('C:\\xampp\\htdocs...')
#11 {main}
CRITICAL - 2022-07-26 06:42:59 --> SQLSTATE[23000]: Integrity constraint violation: 1062 Duplicate entry '0' for key 'PRIMARY'
#0 C:\xampp\htdocs\library2\app\ThirdParty\NotORM\NotORM\Result.php(161): PDOStatement->execute(Array)
#1 C:\xampp\htdocs\library2\app\ThirdParty\NotORM\NotORM\Result.php(237): NotORM_Result->query('INSERT INTO wis...', Array)
#2 C:\xampp\htdocs\library2\app\ThirdParty\NotORM\NotORM\Result.php(252): NotORM_Result->insert_multi(Array)
#3 C:\xampp\htdocs\library2\app\Models\Wishlist.php(36): NotORM_Result->insert(Array)
#4 C:\xampp\htdocs\library2\app\Controllers\Student.php(44): App\Models\Wishlist->add_new_book(Array)
#5 C:\xampp\htdocs\library2\app\Controllers\Student.php(94): App\Controllers\Student->_process_available_books_request()
#6 C:\xampp\htdocs\library2\system\CodeIgniter.php(825): App\Controllers\Student->available_books()
#7 C:\xampp\htdocs\library2\system\CodeIgniter.php(412): CodeIgniter\CodeIgniter->runController(Object(App\Controllers\Student))
#8 C:\xampp\htdocs\library2\system\CodeIgniter.php(320): CodeIgniter\CodeIgniter->handleRequest(NULL, Object(Config\Cache), false)
#9 C:\xampp\htdocs\library2\public\index.php(37): CodeIgniter\CodeIgniter->run()
#10 C:\xampp\htdocs\library2\system\Commands\Server\rewrite.php(43): require_once('C:\\xampp\\htdocs...')
#11 {main}
CRITICAL - 2022-07-26 06:43:02 --> SQLSTATE[23000]: Integrity constraint violation: 1062 Duplicate entry '0' for key 'PRIMARY'
#0 C:\xampp\htdocs\library2\app\ThirdParty\NotORM\NotORM\Result.php(161): PDOStatement->execute(Array)
#1 C:\xampp\htdocs\library2\app\ThirdParty\NotORM\NotORM\Result.php(237): NotORM_Result->query('INSERT INTO wis...', Array)
#2 C:\xampp\htdocs\library2\app\ThirdParty\NotORM\NotORM\Result.php(252): NotORM_Result->insert_multi(Array)
#3 C:\xampp\htdocs\library2\app\Models\Wishlist.php(36): NotORM_Result->insert(Array)
#4 C:\xampp\htdocs\library2\app\Controllers\Student.php(44): App\Models\Wishlist->add_new_book(Array)
#5 C:\xampp\htdocs\library2\app\Controllers\Student.php(94): App\Controllers\Student->_process_available_books_request()
#6 C:\xampp\htdocs\library2\system\CodeIgniter.php(825): App\Controllers\Student->available_books()
#7 C:\xampp\htdocs\library2\system\CodeIgniter.php(412): CodeIgniter\CodeIgniter->runController(Object(App\Controllers\Student))
#8 C:\xampp\htdocs\library2\system\CodeIgniter.php(320): CodeIgniter\CodeIgniter->handleRequest(NULL, Object(Config\Cache), false)
#9 C:\xampp\htdocs\library2\public\index.php(37): CodeIgniter\CodeIgniter->run()
#10 C:\xampp\htdocs\library2\system\Commands\Server\rewrite.php(43): require_once('C:\\xampp\\htdocs...')
#11 {main}
CRITICAL - 2022-07-26 06:43:05 --> SQLSTATE[23000]: Integrity constraint violation: 1062 Duplicate entry '0' for key 'PRIMARY'
#0 C:\xampp\htdocs\library2\app\ThirdParty\NotORM\NotORM\Result.php(161): PDOStatement->execute(Array)
#1 C:\xampp\htdocs\library2\app\ThirdParty\NotORM\NotORM\Result.php(237): NotORM_Result->query('INSERT INTO wis...', Array)
#2 C:\xampp\htdocs\library2\app\ThirdParty\NotORM\NotORM\Result.php(252): NotORM_Result->insert_multi(Array)
#3 C:\xampp\htdocs\library2\app\Models\Wishlist.php(36): NotORM_Result->insert(Array)
#4 C:\xampp\htdocs\library2\app\Controllers\Student.php(44): App\Models\Wishlist->add_new_book(Array)
#5 C:\xampp\htdocs\library2\app\Controllers\Student.php(94): App\Controllers\Student->_process_available_books_request()
#6 C:\xampp\htdocs\library2\system\CodeIgniter.php(825): App\Controllers\Student->available_books()
#7 C:\xampp\htdocs\library2\system\CodeIgniter.php(412): CodeIgniter\CodeIgniter->runController(Object(App\Controllers\Student))
#8 C:\xampp\htdocs\library2\system\CodeIgniter.php(320): CodeIgniter\CodeIgniter->handleRequest(NULL, Object(Config\Cache), false)
#9 C:\xampp\htdocs\library2\public\index.php(37): CodeIgniter\CodeIgniter->run()
#10 C:\xampp\htdocs\library2\system\Commands\Server\rewrite.php(43): require_once('C:\\xampp\\htdocs...')
#11 {main}
CRITICAL - 2022-07-26 06:43:08 --> SQLSTATE[23000]: Integrity constraint violation: 1062 Duplicate entry '0' for key 'PRIMARY'
#0 C:\xampp\htdocs\library2\app\ThirdParty\NotORM\NotORM\Result.php(161): PDOStatement->execute(Array)
#1 C:\xampp\htdocs\library2\app\ThirdParty\NotORM\NotORM\Result.php(237): NotORM_Result->query('INSERT INTO wis...', Array)
#2 C:\xampp\htdocs\library2\app\ThirdParty\NotORM\NotORM\Result.php(252): NotORM_Result->insert_multi(Array)
#3 C:\xampp\htdocs\library2\app\Models\Wishlist.php(36): NotORM_Result->insert(Array)
#4 C:\xampp\htdocs\library2\app\Controllers\Student.php(44): App\Models\Wishlist->add_new_book(Array)
#5 C:\xampp\htdocs\library2\app\Controllers\Student.php(94): App\Controllers\Student->_process_available_books_request()
#6 C:\xampp\htdocs\library2\system\CodeIgniter.php(825): App\Controllers\Student->available_books()
#7 C:\xampp\htdocs\library2\system\CodeIgniter.php(412): CodeIgniter\CodeIgniter->runController(Object(App\Controllers\Student))
#8 C:\xampp\htdocs\library2\system\CodeIgniter.php(320): CodeIgniter\CodeIgniter->handleRequest(NULL, Object(Config\Cache), false)
#9 C:\xampp\htdocs\library2\public\index.php(37): CodeIgniter\CodeIgniter->run()
#10 C:\xampp\htdocs\library2\system\Commands\Server\rewrite.php(43): require_once('C:\\xampp\\htdocs...')
#11 {main}
CRITICAL - 2022-07-26 06:43:20 --> SQLSTATE[23000]: Integrity constraint violation: 1062 Duplicate entry '0' for key 'PRIMARY'
#0 C:\xampp\htdocs\library2\app\ThirdParty\NotORM\NotORM\Result.php(161): PDOStatement->execute(Array)
#1 C:\xampp\htdocs\library2\app\ThirdParty\NotORM\NotORM\Result.php(237): NotORM_Result->query('INSERT INTO wis...', Array)
#2 C:\xampp\htdocs\library2\app\ThirdParty\NotORM\NotORM\Result.php(252): NotORM_Result->insert_multi(Array)
#3 C:\xampp\htdocs\library2\app\Models\Wishlist.php(36): NotORM_Result->insert(Array)
#4 C:\xampp\htdocs\library2\app\Controllers\Student.php(44): App\Models\Wishlist->add_new_book(Array)
#5 C:\xampp\htdocs\library2\app\Controllers\Student.php(94): App\Controllers\Student->_process_available_books_request()
#6 C:\xampp\htdocs\library2\system\CodeIgniter.php(825): App\Controllers\Student->available_books()
#7 C:\xampp\htdocs\library2\system\CodeIgniter.php(412): CodeIgniter\CodeIgniter->runController(Object(App\Controllers\Student))
#8 C:\xampp\htdocs\library2\system\CodeIgniter.php(320): CodeIgniter\CodeIgniter->handleRequest(NULL, Object(Config\Cache), false)
#9 C:\xampp\htdocs\library2\public\index.php(37): CodeIgniter\CodeIgniter->run()
#10 C:\xampp\htdocs\library2\system\Commands\Server\rewrite.php(43): require_once('C:\\xampp\\htdocs...')
#11 {main}
CRITICAL - 2022-07-26 06:43:20 --> SQLSTATE[23000]: Integrity constraint violation: 1062 Duplicate entry '0' for key 'PRIMARY'
#0 C:\xampp\htdocs\library2\app\ThirdParty\NotORM\NotORM\Result.php(161): PDOStatement->execute(Array)
#1 C:\xampp\htdocs\library2\app\ThirdParty\NotORM\NotORM\Result.php(237): NotORM_Result->query('INSERT INTO wis...', Array)
#2 C:\xampp\htdocs\library2\app\ThirdParty\NotORM\NotORM\Result.php(252): NotORM_Result->insert_multi(Array)
#3 C:\xampp\htdocs\library2\app\Models\Wishlist.php(36): NotORM_Result->insert(Array)
#4 C:\xampp\htdocs\library2\app\Controllers\Student.php(44): App\Models\Wishlist->add_new_book(Array)
#5 C:\xampp\htdocs\library2\app\Controllers\Student.php(94): App\Controllers\Student->_process_available_books_request()
#6 C:\xampp\htdocs\library2\system\CodeIgniter.php(825): App\Controllers\Student->available_books()
#7 C:\xampp\htdocs\library2\system\CodeIgniter.php(412): CodeIgniter\CodeIgniter->runController(Object(App\Controllers\Student))
#8 C:\xampp\htdocs\library2\system\CodeIgniter.php(320): CodeIgniter\CodeIgniter->handleRequest(NULL, Object(Config\Cache), false)
#9 C:\xampp\htdocs\library2\public\index.php(37): CodeIgniter\CodeIgniter->run()
#10 C:\xampp\htdocs\library2\system\Commands\Server\rewrite.php(43): require_once('C:\\xampp\\htdocs...')
#11 {main}
CRITICAL - 2022-07-26 06:43:21 --> SQLSTATE[23000]: Integrity constraint violation: 1062 Duplicate entry '0' for key 'PRIMARY'
#0 C:\xampp\htdocs\library2\app\ThirdParty\NotORM\NotORM\Result.php(161): PDOStatement->execute(Array)
#1 C:\xampp\htdocs\library2\app\ThirdParty\NotORM\NotORM\Result.php(237): NotORM_Result->query('INSERT INTO wis...', Array)
#2 C:\xampp\htdocs\library2\app\ThirdParty\NotORM\NotORM\Result.php(252): NotORM_Result->insert_multi(Array)
#3 C:\xampp\htdocs\library2\app\Models\Wishlist.php(36): NotORM_Result->insert(Array)
#4 C:\xampp\htdocs\library2\app\Controllers\Student.php(44): App\Models\Wishlist->add_new_book(Array)
#5 C:\xampp\htdocs\library2\app\Controllers\Student.php(94): App\Controllers\Student->_process_available_books_request()
#6 C:\xampp\htdocs\library2\system\CodeIgniter.php(825): App\Controllers\Student->available_books()
#7 C:\xampp\htdocs\library2\system\CodeIgniter.php(412): CodeIgniter\CodeIgniter->runController(Object(App\Controllers\Student))
#8 C:\xampp\htdocs\library2\system\CodeIgniter.php(320): CodeIgniter\CodeIgniter->handleRequest(NULL, Object(Config\Cache), false)
#9 C:\xampp\htdocs\library2\public\index.php(37): CodeIgniter\CodeIgniter->run()
#10 C:\xampp\htdocs\library2\system\Commands\Server\rewrite.php(43): require_once('C:\\xampp\\htdocs...')
#11 {main}
CRITICAL - 2022-07-26 06:43:21 --> SQLSTATE[23000]: Integrity constraint violation: 1062 Duplicate entry '0' for key 'PRIMARY'
#0 C:\xampp\htdocs\library2\app\ThirdParty\NotORM\NotORM\Result.php(161): PDOStatement->execute(Array)
#1 C:\xampp\htdocs\library2\app\ThirdParty\NotORM\NotORM\Result.php(237): NotORM_Result->query('INSERT INTO wis...', Array)
#2 C:\xampp\htdocs\library2\app\ThirdParty\NotORM\NotORM\Result.php(252): NotORM_Result->insert_multi(Array)
#3 C:\xampp\htdocs\library2\app\Models\Wishlist.php(36): NotORM_Result->insert(Array)
#4 C:\xampp\htdocs\library2\app\Controllers\Student.php(44): App\Models\Wishlist->add_new_book(Array)
#5 C:\xampp\htdocs\library2\app\Controllers\Student.php(94): App\Controllers\Student->_process_available_books_request()
#6 C:\xampp\htdocs\library2\system\CodeIgniter.php(825): App\Controllers\Student->available_books()
#7 C:\xampp\htdocs\library2\system\CodeIgniter.php(412): CodeIgniter\CodeIgniter->runController(Object(App\Controllers\Student))
#8 C:\xampp\htdocs\library2\system\CodeIgniter.php(320): CodeIgniter\CodeIgniter->handleRequest(NULL, Object(Config\Cache), false)
#9 C:\xampp\htdocs\library2\public\index.php(37): CodeIgniter\CodeIgniter->run()
#10 C:\xampp\htdocs\library2\system\Commands\Server\rewrite.php(43): require_once('C:\\xampp\\htdocs...')
#11 {main}
CRITICAL - 2022-07-26 06:43:31 --> SQLSTATE[23000]: Integrity constraint violation: 1062 Duplicate entry '0' for key 'PRIMARY'
#0 C:\xampp\htdocs\library2\app\ThirdParty\NotORM\NotORM\Result.php(161): PDOStatement->execute(Array)
#1 C:\xampp\htdocs\library2\app\ThirdParty\NotORM\NotORM\Result.php(237): NotORM_Result->query('INSERT INTO wis...', Array)
#2 C:\xampp\htdocs\library2\app\ThirdParty\NotORM\NotORM\Result.php(252): NotORM_Result->insert_multi(Array)
#3 C:\xampp\htdocs\library2\app\Models\Wishlist.php(36): NotORM_Result->insert(Array)
#4 C:\xampp\htdocs\library2\app\Controllers\Student.php(44): App\Models\Wishlist->add_new_book(Array)
#5 C:\xampp\htdocs\library2\app\Controllers\Student.php(94): App\Controllers\Student->_process_available_books_request()
#6 C:\xampp\htdocs\library2\system\CodeIgniter.php(825): App\Controllers\Student->available_books()
#7 C:\xampp\htdocs\library2\system\CodeIgniter.php(412): CodeIgniter\CodeIgniter->runController(Object(App\Controllers\Student))
#8 C:\xampp\htdocs\library2\system\CodeIgniter.php(320): CodeIgniter\CodeIgniter->handleRequest(NULL, Object(Config\Cache), false)
#9 C:\xampp\htdocs\library2\public\index.php(37): CodeIgniter\CodeIgniter->run()
#10 C:\xampp\htdocs\library2\system\Commands\Server\rewrite.php(43): require_once('C:\\xampp\\htdocs...')
#11 {main}
CRITICAL - 2022-07-26 06:43:31 --> SQLSTATE[23000]: Integrity constraint violation: 1062 Duplicate entry '0' for key 'PRIMARY'
#0 C:\xampp\htdocs\library2\app\ThirdParty\NotORM\NotORM\Result.php(161): PDOStatement->execute(Array)
#1 C:\xampp\htdocs\library2\app\ThirdParty\NotORM\NotORM\Result.php(237): NotORM_Result->query('INSERT INTO wis...', Array)
#2 C:\xampp\htdocs\library2\app\ThirdParty\NotORM\NotORM\Result.php(252): NotORM_Result->insert_multi(Array)
#3 C:\xampp\htdocs\library2\app\Models\Wishlist.php(36): NotORM_Result->insert(Array)
#4 C:\xampp\htdocs\library2\app\Controllers\Student.php(44): App\Models\Wishlist->add_new_book(Array)
#5 C:\xampp\htdocs\library2\app\Controllers\Student.php(94): App\Controllers\Student->_process_available_books_request()
#6 C:\xampp\htdocs\library2\system\CodeIgniter.php(825): App\Controllers\Student->available_books()
#7 C:\xampp\htdocs\library2\system\CodeIgniter.php(412): CodeIgniter\CodeIgniter->runController(Object(App\Controllers\Student))
#8 C:\xampp\htdocs\library2\system\CodeIgniter.php(320): CodeIgniter\CodeIgniter->handleRequest(NULL, Object(Config\Cache), false)
#9 C:\xampp\htdocs\library2\public\index.php(37): CodeIgniter\CodeIgniter->run()
#10 C:\xampp\htdocs\library2\system\Commands\Server\rewrite.php(43): require_once('C:\\xampp\\htdocs...')
#11 {main}
CRITICAL - 2022-07-26 06:43:31 --> SQLSTATE[23000]: Integrity constraint violation: 1062 Duplicate entry '0' for key 'PRIMARY'
#0 C:\xampp\htdocs\library2\app\ThirdParty\NotORM\NotORM\Result.php(161): PDOStatement->execute(Array)
#1 C:\xampp\htdocs\library2\app\ThirdParty\NotORM\NotORM\Result.php(237): NotORM_Result->query('INSERT INTO wis...', Array)
#2 C:\xampp\htdocs\library2\app\ThirdParty\NotORM\NotORM\Result.php(252): NotORM_Result->insert_multi(Array)
#3 C:\xampp\htdocs\library2\app\Models\Wishlist.php(36): NotORM_Result->insert(Array)
#4 C:\xampp\htdocs\library2\app\Controllers\Student.php(44): App\Models\Wishlist->add_new_book(Array)
#5 C:\xampp\htdocs\library2\app\Controllers\Student.php(94): App\Controllers\Student->_process_available_books_request()
#6 C:\xampp\htdocs\library2\system\CodeIgniter.php(825): App\Controllers\Student->available_books()
#7 C:\xampp\htdocs\library2\system\CodeIgniter.php(412): CodeIgniter\CodeIgniter->runController(Object(App\Controllers\Student))
#8 C:\xampp\htdocs\library2\system\CodeIgniter.php(320): CodeIgniter\CodeIgniter->handleRequest(NULL, Object(Config\Cache), false)
#9 C:\xampp\htdocs\library2\public\index.php(37): CodeIgniter\CodeIgniter->run()
#10 C:\xampp\htdocs\library2\system\Commands\Server\rewrite.php(43): require_once('C:\\xampp\\htdocs...')
#11 {main}
CRITICAL - 2022-07-26 06:52:13 --> SQLSTATE[23000]: Integrity constraint violation: 1062 Duplicate entry '0' for key 'PRIMARY'
#0 C:\xampp\htdocs\library2\app\ThirdParty\NotORM\NotORM\Result.php(161): PDOStatement->execute(Array)
#1 C:\xampp\htdocs\library2\app\ThirdParty\NotORM\NotORM\Result.php(237): NotORM_Result->query('INSERT INTO wis...', Array)
#2 C:\xampp\htdocs\library2\app\ThirdParty\NotORM\NotORM\Result.php(252): NotORM_Result->insert_multi(Array)
#3 C:\xampp\htdocs\library2\app\Models\Wishlist.php(36): NotORM_Result->insert(Array)
#4 C:\xampp\htdocs\library2\app\Controllers\Student.php(44): App\Models\Wishlist->add_new_book(Array)
#5 C:\xampp\htdocs\library2\app\Controllers\Student.php(94): App\Controllers\Student->_process_available_books_request()
#6 C:\xampp\htdocs\library2\system\CodeIgniter.php(825): App\Controllers\Student->available_books()
#7 C:\xampp\htdocs\library2\system\CodeIgniter.php(412): CodeIgniter\CodeIgniter->runController(Object(App\Controllers\Student))
#8 C:\xampp\htdocs\library2\system\CodeIgniter.php(320): CodeIgniter\CodeIgniter->handleRequest(NULL, Object(Config\Cache), false)
#9 C:\xampp\htdocs\library2\public\index.php(37): CodeIgniter\CodeIgniter->run()
#10 C:\xampp\htdocs\library2\system\Commands\Server\rewrite.php(43): require_once('C:\\xampp\\htdocs...')
#11 {main}
CRITICAL - 2022-07-26 06:52:13 --> SQLSTATE[23000]: Integrity constraint violation: 1062 Duplicate entry '0' for key 'PRIMARY'
#0 C:\xampp\htdocs\library2\app\ThirdParty\NotORM\NotORM\Result.php(161): PDOStatement->execute(Array)
#1 C:\xampp\htdocs\library2\app\ThirdParty\NotORM\NotORM\Result.php(237): NotORM_Result->query('INSERT INTO wis...', Array)
#2 C:\xampp\htdocs\library2\app\ThirdParty\NotORM\NotORM\Result.php(252): NotORM_Result->insert_multi(Array)
#3 C:\xampp\htdocs\library2\app\Models\Wishlist.php(36): NotORM_Result->insert(Array)
#4 C:\xampp\htdocs\library2\app\Controllers\Student.php(44): App\Models\Wishlist->add_new_book(Array)
#5 C:\xampp\htdocs\library2\app\Controllers\Student.php(94): App\Controllers\Student->_process_available_books_request()
#6 C:\xampp\htdocs\library2\system\CodeIgniter.php(825): App\Controllers\Student->available_books()
#7 C:\xampp\htdocs\library2\system\CodeIgniter.php(412): CodeIgniter\CodeIgniter->runController(Object(App\Controllers\Student))
#8 C:\xampp\htdocs\library2\system\CodeIgniter.php(320): CodeIgniter\CodeIgniter->handleRequest(NULL, Object(Config\Cache), false)
#9 C:\xampp\htdocs\library2\public\index.php(37): CodeIgniter\CodeIgniter->run()
#10 C:\xampp\htdocs\library2\system\Commands\Server\rewrite.php(43): require_once('C:\\xampp\\htdocs...')
#11 {main}
CRITICAL - 2022-07-26 06:52:13 --> SQLSTATE[23000]: Integrity constraint violation: 1062 Duplicate entry '0' for key 'PRIMARY'
#0 C:\xampp\htdocs\library2\app\ThirdParty\NotORM\NotORM\Result.php(161): PDOStatement->execute(Array)
#1 C:\xampp\htdocs\library2\app\ThirdParty\NotORM\NotORM\Result.php(237): NotORM_Result->query('INSERT INTO wis...', Array)
#2 C:\xampp\htdocs\library2\app\ThirdParty\NotORM\NotORM\Result.php(252): NotORM_Result->insert_multi(Array)
#3 C:\xampp\htdocs\library2\app\Models\Wishlist.php(36): NotORM_Result->insert(Array)
#4 C:\xampp\htdocs\library2\app\Controllers\Student.php(44): App\Models\Wishlist->add_new_book(Array)
#5 C:\xampp\htdocs\library2\app\Controllers\Student.php(94): App\Controllers\Student->_process_available_books_request()
#6 C:\xampp\htdocs\library2\system\CodeIgniter.php(825): App\Controllers\Student->available_books()
#7 C:\xampp\htdocs\library2\system\CodeIgniter.php(412): CodeIgniter\CodeIgniter->runController(Object(App\Controllers\Student))
#8 C:\xampp\htdocs\library2\system\CodeIgniter.php(320): CodeIgniter\CodeIgniter->handleRequest(NULL, Object(Config\Cache), false)
#9 C:\xampp\htdocs\library2\public\index.php(37): CodeIgniter\CodeIgniter->run()
#10 C:\xampp\htdocs\library2\system\Commands\Server\rewrite.php(43): require_once('C:\\xampp\\htdocs...')
#11 {main}
