CRITICAL - 2022-05-11 09:58:56 --> Unable to load template 'file:Auth/forgot_password.tpl'
#0 C:\xampp\htdocs\diet_recommender\app\ThirdParty\Smarty\libs\sysplugins\smarty_internal_templatebase.php(238): Smarty_Internal_Template->render(false, 1)
#1 C:\xampp\htdocs\diet_recommender\app\ThirdParty\Smarty\libs\sysplugins\smarty_internal_templatebase.php(134): Smarty_Internal_TemplateBase->_execute(Object(Smarty_Internal_Template), NULL, NULL, NULL, 1)
#2 C:\xampp\htdocs\diet_recommender\app\Libraries\TPL.php(40): Smarty_Internal_TemplateBase->display('Auth/forgot_pas...', NULL, NULL, NULL)
#3 C:\xampp\htdocs\diet_recommender\app\Libraries\TPL.php(55): App\Libraries\TPL->display('Auth/forgot_pas...')
#4 C:\xampp\htdocs\diet_recommender\system\CodeIgniter.php(320): App\Libraries\TPL->__destruct()
#5 C:\xampp\htdocs\diet_recommender\public\index.php(37): CodeIgniter\CodeIgniter->run()
#6 C:\xampp\htdocs\diet_recommender\system\Commands\Server\rewrite.php(43): require_once('C:\\xampp\\htdocs...')
#7 {main}
CRITICAL - 2022-05-11 10:20:17 --> Syntax error in template "file:C:\xampp\htdocs\diet_recommender\app\Views\Admin\teachers.tpl"  on line 87 "{$phone = $row.phone ?? '-' }"  - Unexpected " ?", expected one of: "}"
#0 C:\xampp\htdocs\diet_recommender\app\ThirdParty\Smarty\libs\sysplugins\smarty_internal_templateparser.php(2819): Smarty_Internal_TemplateCompilerBase->trigger_template_error()
#1 C:\xampp\htdocs\diet_recommender\app\ThirdParty\Smarty\libs\sysplugins\smarty_internal_templateparser.php(2880): Smarty_Internal_Templateparser->yy_syntax_error(40, ' ?')
#2 C:\xampp\htdocs\diet_recommender\app\ThirdParty\Smarty\libs\sysplugins\smarty_internal_smartytemplatecompiler.php(128): Smarty_Internal_Templateparser->doParse(40, ' ?')
#3 C:\xampp\htdocs\diet_recommender\app\ThirdParty\Smarty\libs\sysplugins\smarty_internal_templatecompilerbase.php(469): Smarty_Internal_SmartyTemplateCompiler->doCompile('{extends file="...', true)
#4 C:\xampp\htdocs\diet_recommender\app\ThirdParty\Smarty\libs\sysplugins\smarty_internal_templatecompilerbase.php(395): Smarty_Internal_TemplateCompilerBase->compileTemplateSource(Object(Smarty_Internal_Template), false, NULL)
#5 C:\xampp\htdocs\diet_recommender\app\ThirdParty\Smarty\libs\sysplugins\smarty_template_compiled.php(184): Smarty_Internal_TemplateCompilerBase->compileTemplate(Object(Smarty_Internal_Template))
#6 C:\xampp\htdocs\diet_recommender\app\ThirdParty\Smarty\libs\sysplugins\smarty_template_compiled.php(141): Smarty_Template_Compiled->compileTemplateSource(Object(Smarty_Internal_Template))
#7 C:\xampp\htdocs\diet_recommender\app\ThirdParty\Smarty\libs\sysplugins\smarty_template_compiled.php(105): Smarty_Template_Compiled->process(Object(Smarty_Internal_Template))
#8 C:\xampp\htdocs\diet_recommender\app\ThirdParty\Smarty\libs\sysplugins\smarty_internal_template.php(216): Smarty_Template_Compiled->render(Object(Smarty_Internal_Template))
#9 C:\xampp\htdocs\diet_recommender\app\ThirdParty\Smarty\libs\sysplugins\smarty_internal_templatebase.php(238): Smarty_Internal_Template->render(false, 1)
#10 C:\xampp\htdocs\diet_recommender\app\ThirdParty\Smarty\libs\sysplugins\smarty_internal_templatebase.php(134): Smarty_Internal_TemplateBase->_execute(Object(Smarty_Internal_Template), NULL, NULL, NULL, 1)
#11 C:\xampp\htdocs\diet_recommender\app\Libraries\TPL.php(40): Smarty_Internal_TemplateBase->display('Admin/teachers....', NULL, NULL, NULL)
#12 C:\xampp\htdocs\diet_recommender\app\Libraries\TPL.php(55): App\Libraries\TPL->display('Admin/teachers....')
#13 C:\xampp\htdocs\diet_recommender\system\CodeIgniter.php(320): App\Libraries\TPL->__destruct()
#14 C:\xampp\htdocs\diet_recommender\public\index.php(37): CodeIgniter\CodeIgniter->run()
#15 C:\xampp\htdocs\diet_recommender\system\Commands\Server\rewrite.php(43): require_once('C:\\xampp\\htdocs...')
#16 {main}
CRITICAL - 2022-05-11 10:21:01 --> Syntax error in template "file:C:\xampp\htdocs\diet_recommender\app\Views\Admin\teachers.tpl"  on line 87 "{$phone = $row.phone == ''? '-' : $row.phone }"  - Unexpected "? ", expected one of: "}"
#0 C:\xampp\htdocs\diet_recommender\app\ThirdParty\Smarty\libs\sysplugins\smarty_internal_templateparser.php(2819): Smarty_Internal_TemplateCompilerBase->trigger_template_error()
#1 C:\xampp\htdocs\diet_recommender\app\ThirdParty\Smarty\libs\sysplugins\smarty_internal_templateparser.php(2880): Smarty_Internal_Templateparser->yy_syntax_error(40, '? ')
#2 C:\xampp\htdocs\diet_recommender\app\ThirdParty\Smarty\libs\sysplugins\smarty_internal_smartytemplatecompiler.php(128): Smarty_Internal_Templateparser->doParse(40, '? ')
#3 C:\xampp\htdocs\diet_recommender\app\ThirdParty\Smarty\libs\sysplugins\smarty_internal_templatecompilerbase.php(469): Smarty_Internal_SmartyTemplateCompiler->doCompile('{extends file="...', true)
#4 C:\xampp\htdocs\diet_recommender\app\ThirdParty\Smarty\libs\sysplugins\smarty_internal_templatecompilerbase.php(395): Smarty_Internal_TemplateCompilerBase->compileTemplateSource(Object(Smarty_Internal_Template), false, NULL)
#5 C:\xampp\htdocs\diet_recommender\app\ThirdParty\Smarty\libs\sysplugins\smarty_template_compiled.php(184): Smarty_Internal_TemplateCompilerBase->compileTemplate(Object(Smarty_Internal_Template))
#6 C:\xampp\htdocs\diet_recommender\app\ThirdParty\Smarty\libs\sysplugins\smarty_template_compiled.php(141): Smarty_Template_Compiled->compileTemplateSource(Object(Smarty_Internal_Template))
#7 C:\xampp\htdocs\diet_recommender\app\ThirdParty\Smarty\libs\sysplugins\smarty_template_compiled.php(105): Smarty_Template_Compiled->process(Object(Smarty_Internal_Template))
#8 C:\xampp\htdocs\diet_recommender\app\ThirdParty\Smarty\libs\sysplugins\smarty_internal_template.php(216): Smarty_Template_Compiled->render(Object(Smarty_Internal_Template))
#9 C:\xampp\htdocs\diet_recommender\app\ThirdParty\Smarty\libs\sysplugins\smarty_internal_templatebase.php(238): Smarty_Internal_Template->render(false, 1)
#10 C:\xampp\htdocs\diet_recommender\app\ThirdParty\Smarty\libs\sysplugins\smarty_internal_templatebase.php(134): Smarty_Internal_TemplateBase->_execute(Object(Smarty_Internal_Template), NULL, NULL, NULL, 1)
#11 C:\xampp\htdocs\diet_recommender\app\Libraries\TPL.php(40): Smarty_Internal_TemplateBase->display('Admin/teachers....', NULL, NULL, NULL)
#12 C:\xampp\htdocs\diet_recommender\app\Libraries\TPL.php(55): App\Libraries\TPL->display('Admin/teachers....')
#13 C:\xampp\htdocs\diet_recommender\system\CodeIgniter.php(320): App\Libraries\TPL->__destruct()
#14 C:\xampp\htdocs\diet_recommender\public\index.php(37): CodeIgniter\CodeIgniter->run()
#15 C:\xampp\htdocs\diet_recommender\system\Commands\Server\rewrite.php(43): require_once('C:\\xampp\\htdocs...')
#16 {main}
CRITICAL - 2022-05-11 10:38:19 --> Undefined array key "students"
#0 C:\xampp\htdocs\diet_recommender\app\ThirdParty\Smarty\Compiles\a91571d548c26eb7d830750adb6db802050ffbb9_0.file.students.tpl.php(132): CodeIgniter\Debug\Exceptions->errorHandler(2, 'Undefined array...', 'C:\\xampp\\htdocs...', 132)
#1 C:\xampp\htdocs\diet_recommender\app\ThirdParty\Smarty\libs\sysplugins\smarty_internal_runtime_inheritance.php(248): Block_701899571627bd86adf9fe3_58505574->callBlock(Object(Smarty_Internal_Template))
#2 C:\xampp\htdocs\diet_recommender\app\ThirdParty\Smarty\libs\sysplugins\smarty_internal_runtime_inheritance.php(184): Smarty_Internal_Runtime_Inheritance->callBlock(Object(Block_701899571627bd86adf9fe3_58505574), Object(Smarty_Internal_Template))
#3 C:\xampp\htdocs\diet_recommender\app\ThirdParty\Smarty\libs\sysplugins\smarty_internal_runtime_inheritance.php(186): Smarty_Internal_Runtime_Inheritance->process(Object(Smarty_Internal_Template), Object(Block_701899571627bd86adf9fe3_58505574), Object(Block_152547647562763a95474861_22545650))
#4 C:\xampp\htdocs\diet_recommender\app\ThirdParty\Smarty\libs\sysplugins\smarty_internal_runtime_inheritance.php(156): Smarty_Internal_Runtime_Inheritance->process(Object(Smarty_Internal_Template), Object(Block_152547647562763a95474861_22545650))
#5 C:\xampp\htdocs\diet_recommender\app\ThirdParty\Smarty\Compiles\c4cff84b956c2362d512dc8ee3c9abcbabb2c585_0.file.member_area.tpl.php(86): Smarty_Internal_Runtime_Inheritance->instanceBlock(Object(Smarty_Internal_Template), 'Block_152547647...', 'body')
#6 C:\xampp\htdocs\diet_recommender\app\ThirdParty\Smarty\libs\sysplugins\smarty_template_resource_base.php(123): content_62763a954786e9_84606815(Object(Smarty_Internal_Template))
#7 C:\xampp\htdocs\diet_recommender\app\ThirdParty\Smarty\libs\sysplugins\smarty_template_compiled.php(114): Smarty_Template_Resource_Base->getRenderedTemplateCode(Object(Smarty_Internal_Template))
#8 C:\xampp\htdocs\diet_recommender\app\ThirdParty\Smarty\libs\sysplugins\smarty_internal_template.php(216): Smarty_Template_Compiled->render(Object(Smarty_Internal_Template))
#9 C:\xampp\htdocs\diet_recommender\app\ThirdParty\Smarty\libs\sysplugins\smarty_internal_template.php(385): Smarty_Internal_Template->render()
#10 C:\xampp\htdocs\diet_recommender\app\ThirdParty\Smarty\libs\sysplugins\smarty_internal_runtime_inheritance.php(116): Smarty_Internal_Template->_subTemplateRender('Layouts/member_...', NULL, NULL, 0, 3600, Array, 2, false, NULL, NULL)
#11 C:\xampp\htdocs\diet_recommender\app\ThirdParty\Smarty\Compiles\a91571d548c26eb7d830750adb6db802050ffbb9_0.file.students.tpl.php(31): Smarty_Internal_Runtime_Inheritance->endChild(Object(Smarty_Internal_Template), 'Layouts/member_...')
#12 C:\xampp\htdocs\diet_recommender\app\ThirdParty\Smarty\libs\sysplugins\smarty_template_resource_base.php(123): content_627bd86ae67608_21051074(Object(Smarty_Internal_Template))
#13 C:\xampp\htdocs\diet_recommender\app\ThirdParty\Smarty\libs\sysplugins\smarty_template_compiled.php(114): Smarty_Template_Resource_Base->getRenderedTemplateCode(Object(Smarty_Internal_Template))
#14 C:\xampp\htdocs\diet_recommender\app\ThirdParty\Smarty\libs\sysplugins\smarty_internal_template.php(216): Smarty_Template_Compiled->render(Object(Smarty_Internal_Template))
#15 C:\xampp\htdocs\diet_recommender\app\ThirdParty\Smarty\libs\sysplugins\smarty_internal_templatebase.php(238): Smarty_Internal_Template->render(false, 1)
#16 C:\xampp\htdocs\diet_recommender\app\ThirdParty\Smarty\libs\sysplugins\smarty_internal_templatebase.php(134): Smarty_Internal_TemplateBase->_execute(Object(Smarty_Internal_Template), NULL, NULL, NULL, 1)
#17 C:\xampp\htdocs\diet_recommender\app\Libraries\TPL.php(40): Smarty_Internal_TemplateBase->display('Admin/students....', NULL, NULL, NULL)
#18 C:\xampp\htdocs\diet_recommender\app\Libraries\TPL.php(55): App\Libraries\TPL->display('Admin/students....')
#19 C:\xampp\htdocs\diet_recommender\system\CodeIgniter.php(320): App\Libraries\TPL->__destruct()
#20 C:\xampp\htdocs\diet_recommender\public\index.php(37): CodeIgniter\CodeIgniter->run()
#21 C:\xampp\htdocs\diet_recommender\system\Commands\Server\rewrite.php(43): require_once('C:\\xampp\\htdocs...')
#22 {main}
CRITICAL - 2022-05-11 10:39:55 --> Undefined array key "students"
#0 C:\xampp\htdocs\diet_recommender\app\ThirdParty\Smarty\Compiles\a91571d548c26eb7d830750adb6db802050ffbb9_0.file.students.tpl.php(132): CodeIgniter\Debug\Exceptions->errorHandler(2, 'Undefined array...', 'C:\\xampp\\htdocs...', 132)
#1 C:\xampp\htdocs\diet_recommender\app\ThirdParty\Smarty\libs\sysplugins\smarty_internal_runtime_inheritance.php(248): Block_701899571627bd86adf9fe3_58505574->callBlock(Object(Smarty_Internal_Template))
#2 C:\xampp\htdocs\diet_recommender\app\ThirdParty\Smarty\libs\sysplugins\smarty_internal_runtime_inheritance.php(184): Smarty_Internal_Runtime_Inheritance->callBlock(Object(Block_701899571627bd86adf9fe3_58505574), Object(Smarty_Internal_Template))
#3 C:\xampp\htdocs\diet_recommender\app\ThirdParty\Smarty\libs\sysplugins\smarty_internal_runtime_inheritance.php(186): Smarty_Internal_Runtime_Inheritance->process(Object(Smarty_Internal_Template), Object(Block_701899571627bd86adf9fe3_58505574), Object(Block_152547647562763a95474861_22545650))
#4 C:\xampp\htdocs\diet_recommender\app\ThirdParty\Smarty\libs\sysplugins\smarty_internal_runtime_inheritance.php(156): Smarty_Internal_Runtime_Inheritance->process(Object(Smarty_Internal_Template), Object(Block_152547647562763a95474861_22545650))
#5 C:\xampp\htdocs\diet_recommender\app\ThirdParty\Smarty\Compiles\c4cff84b956c2362d512dc8ee3c9abcbabb2c585_0.file.member_area.tpl.php(86): Smarty_Internal_Runtime_Inheritance->instanceBlock(Object(Smarty_Internal_Template), 'Block_152547647...', 'body')
#6 C:\xampp\htdocs\diet_recommender\app\ThirdParty\Smarty\libs\sysplugins\smarty_template_resource_base.php(123): content_62763a954786e9_84606815(Object(Smarty_Internal_Template))
#7 C:\xampp\htdocs\diet_recommender\app\ThirdParty\Smarty\libs\sysplugins\smarty_template_compiled.php(114): Smarty_Template_Resource_Base->getRenderedTemplateCode(Object(Smarty_Internal_Template))
#8 C:\xampp\htdocs\diet_recommender\app\ThirdParty\Smarty\libs\sysplugins\smarty_internal_template.php(216): Smarty_Template_Compiled->render(Object(Smarty_Internal_Template))
#9 C:\xampp\htdocs\diet_recommender\app\ThirdParty\Smarty\libs\sysplugins\smarty_internal_template.php(385): Smarty_Internal_Template->render()
#10 C:\xampp\htdocs\diet_recommender\app\ThirdParty\Smarty\libs\sysplugins\smarty_internal_runtime_inheritance.php(116): Smarty_Internal_Template->_subTemplateRender('Layouts/member_...', NULL, NULL, 0, 3600, Array, 2, false, NULL, NULL)
#11 C:\xampp\htdocs\diet_recommender\app\ThirdParty\Smarty\Compiles\a91571d548c26eb7d830750adb6db802050ffbb9_0.file.students.tpl.php(31): Smarty_Internal_Runtime_Inheritance->endChild(Object(Smarty_Internal_Template), 'Layouts/member_...')
#12 C:\xampp\htdocs\diet_recommender\app\ThirdParty\Smarty\libs\sysplugins\smarty_template_resource_base.php(123): content_627bd86ae67608_21051074(Object(Smarty_Internal_Template))
#13 C:\xampp\htdocs\diet_recommender\app\ThirdParty\Smarty\libs\sysplugins\smarty_template_compiled.php(114): Smarty_Template_Resource_Base->getRenderedTemplateCode(Object(Smarty_Internal_Template))
#14 C:\xampp\htdocs\diet_recommender\app\ThirdParty\Smarty\libs\sysplugins\smarty_internal_template.php(216): Smarty_Template_Compiled->render(Object(Smarty_Internal_Template))
#15 C:\xampp\htdocs\diet_recommender\app\ThirdParty\Smarty\libs\sysplugins\smarty_internal_templatebase.php(238): Smarty_Internal_Template->render(false, 1)
#16 C:\xampp\htdocs\diet_recommender\app\ThirdParty\Smarty\libs\sysplugins\smarty_internal_templatebase.php(134): Smarty_Internal_TemplateBase->_execute(Object(Smarty_Internal_Template), NULL, NULL, NULL, 1)
#17 C:\xampp\htdocs\diet_recommender\app\Libraries\TPL.php(40): Smarty_Internal_TemplateBase->display('Admin/students....', NULL, NULL, NULL)
#18 C:\xampp\htdocs\diet_recommender\app\Libraries\TPL.php(55): App\Libraries\TPL->display('Admin/students....')
#19 C:\xampp\htdocs\diet_recommender\system\CodeIgniter.php(320): App\Libraries\TPL->__destruct()
#20 C:\xampp\htdocs\diet_recommender\public\index.php(37): CodeIgniter\CodeIgniter->run()
#21 C:\xampp\htdocs\diet_recommender\system\Commands\Server\rewrite.php(43): require_once('C:\\xampp\\htdocs...')
#22 {main}
CRITICAL - 2022-05-11 10:55:24 --> Syntax error in template "file:C:\xampp\htdocs\diet_recommender\app\Views\Admin\categories.tpl"  on line 123 "{/block}" unclosed '{foreach}' tag
#0 C:\xampp\htdocs\diet_recommender\app\ThirdParty\Smarty\libs\sysplugins\smarty_internal_compilebase.php(196): Smarty_Internal_TemplateCompilerBase->trigger_template_error('unclosed '{fore...')
#1 C:\xampp\htdocs\diet_recommender\app\ThirdParty\Smarty\libs\sysplugins\smarty_internal_compile_block.php(110): Smarty_Internal_CompileBase->closeTag(Object(Smarty_Internal_SmartyTemplateCompiler), Array)
#2 C:\xampp\htdocs\diet_recommender\app\ThirdParty\Smarty\libs\sysplugins\smarty_internal_templatecompilerbase.php(752): Smarty_Internal_Compile_Blockclose->compile(Array, Object(Smarty_Internal_SmartyTemplateCompiler), Array, NULL, NULL)
#3 C:\xampp\htdocs\diet_recommender\app\ThirdParty\Smarty\libs\sysplugins\smarty_internal_templatecompilerbase.php(1481): Smarty_Internal_TemplateCompilerBase->callTagCompiler('blockclose', Array, Array)
#4 C:\xampp\htdocs\diet_recommender\app\ThirdParty\Smarty\libs\sysplugins\smarty_internal_templatecompilerbase.php(553): Smarty_Internal_TemplateCompilerBase->compileTag2('blockclose', Array, Array)
#5 C:\xampp\htdocs\diet_recommender\app\ThirdParty\Smarty\libs\sysplugins\smarty_internal_templateparser.php(2251): Smarty_Internal_TemplateCompilerBase->compileTag('blockclose', Array)
#6 C:\xampp\htdocs\diet_recommender\app\ThirdParty\Smarty\libs\sysplugins\smarty_internal_templateparser.php(2777): Smarty_Internal_Templateparser->yy_r44()
#7 C:\xampp\htdocs\diet_recommender\app\ThirdParty\Smarty\libs\sysplugins\smarty_internal_templateparser.php(2872): Smarty_Internal_Templateparser->yy_reduce(44)
#8 C:\xampp\htdocs\diet_recommender\app\ThirdParty\Smarty\libs\sysplugins\smarty_internal_smartytemplatecompiler.php(131): Smarty_Internal_Templateparser->doParse(0, 0)
#9 C:\xampp\htdocs\diet_recommender\app\ThirdParty\Smarty\libs\sysplugins\smarty_internal_templatecompilerbase.php(469): Smarty_Internal_SmartyTemplateCompiler->doCompile('{extends file="...', true)
#10 C:\xampp\htdocs\diet_recommender\app\ThirdParty\Smarty\libs\sysplugins\smarty_internal_templatecompilerbase.php(395): Smarty_Internal_TemplateCompilerBase->compileTemplateSource(Object(Smarty_Internal_Template), false, NULL)
#11 C:\xampp\htdocs\diet_recommender\app\ThirdParty\Smarty\libs\sysplugins\smarty_template_compiled.php(184): Smarty_Internal_TemplateCompilerBase->compileTemplate(Object(Smarty_Internal_Template))
#12 C:\xampp\htdocs\diet_recommender\app\ThirdParty\Smarty\libs\sysplugins\smarty_template_compiled.php(141): Smarty_Template_Compiled->compileTemplateSource(Object(Smarty_Internal_Template))
#13 C:\xampp\htdocs\diet_recommender\app\ThirdParty\Smarty\libs\sysplugins\smarty_template_compiled.php(105): Smarty_Template_Compiled->process(Object(Smarty_Internal_Template))
#14 C:\xampp\htdocs\diet_recommender\app\ThirdParty\Smarty\libs\sysplugins\smarty_internal_template.php(216): Smarty_Template_Compiled->render(Object(Smarty_Internal_Template))
#15 C:\xampp\htdocs\diet_recommender\app\ThirdParty\Smarty\libs\sysplugins\smarty_internal_templatebase.php(238): Smarty_Internal_Template->render(false, 1)
#16 C:\xampp\htdocs\diet_recommender\app\ThirdParty\Smarty\libs\sysplugins\smarty_internal_templatebase.php(134): Smarty_Internal_TemplateBase->_execute(Object(Smarty_Internal_Template), NULL, NULL, NULL, 1)
#17 C:\xampp\htdocs\diet_recommender\app\Libraries\TPL.php(40): Smarty_Internal_TemplateBase->display('Admin/categorie...', NULL, NULL, NULL)
#18 C:\xampp\htdocs\diet_recommender\app\Libraries\TPL.php(55): App\Libraries\TPL->display('Admin/categorie...')
#19 C:\xampp\htdocs\diet_recommender\system\CodeIgniter.php(320): App\Libraries\TPL->__destruct()
#20 C:\xampp\htdocs\diet_recommender\public\index.php(37): CodeIgniter\CodeIgniter->run()
#21 C:\xampp\htdocs\diet_recommender\system\Commands\Server\rewrite.php(43): require_once('C:\\xampp\\htdocs...')
#22 {main}
CRITICAL - 2022-05-11 11:03:18 --> Undefined array key "category"
#0 C:\xampp\htdocs\diet_recommender\app\ThirdParty\NotORM\NotORM\Row.php(166): CodeIgniter\Debug\Exceptions->errorHandler(2, 'Undefined array...', 'C:\\xampp\\htdocs...', 166)
#1 C:\xampp\htdocs\diet_recommender\app\ThirdParty\Smarty\Compiles\7cf91eda538a6f0fc684e380b085e255345eca03_0.file.foods.tpl.php(143): NotORM_Row->offsetGet('category')
#2 C:\xampp\htdocs\diet_recommender\app\ThirdParty\Smarty\libs\sysplugins\smarty_internal_runtime_inheritance.php(248): Block_912970426627bde45ee74d1_27519033->callBlock(Object(Smarty_Internal_Template))
#3 C:\xampp\htdocs\diet_recommender\app\ThirdParty\Smarty\libs\sysplugins\smarty_internal_runtime_inheritance.php(184): Smarty_Internal_Runtime_Inheritance->callBlock(Object(Block_912970426627bde45ee74d1_27519033), Object(Smarty_Internal_Template))
#4 C:\xampp\htdocs\diet_recommender\app\ThirdParty\Smarty\libs\sysplugins\smarty_internal_runtime_inheritance.php(186): Smarty_Internal_Runtime_Inheritance->process(Object(Smarty_Internal_Template), Object(Block_912970426627bde45ee74d1_27519033), Object(Block_152547647562763a95474861_22545650))
#5 C:\xampp\htdocs\diet_recommender\app\ThirdParty\Smarty\libs\sysplugins\smarty_internal_runtime_inheritance.php(156): Smarty_Internal_Runtime_Inheritance->process(Object(Smarty_Internal_Template), Object(Block_152547647562763a95474861_22545650))
#6 C:\xampp\htdocs\diet_recommender\app\ThirdParty\Smarty\Compiles\c4cff84b956c2362d512dc8ee3c9abcbabb2c585_0.file.member_area.tpl.php(86): Smarty_Internal_Runtime_Inheritance->instanceBlock(Object(Smarty_Internal_Template), 'Block_152547647...', 'body')
#7 C:\xampp\htdocs\diet_recommender\app\ThirdParty\Smarty\libs\sysplugins\smarty_template_resource_base.php(123): content_62763a954786e9_84606815(Object(Smarty_Internal_Template))
#8 C:\xampp\htdocs\diet_recommender\app\ThirdParty\Smarty\libs\sysplugins\smarty_template_compiled.php(114): Smarty_Template_Resource_Base->getRenderedTemplateCode(Object(Smarty_Internal_Template))
#9 C:\xampp\htdocs\diet_recommender\app\ThirdParty\Smarty\libs\sysplugins\smarty_internal_template.php(216): Smarty_Template_Compiled->render(Object(Smarty_Internal_Template))
#10 C:\xampp\htdocs\diet_recommender\app\ThirdParty\Smarty\libs\sysplugins\smarty_internal_template.php(385): Smarty_Internal_Template->render()
#11 C:\xampp\htdocs\diet_recommender\app\ThirdParty\Smarty\libs\sysplugins\smarty_internal_runtime_inheritance.php(116): Smarty_Internal_Template->_subTemplateRender('Layouts/member_...', NULL, NULL, 0, 3600, Array, 2, false, NULL, NULL)
#12 C:\xampp\htdocs\diet_recommender\app\ThirdParty\Smarty\Compiles\7cf91eda538a6f0fc684e380b085e255345eca03_0.file.foods.tpl.php(31): Smarty_Internal_Runtime_Inheritance->endChild(Object(Smarty_Internal_Template), 'Layouts/member_...')
#13 C:\xampp\htdocs\diet_recommender\app\ThirdParty\Smarty\libs\sysplugins\smarty_template_resource_base.php(123): content_627bde45efebe7_60084882(Object(Smarty_Internal_Template))
#14 C:\xampp\htdocs\diet_recommender\app\ThirdParty\Smarty\libs\sysplugins\smarty_template_compiled.php(114): Smarty_Template_Resource_Base->getRenderedTemplateCode(Object(Smarty_Internal_Template))
#15 C:\xampp\htdocs\diet_recommender\app\ThirdParty\Smarty\libs\sysplugins\smarty_internal_template.php(216): Smarty_Template_Compiled->render(Object(Smarty_Internal_Template))
#16 C:\xampp\htdocs\diet_recommender\app\ThirdParty\Smarty\libs\sysplugins\smarty_internal_templatebase.php(238): Smarty_Internal_Template->render(false, 1)
#17 C:\xampp\htdocs\diet_recommender\app\ThirdParty\Smarty\libs\sysplugins\smarty_internal_templatebase.php(134): Smarty_Internal_TemplateBase->_execute(Object(Smarty_Internal_Template), NULL, NULL, NULL, 1)
#18 C:\xampp\htdocs\diet_recommender\app\Libraries\TPL.php(40): Smarty_Internal_TemplateBase->display('Admin/foods.tpl', NULL, NULL, NULL)
#19 C:\xampp\htdocs\diet_recommender\app\Libraries\TPL.php(55): App\Libraries\TPL->display('Admin/foods.tpl')
#20 C:\xampp\htdocs\diet_recommender\system\CodeIgniter.php(320): App\Libraries\TPL->__destruct()
#21 C:\xampp\htdocs\diet_recommender\public\index.php(37): CodeIgniter\CodeIgniter->run()
#22 C:\xampp\htdocs\diet_recommender\system\Commands\Server\rewrite.php(43): require_once('C:\\xampp\\htdocs...')
#23 {main}
CRITICAL - 2022-05-11 11:03:30 --> Undefined array key "category"
#0 C:\xampp\htdocs\diet_recommender\app\ThirdParty\NotORM\NotORM\Row.php(166): CodeIgniter\Debug\Exceptions->errorHandler(2, 'Undefined array...', 'C:\\xampp\\htdocs...', 166)
#1 C:\xampp\htdocs\diet_recommender\app\ThirdParty\Smarty\Compiles\7cf91eda538a6f0fc684e380b085e255345eca03_0.file.foods.tpl.php(143): NotORM_Row->offsetGet('category')
#2 C:\xampp\htdocs\diet_recommender\app\ThirdParty\Smarty\libs\sysplugins\smarty_internal_runtime_inheritance.php(248): Block_2111562983627bde52d53ef5_04549572->callBlock(Object(Smarty_Internal_Template))
#3 C:\xampp\htdocs\diet_recommender\app\ThirdParty\Smarty\libs\sysplugins\smarty_internal_runtime_inheritance.php(184): Smarty_Internal_Runtime_Inheritance->callBlock(Object(Block_2111562983627bde52d53ef5_04549572), Object(Smarty_Internal_Template))
#4 C:\xampp\htdocs\diet_recommender\app\ThirdParty\Smarty\libs\sysplugins\smarty_internal_runtime_inheritance.php(186): Smarty_Internal_Runtime_Inheritance->process(Object(Smarty_Internal_Template), Object(Block_2111562983627bde52d53ef5_04549572), Object(Block_152547647562763a95474861_22545650))
#5 C:\xampp\htdocs\diet_recommender\app\ThirdParty\Smarty\libs\sysplugins\smarty_internal_runtime_inheritance.php(156): Smarty_Internal_Runtime_Inheritance->process(Object(Smarty_Internal_Template), Object(Block_152547647562763a95474861_22545650))
#6 C:\xampp\htdocs\diet_recommender\app\ThirdParty\Smarty\Compiles\c4cff84b956c2362d512dc8ee3c9abcbabb2c585_0.file.member_area.tpl.php(86): Smarty_Internal_Runtime_Inheritance->instanceBlock(Object(Smarty_Internal_Template), 'Block_152547647...', 'body')
#7 C:\xampp\htdocs\diet_recommender\app\ThirdParty\Smarty\libs\sysplugins\smarty_template_resource_base.php(123): content_62763a954786e9_84606815(Object(Smarty_Internal_Template))
#8 C:\xampp\htdocs\diet_recommender\app\ThirdParty\Smarty\libs\sysplugins\smarty_template_compiled.php(114): Smarty_Template_Resource_Base->getRenderedTemplateCode(Object(Smarty_Internal_Template))
#9 C:\xampp\htdocs\diet_recommender\app\ThirdParty\Smarty\libs\sysplugins\smarty_internal_template.php(216): Smarty_Template_Compiled->render(Object(Smarty_Internal_Template))
#10 C:\xampp\htdocs\diet_recommender\app\ThirdParty\Smarty\libs\sysplugins\smarty_internal_template.php(385): Smarty_Internal_Template->render()
#11 C:\xampp\htdocs\diet_recommender\app\ThirdParty\Smarty\libs\sysplugins\smarty_internal_runtime_inheritance.php(116): Smarty_Internal_Template->_subTemplateRender('Layouts/member_...', NULL, NULL, 0, 3600, Array, 2, false, NULL, NULL)
#12 C:\xampp\htdocs\diet_recommender\app\ThirdParty\Smarty\Compiles\7cf91eda538a6f0fc684e380b085e255345eca03_0.file.foods.tpl.php(31): Smarty_Internal_Runtime_Inheritance->endChild(Object(Smarty_Internal_Template), 'Layouts/member_...')
#13 C:\xampp\htdocs\diet_recommender\app\ThirdParty\Smarty\libs\sysplugins\smarty_template_resource_base.php(123): content_627bde52d6f480_23282008(Object(Smarty_Internal_Template))
#14 C:\xampp\htdocs\diet_recommender\app\ThirdParty\Smarty\libs\sysplugins\smarty_template_compiled.php(114): Smarty_Template_Resource_Base->getRenderedTemplateCode(Object(Smarty_Internal_Template))
#15 C:\xampp\htdocs\diet_recommender\app\ThirdParty\Smarty\libs\sysplugins\smarty_internal_template.php(216): Smarty_Template_Compiled->render(Object(Smarty_Internal_Template))
#16 C:\xampp\htdocs\diet_recommender\app\ThirdParty\Smarty\libs\sysplugins\smarty_internal_templatebase.php(238): Smarty_Internal_Template->render(false, 1)
#17 C:\xampp\htdocs\diet_recommender\app\ThirdParty\Smarty\libs\sysplugins\smarty_internal_templatebase.php(134): Smarty_Internal_TemplateBase->_execute(Object(Smarty_Internal_Template), NULL, NULL, NULL, 1)
#18 C:\xampp\htdocs\diet_recommender\app\Libraries\TPL.php(40): Smarty_Internal_TemplateBase->display('Admin/foods.tpl', NULL, NULL, NULL)
#19 C:\xampp\htdocs\diet_recommender\app\Libraries\TPL.php(55): App\Libraries\TPL->display('Admin/foods.tpl')
#20 C:\xampp\htdocs\diet_recommender\system\CodeIgniter.php(320): App\Libraries\TPL->__destruct()
#21 C:\xampp\htdocs\diet_recommender\public\index.php(37): CodeIgniter\CodeIgniter->run()
#22 C:\xampp\htdocs\diet_recommender\system\Commands\Server\rewrite.php(43): require_once('C:\\xampp\\htdocs...')
#23 {main}
CRITICAL - 2022-05-11 11:04:15 --> Undefined array key "category"
#0 C:\xampp\htdocs\diet_recommender\app\ThirdParty\NotORM\NotORM\Row.php(166): CodeIgniter\Debug\Exceptions->errorHandler(2, 'Undefined array...', 'C:\\xampp\\htdocs...', 166)
#1 C:\xampp\htdocs\diet_recommender\app\ThirdParty\Smarty\Compiles\7cf91eda538a6f0fc684e380b085e255345eca03_0.file.foods.tpl.php(143): NotORM_Row->offsetGet('category')
#2 C:\xampp\htdocs\diet_recommender\app\ThirdParty\Smarty\libs\sysplugins\smarty_internal_runtime_inheritance.php(248): Block_1436738183627bde7f5f3715_17851911->callBlock(Object(Smarty_Internal_Template))
#3 C:\xampp\htdocs\diet_recommender\app\ThirdParty\Smarty\libs\sysplugins\smarty_internal_runtime_inheritance.php(184): Smarty_Internal_Runtime_Inheritance->callBlock(Object(Block_1436738183627bde7f5f3715_17851911), Object(Smarty_Internal_Template))
#4 C:\xampp\htdocs\diet_recommender\app\ThirdParty\Smarty\libs\sysplugins\smarty_internal_runtime_inheritance.php(186): Smarty_Internal_Runtime_Inheritance->process(Object(Smarty_Internal_Template), Object(Block_1436738183627bde7f5f3715_17851911), Object(Block_152547647562763a95474861_22545650))
#5 C:\xampp\htdocs\diet_recommender\app\ThirdParty\Smarty\libs\sysplugins\smarty_internal_runtime_inheritance.php(156): Smarty_Internal_Runtime_Inheritance->process(Object(Smarty_Internal_Template), Object(Block_152547647562763a95474861_22545650))
#6 C:\xampp\htdocs\diet_recommender\app\ThirdParty\Smarty\Compiles\c4cff84b956c2362d512dc8ee3c9abcbabb2c585_0.file.member_area.tpl.php(86): Smarty_Internal_Runtime_Inheritance->instanceBlock(Object(Smarty_Internal_Template), 'Block_152547647...', 'body')
#7 C:\xampp\htdocs\diet_recommender\app\ThirdParty\Smarty\libs\sysplugins\smarty_template_resource_base.php(123): content_62763a954786e9_84606815(Object(Smarty_Internal_Template))
#8 C:\xampp\htdocs\diet_recommender\app\ThirdParty\Smarty\libs\sysplugins\smarty_template_compiled.php(114): Smarty_Template_Resource_Base->getRenderedTemplateCode(Object(Smarty_Internal_Template))
#9 C:\xampp\htdocs\diet_recommender\app\ThirdParty\Smarty\libs\sysplugins\smarty_internal_template.php(216): Smarty_Template_Compiled->render(Object(Smarty_Internal_Template))
#10 C:\xampp\htdocs\diet_recommender\app\ThirdParty\Smarty\libs\sysplugins\smarty_internal_template.php(385): Smarty_Internal_Template->render()
#11 C:\xampp\htdocs\diet_recommender\app\ThirdParty\Smarty\libs\sysplugins\smarty_internal_runtime_inheritance.php(116): Smarty_Internal_Template->_subTemplateRender('Layouts/member_...', NULL, NULL, 0, 3600, Array, 2, false, NULL, NULL)
#12 C:\xampp\htdocs\diet_recommender\app\ThirdParty\Smarty\Compiles\7cf91eda538a6f0fc684e380b085e255345eca03_0.file.foods.tpl.php(31): Smarty_Internal_Runtime_Inheritance->endChild(Object(Smarty_Internal_Template), 'Layouts/member_...')
#13 C:\xampp\htdocs\diet_recommender\app\ThirdParty\Smarty\libs\sysplugins\smarty_template_resource_base.php(123): content_627bde7f60ae24_20059474(Object(Smarty_Internal_Template))
#14 C:\xampp\htdocs\diet_recommender\app\ThirdParty\Smarty\libs\sysplugins\smarty_template_compiled.php(114): Smarty_Template_Resource_Base->getRenderedTemplateCode(Object(Smarty_Internal_Template))
#15 C:\xampp\htdocs\diet_recommender\app\ThirdParty\Smarty\libs\sysplugins\smarty_internal_template.php(216): Smarty_Template_Compiled->render(Object(Smarty_Internal_Template))
#16 C:\xampp\htdocs\diet_recommender\app\ThirdParty\Smarty\libs\sysplugins\smarty_internal_templatebase.php(238): Smarty_Internal_Template->render(false, 1)
#17 C:\xampp\htdocs\diet_recommender\app\ThirdParty\Smarty\libs\sysplugins\smarty_internal_templatebase.php(134): Smarty_Internal_TemplateBase->_execute(Object(Smarty_Internal_Template), NULL, NULL, NULL, 1)
#18 C:\xampp\htdocs\diet_recommender\app\Libraries\TPL.php(40): Smarty_Internal_TemplateBase->display('Admin/foods.tpl', NULL, NULL, NULL)
#19 C:\xampp\htdocs\diet_recommender\app\Libraries\TPL.php(55): App\Libraries\TPL->display('Admin/foods.tpl')
#20 C:\xampp\htdocs\diet_recommender\system\CodeIgniter.php(320): App\Libraries\TPL->__destruct()
#21 C:\xampp\htdocs\diet_recommender\public\index.php(37): CodeIgniter\CodeIgniter->run()
#22 C:\xampp\htdocs\diet_recommender\system\Commands\Server\rewrite.php(43): require_once('C:\\xampp\\htdocs...')
#23 {main}
CRITICAL - 2022-05-11 11:04:19 --> Undefined array key "category"
#0 C:\xampp\htdocs\diet_recommender\app\ThirdParty\NotORM\NotORM\Row.php(166): CodeIgniter\Debug\Exceptions->errorHandler(2, 'Undefined array...', 'C:\\xampp\\htdocs...', 166)
#1 C:\xampp\htdocs\diet_recommender\app\ThirdParty\Smarty\Compiles\7cf91eda538a6f0fc684e380b085e255345eca03_0.file.foods.tpl.php(143): NotORM_Row->offsetGet('category')
#2 C:\xampp\htdocs\diet_recommender\app\ThirdParty\Smarty\libs\sysplugins\smarty_internal_runtime_inheritance.php(248): Block_1436738183627bde7f5f3715_17851911->callBlock(Object(Smarty_Internal_Template))
#3 C:\xampp\htdocs\diet_recommender\app\ThirdParty\Smarty\libs\sysplugins\smarty_internal_runtime_inheritance.php(184): Smarty_Internal_Runtime_Inheritance->callBlock(Object(Block_1436738183627bde7f5f3715_17851911), Object(Smarty_Internal_Template))
#4 C:\xampp\htdocs\diet_recommender\app\ThirdParty\Smarty\libs\sysplugins\smarty_internal_runtime_inheritance.php(186): Smarty_Internal_Runtime_Inheritance->process(Object(Smarty_Internal_Template), Object(Block_1436738183627bde7f5f3715_17851911), Object(Block_152547647562763a95474861_22545650))
#5 C:\xampp\htdocs\diet_recommender\app\ThirdParty\Smarty\libs\sysplugins\smarty_internal_runtime_inheritance.php(156): Smarty_Internal_Runtime_Inheritance->process(Object(Smarty_Internal_Template), Object(Block_152547647562763a95474861_22545650))
#6 C:\xampp\htdocs\diet_recommender\app\ThirdParty\Smarty\Compiles\c4cff84b956c2362d512dc8ee3c9abcbabb2c585_0.file.member_area.tpl.php(86): Smarty_Internal_Runtime_Inheritance->instanceBlock(Object(Smarty_Internal_Template), 'Block_152547647...', 'body')
#7 C:\xampp\htdocs\diet_recommender\app\ThirdParty\Smarty\libs\sysplugins\smarty_template_resource_base.php(123): content_62763a954786e9_84606815(Object(Smarty_Internal_Template))
#8 C:\xampp\htdocs\diet_recommender\app\ThirdParty\Smarty\libs\sysplugins\smarty_template_compiled.php(114): Smarty_Template_Resource_Base->getRenderedTemplateCode(Object(Smarty_Internal_Template))
#9 C:\xampp\htdocs\diet_recommender\app\ThirdParty\Smarty\libs\sysplugins\smarty_internal_template.php(216): Smarty_Template_Compiled->render(Object(Smarty_Internal_Template))
#10 C:\xampp\htdocs\diet_recommender\app\ThirdParty\Smarty\libs\sysplugins\smarty_internal_template.php(385): Smarty_Internal_Template->render()
#11 C:\xampp\htdocs\diet_recommender\app\ThirdParty\Smarty\libs\sysplugins\smarty_internal_runtime_inheritance.php(116): Smarty_Internal_Template->_subTemplateRender('Layouts/member_...', NULL, NULL, 0, 3600, Array, 2, false, NULL, NULL)
#12 C:\xampp\htdocs\diet_recommender\app\ThirdParty\Smarty\Compiles\7cf91eda538a6f0fc684e380b085e255345eca03_0.file.foods.tpl.php(31): Smarty_Internal_Runtime_Inheritance->endChild(Object(Smarty_Internal_Template), 'Layouts/member_...')
#13 C:\xampp\htdocs\diet_recommender\app\ThirdParty\Smarty\libs\sysplugins\smarty_template_resource_base.php(123): content_627bde7f60ae24_20059474(Object(Smarty_Internal_Template))
#14 C:\xampp\htdocs\diet_recommender\app\ThirdParty\Smarty\libs\sysplugins\smarty_template_compiled.php(114): Smarty_Template_Resource_Base->getRenderedTemplateCode(Object(Smarty_Internal_Template))
#15 C:\xampp\htdocs\diet_recommender\app\ThirdParty\Smarty\libs\sysplugins\smarty_internal_template.php(216): Smarty_Template_Compiled->render(Object(Smarty_Internal_Template))
#16 C:\xampp\htdocs\diet_recommender\app\ThirdParty\Smarty\libs\sysplugins\smarty_internal_templatebase.php(238): Smarty_Internal_Template->render(false, 1)
#17 C:\xampp\htdocs\diet_recommender\app\ThirdParty\Smarty\libs\sysplugins\smarty_internal_templatebase.php(134): Smarty_Internal_TemplateBase->_execute(Object(Smarty_Internal_Template), NULL, NULL, NULL, 1)
#18 C:\xampp\htdocs\diet_recommender\app\Libraries\TPL.php(40): Smarty_Internal_TemplateBase->display('Admin/foods.tpl', NULL, NULL, NULL)
#19 C:\xampp\htdocs\diet_recommender\app\Libraries\TPL.php(55): App\Libraries\TPL->display('Admin/foods.tpl')
#20 C:\xampp\htdocs\diet_recommender\system\CodeIgniter.php(320): App\Libraries\TPL->__destruct()
#21 C:\xampp\htdocs\diet_recommender\public\index.php(37): CodeIgniter\CodeIgniter->run()
#22 C:\xampp\htdocs\diet_recommender\system\Commands\Server\rewrite.php(43): require_once('C:\\xampp\\htdocs...')
#23 {main}
CRITICAL - 2022-05-11 11:05:21 --> Undefined property: NotORM_MultiResult::$name
#0 C:\xampp\htdocs\diet_recommender\app\ThirdParty\Smarty\Compiles\7cf91eda538a6f0fc684e380b085e255345eca03_0.file.foods.tpl.php(143): CodeIgniter\Debug\Exceptions->errorHandler(2, 'Undefined prope...', 'C:\\xampp\\htdocs...', 143)
#1 C:\xampp\htdocs\diet_recommender\app\ThirdParty\Smarty\libs\sysplugins\smarty_internal_runtime_inheritance.php(248): Block_76168637627bdec1058e37_70186875->callBlock(Object(Smarty_Internal_Template))
#2 C:\xampp\htdocs\diet_recommender\app\ThirdParty\Smarty\libs\sysplugins\smarty_internal_runtime_inheritance.php(184): Smarty_Internal_Runtime_Inheritance->callBlock(Object(Block_76168637627bdec1058e37_70186875), Object(Smarty_Internal_Template))
#3 C:\xampp\htdocs\diet_recommender\app\ThirdParty\Smarty\libs\sysplugins\smarty_internal_runtime_inheritance.php(186): Smarty_Internal_Runtime_Inheritance->process(Object(Smarty_Internal_Template), Object(Block_76168637627bdec1058e37_70186875), Object(Block_152547647562763a95474861_22545650))
#4 C:\xampp\htdocs\diet_recommender\app\ThirdParty\Smarty\libs\sysplugins\smarty_internal_runtime_inheritance.php(156): Smarty_Internal_Runtime_Inheritance->process(Object(Smarty_Internal_Template), Object(Block_152547647562763a95474861_22545650))
#5 C:\xampp\htdocs\diet_recommender\app\ThirdParty\Smarty\Compiles\c4cff84b956c2362d512dc8ee3c9abcbabb2c585_0.file.member_area.tpl.php(86): Smarty_Internal_Runtime_Inheritance->instanceBlock(Object(Smarty_Internal_Template), 'Block_152547647...', 'body')
#6 C:\xampp\htdocs\diet_recommender\app\ThirdParty\Smarty\libs\sysplugins\smarty_template_resource_base.php(123): content_62763a954786e9_84606815(Object(Smarty_Internal_Template))
#7 C:\xampp\htdocs\diet_recommender\app\ThirdParty\Smarty\libs\sysplugins\smarty_template_compiled.php(114): Smarty_Template_Resource_Base->getRenderedTemplateCode(Object(Smarty_Internal_Template))
#8 C:\xampp\htdocs\diet_recommender\app\ThirdParty\Smarty\libs\sysplugins\smarty_internal_template.php(216): Smarty_Template_Compiled->render(Object(Smarty_Internal_Template))
#9 C:\xampp\htdocs\diet_recommender\app\ThirdParty\Smarty\libs\sysplugins\smarty_internal_template.php(385): Smarty_Internal_Template->render()
#10 C:\xampp\htdocs\diet_recommender\app\ThirdParty\Smarty\libs\sysplugins\smarty_internal_runtime_inheritance.php(116): Smarty_Internal_Template->_subTemplateRender('Layouts/member_...', NULL, NULL, 0, 3600, Array, 2, false, NULL, NULL)
#11 C:\xampp\htdocs\diet_recommender\app\ThirdParty\Smarty\Compiles\7cf91eda538a6f0fc684e380b085e255345eca03_0.file.foods.tpl.php(31): Smarty_Internal_Runtime_Inheritance->endChild(Object(Smarty_Internal_Template), 'Layouts/member_...')
#12 C:\xampp\htdocs\diet_recommender\app\ThirdParty\Smarty\libs\sysplugins\smarty_template_resource_base.php(123): content_627bdec10743c2_72495619(Object(Smarty_Internal_Template))
#13 C:\xampp\htdocs\diet_recommender\app\ThirdParty\Smarty\libs\sysplugins\smarty_template_compiled.php(114): Smarty_Template_Resource_Base->getRenderedTemplateCode(Object(Smarty_Internal_Template))
#14 C:\xampp\htdocs\diet_recommender\app\ThirdParty\Smarty\libs\sysplugins\smarty_internal_template.php(216): Smarty_Template_Compiled->render(Object(Smarty_Internal_Template))
#15 C:\xampp\htdocs\diet_recommender\app\ThirdParty\Smarty\libs\sysplugins\smarty_internal_templatebase.php(238): Smarty_Internal_Template->render(false, 1)
#16 C:\xampp\htdocs\diet_recommender\app\ThirdParty\Smarty\libs\sysplugins\smarty_internal_templatebase.php(134): Smarty_Internal_TemplateBase->_execute(Object(Smarty_Internal_Template), NULL, NULL, NULL, 1)
#17 C:\xampp\htdocs\diet_recommender\app\Libraries\TPL.php(40): Smarty_Internal_TemplateBase->display('Admin/foods.tpl', NULL, NULL, NULL)
#18 C:\xampp\htdocs\diet_recommender\app\Libraries\TPL.php(55): App\Libraries\TPL->display('Admin/foods.tpl')
#19 C:\xampp\htdocs\diet_recommender\system\CodeIgniter.php(320): App\Libraries\TPL->__destruct()
#20 C:\xampp\htdocs\diet_recommender\public\index.php(37): CodeIgniter\CodeIgniter->run()
#21 C:\xampp\htdocs\diet_recommender\system\Commands\Server\rewrite.php(43): require_once('C:\\xampp\\htdocs...')
#22 {main}
CRITICAL - 2022-05-11 11:06:28 --> Undefined array key "category"
#0 C:\xampp\htdocs\diet_recommender\app\ThirdParty\NotORM\NotORM\Row.php(166): CodeIgniter\Debug\Exceptions->errorHandler(2, 'Undefined array...', 'C:\\xampp\\htdocs...', 166)
#1 C:\xampp\htdocs\diet_recommender\app\ThirdParty\Smarty\Compiles\7cf91eda538a6f0fc684e380b085e255345eca03_0.file.foods.tpl.php(143): NotORM_Row->offsetGet('category')
#2 C:\xampp\htdocs\diet_recommender\app\ThirdParty\Smarty\libs\sysplugins\smarty_internal_runtime_inheritance.php(248): Block_1869668217627bdf042197a5_98827301->callBlock(Object(Smarty_Internal_Template))
#3 C:\xampp\htdocs\diet_recommender\app\ThirdParty\Smarty\libs\sysplugins\smarty_internal_runtime_inheritance.php(184): Smarty_Internal_Runtime_Inheritance->callBlock(Object(Block_1869668217627bdf042197a5_98827301), Object(Smarty_Internal_Template))
#4 C:\xampp\htdocs\diet_recommender\app\ThirdParty\Smarty\libs\sysplugins\smarty_internal_runtime_inheritance.php(186): Smarty_Internal_Runtime_Inheritance->process(Object(Smarty_Internal_Template), Object(Block_1869668217627bdf042197a5_98827301), Object(Block_152547647562763a95474861_22545650))
#5 C:\xampp\htdocs\diet_recommender\app\ThirdParty\Smarty\libs\sysplugins\smarty_internal_runtime_inheritance.php(156): Smarty_Internal_Runtime_Inheritance->process(Object(Smarty_Internal_Template), Object(Block_152547647562763a95474861_22545650))
#6 C:\xampp\htdocs\diet_recommender\app\ThirdParty\Smarty\Compiles\c4cff84b956c2362d512dc8ee3c9abcbabb2c585_0.file.member_area.tpl.php(86): Smarty_Internal_Runtime_Inheritance->instanceBlock(Object(Smarty_Internal_Template), 'Block_152547647...', 'body')
#7 C:\xampp\htdocs\diet_recommender\app\ThirdParty\Smarty\libs\sysplugins\smarty_template_resource_base.php(123): content_62763a954786e9_84606815(Object(Smarty_Internal_Template))
#8 C:\xampp\htdocs\diet_recommender\app\ThirdParty\Smarty\libs\sysplugins\smarty_template_compiled.php(114): Smarty_Template_Resource_Base->getRenderedTemplateCode(Object(Smarty_Internal_Template))
#9 C:\xampp\htdocs\diet_recommender\app\ThirdParty\Smarty\libs\sysplugins\smarty_internal_template.php(216): Smarty_Template_Compiled->render(Object(Smarty_Internal_Template))
#10 C:\xampp\htdocs\diet_recommender\app\ThirdParty\Smarty\libs\sysplugins\smarty_internal_template.php(385): Smarty_Internal_Template->render()
#11 C:\xampp\htdocs\diet_recommender\app\ThirdParty\Smarty\libs\sysplugins\smarty_internal_runtime_inheritance.php(116): Smarty_Internal_Template->_subTemplateRender('Layouts/member_...', NULL, NULL, 0, 3600, Array, 2, false, NULL, NULL)
#12 C:\xampp\htdocs\diet_recommender\app\ThirdParty\Smarty\Compiles\7cf91eda538a6f0fc684e380b085e255345eca03_0.file.foods.tpl.php(31): Smarty_Internal_Runtime_Inheritance->endChild(Object(Smarty_Internal_Template), 'Layouts/member_...')
#13 C:\xampp\htdocs\diet_recommender\app\ThirdParty\Smarty\libs\sysplugins\smarty_template_resource_base.php(123): content_627bdf04230ea4_74310249(Object(Smarty_Internal_Template))
#14 C:\xampp\htdocs\diet_recommender\app\ThirdParty\Smarty\libs\sysplugins\smarty_template_compiled.php(114): Smarty_Template_Resource_Base->getRenderedTemplateCode(Object(Smarty_Internal_Template))
#15 C:\xampp\htdocs\diet_recommender\app\ThirdParty\Smarty\libs\sysplugins\smarty_internal_template.php(216): Smarty_Template_Compiled->render(Object(Smarty_Internal_Template))
#16 C:\xampp\htdocs\diet_recommender\app\ThirdParty\Smarty\libs\sysplugins\smarty_internal_templatebase.php(238): Smarty_Internal_Template->render(false, 1)
#17 C:\xampp\htdocs\diet_recommender\app\ThirdParty\Smarty\libs\sysplugins\smarty_internal_templatebase.php(134): Smarty_Internal_TemplateBase->_execute(Object(Smarty_Internal_Template), NULL, NULL, NULL, 1)
#18 C:\xampp\htdocs\diet_recommender\app\Libraries\TPL.php(40): Smarty_Internal_TemplateBase->display('Admin/foods.tpl', NULL, NULL, NULL)
#19 C:\xampp\htdocs\diet_recommender\app\Libraries\TPL.php(55): App\Libraries\TPL->display('Admin/foods.tpl')
#20 C:\xampp\htdocs\diet_recommender\system\CodeIgniter.php(320): App\Libraries\TPL->__destruct()
#21 C:\xampp\htdocs\diet_recommender\public\index.php(37): CodeIgniter\CodeIgniter->run()
#22 C:\xampp\htdocs\diet_recommender\system\Commands\Server\rewrite.php(43): require_once('C:\\xampp\\htdocs...')
#23 {main}
CRITICAL - 2022-05-11 11:07:19 --> Undefined array key "category"
#0 C:\xampp\htdocs\diet_recommender\app\ThirdParty\NotORM\NotORM\Row.php(166): CodeIgniter\Debug\Exceptions->errorHandler(2, 'Undefined array...', 'C:\\xampp\\htdocs...', 166)
#1 C:\xampp\htdocs\diet_recommender\app\ThirdParty\Smarty\Compiles\7cf91eda538a6f0fc684e380b085e255345eca03_0.file.foods.tpl.php(143): NotORM_Row->offsetGet('category')
#2 C:\xampp\htdocs\diet_recommender\app\ThirdParty\Smarty\libs\sysplugins\smarty_internal_runtime_inheritance.php(248): Block_1963911183627bdf37e717d7_80586220->callBlock(Object(Smarty_Internal_Template))
#3 C:\xampp\htdocs\diet_recommender\app\ThirdParty\Smarty\libs\sysplugins\smarty_internal_runtime_inheritance.php(184): Smarty_Internal_Runtime_Inheritance->callBlock(Object(Block_1963911183627bdf37e717d7_80586220), Object(Smarty_Internal_Template))
#4 C:\xampp\htdocs\diet_recommender\app\ThirdParty\Smarty\libs\sysplugins\smarty_internal_runtime_inheritance.php(186): Smarty_Internal_Runtime_Inheritance->process(Object(Smarty_Internal_Template), Object(Block_1963911183627bdf37e717d7_80586220), Object(Block_152547647562763a95474861_22545650))
#5 C:\xampp\htdocs\diet_recommender\app\ThirdParty\Smarty\libs\sysplugins\smarty_internal_runtime_inheritance.php(156): Smarty_Internal_Runtime_Inheritance->process(Object(Smarty_Internal_Template), Object(Block_152547647562763a95474861_22545650))
#6 C:\xampp\htdocs\diet_recommender\app\ThirdParty\Smarty\Compiles\c4cff84b956c2362d512dc8ee3c9abcbabb2c585_0.file.member_area.tpl.php(86): Smarty_Internal_Runtime_Inheritance->instanceBlock(Object(Smarty_Internal_Template), 'Block_152547647...', 'body')
#7 C:\xampp\htdocs\diet_recommender\app\ThirdParty\Smarty\libs\sysplugins\smarty_template_resource_base.php(123): content_62763a954786e9_84606815(Object(Smarty_Internal_Template))
#8 C:\xampp\htdocs\diet_recommender\app\ThirdParty\Smarty\libs\sysplugins\smarty_template_compiled.php(114): Smarty_Template_Resource_Base->getRenderedTemplateCode(Object(Smarty_Internal_Template))
#9 C:\xampp\htdocs\diet_recommender\app\ThirdParty\Smarty\libs\sysplugins\smarty_internal_template.php(216): Smarty_Template_Compiled->render(Object(Smarty_Internal_Template))
#10 C:\xampp\htdocs\diet_recommender\app\ThirdParty\Smarty\libs\sysplugins\smarty_internal_template.php(385): Smarty_Internal_Template->render()
#11 C:\xampp\htdocs\diet_recommender\app\ThirdParty\Smarty\libs\sysplugins\smarty_internal_runtime_inheritance.php(116): Smarty_Internal_Template->_subTemplateRender('Layouts/member_...', NULL, NULL, 0, 3600, Array, 2, false, NULL, NULL)
#12 C:\xampp\htdocs\diet_recommender\app\ThirdParty\Smarty\Compiles\7cf91eda538a6f0fc684e380b085e255345eca03_0.file.foods.tpl.php(31): Smarty_Internal_Runtime_Inheritance->endChild(Object(Smarty_Internal_Template), 'Layouts/member_...')
#13 C:\xampp\htdocs\diet_recommender\app\ThirdParty\Smarty\libs\sysplugins\smarty_template_resource_base.php(123): content_627bdf37e88ee3_16484277(Object(Smarty_Internal_Template))
#14 C:\xampp\htdocs\diet_recommender\app\ThirdParty\Smarty\libs\sysplugins\smarty_template_compiled.php(114): Smarty_Template_Resource_Base->getRenderedTemplateCode(Object(Smarty_Internal_Template))
#15 C:\xampp\htdocs\diet_recommender\app\ThirdParty\Smarty\libs\sysplugins\smarty_internal_template.php(216): Smarty_Template_Compiled->render(Object(Smarty_Internal_Template))
#16 C:\xampp\htdocs\diet_recommender\app\ThirdParty\Smarty\libs\sysplugins\smarty_internal_templatebase.php(238): Smarty_Internal_Template->render(false, 1)
#17 C:\xampp\htdocs\diet_recommender\app\ThirdParty\Smarty\libs\sysplugins\smarty_internal_templatebase.php(134): Smarty_Internal_TemplateBase->_execute(Object(Smarty_Internal_Template), NULL, NULL, NULL, 1)
#18 C:\xampp\htdocs\diet_recommender\app\Libraries\TPL.php(40): Smarty_Internal_TemplateBase->display('Admin/foods.tpl', NULL, NULL, NULL)
#19 C:\xampp\htdocs\diet_recommender\app\Libraries\TPL.php(55): App\Libraries\TPL->display('Admin/foods.tpl')
#20 C:\xampp\htdocs\diet_recommender\system\CodeIgniter.php(320): App\Libraries\TPL->__destruct()
#21 C:\xampp\htdocs\diet_recommender\public\index.php(37): CodeIgniter\CodeIgniter->run()
#22 C:\xampp\htdocs\diet_recommender\system\Commands\Server\rewrite.php(43): require_once('C:\\xampp\\htdocs...')
#23 {main}
CRITICAL - 2022-05-11 11:08:28 --> Undefined array key "category"
#0 C:\xampp\htdocs\diet_recommender\app\ThirdParty\NotORM\NotORM\Row.php(166): CodeIgniter\Debug\Exceptions->errorHandler(2, 'Undefined array...', 'C:\\xampp\\htdocs...', 166)
#1 C:\xampp\htdocs\diet_recommender\app\ThirdParty\Smarty\Compiles\7cf91eda538a6f0fc684e380b085e255345eca03_0.file.foods.tpl.php(143): NotORM_Row->offsetGet('category')
#2 C:\xampp\htdocs\diet_recommender\app\ThirdParty\Smarty\libs\sysplugins\smarty_internal_runtime_inheritance.php(248): Block_969953545627bdf7c685d28_42934969->callBlock(Object(Smarty_Internal_Template))
#3 C:\xampp\htdocs\diet_recommender\app\ThirdParty\Smarty\libs\sysplugins\smarty_internal_runtime_inheritance.php(184): Smarty_Internal_Runtime_Inheritance->callBlock(Object(Block_969953545627bdf7c685d28_42934969), Object(Smarty_Internal_Template))
#4 C:\xampp\htdocs\diet_recommender\app\ThirdParty\Smarty\libs\sysplugins\smarty_internal_runtime_inheritance.php(186): Smarty_Internal_Runtime_Inheritance->process(Object(Smarty_Internal_Template), Object(Block_969953545627bdf7c685d28_42934969), Object(Block_152547647562763a95474861_22545650))
#5 C:\xampp\htdocs\diet_recommender\app\ThirdParty\Smarty\libs\sysplugins\smarty_internal_runtime_inheritance.php(156): Smarty_Internal_Runtime_Inheritance->process(Object(Smarty_Internal_Template), Object(Block_152547647562763a95474861_22545650))
#6 C:\xampp\htdocs\diet_recommender\app\ThirdParty\Smarty\Compiles\c4cff84b956c2362d512dc8ee3c9abcbabb2c585_0.file.member_area.tpl.php(86): Smarty_Internal_Runtime_Inheritance->instanceBlock(Object(Smarty_Internal_Template), 'Block_152547647...', 'body')
#7 C:\xampp\htdocs\diet_recommender\app\ThirdParty\Smarty\libs\sysplugins\smarty_template_resource_base.php(123): content_62763a954786e9_84606815(Object(Smarty_Internal_Template))
#8 C:\xampp\htdocs\diet_recommender\app\ThirdParty\Smarty\libs\sysplugins\smarty_template_compiled.php(114): Smarty_Template_Resource_Base->getRenderedTemplateCode(Object(Smarty_Internal_Template))
#9 C:\xampp\htdocs\diet_recommender\app\ThirdParty\Smarty\libs\sysplugins\smarty_internal_template.php(216): Smarty_Template_Compiled->render(Object(Smarty_Internal_Template))
#10 C:\xampp\htdocs\diet_recommender\app\ThirdParty\Smarty\libs\sysplugins\smarty_internal_template.php(385): Smarty_Internal_Template->render()
#11 C:\xampp\htdocs\diet_recommender\app\ThirdParty\Smarty\libs\sysplugins\smarty_internal_runtime_inheritance.php(116): Smarty_Internal_Template->_subTemplateRender('Layouts/member_...', NULL, NULL, 0, 3600, Array, 2, false, NULL, NULL)
#12 C:\xampp\htdocs\diet_recommender\app\ThirdParty\Smarty\Compiles\7cf91eda538a6f0fc684e380b085e255345eca03_0.file.foods.tpl.php(31): Smarty_Internal_Runtime_Inheritance->endChild(Object(Smarty_Internal_Template), 'Layouts/member_...')
#13 C:\xampp\htdocs\diet_recommender\app\ThirdParty\Smarty\libs\sysplugins\smarty_template_resource_base.php(123): content_627bdf7c6a12b7_90657237(Object(Smarty_Internal_Template))
#14 C:\xampp\htdocs\diet_recommender\app\ThirdParty\Smarty\libs\sysplugins\smarty_template_compiled.php(114): Smarty_Template_Resource_Base->getRenderedTemplateCode(Object(Smarty_Internal_Template))
#15 C:\xampp\htdocs\diet_recommender\app\ThirdParty\Smarty\libs\sysplugins\smarty_internal_template.php(216): Smarty_Template_Compiled->render(Object(Smarty_Internal_Template))
#16 C:\xampp\htdocs\diet_recommender\app\ThirdParty\Smarty\libs\sysplugins\smarty_internal_templatebase.php(238): Smarty_Internal_Template->render(false, 1)
#17 C:\xampp\htdocs\diet_recommender\app\ThirdParty\Smarty\libs\sysplugins\smarty_internal_templatebase.php(134): Smarty_Internal_TemplateBase->_execute(Object(Smarty_Internal_Template), NULL, NULL, NULL, 1)
#18 C:\xampp\htdocs\diet_recommender\app\Libraries\TPL.php(40): Smarty_Internal_TemplateBase->display('Admin/foods.tpl', NULL, NULL, NULL)
#19 C:\xampp\htdocs\diet_recommender\app\Libraries\TPL.php(55): App\Libraries\TPL->display('Admin/foods.tpl')
#20 C:\xampp\htdocs\diet_recommender\system\CodeIgniter.php(320): App\Libraries\TPL->__destruct()
#21 C:\xampp\htdocs\diet_recommender\public\index.php(37): CodeIgniter\CodeIgniter->run()
#22 C:\xampp\htdocs\diet_recommender\system\Commands\Server\rewrite.php(43): require_once('C:\\xampp\\htdocs...')
#23 {main}
CRITICAL - 2022-05-11 11:23:08 --> syntax error, unexpected token "}", expecting ";"
#0 C:\xampp\htdocs\diet_recommender\system\Autoloader\Autoloader.php(241): CodeIgniter\Autoloader\Autoloader->includeFile('C:\\xampp\\htdocs...')
#1 C:\xampp\htdocs\diet_recommender\system\Autoloader\Autoloader.php(219): CodeIgniter\Autoloader\Autoloader->loadInNamespace('App\\Models\\User')
#2 [internal function]: CodeIgniter\Autoloader\Autoloader->loadClass('App\\Models\\User')
#3 C:\xampp\htdocs\diet_recommender\system\Config\Factories.php(136): class_exists('App\\Models\\User')
#4 C:\xampp\htdocs\diet_recommender\system\Config\Factories.php(106): CodeIgniter\Config\Factories::locateClass(Array, 'User')
#5 C:\xampp\htdocs\diet_recommender\system\Common.php(780): CodeIgniter\Config\Factories::__callStatic('models', Array)
#6 C:\xampp\htdocs\diet_recommender\app\Controllers\Teacher.php(16): model('User')
#7 C:\xampp\htdocs\diet_recommender\system\CodeIgniter.php(825): App\Controllers\Teacher->new_students()
#8 C:\xampp\htdocs\diet_recommender\system\CodeIgniter.php(412): CodeIgniter\CodeIgniter->runController(Object(App\Controllers\Teacher))
#9 C:\xampp\htdocs\diet_recommender\system\CodeIgniter.php(320): CodeIgniter\CodeIgniter->handleRequest(NULL, Object(Config\Cache), false)
#10 C:\xampp\htdocs\diet_recommender\public\index.php(37): CodeIgniter\CodeIgniter->run()
#11 C:\xampp\htdocs\diet_recommender\system\Commands\Server\rewrite.php(43): require_once('C:\\xampp\\htdocs...')
#12 {main}
CRITICAL - 2022-05-11 12:51:32 --> An iterator cannot be used with foreach by reference
#0 C:\xampp\htdocs\diet_recommender\app\Controllers\Teacher.php(28): App\Models\Student_Profile->getAllWithDiets()
#1 C:\xampp\htdocs\diet_recommender\system\CodeIgniter.php(825): App\Controllers\Teacher->student_diets()
#2 C:\xampp\htdocs\diet_recommender\system\CodeIgniter.php(412): CodeIgniter\CodeIgniter->runController(Object(App\Controllers\Teacher))
#3 C:\xampp\htdocs\diet_recommender\system\CodeIgniter.php(320): CodeIgniter\CodeIgniter->handleRequest(NULL, Object(Config\Cache), false)
#4 C:\xampp\htdocs\diet_recommender\public\index.php(37): CodeIgniter\CodeIgniter->run()
#5 C:\xampp\htdocs\diet_recommender\system\Commands\Server\rewrite.php(43): require_once('C:\\xampp\\htdocs...')
#6 {main}
CRITICAL - 2022-05-11 15:20:27 --> syntax error, unexpected variable "$profiles"
#0 C:\xampp\htdocs\diet_recommender\system\Autoloader\Autoloader.php(241): CodeIgniter\Autoloader\Autoloader->includeFile('C:\\xampp\\htdocs...')
#1 C:\xampp\htdocs\diet_recommender\system\Autoloader\Autoloader.php(219): CodeIgniter\Autoloader\Autoloader->loadInNamespace('App\\Models\\Stud...')
#2 [internal function]: CodeIgniter\Autoloader\Autoloader->loadClass('App\\Models\\Stud...')
#3 C:\xampp\htdocs\diet_recommender\system\Config\Factories.php(136): class_exists('App\\Models\\Stud...')
#4 C:\xampp\htdocs\diet_recommender\system\Config\Factories.php(106): CodeIgniter\Config\Factories::locateClass(Array, 'Student_Profile')
#5 C:\xampp\htdocs\diet_recommender\system\Common.php(780): CodeIgniter\Config\Factories::__callStatic('models', Array)
#6 C:\xampp\htdocs\diet_recommender\app\Controllers\Teacher.php(22): model('Student_Profile')
#7 C:\xampp\htdocs\diet_recommender\system\CodeIgniter.php(825): App\Controllers\Teacher->student_profiles()
#8 C:\xampp\htdocs\diet_recommender\system\CodeIgniter.php(412): CodeIgniter\CodeIgniter->runController(Object(App\Controllers\Teacher))
#9 C:\xampp\htdocs\diet_recommender\system\CodeIgniter.php(320): CodeIgniter\CodeIgniter->handleRequest(NULL, Object(Config\Cache), false)
#10 C:\xampp\htdocs\diet_recommender\public\index.php(37): CodeIgniter\CodeIgniter->run()
#11 C:\xampp\htdocs\diet_recommender\system\Commands\Server\rewrite.php(43): require_once('C:\\xampp\\htdocs...')
#12 {main}
