CRITICAL - 2022-07-28 05:07:18 --> SQLSTATE[23000]: Integrity constraint violation: 1062 Duplicate entry '0' for key 'PRIMARY'
#0 C:\xampp\htdocs\library2\app\ThirdParty\NotORM\NotORM\Result.php(161): PDOStatement->execute(Array)
#1 C:\xampp\htdocs\library2\app\ThirdParty\NotORM\NotORM\Result.php(237): NotORM_Result->query('INSERT INTO wis...', Array)
#2 C:\xampp\htdocs\library2\app\ThirdParty\NotORM\NotORM\Result.php(252): NotORM_Result->insert_multi(Array)
#3 C:\xampp\htdocs\library2\app\Models\Wishlist.php(36): NotORM_Result->insert(Array)
#4 C:\xampp\htdocs\library2\app\Controllers\Student.php(44): App\Models\Wishlist->add_new_book(Array)
#5 C:\xampp\htdocs\library2\app\Controllers\Student.php(94): App\Controllers\Student->_process_available_books_request()
#6 C:\xampp\htdocs\library2\system\CodeIgniter.php(825): App\Controllers\Student->available_books()
#7 C:\xampp\htdocs\library2\system\CodeIgniter.php(412): CodeIgniter\CodeIgniter->runController(Object(App\Controllers\Student))
#8 C:\xampp\htdocs\library2\system\CodeIgniter.php(320): CodeIgniter\CodeIgniter->handleRequest(NULL, Object(Config\Cache), false)
#9 C:\xampp\htdocs\library2\public\index.php(37): CodeIgniter\CodeIgniter->run()
#10 C:\xampp\htdocs\library2\system\Commands\Server\rewrite.php(43): require_once('C:\\xampp\\htdocs...')
#11 {main}
CRITICAL - 2022-07-28 05:07:19 --> SQLSTATE[23000]: Integrity constraint violation: 1062 Duplicate entry '0' for key 'PRIMARY'
#0 C:\xampp\htdocs\library2\app\ThirdParty\NotORM\NotORM\Result.php(161): PDOStatement->execute(Array)
#1 C:\xampp\htdocs\library2\app\ThirdParty\NotORM\NotORM\Result.php(237): NotORM_Result->query('INSERT INTO wis...', Array)
#2 C:\xampp\htdocs\library2\app\ThirdParty\NotORM\NotORM\Result.php(252): NotORM_Result->insert_multi(Array)
#3 C:\xampp\htdocs\library2\app\Models\Wishlist.php(36): NotORM_Result->insert(Array)
#4 C:\xampp\htdocs\library2\app\Controllers\Student.php(44): App\Models\Wishlist->add_new_book(Array)
#5 C:\xampp\htdocs\library2\app\Controllers\Student.php(94): App\Controllers\Student->_process_available_books_request()
#6 C:\xampp\htdocs\library2\system\CodeIgniter.php(825): App\Controllers\Student->available_books()
#7 C:\xampp\htdocs\library2\system\CodeIgniter.php(412): CodeIgniter\CodeIgniter->runController(Object(App\Controllers\Student))
#8 C:\xampp\htdocs\library2\system\CodeIgniter.php(320): CodeIgniter\CodeIgniter->handleRequest(NULL, Object(Config\Cache), false)
#9 C:\xampp\htdocs\library2\public\index.php(37): CodeIgniter\CodeIgniter->run()
#10 C:\xampp\htdocs\library2\system\Commands\Server\rewrite.php(43): require_once('C:\\xampp\\htdocs...')
#11 {main}
CRITICAL - 2022-07-28 05:07:19 --> SQLSTATE[23000]: Integrity constraint violation: 1062 Duplicate entry '0' for key 'PRIMARY'
#0 C:\xampp\htdocs\library2\app\ThirdParty\NotORM\NotORM\Result.php(161): PDOStatement->execute(Array)
#1 C:\xampp\htdocs\library2\app\ThirdParty\NotORM\NotORM\Result.php(237): NotORM_Result->query('INSERT INTO wis...', Array)
#2 C:\xampp\htdocs\library2\app\ThirdParty\NotORM\NotORM\Result.php(252): NotORM_Result->insert_multi(Array)
#3 C:\xampp\htdocs\library2\app\Models\Wishlist.php(36): NotORM_Result->insert(Array)
#4 C:\xampp\htdocs\library2\app\Controllers\Student.php(44): App\Models\Wishlist->add_new_book(Array)
#5 C:\xampp\htdocs\library2\app\Controllers\Student.php(94): App\Controllers\Student->_process_available_books_request()
#6 C:\xampp\htdocs\library2\system\CodeIgniter.php(825): App\Controllers\Student->available_books()
#7 C:\xampp\htdocs\library2\system\CodeIgniter.php(412): CodeIgniter\CodeIgniter->runController(Object(App\Controllers\Student))
#8 C:\xampp\htdocs\library2\system\CodeIgniter.php(320): CodeIgniter\CodeIgniter->handleRequest(NULL, Object(Config\Cache), false)
#9 C:\xampp\htdocs\library2\public\index.php(37): CodeIgniter\CodeIgniter->run()
#10 C:\xampp\htdocs\library2\system\Commands\Server\rewrite.php(43): require_once('C:\\xampp\\htdocs...')
#11 {main}
CRITICAL - 2022-07-28 05:07:19 --> SQLSTATE[23000]: Integrity constraint violation: 1062 Duplicate entry '0' for key 'PRIMARY'
#0 C:\xampp\htdocs\library2\app\ThirdParty\NotORM\NotORM\Result.php(161): PDOStatement->execute(Array)
#1 C:\xampp\htdocs\library2\app\ThirdParty\NotORM\NotORM\Result.php(237): NotORM_Result->query('INSERT INTO wis...', Array)
#2 C:\xampp\htdocs\library2\app\ThirdParty\NotORM\NotORM\Result.php(252): NotORM_Result->insert_multi(Array)
#3 C:\xampp\htdocs\library2\app\Models\Wishlist.php(36): NotORM_Result->insert(Array)
#4 C:\xampp\htdocs\library2\app\Controllers\Student.php(44): App\Models\Wishlist->add_new_book(Array)
#5 C:\xampp\htdocs\library2\app\Controllers\Student.php(94): App\Controllers\Student->_process_available_books_request()
#6 C:\xampp\htdocs\library2\system\CodeIgniter.php(825): App\Controllers\Student->available_books()
#7 C:\xampp\htdocs\library2\system\CodeIgniter.php(412): CodeIgniter\CodeIgniter->runController(Object(App\Controllers\Student))
#8 C:\xampp\htdocs\library2\system\CodeIgniter.php(320): CodeIgniter\CodeIgniter->handleRequest(NULL, Object(Config\Cache), false)
#9 C:\xampp\htdocs\library2\public\index.php(37): CodeIgniter\CodeIgniter->run()
#10 C:\xampp\htdocs\library2\system\Commands\Server\rewrite.php(43): require_once('C:\\xampp\\htdocs...')
#11 {main}
CRITICAL - 2022-07-28 05:07:19 --> SQLSTATE[23000]: Integrity constraint violation: 1062 Duplicate entry '0' for key 'PRIMARY'
#0 C:\xampp\htdocs\library2\app\ThirdParty\NotORM\NotORM\Result.php(161): PDOStatement->execute(Array)
#1 C:\xampp\htdocs\library2\app\ThirdParty\NotORM\NotORM\Result.php(237): NotORM_Result->query('INSERT INTO wis...', Array)
#2 C:\xampp\htdocs\library2\app\ThirdParty\NotORM\NotORM\Result.php(252): NotORM_Result->insert_multi(Array)
#3 C:\xampp\htdocs\library2\app\Models\Wishlist.php(36): NotORM_Result->insert(Array)
#4 C:\xampp\htdocs\library2\app\Controllers\Student.php(44): App\Models\Wishlist->add_new_book(Array)
#5 C:\xampp\htdocs\library2\app\Controllers\Student.php(94): App\Controllers\Student->_process_available_books_request()
#6 C:\xampp\htdocs\library2\system\CodeIgniter.php(825): App\Controllers\Student->available_books()
#7 C:\xampp\htdocs\library2\system\CodeIgniter.php(412): CodeIgniter\CodeIgniter->runController(Object(App\Controllers\Student))
#8 C:\xampp\htdocs\library2\system\CodeIgniter.php(320): CodeIgniter\CodeIgniter->handleRequest(NULL, Object(Config\Cache), false)
#9 C:\xampp\htdocs\library2\public\index.php(37): CodeIgniter\CodeIgniter->run()
#10 C:\xampp\htdocs\library2\system\Commands\Server\rewrite.php(43): require_once('C:\\xampp\\htdocs...')
#11 {main}
