CRITICAL - 2022-07-10 05:51:27 --> count(): Argument #1 ($value) must be of type Countable|array, int given
#0 C:\xampp\htdocs\library\app\Controllers\Librarian.php(24): count(3)
#1 C:\xampp\htdocs\library\system\CodeIgniter.php(825): App\Controllers\Librarian->dashboard()
#2 C:\xampp\htdocs\library\system\CodeIgniter.php(412): CodeIgniter\CodeIgniter->runController(Object(App\Controllers\Librarian))
#3 C:\xampp\htdocs\library\system\CodeIgniter.php(320): CodeIgniter\CodeIgniter->handleRequest(NULL, Object(Config\Cache), false)
#4 C:\xampp\htdocs\library\public\index.php(37): CodeIgniter\CodeIgniter->run()
#5 C:\xampp\htdocs\library\system\Commands\Server\rewrite.php(43): require_once('C:\\xampp\\htdocs...')
#6 {main}
CRITICAL - 2022-07-10 05:53:47 --> count(): Argument #1 ($value) must be of type Countable|array, int given
#0 C:\xampp\htdocs\library\app\Controllers\Librarian.php(24): count(3)
#1 C:\xampp\htdocs\library\system\CodeIgniter.php(825): App\Controllers\Librarian->dashboard()
#2 C:\xampp\htdocs\library\system\CodeIgniter.php(412): CodeIgniter\CodeIgniter->runController(Object(App\Controllers\Librarian))
#3 C:\xampp\htdocs\library\system\CodeIgniter.php(320): CodeIgniter\CodeIgniter->handleRequest(NULL, Object(Config\Cache), false)
#4 C:\xampp\htdocs\library\public\index.php(37): CodeIgniter\CodeIgniter->run()
#5 C:\xampp\htdocs\library\system\Commands\Server\rewrite.php(43): require_once('C:\\xampp\\htdocs...')
#6 {main}
CRITICAL - 2022-07-10 05:55:16 --> count(): Argument #1 ($value) must be of type Countable|array, int given
#0 C:\xampp\htdocs\library\app\Controllers\Librarian.php(26): count(3)
#1 C:\xampp\htdocs\library\system\CodeIgniter.php(825): App\Controllers\Librarian->dashboard()
#2 C:\xampp\htdocs\library\system\CodeIgniter.php(412): CodeIgniter\CodeIgniter->runController(Object(App\Controllers\Librarian))
#3 C:\xampp\htdocs\library\system\CodeIgniter.php(320): CodeIgniter\CodeIgniter->handleRequest(NULL, Object(Config\Cache), false)
#4 C:\xampp\htdocs\library\public\index.php(37): CodeIgniter\CodeIgniter->run()
#5 C:\xampp\htdocs\library\system\Commands\Server\rewrite.php(43): require_once('C:\\xampp\\htdocs...')
#6 {main}
CRITICAL - 2022-07-10 05:55:24 --> count(): Argument #1 ($value) must be of type Countable|array, int given
#0 C:\xampp\htdocs\library\app\Controllers\Librarian.php(26): count(3)
#1 C:\xampp\htdocs\library\system\CodeIgniter.php(825): App\Controllers\Librarian->dashboard()
#2 C:\xampp\htdocs\library\system\CodeIgniter.php(412): CodeIgniter\CodeIgniter->runController(Object(App\Controllers\Librarian))
#3 C:\xampp\htdocs\library\system\CodeIgniter.php(320): CodeIgniter\CodeIgniter->handleRequest(NULL, Object(Config\Cache), false)
#4 C:\xampp\htdocs\library\public\index.php(37): CodeIgniter\CodeIgniter->run()
#5 C:\xampp\htdocs\library\system\Commands\Server\rewrite.php(43): require_once('C:\\xampp\\htdocs...')
#6 {main}
CRITICAL - 2022-07-10 05:55:32 --> count(): Argument #1 ($value) must be of type Countable|array, int given
#0 C:\xampp\htdocs\library\app\Controllers\Librarian.php(26): count(3)
#1 C:\xampp\htdocs\library\system\CodeIgniter.php(825): App\Controllers\Librarian->dashboard()
#2 C:\xampp\htdocs\library\system\CodeIgniter.php(412): CodeIgniter\CodeIgniter->runController(Object(App\Controllers\Librarian))
#3 C:\xampp\htdocs\library\system\CodeIgniter.php(320): CodeIgniter\CodeIgniter->handleRequest(NULL, Object(Config\Cache), false)
#4 C:\xampp\htdocs\library\public\index.php(37): CodeIgniter\CodeIgniter->run()
#5 C:\xampp\htdocs\library\system\Commands\Server\rewrite.php(43): require_once('C:\\xampp\\htdocs...')
#6 {main}
