CRITICAL - 2022-07-08 02:32:59 --> Unable to load template 'file:Student/available_books.tpl'
#0 C:\xampp\htdocs\library\app\ThirdParty\Smarty\libs\sysplugins\smarty_internal_templatebase.php(238): Smarty_Internal_Template->render(false, 1)
#1 C:\xampp\htdocs\library\app\ThirdParty\Smarty\libs\sysplugins\smarty_internal_templatebase.php(134): Smarty_Internal_TemplateBase->_execute(Object(Smarty_Internal_Template), NULL, NULL, NULL, 1)
#2 C:\xampp\htdocs\library\app\Libraries\TPL.php(40): Smarty_Internal_TemplateBase->display('Student/availab...', NULL, NULL, NULL)
#3 C:\xampp\htdocs\library\app\Libraries\TPL.php(55): App\Libraries\TPL->display('Student/availab...')
#4 C:\xampp\htdocs\library\system\CodeIgniter.php(320): App\Libraries\TPL->__destruct()
#5 C:\xampp\htdocs\library\public\index.php(37): CodeIgniter\CodeIgniter->run()
#6 C:\xampp\htdocs\library\system\Commands\Server\rewrite.php(43): require_once('C:\\xampp\\htdocs...')
#7 {main}
CRITICAL - 2022-07-08 03:12:36 --> Call to a member function reservation() on bool
#0 C:\xampp\htdocs\library\app\Controllers\Student.php(26): App\Models\Cart->getAllCartItemsByUserID('51')
#1 C:\xampp\htdocs\library\system\CodeIgniter.php(825): App\Controllers\Student->cart()
#2 C:\xampp\htdocs\library\system\CodeIgniter.php(412): CodeIgniter\CodeIgniter->runController(Object(App\Controllers\Student))
#3 C:\xampp\htdocs\library\system\CodeIgniter.php(320): CodeIgniter\CodeIgniter->handleRequest(NULL, Object(Config\Cache), false)
#4 C:\xampp\htdocs\library\public\index.php(37): CodeIgniter\CodeIgniter->run()
#5 C:\xampp\htdocs\library\system\Commands\Server\rewrite.php(43): require_once('C:\\xampp\\htdocs...')
#6 {main}
CRITICAL - 2022-07-08 03:24:56 --> Undefined variable $c
#0 C:\xampp\htdocs\library\app\Models\Cart.php(20): CodeIgniter\Debug\Exceptions->errorHandler(2, 'Undefined varia...', 'C:\\xampp\\htdocs...', 20)
#1 C:\xampp\htdocs\library\app\Controllers\Student.php(26): App\Models\Cart->getAllCartItemsByUserID('51')
#2 C:\xampp\htdocs\library\system\CodeIgniter.php(825): App\Controllers\Student->cart()
#3 C:\xampp\htdocs\library\system\CodeIgniter.php(412): CodeIgniter\CodeIgniter->runController(Object(App\Controllers\Student))
#4 C:\xampp\htdocs\library\system\CodeIgniter.php(320): CodeIgniter\CodeIgniter->handleRequest(NULL, Object(Config\Cache), false)
#5 C:\xampp\htdocs\library\public\index.php(37): CodeIgniter\CodeIgniter->run()
#6 C:\xampp\htdocs\library\system\Commands\Server\rewrite.php(43): require_once('C:\\xampp\\htdocs...')
#7 {main}
CRITICAL - 2022-07-08 03:43:09 --> Undefined array key "wishlist"
#0 C:\xampp\htdocs\library\app\ThirdParty\Smarty\Compiles\772955ee5335b0f52147f161e04df6902f89abd8_0.file.cart.tpl.php(85): CodeIgniter\Debug\Exceptions->errorHandler(2, 'Undefined array...', 'C:\\xampp\\htdocs...', 85)
#1 C:\xampp\htdocs\library\app\ThirdParty\Smarty\libs\sysplugins\smarty_internal_runtime_inheritance.php(248): Block_56497456962c7ee1d273e71_47637820->callBlock(Object(Smarty_Internal_Template))
#2 C:\xampp\htdocs\library\app\ThirdParty\Smarty\libs\sysplugins\smarty_internal_runtime_inheritance.php(184): Smarty_Internal_Runtime_Inheritance->callBlock(Object(Block_56497456962c7ee1d273e71_47637820), Object(Smarty_Internal_Template))
#3 C:\xampp\htdocs\library\app\ThirdParty\Smarty\libs\sysplugins\smarty_internal_runtime_inheritance.php(186): Smarty_Internal_Runtime_Inheritance->process(Object(Smarty_Internal_Template), Object(Block_56497456962c7ee1d273e71_47637820), Object(Block_125081962762a0d7641df3a3_99688505))
#4 C:\xampp\htdocs\library\app\ThirdParty\Smarty\libs\sysplugins\smarty_internal_runtime_inheritance.php(156): Smarty_Internal_Runtime_Inheritance->process(Object(Smarty_Internal_Template), Object(Block_125081962762a0d7641df3a3_99688505))
#5 C:\xampp\htdocs\library\app\ThirdParty\Smarty\Compiles\526db6ec1fbab73337244baca705f02d21b93342_0.file.member_area.tpl.php(85): Smarty_Internal_Runtime_Inheritance->instanceBlock(Object(Smarty_Internal_Template), 'Block_125081962...', 'body')
#6 C:\xampp\htdocs\library\app\ThirdParty\Smarty\libs\sysplugins\smarty_template_resource_base.php(123): content_62a0d7641e70a8_69304155(Object(Smarty_Internal_Template))
#7 C:\xampp\htdocs\library\app\ThirdParty\Smarty\libs\sysplugins\smarty_template_compiled.php(114): Smarty_Template_Resource_Base->getRenderedTemplateCode(Object(Smarty_Internal_Template))
#8 C:\xampp\htdocs\library\app\ThirdParty\Smarty\libs\sysplugins\smarty_internal_template.php(216): Smarty_Template_Compiled->render(Object(Smarty_Internal_Template))
#9 C:\xampp\htdocs\library\app\ThirdParty\Smarty\libs\sysplugins\smarty_internal_template.php(385): Smarty_Internal_Template->render()
#10 C:\xampp\htdocs\library\app\ThirdParty\Smarty\libs\sysplugins\smarty_internal_runtime_inheritance.php(116): Smarty_Internal_Template->_subTemplateRender('Layouts/member_...', NULL, NULL, 0, 3600, Array, 2, false, NULL, NULL)
#11 C:\xampp\htdocs\library\app\ThirdParty\Smarty\Compiles\772955ee5335b0f52147f161e04df6902f89abd8_0.file.cart.tpl.php(36): Smarty_Internal_Runtime_Inheritance->endChild(Object(Smarty_Internal_Template), 'Layouts/member_...')
#12 C:\xampp\htdocs\library\app\ThirdParty\Smarty\libs\sysplugins\smarty_template_resource_base.php(123): content_62c7ee1d2c5f04_52374623(Object(Smarty_Internal_Template))
#13 C:\xampp\htdocs\library\app\ThirdParty\Smarty\libs\sysplugins\smarty_template_compiled.php(114): Smarty_Template_Resource_Base->getRenderedTemplateCode(Object(Smarty_Internal_Template))
#14 C:\xampp\htdocs\library\app\ThirdParty\Smarty\libs\sysplugins\smarty_internal_template.php(216): Smarty_Template_Compiled->render(Object(Smarty_Internal_Template))
#15 C:\xampp\htdocs\library\app\ThirdParty\Smarty\libs\sysplugins\smarty_internal_templatebase.php(238): Smarty_Internal_Template->render(false, 1)
#16 C:\xampp\htdocs\library\app\ThirdParty\Smarty\libs\sysplugins\smarty_internal_templatebase.php(134): Smarty_Internal_TemplateBase->_execute(Object(Smarty_Internal_Template), NULL, NULL, NULL, 1)
#17 C:\xampp\htdocs\library\app\Libraries\TPL.php(40): Smarty_Internal_TemplateBase->display('Student/cart.tp...', NULL, NULL, NULL)
#18 C:\xampp\htdocs\library\app\Libraries\TPL.php(55): App\Libraries\TPL->display('Student/cart.tp...')
#19 C:\xampp\htdocs\library\system\CodeIgniter.php(320): App\Libraries\TPL->__destruct()
#20 C:\xampp\htdocs\library\public\index.php(37): CodeIgniter\CodeIgniter->run()
#21 C:\xampp\htdocs\library\system\Commands\Server\rewrite.php(43): require_once('C:\\xampp\\htdocs...')
#22 {main}
CRITICAL - 2022-07-08 03:45:31 --> Undefined array key "wishlist"
#0 C:\xampp\htdocs\library\app\ThirdParty\Smarty\Compiles\772955ee5335b0f52147f161e04df6902f89abd8_0.file.cart.tpl.php(85): CodeIgniter\Debug\Exceptions->errorHandler(2, 'Undefined array...', 'C:\\xampp\\htdocs...', 85)
#1 C:\xampp\htdocs\library\app\ThirdParty\Smarty\libs\sysplugins\smarty_internal_runtime_inheritance.php(248): Block_105948615562c7eeab7a87c0_48182822->callBlock(Object(Smarty_Internal_Template))
#2 C:\xampp\htdocs\library\app\ThirdParty\Smarty\libs\sysplugins\smarty_internal_runtime_inheritance.php(184): Smarty_Internal_Runtime_Inheritance->callBlock(Object(Block_105948615562c7eeab7a87c0_48182822), Object(Smarty_Internal_Template))
#3 C:\xampp\htdocs\library\app\ThirdParty\Smarty\libs\sysplugins\smarty_internal_runtime_inheritance.php(186): Smarty_Internal_Runtime_Inheritance->process(Object(Smarty_Internal_Template), Object(Block_105948615562c7eeab7a87c0_48182822), Object(Block_125081962762a0d7641df3a3_99688505))
#4 C:\xampp\htdocs\library\app\ThirdParty\Smarty\libs\sysplugins\smarty_internal_runtime_inheritance.php(156): Smarty_Internal_Runtime_Inheritance->process(Object(Smarty_Internal_Template), Object(Block_125081962762a0d7641df3a3_99688505))
#5 C:\xampp\htdocs\library\app\ThirdParty\Smarty\Compiles\526db6ec1fbab73337244baca705f02d21b93342_0.file.member_area.tpl.php(85): Smarty_Internal_Runtime_Inheritance->instanceBlock(Object(Smarty_Internal_Template), 'Block_125081962...', 'body')
#6 C:\xampp\htdocs\library\app\ThirdParty\Smarty\libs\sysplugins\smarty_template_resource_base.php(123): content_62a0d7641e70a8_69304155(Object(Smarty_Internal_Template))
#7 C:\xampp\htdocs\library\app\ThirdParty\Smarty\libs\sysplugins\smarty_template_compiled.php(114): Smarty_Template_Resource_Base->getRenderedTemplateCode(Object(Smarty_Internal_Template))
#8 C:\xampp\htdocs\library\app\ThirdParty\Smarty\libs\sysplugins\smarty_internal_template.php(216): Smarty_Template_Compiled->render(Object(Smarty_Internal_Template))
#9 C:\xampp\htdocs\library\app\ThirdParty\Smarty\libs\sysplugins\smarty_internal_template.php(385): Smarty_Internal_Template->render()
#10 C:\xampp\htdocs\library\app\ThirdParty\Smarty\libs\sysplugins\smarty_internal_runtime_inheritance.php(116): Smarty_Internal_Template->_subTemplateRender('Layouts/member_...', NULL, NULL, 0, 3600, Array, 2, false, NULL, NULL)
#11 C:\xampp\htdocs\library\app\ThirdParty\Smarty\Compiles\772955ee5335b0f52147f161e04df6902f89abd8_0.file.cart.tpl.php(36): Smarty_Internal_Runtime_Inheritance->endChild(Object(Smarty_Internal_Template), 'Layouts/member_...')
#12 C:\xampp\htdocs\library\app\ThirdParty\Smarty\libs\sysplugins\smarty_template_resource_base.php(123): content_62c7eeab7d75d2_19886584(Object(Smarty_Internal_Template))
#13 C:\xampp\htdocs\library\app\ThirdParty\Smarty\libs\sysplugins\smarty_template_compiled.php(114): Smarty_Template_Resource_Base->getRenderedTemplateCode(Object(Smarty_Internal_Template))
#14 C:\xampp\htdocs\library\app\ThirdParty\Smarty\libs\sysplugins\smarty_internal_template.php(216): Smarty_Template_Compiled->render(Object(Smarty_Internal_Template))
#15 C:\xampp\htdocs\library\app\ThirdParty\Smarty\libs\sysplugins\smarty_internal_templatebase.php(238): Smarty_Internal_Template->render(false, 1)
#16 C:\xampp\htdocs\library\app\ThirdParty\Smarty\libs\sysplugins\smarty_internal_templatebase.php(134): Smarty_Internal_TemplateBase->_execute(Object(Smarty_Internal_Template), NULL, NULL, NULL, 1)
#17 C:\xampp\htdocs\library\app\Libraries\TPL.php(40): Smarty_Internal_TemplateBase->display('Student/cart.tp...', NULL, NULL, NULL)
#18 C:\xampp\htdocs\library\app\Libraries\TPL.php(55): App\Libraries\TPL->display('Student/cart.tp...')
#19 C:\xampp\htdocs\library\system\CodeIgniter.php(320): App\Libraries\TPL->__destruct()
#20 C:\xampp\htdocs\library\public\index.php(37): CodeIgniter\CodeIgniter->run()
#21 C:\xampp\htdocs\library\system\Commands\Server\rewrite.php(43): require_once('C:\\xampp\\htdocs...')
#22 {main}
CRITICAL - 2022-07-08 04:02:19 --> Unable to load template 'file:Student/available_books.tpl'
#0 C:\xampp\htdocs\library\app\ThirdParty\Smarty\libs\sysplugins\smarty_internal_templatebase.php(238): Smarty_Internal_Template->render(false, 1)
#1 C:\xampp\htdocs\library\app\ThirdParty\Smarty\libs\sysplugins\smarty_internal_templatebase.php(134): Smarty_Internal_TemplateBase->_execute(Object(Smarty_Internal_Template), NULL, NULL, NULL, 1)
#2 C:\xampp\htdocs\library\app\Libraries\TPL.php(40): Smarty_Internal_TemplateBase->display('Student/availab...', NULL, NULL, NULL)
#3 C:\xampp\htdocs\library\app\Libraries\TPL.php(55): App\Libraries\TPL->display('Student/availab...')
#4 C:\xampp\htdocs\library\system\CodeIgniter.php(320): App\Libraries\TPL->__destruct()
#5 C:\xampp\htdocs\library\public\index.php(37): CodeIgniter\CodeIgniter->run()
#6 C:\xampp\htdocs\library\system\Commands\Server\rewrite.php(43): require_once('C:\\xampp\\htdocs...')
#7 {main}
CRITICAL - 2022-07-08 04:02:36 --> Unable to load template 'file:Student/available_books.tpl'
#0 C:\xampp\htdocs\library\app\ThirdParty\Smarty\libs\sysplugins\smarty_internal_templatebase.php(238): Smarty_Internal_Template->render(false, 1)
#1 C:\xampp\htdocs\library\app\ThirdParty\Smarty\libs\sysplugins\smarty_internal_templatebase.php(134): Smarty_Internal_TemplateBase->_execute(Object(Smarty_Internal_Template), NULL, NULL, NULL, 1)
#2 C:\xampp\htdocs\library\app\Libraries\TPL.php(40): Smarty_Internal_TemplateBase->display('Student/availab...', NULL, NULL, NULL)
#3 C:\xampp\htdocs\library\app\Libraries\TPL.php(55): App\Libraries\TPL->display('Student/availab...')
#4 C:\xampp\htdocs\library\system\CodeIgniter.php(320): App\Libraries\TPL->__destruct()
#5 C:\xampp\htdocs\library\public\index.php(37): CodeIgniter\CodeIgniter->run()
#6 C:\xampp\htdocs\library\system\Commands\Server\rewrite.php(43): require_once('C:\\xampp\\htdocs...')
#7 {main}
CRITICAL - 2022-07-08 04:03:05 --> Unable to load template 'file:Student/available_books.tpl'
#0 C:\xampp\htdocs\library\app\ThirdParty\Smarty\libs\sysplugins\smarty_internal_templatebase.php(238): Smarty_Internal_Template->render(false, 1)
#1 C:\xampp\htdocs\library\app\ThirdParty\Smarty\libs\sysplugins\smarty_internal_templatebase.php(134): Smarty_Internal_TemplateBase->_execute(Object(Smarty_Internal_Template), NULL, NULL, NULL, 1)
#2 C:\xampp\htdocs\library\app\Libraries\TPL.php(40): Smarty_Internal_TemplateBase->display('Student/availab...', NULL, NULL, NULL)
#3 C:\xampp\htdocs\library\app\Libraries\TPL.php(55): App\Libraries\TPL->display('Student/availab...')
#4 C:\xampp\htdocs\library\system\CodeIgniter.php(320): App\Libraries\TPL->__destruct()
#5 C:\xampp\htdocs\library\public\index.php(37): CodeIgniter\CodeIgniter->run()
#6 C:\xampp\htdocs\library\system\Commands\Server\rewrite.php(43): require_once('C:\\xampp\\htdocs...')
#7 {main}
CRITICAL - 2022-07-08 04:45:21 --> SQLSTATE[HY000] [2002] No connection could be made because the target machine actively refused it
#0 C:\xampp\htdocs\library\app\Libraries\CI_NotORM.php(20): PDO->__construct('mysql:host=loca...', 'root', '')
#1 C:\xampp\htdocs\library\app\Libraries\CI_EzAuth.php(29): App\Libraries\CI_NotORM->__construct()
#2 C:\xampp\htdocs\library\app\Controllers\BaseController.php(55): App\Libraries\CI_EzAuth->__construct()
#3 C:\xampp\htdocs\library\system\CodeIgniter.php(803): App\Controllers\BaseController->initController(Object(CodeIgniter\HTTP\IncomingRequest), Object(CodeIgniter\HTTP\Response), Object(CodeIgniter\Log\Logger))
#4 C:\xampp\htdocs\library\system\CodeIgniter.php(403): CodeIgniter\CodeIgniter->createController()
#5 C:\xampp\htdocs\library\system\CodeIgniter.php(320): CodeIgniter\CodeIgniter->handleRequest(NULL, Object(Config\Cache), false)
#6 C:\xampp\htdocs\library\public\index.php(37): CodeIgniter\CodeIgniter->run()
#7 C:\xampp\htdocs\library\system\Commands\Server\rewrite.php(43): require_once('C:\\xampp\\htdocs...')
#8 {main}
CRITICAL - 2022-07-08 04:45:29 --> SQLSTATE[HY000] [2002] No connection could be made because the target machine actively refused it
#0 C:\xampp\htdocs\library\app\Libraries\CI_NotORM.php(20): PDO->__construct('mysql:host=loca...', 'root', '')
#1 C:\xampp\htdocs\library\app\Libraries\CI_EzAuth.php(29): App\Libraries\CI_NotORM->__construct()
#2 C:\xampp\htdocs\library\app\Controllers\BaseController.php(55): App\Libraries\CI_EzAuth->__construct()
#3 C:\xampp\htdocs\library\system\CodeIgniter.php(803): App\Controllers\BaseController->initController(Object(CodeIgniter\HTTP\IncomingRequest), Object(CodeIgniter\HTTP\Response), Object(CodeIgniter\Log\Logger))
#4 C:\xampp\htdocs\library\system\CodeIgniter.php(403): CodeIgniter\CodeIgniter->createController()
#5 C:\xampp\htdocs\library\system\CodeIgniter.php(320): CodeIgniter\CodeIgniter->handleRequest(NULL, Object(Config\Cache), false)
#6 C:\xampp\htdocs\library\public\index.php(37): CodeIgniter\CodeIgniter->run()
#7 C:\xampp\htdocs\library\system\Commands\Server\rewrite.php(43): require_once('C:\\xampp\\htdocs...')
#8 {main}
CRITICAL - 2022-07-08 04:46:17 --> Unable to load template 'file:Student/available_books.tpl'
#0 C:\xampp\htdocs\library\app\ThirdParty\Smarty\libs\sysplugins\smarty_internal_templatebase.php(238): Smarty_Internal_Template->render(false, 1)
#1 C:\xampp\htdocs\library\app\ThirdParty\Smarty\libs\sysplugins\smarty_internal_templatebase.php(134): Smarty_Internal_TemplateBase->_execute(Object(Smarty_Internal_Template), NULL, NULL, NULL, 1)
#2 C:\xampp\htdocs\library\app\Libraries\TPL.php(40): Smarty_Internal_TemplateBase->display('Student/availab...', NULL, NULL, NULL)
#3 C:\xampp\htdocs\library\app\Libraries\TPL.php(55): App\Libraries\TPL->display('Student/availab...')
#4 C:\xampp\htdocs\library\system\CodeIgniter.php(320): App\Libraries\TPL->__destruct()
#5 C:\xampp\htdocs\library\public\index.php(37): CodeIgniter\CodeIgniter->run()
#6 C:\xampp\htdocs\library\system\Commands\Server\rewrite.php(43): require_once('C:\\xampp\\htdocs...')
#7 {main}
CRITICAL - 2022-07-08 04:46:31 --> Unable to load template 'file:Student/available_books.tpl'
#0 C:\xampp\htdocs\library\app\ThirdParty\Smarty\libs\sysplugins\smarty_internal_templatebase.php(238): Smarty_Internal_Template->render(false, 1)
#1 C:\xampp\htdocs\library\app\ThirdParty\Smarty\libs\sysplugins\smarty_internal_templatebase.php(134): Smarty_Internal_TemplateBase->_execute(Object(Smarty_Internal_Template), NULL, NULL, NULL, 1)
#2 C:\xampp\htdocs\library\app\Libraries\TPL.php(40): Smarty_Internal_TemplateBase->display('Student/availab...', NULL, NULL, NULL)
#3 C:\xampp\htdocs\library\app\Libraries\TPL.php(55): App\Libraries\TPL->display('Student/availab...')
#4 C:\xampp\htdocs\library\system\CodeIgniter.php(320): App\Libraries\TPL->__destruct()
#5 C:\xampp\htdocs\library\public\index.php(37): CodeIgniter\CodeIgniter->run()
#6 C:\xampp\htdocs\library\system\Commands\Server\rewrite.php(43): require_once('C:\\xampp\\htdocs...')
#7 {main}
CRITICAL - 2022-07-08 04:46:51 --> Unable to load template 'file:Student/available_books.tpl'
#0 C:\xampp\htdocs\library\app\ThirdParty\Smarty\libs\sysplugins\smarty_internal_templatebase.php(238): Smarty_Internal_Template->render(false, 1)
#1 C:\xampp\htdocs\library\app\ThirdParty\Smarty\libs\sysplugins\smarty_internal_templatebase.php(134): Smarty_Internal_TemplateBase->_execute(Object(Smarty_Internal_Template), NULL, NULL, NULL, 1)
#2 C:\xampp\htdocs\library\app\Libraries\TPL.php(40): Smarty_Internal_TemplateBase->display('Student/availab...', NULL, NULL, NULL)
#3 C:\xampp\htdocs\library\app\Libraries\TPL.php(55): App\Libraries\TPL->display('Student/availab...')
#4 C:\xampp\htdocs\library\system\CodeIgniter.php(320): App\Libraries\TPL->__destruct()
#5 C:\xampp\htdocs\library\public\index.php(37): CodeIgniter\CodeIgniter->run()
#6 C:\xampp\htdocs\library\system\Commands\Server\rewrite.php(43): require_once('C:\\xampp\\htdocs...')
#7 {main}
CRITICAL - 2022-07-08 04:49:23 --> Undefined array key "cartItems"
#0 C:\xampp\htdocs\library\app\ThirdParty\Smarty\Compiles\c5e28efe364a3d2c94454729800ad749ffc25fa9_0.file.available_books.tpl.php(85): CodeIgniter\Debug\Exceptions->errorHandler(2, 'Undefined array...', 'C:\\xampp\\htdocs...', 85)
#1 C:\xampp\htdocs\library\app\ThirdParty\Smarty\libs\sysplugins\smarty_internal_runtime_inheritance.php(248): Block_42744775762c7fda37de233_82531197->callBlock(Object(Smarty_Internal_Template))
#2 C:\xampp\htdocs\library\app\ThirdParty\Smarty\libs\sysplugins\smarty_internal_runtime_inheritance.php(184): Smarty_Internal_Runtime_Inheritance->callBlock(Object(Block_42744775762c7fda37de233_82531197), Object(Smarty_Internal_Template))
#3 C:\xampp\htdocs\library\app\ThirdParty\Smarty\libs\sysplugins\smarty_internal_runtime_inheritance.php(186): Smarty_Internal_Runtime_Inheritance->process(Object(Smarty_Internal_Template), Object(Block_42744775762c7fda37de233_82531197), Object(Block_125081962762a0d7641df3a3_99688505))
#4 C:\xampp\htdocs\library\app\ThirdParty\Smarty\libs\sysplugins\smarty_internal_runtime_inheritance.php(156): Smarty_Internal_Runtime_Inheritance->process(Object(Smarty_Internal_Template), Object(Block_125081962762a0d7641df3a3_99688505))
#5 C:\xampp\htdocs\library\app\ThirdParty\Smarty\Compiles\526db6ec1fbab73337244baca705f02d21b93342_0.file.member_area.tpl.php(85): Smarty_Internal_Runtime_Inheritance->instanceBlock(Object(Smarty_Internal_Template), 'Block_125081962...', 'body')
#6 C:\xampp\htdocs\library\app\ThirdParty\Smarty\libs\sysplugins\smarty_template_resource_base.php(123): content_62a0d7641e70a8_69304155(Object(Smarty_Internal_Template))
#7 C:\xampp\htdocs\library\app\ThirdParty\Smarty\libs\sysplugins\smarty_template_compiled.php(114): Smarty_Template_Resource_Base->getRenderedTemplateCode(Object(Smarty_Internal_Template))
#8 C:\xampp\htdocs\library\app\ThirdParty\Smarty\libs\sysplugins\smarty_internal_template.php(216): Smarty_Template_Compiled->render(Object(Smarty_Internal_Template))
#9 C:\xampp\htdocs\library\app\ThirdParty\Smarty\libs\sysplugins\smarty_internal_template.php(385): Smarty_Internal_Template->render()
#10 C:\xampp\htdocs\library\app\ThirdParty\Smarty\libs\sysplugins\smarty_internal_runtime_inheritance.php(116): Smarty_Internal_Template->_subTemplateRender('Layouts/member_...', NULL, NULL, 0, 3600, Array, 2, false, NULL, NULL)
#11 C:\xampp\htdocs\library\app\ThirdParty\Smarty\Compiles\c5e28efe364a3d2c94454729800ad749ffc25fa9_0.file.available_books.tpl.php(36): Smarty_Internal_Runtime_Inheritance->endChild(Object(Smarty_Internal_Template), 'Layouts/member_...')
#12 C:\xampp\htdocs\library\app\ThirdParty\Smarty\libs\sysplugins\smarty_template_resource_base.php(123): content_62c7fda38c0b66_38946230(Object(Smarty_Internal_Template))
#13 C:\xampp\htdocs\library\app\ThirdParty\Smarty\libs\sysplugins\smarty_template_compiled.php(114): Smarty_Template_Resource_Base->getRenderedTemplateCode(Object(Smarty_Internal_Template))
#14 C:\xampp\htdocs\library\app\ThirdParty\Smarty\libs\sysplugins\smarty_internal_template.php(216): Smarty_Template_Compiled->render(Object(Smarty_Internal_Template))
#15 C:\xampp\htdocs\library\app\ThirdParty\Smarty\libs\sysplugins\smarty_internal_templatebase.php(238): Smarty_Internal_Template->render(false, 1)
#16 C:\xampp\htdocs\library\app\ThirdParty\Smarty\libs\sysplugins\smarty_internal_templatebase.php(134): Smarty_Internal_TemplateBase->_execute(Object(Smarty_Internal_Template), NULL, NULL, NULL, 1)
#17 C:\xampp\htdocs\library\app\Libraries\TPL.php(40): Smarty_Internal_TemplateBase->display('Student/availab...', NULL, NULL, NULL)
#18 C:\xampp\htdocs\library\app\Libraries\TPL.php(55): App\Libraries\TPL->display('Student/availab...')
#19 C:\xampp\htdocs\library\system\CodeIgniter.php(320): App\Libraries\TPL->__destruct()
#20 C:\xampp\htdocs\library\public\index.php(37): CodeIgniter\CodeIgniter->run()
#21 C:\xampp\htdocs\library\system\Commands\Server\rewrite.php(43): require_once('C:\\xampp\\htdocs...')
#22 {main}
CRITICAL - 2022-07-08 04:51:30 --> Undefined array key "cartItems"
#0 C:\xampp\htdocs\library\app\ThirdParty\Smarty\Compiles\c5e28efe364a3d2c94454729800ad749ffc25fa9_0.file.available_books.tpl.php(247): CodeIgniter\Debug\Exceptions->errorHandler(2, 'Undefined array...', 'C:\\xampp\\htdocs...', 247)
#1 C:\xampp\htdocs\library\app\ThirdParty\Smarty\libs\sysplugins\smarty_internal_runtime_inheritance.php(248): Block_46583845862c7fe228a27e4_43994897->callBlock(Object(Smarty_Internal_Template))
#2 C:\xampp\htdocs\library\app\ThirdParty\Smarty\libs\sysplugins\smarty_internal_runtime_inheritance.php(184): Smarty_Internal_Runtime_Inheritance->callBlock(Object(Block_46583845862c7fe228a27e4_43994897), Object(Smarty_Internal_Template))
#3 C:\xampp\htdocs\library\app\ThirdParty\Smarty\libs\sysplugins\smarty_internal_runtime_inheritance.php(186): Smarty_Internal_Runtime_Inheritance->process(Object(Smarty_Internal_Template), Object(Block_46583845862c7fe228a27e4_43994897), Object(Block_173600518362a0d7641e3229_22809421))
#4 C:\xampp\htdocs\library\app\ThirdParty\Smarty\libs\sysplugins\smarty_internal_runtime_inheritance.php(156): Smarty_Internal_Runtime_Inheritance->process(Object(Smarty_Internal_Template), Object(Block_173600518362a0d7641e3229_22809421))
#5 C:\xampp\htdocs\library\app\ThirdParty\Smarty\Compiles\526db6ec1fbab73337244baca705f02d21b93342_0.file.member_area.tpl.php(366): Smarty_Internal_Runtime_Inheritance->instanceBlock(Object(Smarty_Internal_Template), 'Block_173600518...', 'scripts')
#6 C:\xampp\htdocs\library\app\ThirdParty\Smarty\libs\sysplugins\smarty_template_resource_base.php(123): content_62a0d7641e70a8_69304155(Object(Smarty_Internal_Template))
#7 C:\xampp\htdocs\library\app\ThirdParty\Smarty\libs\sysplugins\smarty_template_compiled.php(114): Smarty_Template_Resource_Base->getRenderedTemplateCode(Object(Smarty_Internal_Template))
#8 C:\xampp\htdocs\library\app\ThirdParty\Smarty\libs\sysplugins\smarty_internal_template.php(216): Smarty_Template_Compiled->render(Object(Smarty_Internal_Template))
#9 C:\xampp\htdocs\library\app\ThirdParty\Smarty\libs\sysplugins\smarty_internal_template.php(385): Smarty_Internal_Template->render()
#10 C:\xampp\htdocs\library\app\ThirdParty\Smarty\libs\sysplugins\smarty_internal_runtime_inheritance.php(116): Smarty_Internal_Template->_subTemplateRender('Layouts/member_...', NULL, NULL, 0, 3600, Array, 2, false, NULL, NULL)
#11 C:\xampp\htdocs\library\app\ThirdParty\Smarty\Compiles\c5e28efe364a3d2c94454729800ad749ffc25fa9_0.file.available_books.tpl.php(36): Smarty_Internal_Runtime_Inheritance->endChild(Object(Smarty_Internal_Template), 'Layouts/member_...')
#12 C:\xampp\htdocs\library\app\ThirdParty\Smarty\libs\sysplugins\smarty_template_resource_base.php(123): content_62c7fe228a6669_65739731(Object(Smarty_Internal_Template))
#13 C:\xampp\htdocs\library\app\ThirdParty\Smarty\libs\sysplugins\smarty_template_compiled.php(114): Smarty_Template_Resource_Base->getRenderedTemplateCode(Object(Smarty_Internal_Template))
#14 C:\xampp\htdocs\library\app\ThirdParty\Smarty\libs\sysplugins\smarty_internal_template.php(216): Smarty_Template_Compiled->render(Object(Smarty_Internal_Template))
#15 C:\xampp\htdocs\library\app\ThirdParty\Smarty\libs\sysplugins\smarty_internal_templatebase.php(238): Smarty_Internal_Template->render(false, 1)
#16 C:\xampp\htdocs\library\app\ThirdParty\Smarty\libs\sysplugins\smarty_internal_templatebase.php(134): Smarty_Internal_TemplateBase->_execute(Object(Smarty_Internal_Template), NULL, NULL, NULL, 1)
#17 C:\xampp\htdocs\library\app\Libraries\TPL.php(40): Smarty_Internal_TemplateBase->display('Student/availab...', NULL, NULL, NULL)
#18 C:\xampp\htdocs\library\app\Libraries\TPL.php(55): App\Libraries\TPL->display('Student/availab...')
#19 C:\xampp\htdocs\library\system\CodeIgniter.php(320): App\Libraries\TPL->__destruct()
#20 C:\xampp\htdocs\library\public\index.php(37): CodeIgniter\CodeIgniter->run()
#21 C:\xampp\htdocs\library\system\Commands\Server\rewrite.php(43): require_once('C:\\xampp\\htdocs...')
#22 {main}
CRITICAL - 2022-07-08 06:36:49 --> Undefined array key "name"
#0 C:\xampp\htdocs\library\app\ThirdParty\Smarty\Compiles\c5e28efe364a3d2c94454729800ad749ffc25fa9_0.file.available_books.tpl.php(125): CodeIgniter\Debug\Exceptions->errorHandler(2, 'Undefined array...', 'C:\\xampp\\htdocs...', 125)
#1 C:\xampp\htdocs\library\app\ThirdParty\Smarty\libs\sysplugins\smarty_internal_runtime_inheritance.php(248): Block_11349685762c815f48ef779_07486101->callBlock(Object(Smarty_Internal_Template))
#2 C:\xampp\htdocs\library\app\ThirdParty\Smarty\libs\sysplugins\smarty_internal_runtime_inheritance.php(184): Smarty_Internal_Runtime_Inheritance->callBlock(Object(Block_11349685762c815f48ef779_07486101), Object(Smarty_Internal_Template))
#3 C:\xampp\htdocs\library\app\ThirdParty\Smarty\libs\sysplugins\smarty_internal_runtime_inheritance.php(186): Smarty_Internal_Runtime_Inheritance->process(Object(Smarty_Internal_Template), Object(Block_11349685762c815f48ef779_07486101), Object(Block_125081962762a0d7641df3a3_99688505))
#4 C:\xampp\htdocs\library\app\ThirdParty\Smarty\libs\sysplugins\smarty_internal_runtime_inheritance.php(156): Smarty_Internal_Runtime_Inheritance->process(Object(Smarty_Internal_Template), Object(Block_125081962762a0d7641df3a3_99688505))
#5 C:\xampp\htdocs\library\app\ThirdParty\Smarty\Compiles\526db6ec1fbab73337244baca705f02d21b93342_0.file.member_area.tpl.php(85): Smarty_Internal_Runtime_Inheritance->instanceBlock(Object(Smarty_Internal_Template), 'Block_125081962...', 'body')
#6 C:\xampp\htdocs\library\app\ThirdParty\Smarty\libs\sysplugins\smarty_template_resource_base.php(123): content_62a0d7641e70a8_69304155(Object(Smarty_Internal_Template))
#7 C:\xampp\htdocs\library\app\ThirdParty\Smarty\libs\sysplugins\smarty_template_compiled.php(114): Smarty_Template_Resource_Base->getRenderedTemplateCode(Object(Smarty_Internal_Template))
#8 C:\xampp\htdocs\library\app\ThirdParty\Smarty\libs\sysplugins\smarty_internal_template.php(216): Smarty_Template_Compiled->render(Object(Smarty_Internal_Template))
#9 C:\xampp\htdocs\library\app\ThirdParty\Smarty\libs\sysplugins\smarty_internal_template.php(385): Smarty_Internal_Template->render()
#10 C:\xampp\htdocs\library\app\ThirdParty\Smarty\libs\sysplugins\smarty_internal_runtime_inheritance.php(116): Smarty_Internal_Template->_subTemplateRender('Layouts/member_...', NULL, NULL, 0, 3600, Array, 2, false, NULL, NULL)
#11 C:\xampp\htdocs\library\app\ThirdParty\Smarty\Compiles\c5e28efe364a3d2c94454729800ad749ffc25fa9_0.file.available_books.tpl.php(36): Smarty_Internal_Runtime_Inheritance->endChild(Object(Smarty_Internal_Template), 'Layouts/member_...')
#12 C:\xampp\htdocs\library\app\ThirdParty\Smarty\libs\sysplugins\smarty_template_resource_base.php(123): content_62c815f491e588_91526759(Object(Smarty_Internal_Template))
#13 C:\xampp\htdocs\library\app\ThirdParty\Smarty\libs\sysplugins\smarty_template_compiled.php(114): Smarty_Template_Resource_Base->getRenderedTemplateCode(Object(Smarty_Internal_Template))
#14 C:\xampp\htdocs\library\app\ThirdParty\Smarty\libs\sysplugins\smarty_internal_template.php(216): Smarty_Template_Compiled->render(Object(Smarty_Internal_Template))
#15 C:\xampp\htdocs\library\app\ThirdParty\Smarty\libs\sysplugins\smarty_internal_templatebase.php(238): Smarty_Internal_Template->render(false, 1)
#16 C:\xampp\htdocs\library\app\ThirdParty\Smarty\libs\sysplugins\smarty_internal_templatebase.php(134): Smarty_Internal_TemplateBase->_execute(Object(Smarty_Internal_Template), NULL, NULL, NULL, 1)
#17 C:\xampp\htdocs\library\app\Libraries\TPL.php(40): Smarty_Internal_TemplateBase->display('Student/availab...', NULL, NULL, NULL)
#18 C:\xampp\htdocs\library\app\Libraries\TPL.php(55): App\Libraries\TPL->display('Student/availab...')
#19 C:\xampp\htdocs\library\system\CodeIgniter.php(320): App\Libraries\TPL->__destruct()
#20 C:\xampp\htdocs\library\public\index.php(37): CodeIgniter\CodeIgniter->run()
#21 C:\xampp\htdocs\library\system\Commands\Server\rewrite.php(43): require_once('C:\\xampp\\htdocs...')
#22 {main}
CRITICAL - 2022-07-08 21:06:10 --> Undefined array key "action"
#0 C:\xampp\htdocs\library\app\Controllers\Student.php(18): CodeIgniter\Debug\Exceptions->errorHandler(2, 'Undefined array...', 'C:\\xampp\\htdocs...', 18)
#1 C:\xampp\htdocs\library\app\Controllers\Student.php(36): App\Controllers\Student->_process_available_books_request()
#2 C:\xampp\htdocs\library\system\CodeIgniter.php(825): App\Controllers\Student->available_books()
#3 C:\xampp\htdocs\library\system\CodeIgniter.php(412): CodeIgniter\CodeIgniter->runController(Object(App\Controllers\Student))
#4 C:\xampp\htdocs\library\system\CodeIgniter.php(320): CodeIgniter\CodeIgniter->handleRequest(NULL, Object(Config\Cache), false)
#5 C:\xampp\htdocs\library\public\index.php(37): CodeIgniter\CodeIgniter->run()
#6 C:\xampp\htdocs\library\system\Commands\Server\rewrite.php(43): require_once('C:\\xampp\\htdocs...')
#7 {main}
CRITICAL - 2022-07-08 21:06:28 --> Undefined array key "action"
#0 C:\xampp\htdocs\library\app\Controllers\Student.php(18): CodeIgniter\Debug\Exceptions->errorHandler(2, 'Undefined array...', 'C:\\xampp\\htdocs...', 18)
#1 C:\xampp\htdocs\library\app\Controllers\Student.php(36): App\Controllers\Student->_process_available_books_request()
#2 C:\xampp\htdocs\library\system\CodeIgniter.php(825): App\Controllers\Student->available_books()
#3 C:\xampp\htdocs\library\system\CodeIgniter.php(412): CodeIgniter\CodeIgniter->runController(Object(App\Controllers\Student))
#4 C:\xampp\htdocs\library\system\CodeIgniter.php(320): CodeIgniter\CodeIgniter->handleRequest(NULL, Object(Config\Cache), false)
#5 C:\xampp\htdocs\library\public\index.php(37): CodeIgniter\CodeIgniter->run()
#6 C:\xampp\htdocs\library\system\Commands\Server\rewrite.php(43): require_once('C:\\xampp\\htdocs...')
#7 {main}
CRITICAL - 2022-07-08 21:06:44 --> Undefined array key "action"
#0 C:\xampp\htdocs\library\app\Controllers\Student.php(18): CodeIgniter\Debug\Exceptions->errorHandler(2, 'Undefined array...', 'C:\\xampp\\htdocs...', 18)
#1 C:\xampp\htdocs\library\app\Controllers\Student.php(36): App\Controllers\Student->_process_available_books_request()
#2 C:\xampp\htdocs\library\system\CodeIgniter.php(825): App\Controllers\Student->available_books()
#3 C:\xampp\htdocs\library\system\CodeIgniter.php(412): CodeIgniter\CodeIgniter->runController(Object(App\Controllers\Student))
#4 C:\xampp\htdocs\library\system\CodeIgniter.php(320): CodeIgniter\CodeIgniter->handleRequest(NULL, Object(Config\Cache), false)
#5 C:\xampp\htdocs\library\public\index.php(37): CodeIgniter\CodeIgniter->run()
#6 C:\xampp\htdocs\library\system\Commands\Server\rewrite.php(43): require_once('C:\\xampp\\htdocs...')
#7 {main}
CRITICAL - 2022-07-08 21:07:00 --> Undefined array key "action"
#0 C:\xampp\htdocs\library\app\Controllers\Student.php(18): CodeIgniter\Debug\Exceptions->errorHandler(2, 'Undefined array...', 'C:\\xampp\\htdocs...', 18)
#1 C:\xampp\htdocs\library\app\Controllers\Student.php(36): App\Controllers\Student->_process_available_books_request()
#2 C:\xampp\htdocs\library\system\CodeIgniter.php(825): App\Controllers\Student->available_books()
#3 C:\xampp\htdocs\library\system\CodeIgniter.php(412): CodeIgniter\CodeIgniter->runController(Object(App\Controllers\Student))
#4 C:\xampp\htdocs\library\system\CodeIgniter.php(320): CodeIgniter\CodeIgniter->handleRequest(NULL, Object(Config\Cache), false)
#5 C:\xampp\htdocs\library\public\index.php(37): CodeIgniter\CodeIgniter->run()
#6 C:\xampp\htdocs\library\system\Commands\Server\rewrite.php(43): require_once('C:\\xampp\\htdocs...')
#7 {main}
CRITICAL - 2022-07-08 21:07:54 --> Undefined array key "action"
#0 C:\xampp\htdocs\library\app\Controllers\Student.php(18): CodeIgniter\Debug\Exceptions->errorHandler(2, 'Undefined array...', 'C:\\xampp\\htdocs...', 18)
#1 C:\xampp\htdocs\library\app\Controllers\Student.php(36): App\Controllers\Student->_process_available_books_request()
#2 C:\xampp\htdocs\library\system\CodeIgniter.php(825): App\Controllers\Student->available_books()
#3 C:\xampp\htdocs\library\system\CodeIgniter.php(412): CodeIgniter\CodeIgniter->runController(Object(App\Controllers\Student))
#4 C:\xampp\htdocs\library\system\CodeIgniter.php(320): CodeIgniter\CodeIgniter->handleRequest(NULL, Object(Config\Cache), false)
#5 C:\xampp\htdocs\library\public\index.php(37): CodeIgniter\CodeIgniter->run()
#6 C:\xampp\htdocs\library\system\Commands\Server\rewrite.php(43): require_once('C:\\xampp\\htdocs...')
#7 {main}
CRITICAL - 2022-07-08 21:07:56 --> Undefined array key "action"
#0 C:\xampp\htdocs\library\app\Controllers\Student.php(18): CodeIgniter\Debug\Exceptions->errorHandler(2, 'Undefined array...', 'C:\\xampp\\htdocs...', 18)
#1 C:\xampp\htdocs\library\app\Controllers\Student.php(36): App\Controllers\Student->_process_available_books_request()
#2 C:\xampp\htdocs\library\system\CodeIgniter.php(825): App\Controllers\Student->available_books()
#3 C:\xampp\htdocs\library\system\CodeIgniter.php(412): CodeIgniter\CodeIgniter->runController(Object(App\Controllers\Student))
#4 C:\xampp\htdocs\library\system\CodeIgniter.php(320): CodeIgniter\CodeIgniter->handleRequest(NULL, Object(Config\Cache), false)
#5 C:\xampp\htdocs\library\public\index.php(37): CodeIgniter\CodeIgniter->run()
#6 C:\xampp\htdocs\library\system\Commands\Server\rewrite.php(43): require_once('C:\\xampp\\htdocs...')
#7 {main}
