CRITICAL - 2022-05-14 09:16:04 --> Undefined array key "bmi"
#0 C:\xampp\htdocs\diet_recommender\app\ThirdParty\NotORM\NotORM\Row.php(166): CodeIgniter\Debug\Exceptions->errorHandler(2, 'Undefined array...', 'C:\\xampp\\htdocs...', 166)
#1 C:\xampp\htdocs\diet_recommender\app\ThirdParty\Smarty\Compiles\3ef648e60f83b6997dd910c1237cb93c5371d65f_0.file.dashboard.tpl.php(250): NotORM_Row->offsetGet('bmi')
#2 C:\xampp\htdocs\diet_recommender\app\ThirdParty\Smarty\libs\sysplugins\smarty_internal_runtime_inheritance.php(248): Block_1925979574627fb9a4203c29_21457591->callBlock(Object(Smarty_Internal_Template))
#3 C:\xampp\htdocs\diet_recommender\app\ThirdParty\Smarty\libs\sysplugins\smarty_internal_runtime_inheritance.php(184): Smarty_Internal_Runtime_Inheritance->callBlock(Object(Block_1925979574627fb9a4203c29_21457591), Object(Smarty_Internal_Template))
#4 C:\xampp\htdocs\diet_recommender\app\ThirdParty\Smarty\libs\sysplugins\smarty_internal_runtime_inheritance.php(186): Smarty_Internal_Runtime_Inheritance->process(Object(Smarty_Internal_Template), Object(Block_1925979574627fb9a4203c29_21457591), Object(Block_152547647562763a95474861_22545650))
#5 C:\xampp\htdocs\diet_recommender\app\ThirdParty\Smarty\libs\sysplugins\smarty_internal_runtime_inheritance.php(156): Smarty_Internal_Runtime_Inheritance->process(Object(Smarty_Internal_Template), Object(Block_152547647562763a95474861_22545650))
#6 C:\xampp\htdocs\diet_recommender\app\ThirdParty\Smarty\Compiles\c4cff84b956c2362d512dc8ee3c9abcbabb2c585_0.file.member_area.tpl.php(86): Smarty_Internal_Runtime_Inheritance->instanceBlock(Object(Smarty_Internal_Template), 'Block_152547647...', 'body')
#7 C:\xampp\htdocs\diet_recommender\app\ThirdParty\Smarty\libs\sysplugins\smarty_template_resource_base.php(123): content_62763a954786e9_84606815(Object(Smarty_Internal_Template))
#8 C:\xampp\htdocs\diet_recommender\app\ThirdParty\Smarty\libs\sysplugins\smarty_template_compiled.php(114): Smarty_Template_Resource_Base->getRenderedTemplateCode(Object(Smarty_Internal_Template))
#9 C:\xampp\htdocs\diet_recommender\app\ThirdParty\Smarty\libs\sysplugins\smarty_internal_template.php(216): Smarty_Template_Compiled->render(Object(Smarty_Internal_Template))
#10 C:\xampp\htdocs\diet_recommender\app\ThirdParty\Smarty\libs\sysplugins\smarty_internal_template.php(385): Smarty_Internal_Template->render()
#11 C:\xampp\htdocs\diet_recommender\app\ThirdParty\Smarty\libs\sysplugins\smarty_internal_runtime_inheritance.php(116): Smarty_Internal_Template->_subTemplateRender('Layouts/member_...', NULL, NULL, 0, 3600, Array, 2, false, NULL, NULL)
#12 C:\xampp\htdocs\diet_recommender\app\ThirdParty\Smarty\Compiles\3ef648e60f83b6997dd910c1237cb93c5371d65f_0.file.dashboard.tpl.php(31): Smarty_Internal_Runtime_Inheritance->endChild(Object(Smarty_Internal_Template), 'Layouts/member_...')
#13 C:\xampp\htdocs\diet_recommender\app\ThirdParty\Smarty\libs\sysplugins\smarty_template_resource_base.php(123): content_627fb9a4213629_54646038(Object(Smarty_Internal_Template))
#14 C:\xampp\htdocs\diet_recommender\app\ThirdParty\Smarty\libs\sysplugins\smarty_template_compiled.php(114): Smarty_Template_Resource_Base->getRenderedTemplateCode(Object(Smarty_Internal_Template))
#15 C:\xampp\htdocs\diet_recommender\app\ThirdParty\Smarty\libs\sysplugins\smarty_internal_template.php(216): Smarty_Template_Compiled->render(Object(Smarty_Internal_Template))
#16 C:\xampp\htdocs\diet_recommender\app\ThirdParty\Smarty\libs\sysplugins\smarty_internal_templatebase.php(238): Smarty_Internal_Template->render(false, 1)
#17 C:\xampp\htdocs\diet_recommender\app\ThirdParty\Smarty\libs\sysplugins\smarty_internal_templatebase.php(134): Smarty_Internal_TemplateBase->_execute(Object(Smarty_Internal_Template), NULL, NULL, NULL, 1)
#18 C:\xampp\htdocs\diet_recommender\app\Libraries\TPL.php(40): Smarty_Internal_TemplateBase->display('Student/dashboa...', NULL, NULL, NULL)
#19 C:\xampp\htdocs\diet_recommender\app\Libraries\TPL.php(55): App\Libraries\TPL->display('Student/dashboa...')
#20 C:\xampp\htdocs\diet_recommender\system\CodeIgniter.php(320): App\Libraries\TPL->__destruct()
#21 C:\xampp\htdocs\diet_recommender\public\index.php(37): CodeIgniter\CodeIgniter->run()
#22 C:\xampp\htdocs\diet_recommender\system\Commands\Server\rewrite.php(43): require_once('C:\\xampp\\htdocs...')
#23 {main}
CRITICAL - 2022-05-14 09:16:21 --> Undefined array key "student_profile"
#0 C:\xampp\htdocs\diet_recommender\app\ThirdParty\Smarty\Compiles\3ef648e60f83b6997dd910c1237cb93c5371d65f_0.file.dashboard.tpl.php(250): CodeIgniter\Debug\Exceptions->errorHandler(2, 'Undefined array...', 'C:\\xampp\\htdocs...', 250)
#1 C:\xampp\htdocs\diet_recommender\app\ThirdParty\Smarty\libs\sysplugins\smarty_internal_runtime_inheritance.php(248): Block_440447564627fb9b4e9e2c8_09379423->callBlock(Object(Smarty_Internal_Template))
#2 C:\xampp\htdocs\diet_recommender\app\ThirdParty\Smarty\libs\sysplugins\smarty_internal_runtime_inheritance.php(184): Smarty_Internal_Runtime_Inheritance->callBlock(Object(Block_440447564627fb9b4e9e2c8_09379423), Object(Smarty_Internal_Template))
#3 C:\xampp\htdocs\diet_recommender\app\ThirdParty\Smarty\libs\sysplugins\smarty_internal_runtime_inheritance.php(186): Smarty_Internal_Runtime_Inheritance->process(Object(Smarty_Internal_Template), Object(Block_440447564627fb9b4e9e2c8_09379423), Object(Block_152547647562763a95474861_22545650))
#4 C:\xampp\htdocs\diet_recommender\app\ThirdParty\Smarty\libs\sysplugins\smarty_internal_runtime_inheritance.php(156): Smarty_Internal_Runtime_Inheritance->process(Object(Smarty_Internal_Template), Object(Block_152547647562763a95474861_22545650))
#5 C:\xampp\htdocs\diet_recommender\app\ThirdParty\Smarty\Compiles\c4cff84b956c2362d512dc8ee3c9abcbabb2c585_0.file.member_area.tpl.php(86): Smarty_Internal_Runtime_Inheritance->instanceBlock(Object(Smarty_Internal_Template), 'Block_152547647...', 'body')
#6 C:\xampp\htdocs\diet_recommender\app\ThirdParty\Smarty\libs\sysplugins\smarty_template_resource_base.php(123): content_62763a954786e9_84606815(Object(Smarty_Internal_Template))
#7 C:\xampp\htdocs\diet_recommender\app\ThirdParty\Smarty\libs\sysplugins\smarty_template_compiled.php(114): Smarty_Template_Resource_Base->getRenderedTemplateCode(Object(Smarty_Internal_Template))
#8 C:\xampp\htdocs\diet_recommender\app\ThirdParty\Smarty\libs\sysplugins\smarty_internal_template.php(216): Smarty_Template_Compiled->render(Object(Smarty_Internal_Template))
#9 C:\xampp\htdocs\diet_recommender\app\ThirdParty\Smarty\libs\sysplugins\smarty_internal_template.php(385): Smarty_Internal_Template->render()
#10 C:\xampp\htdocs\diet_recommender\app\ThirdParty\Smarty\libs\sysplugins\smarty_internal_runtime_inheritance.php(116): Smarty_Internal_Template->_subTemplateRender('Layouts/member_...', NULL, NULL, 0, 3600, Array, 2, false, NULL, NULL)
#11 C:\xampp\htdocs\diet_recommender\app\ThirdParty\Smarty\Compiles\3ef648e60f83b6997dd910c1237cb93c5371d65f_0.file.dashboard.tpl.php(31): Smarty_Internal_Runtime_Inheritance->endChild(Object(Smarty_Internal_Template), 'Layouts/member_...')
#12 C:\xampp\htdocs\diet_recommender\app\ThirdParty\Smarty\libs\sysplugins\smarty_template_resource_base.php(123): content_627fb9b4eadcc9_46706852(Object(Smarty_Internal_Template))
#13 C:\xampp\htdocs\diet_recommender\app\ThirdParty\Smarty\libs\sysplugins\smarty_template_compiled.php(114): Smarty_Template_Resource_Base->getRenderedTemplateCode(Object(Smarty_Internal_Template))
#14 C:\xampp\htdocs\diet_recommender\app\ThirdParty\Smarty\libs\sysplugins\smarty_internal_template.php(216): Smarty_Template_Compiled->render(Object(Smarty_Internal_Template))
#15 C:\xampp\htdocs\diet_recommender\app\ThirdParty\Smarty\libs\sysplugins\smarty_internal_templatebase.php(238): Smarty_Internal_Template->render(false, 1)
#16 C:\xampp\htdocs\diet_recommender\app\ThirdParty\Smarty\libs\sysplugins\smarty_internal_templatebase.php(134): Smarty_Internal_TemplateBase->_execute(Object(Smarty_Internal_Template), NULL, NULL, NULL, 1)
#17 C:\xampp\htdocs\diet_recommender\app\Libraries\TPL.php(40): Smarty_Internal_TemplateBase->display('Student/dashboa...', NULL, NULL, NULL)
#18 C:\xampp\htdocs\diet_recommender\app\Libraries\TPL.php(55): App\Libraries\TPL->display('Student/dashboa...')
#19 C:\xampp\htdocs\diet_recommender\system\CodeIgniter.php(320): App\Libraries\TPL->__destruct()
#20 C:\xampp\htdocs\diet_recommender\public\index.php(37): CodeIgniter\CodeIgniter->run()
#21 C:\xampp\htdocs\diet_recommender\system\Commands\Server\rewrite.php(43): require_once('C:\\xampp\\htdocs...')
#22 {main}
CRITICAL - 2022-05-14 09:16:26 --> Undefined array key "student_profiles"
#0 C:\xampp\htdocs\diet_recommender\app\ThirdParty\Smarty\Compiles\3ef648e60f83b6997dd910c1237cb93c5371d65f_0.file.dashboard.tpl.php(250): CodeIgniter\Debug\Exceptions->errorHandler(2, 'Undefined array...', 'C:\\xampp\\htdocs...', 250)
#1 C:\xampp\htdocs\diet_recommender\app\ThirdParty\Smarty\libs\sysplugins\smarty_internal_runtime_inheritance.php(248): Block_1755628389627fb9ba9e4823_25149539->callBlock(Object(Smarty_Internal_Template))
#2 C:\xampp\htdocs\diet_recommender\app\ThirdParty\Smarty\libs\sysplugins\smarty_internal_runtime_inheritance.php(184): Smarty_Internal_Runtime_Inheritance->callBlock(Object(Block_1755628389627fb9ba9e4823_25149539), Object(Smarty_Internal_Template))
#3 C:\xampp\htdocs\diet_recommender\app\ThirdParty\Smarty\libs\sysplugins\smarty_internal_runtime_inheritance.php(186): Smarty_Internal_Runtime_Inheritance->process(Object(Smarty_Internal_Template), Object(Block_1755628389627fb9ba9e4823_25149539), Object(Block_152547647562763a95474861_22545650))
#4 C:\xampp\htdocs\diet_recommender\app\ThirdParty\Smarty\libs\sysplugins\smarty_internal_runtime_inheritance.php(156): Smarty_Internal_Runtime_Inheritance->process(Object(Smarty_Internal_Template), Object(Block_152547647562763a95474861_22545650))
#5 C:\xampp\htdocs\diet_recommender\app\ThirdParty\Smarty\Compiles\c4cff84b956c2362d512dc8ee3c9abcbabb2c585_0.file.member_area.tpl.php(86): Smarty_Internal_Runtime_Inheritance->instanceBlock(Object(Smarty_Internal_Template), 'Block_152547647...', 'body')
#6 C:\xampp\htdocs\diet_recommender\app\ThirdParty\Smarty\libs\sysplugins\smarty_template_resource_base.php(123): content_62763a954786e9_84606815(Object(Smarty_Internal_Template))
#7 C:\xampp\htdocs\diet_recommender\app\ThirdParty\Smarty\libs\sysplugins\smarty_template_compiled.php(114): Smarty_Template_Resource_Base->getRenderedTemplateCode(Object(Smarty_Internal_Template))
#8 C:\xampp\htdocs\diet_recommender\app\ThirdParty\Smarty\libs\sysplugins\smarty_internal_template.php(216): Smarty_Template_Compiled->render(Object(Smarty_Internal_Template))
#9 C:\xampp\htdocs\diet_recommender\app\ThirdParty\Smarty\libs\sysplugins\smarty_internal_template.php(385): Smarty_Internal_Template->render()
#10 C:\xampp\htdocs\diet_recommender\app\ThirdParty\Smarty\libs\sysplugins\smarty_internal_runtime_inheritance.php(116): Smarty_Internal_Template->_subTemplateRender('Layouts/member_...', NULL, NULL, 0, 3600, Array, 2, false, NULL, NULL)
#11 C:\xampp\htdocs\diet_recommender\app\ThirdParty\Smarty\Compiles\3ef648e60f83b6997dd910c1237cb93c5371d65f_0.file.dashboard.tpl.php(31): Smarty_Internal_Runtime_Inheritance->endChild(Object(Smarty_Internal_Template), 'Layouts/member_...')
#12 C:\xampp\htdocs\diet_recommender\app\ThirdParty\Smarty\libs\sysplugins\smarty_template_resource_base.php(123): content_627fb9ba9f4229_71703361(Object(Smarty_Internal_Template))
#13 C:\xampp\htdocs\diet_recommender\app\ThirdParty\Smarty\libs\sysplugins\smarty_template_compiled.php(114): Smarty_Template_Resource_Base->getRenderedTemplateCode(Object(Smarty_Internal_Template))
#14 C:\xampp\htdocs\diet_recommender\app\ThirdParty\Smarty\libs\sysplugins\smarty_internal_template.php(216): Smarty_Template_Compiled->render(Object(Smarty_Internal_Template))
#15 C:\xampp\htdocs\diet_recommender\app\ThirdParty\Smarty\libs\sysplugins\smarty_internal_templatebase.php(238): Smarty_Internal_Template->render(false, 1)
#16 C:\xampp\htdocs\diet_recommender\app\ThirdParty\Smarty\libs\sysplugins\smarty_internal_templatebase.php(134): Smarty_Internal_TemplateBase->_execute(Object(Smarty_Internal_Template), NULL, NULL, NULL, 1)
#17 C:\xampp\htdocs\diet_recommender\app\Libraries\TPL.php(40): Smarty_Internal_TemplateBase->display('Student/dashboa...', NULL, NULL, NULL)
#18 C:\xampp\htdocs\diet_recommender\app\Libraries\TPL.php(55): App\Libraries\TPL->display('Student/dashboa...')
#19 C:\xampp\htdocs\diet_recommender\system\CodeIgniter.php(320): App\Libraries\TPL->__destruct()
#20 C:\xampp\htdocs\diet_recommender\public\index.php(37): CodeIgniter\CodeIgniter->run()
#21 C:\xampp\htdocs\diet_recommender\system\Commands\Server\rewrite.php(43): require_once('C:\\xampp\\htdocs...')
#22 {main}
CRITICAL - 2022-05-14 09:16:49 --> Undefined array key "student_profile"
#0 C:\xampp\htdocs\diet_recommender\app\ThirdParty\Smarty\Compiles\3ef648e60f83b6997dd910c1237cb93c5371d65f_0.file.dashboard.tpl.php(250): CodeIgniter\Debug\Exceptions->errorHandler(2, 'Undefined array...', 'C:\\xampp\\htdocs...', 250)
#1 C:\xampp\htdocs\diet_recommender\app\ThirdParty\Smarty\libs\sysplugins\smarty_internal_runtime_inheritance.php(248): Block_235304914627fb9d10b60b6_83675138->callBlock(Object(Smarty_Internal_Template))
#2 C:\xampp\htdocs\diet_recommender\app\ThirdParty\Smarty\libs\sysplugins\smarty_internal_runtime_inheritance.php(184): Smarty_Internal_Runtime_Inheritance->callBlock(Object(Block_235304914627fb9d10b60b6_83675138), Object(Smarty_Internal_Template))
#3 C:\xampp\htdocs\diet_recommender\app\ThirdParty\Smarty\libs\sysplugins\smarty_internal_runtime_inheritance.php(186): Smarty_Internal_Runtime_Inheritance->process(Object(Smarty_Internal_Template), Object(Block_235304914627fb9d10b60b6_83675138), Object(Block_152547647562763a95474861_22545650))
#4 C:\xampp\htdocs\diet_recommender\app\ThirdParty\Smarty\libs\sysplugins\smarty_internal_runtime_inheritance.php(156): Smarty_Internal_Runtime_Inheritance->process(Object(Smarty_Internal_Template), Object(Block_152547647562763a95474861_22545650))
#5 C:\xampp\htdocs\diet_recommender\app\ThirdParty\Smarty\Compiles\c4cff84b956c2362d512dc8ee3c9abcbabb2c585_0.file.member_area.tpl.php(86): Smarty_Internal_Runtime_Inheritance->instanceBlock(Object(Smarty_Internal_Template), 'Block_152547647...', 'body')
#6 C:\xampp\htdocs\diet_recommender\app\ThirdParty\Smarty\libs\sysplugins\smarty_template_resource_base.php(123): content_62763a954786e9_84606815(Object(Smarty_Internal_Template))
#7 C:\xampp\htdocs\diet_recommender\app\ThirdParty\Smarty\libs\sysplugins\smarty_template_compiled.php(114): Smarty_Template_Resource_Base->getRenderedTemplateCode(Object(Smarty_Internal_Template))
#8 C:\xampp\htdocs\diet_recommender\app\ThirdParty\Smarty\libs\sysplugins\smarty_internal_template.php(216): Smarty_Template_Compiled->render(Object(Smarty_Internal_Template))
#9 C:\xampp\htdocs\diet_recommender\app\ThirdParty\Smarty\libs\sysplugins\smarty_internal_template.php(385): Smarty_Internal_Template->render()
#10 C:\xampp\htdocs\diet_recommender\app\ThirdParty\Smarty\libs\sysplugins\smarty_internal_runtime_inheritance.php(116): Smarty_Internal_Template->_subTemplateRender('Layouts/member_...', NULL, NULL, 0, 3600, Array, 2, false, NULL, NULL)
#11 C:\xampp\htdocs\diet_recommender\app\ThirdParty\Smarty\Compiles\3ef648e60f83b6997dd910c1237cb93c5371d65f_0.file.dashboard.tpl.php(31): Smarty_Internal_Runtime_Inheritance->endChild(Object(Smarty_Internal_Template), 'Layouts/member_...')
#12 C:\xampp\htdocs\diet_recommender\app\ThirdParty\Smarty\libs\sysplugins\smarty_template_resource_base.php(123): content_627fb9d10c5ab1_75564165(Object(Smarty_Internal_Template))
#13 C:\xampp\htdocs\diet_recommender\app\ThirdParty\Smarty\libs\sysplugins\smarty_template_compiled.php(114): Smarty_Template_Resource_Base->getRenderedTemplateCode(Object(Smarty_Internal_Template))
#14 C:\xampp\htdocs\diet_recommender\app\ThirdParty\Smarty\libs\sysplugins\smarty_internal_template.php(216): Smarty_Template_Compiled->render(Object(Smarty_Internal_Template))
#15 C:\xampp\htdocs\diet_recommender\app\ThirdParty\Smarty\libs\sysplugins\smarty_internal_templatebase.php(238): Smarty_Internal_Template->render(false, 1)
#16 C:\xampp\htdocs\diet_recommender\app\ThirdParty\Smarty\libs\sysplugins\smarty_internal_templatebase.php(134): Smarty_Internal_TemplateBase->_execute(Object(Smarty_Internal_Template), NULL, NULL, NULL, 1)
#17 C:\xampp\htdocs\diet_recommender\app\Libraries\TPL.php(40): Smarty_Internal_TemplateBase->display('Student/dashboa...', NULL, NULL, NULL)
#18 C:\xampp\htdocs\diet_recommender\app\Libraries\TPL.php(55): App\Libraries\TPL->display('Student/dashboa...')
#19 C:\xampp\htdocs\diet_recommender\system\CodeIgniter.php(320): App\Libraries\TPL->__destruct()
#20 C:\xampp\htdocs\diet_recommender\public\index.php(37): CodeIgniter\CodeIgniter->run()
#21 C:\xampp\htdocs\diet_recommender\system\Commands\Server\rewrite.php(43): require_once('C:\\xampp\\htdocs...')
#22 {main}
