CRITICAL - 2022-06-06 11:44:33 --> Uncaught TypeError: abs(): Argument #1 ($num) must be of type int|float, string given in C:\xampp\htdocs\library\system\Debug\Exceptions.php:298
Stack trace:
#0 C:\xampp\htdocs\library\system\Debug\Exceptions.php(298): abs('42S02')
#1 C:\xampp\htdocs\library\system\Debug\Exceptions.php(102): CodeIgniter\Debug\Exceptions->determineCodes(Object(PDOException))
#2 [internal function]: CodeIgniter\Debug\Exceptions->exceptionHandler(Object(PDOException))
#3 {main}
  thrown
#0 [internal function]: CodeIgniter\Debug\Exceptions->shutdownHandler()
#1 {main}
CRITICAL - 2022-06-06 11:45:00 --> Uncaught TypeError: abs(): Argument #1 ($num) must be of type int|float, string given in C:\xampp\htdocs\library\system\Debug\Exceptions.php:298
Stack trace:
#0 C:\xampp\htdocs\library\system\Debug\Exceptions.php(298): abs('42S02')
#1 C:\xampp\htdocs\library\system\Debug\Exceptions.php(102): CodeIgniter\Debug\Exceptions->determineCodes(Object(PDOException))
#2 [internal function]: CodeIgniter\Debug\Exceptions->exceptionHandler(Object(PDOException))
#3 {main}
  thrown
#0 [internal function]: CodeIgniter\Debug\Exceptions->shutdownHandler()
#1 {main}
CRITICAL - 2022-06-06 11:47:38 --> Undefined array key "student_profile"
#0 C:\xampp\htdocs\library\app\ThirdParty\Smarty\Compiles\1f86332d090bfa4c97363090d144890570cd3f0c_0.file.dashboard.tpl.php(250): CodeIgniter\Debug\Exceptions->errorHandler(2, 'Undefined array...', 'C:\\xampp\\htdocs...', 250)
#1 C:\xampp\htdocs\library\app\ThirdParty\Smarty\libs\sysplugins\smarty_internal_runtime_inheritance.php(248): Block_1387492300628e8c0e7ff1b6_63139405->callBlock(Object(Smarty_Internal_Template))
#2 C:\xampp\htdocs\library\app\ThirdParty\Smarty\libs\sysplugins\smarty_internal_runtime_inheritance.php(184): Smarty_Internal_Runtime_Inheritance->callBlock(Object(Block_1387492300628e8c0e7ff1b6_63139405), Object(Smarty_Internal_Template))
#3 C:\xampp\htdocs\library\app\ThirdParty\Smarty\libs\sysplugins\smarty_internal_runtime_inheritance.php(186): Smarty_Internal_Runtime_Inheritance->process(Object(Smarty_Internal_Template), Object(Block_1387492300628e8c0e7ff1b6_63139405), Object(Block_1702582666628e8c0f1485c8_90151451))
#4 C:\xampp\htdocs\library\app\ThirdParty\Smarty\libs\sysplugins\smarty_internal_runtime_inheritance.php(156): Smarty_Internal_Runtime_Inheritance->process(Object(Smarty_Internal_Template), Object(Block_1702582666628e8c0f1485c8_90151451))
#5 C:\xampp\htdocs\library\app\ThirdParty\Smarty\Compiles\526db6ec1fbab73337244baca705f02d21b93342_0.file.member_area.tpl.php(86): Smarty_Internal_Runtime_Inheritance->instanceBlock(Object(Smarty_Internal_Template), 'Block_170258266...', 'body')
#6 C:\xampp\htdocs\library\app\ThirdParty\Smarty\libs\sysplugins\smarty_template_resource_base.php(123): content_628e8c0f16f6c2_76126977(Object(Smarty_Internal_Template))
#7 C:\xampp\htdocs\library\app\ThirdParty\Smarty\libs\sysplugins\smarty_template_compiled.php(114): Smarty_Template_Resource_Base->getRenderedTemplateCode(Object(Smarty_Internal_Template))
#8 C:\xampp\htdocs\library\app\ThirdParty\Smarty\libs\sysplugins\smarty_internal_template.php(216): Smarty_Template_Compiled->render(Object(Smarty_Internal_Template))
#9 C:\xampp\htdocs\library\app\ThirdParty\Smarty\libs\sysplugins\smarty_internal_template.php(385): Smarty_Internal_Template->render()
#10 C:\xampp\htdocs\library\app\ThirdParty\Smarty\libs\sysplugins\smarty_internal_runtime_inheritance.php(116): Smarty_Internal_Template->_subTemplateRender('Layouts/member_...', NULL, NULL, 0, 3600, Array, 2, false, NULL, NULL)
#11 C:\xampp\htdocs\library\app\ThirdParty\Smarty\Compiles\1f86332d090bfa4c97363090d144890570cd3f0c_0.file.dashboard.tpl.php(31): Smarty_Internal_Runtime_Inheritance->endChild(Object(Smarty_Internal_Template), 'Layouts/member_...')
#12 C:\xampp\htdocs\library\app\ThirdParty\Smarty\libs\sysplugins\smarty_template_resource_base.php(123): content_628e8c0e9e7637_81451979(Object(Smarty_Internal_Template))
#13 C:\xampp\htdocs\library\app\ThirdParty\Smarty\libs\sysplugins\smarty_template_compiled.php(114): Smarty_Template_Resource_Base->getRenderedTemplateCode(Object(Smarty_Internal_Template))
#14 C:\xampp\htdocs\library\app\ThirdParty\Smarty\libs\sysplugins\smarty_internal_template.php(216): Smarty_Template_Compiled->render(Object(Smarty_Internal_Template))
#15 C:\xampp\htdocs\library\app\ThirdParty\Smarty\libs\sysplugins\smarty_internal_templatebase.php(238): Smarty_Internal_Template->render(false, 1)
#16 C:\xampp\htdocs\library\app\ThirdParty\Smarty\libs\sysplugins\smarty_internal_templatebase.php(134): Smarty_Internal_TemplateBase->_execute(Object(Smarty_Internal_Template), NULL, NULL, NULL, 1)
#17 C:\xampp\htdocs\library\app\Libraries\TPL.php(40): Smarty_Internal_TemplateBase->display('Student/dashboa...', NULL, NULL, NULL)
#18 C:\xampp\htdocs\library\app\Libraries\TPL.php(55): App\Libraries\TPL->display('Student/dashboa...')
#19 C:\xampp\htdocs\library\system\CodeIgniter.php(320): App\Libraries\TPL->__destruct()
#20 C:\xampp\htdocs\library\public\index.php(37): CodeIgniter\CodeIgniter->run()
#21 C:\xampp\htdocs\library\system\Commands\Server\rewrite.php(43): require_once('C:\\xampp\\htdocs...')
#22 {main}
CRITICAL - 2022-06-06 11:48:10 --> compact(): Undefined variable $recommended_foods
#0 [internal function]: CodeIgniter\Debug\Exceptions->errorHandler(2, 'compact(): Unde...', 'C:\\xampp\\htdocs...', 14)
#1 C:\xampp\htdocs\library\app\Controllers\Student.php(14): compact('student_profile', 'recommended_foo...')
#2 C:\xampp\htdocs\library\system\CodeIgniter.php(825): App\Controllers\Student->dashboard()
#3 C:\xampp\htdocs\library\system\CodeIgniter.php(412): CodeIgniter\CodeIgniter->runController(Object(App\Controllers\Student))
#4 C:\xampp\htdocs\library\system\CodeIgniter.php(320): CodeIgniter\CodeIgniter->handleRequest(NULL, Object(Config\Cache), false)
#5 C:\xampp\htdocs\library\public\index.php(37): CodeIgniter\CodeIgniter->run()
#6 C:\xampp\htdocs\library\system\Commands\Server\rewrite.php(43): require_once('C:\\xampp\\htdocs...')
#7 {main}
CRITICAL - 2022-06-06 11:48:23 --> Undefined array key "bmi"
#0 C:\xampp\htdocs\library\app\ThirdParty\Smarty\Compiles\1f86332d090bfa4c97363090d144890570cd3f0c_0.file.dashboard.tpl.php(250): CodeIgniter\Debug\Exceptions->errorHandler(2, 'Undefined array...', 'C:\\xampp\\htdocs...', 250)
#1 C:\xampp\htdocs\library\app\ThirdParty\Smarty\libs\sysplugins\smarty_internal_runtime_inheritance.php(248): Block_1387492300628e8c0e7ff1b6_63139405->callBlock(Object(Smarty_Internal_Template))
#2 C:\xampp\htdocs\library\app\ThirdParty\Smarty\libs\sysplugins\smarty_internal_runtime_inheritance.php(184): Smarty_Internal_Runtime_Inheritance->callBlock(Object(Block_1387492300628e8c0e7ff1b6_63139405), Object(Smarty_Internal_Template))
#3 C:\xampp\htdocs\library\app\ThirdParty\Smarty\libs\sysplugins\smarty_internal_runtime_inheritance.php(186): Smarty_Internal_Runtime_Inheritance->process(Object(Smarty_Internal_Template), Object(Block_1387492300628e8c0e7ff1b6_63139405), Object(Block_1702582666628e8c0f1485c8_90151451))
#4 C:\xampp\htdocs\library\app\ThirdParty\Smarty\libs\sysplugins\smarty_internal_runtime_inheritance.php(156): Smarty_Internal_Runtime_Inheritance->process(Object(Smarty_Internal_Template), Object(Block_1702582666628e8c0f1485c8_90151451))
#5 C:\xampp\htdocs\library\app\ThirdParty\Smarty\Compiles\526db6ec1fbab73337244baca705f02d21b93342_0.file.member_area.tpl.php(86): Smarty_Internal_Runtime_Inheritance->instanceBlock(Object(Smarty_Internal_Template), 'Block_170258266...', 'body')
#6 C:\xampp\htdocs\library\app\ThirdParty\Smarty\libs\sysplugins\smarty_template_resource_base.php(123): content_628e8c0f16f6c2_76126977(Object(Smarty_Internal_Template))
#7 C:\xampp\htdocs\library\app\ThirdParty\Smarty\libs\sysplugins\smarty_template_compiled.php(114): Smarty_Template_Resource_Base->getRenderedTemplateCode(Object(Smarty_Internal_Template))
#8 C:\xampp\htdocs\library\app\ThirdParty\Smarty\libs\sysplugins\smarty_internal_template.php(216): Smarty_Template_Compiled->render(Object(Smarty_Internal_Template))
#9 C:\xampp\htdocs\library\app\ThirdParty\Smarty\libs\sysplugins\smarty_internal_template.php(385): Smarty_Internal_Template->render()
#10 C:\xampp\htdocs\library\app\ThirdParty\Smarty\libs\sysplugins\smarty_internal_runtime_inheritance.php(116): Smarty_Internal_Template->_subTemplateRender('Layouts/member_...', NULL, NULL, 0, 3600, Array, 2, false, NULL, NULL)
#11 C:\xampp\htdocs\library\app\ThirdParty\Smarty\Compiles\1f86332d090bfa4c97363090d144890570cd3f0c_0.file.dashboard.tpl.php(31): Smarty_Internal_Runtime_Inheritance->endChild(Object(Smarty_Internal_Template), 'Layouts/member_...')
#12 C:\xampp\htdocs\library\app\ThirdParty\Smarty\libs\sysplugins\smarty_template_resource_base.php(123): content_628e8c0e9e7637_81451979(Object(Smarty_Internal_Template))
#13 C:\xampp\htdocs\library\app\ThirdParty\Smarty\libs\sysplugins\smarty_template_compiled.php(114): Smarty_Template_Resource_Base->getRenderedTemplateCode(Object(Smarty_Internal_Template))
#14 C:\xampp\htdocs\library\app\ThirdParty\Smarty\libs\sysplugins\smarty_internal_template.php(216): Smarty_Template_Compiled->render(Object(Smarty_Internal_Template))
#15 C:\xampp\htdocs\library\app\ThirdParty\Smarty\libs\sysplugins\smarty_internal_templatebase.php(238): Smarty_Internal_Template->render(false, 1)
#16 C:\xampp\htdocs\library\app\ThirdParty\Smarty\libs\sysplugins\smarty_internal_templatebase.php(134): Smarty_Internal_TemplateBase->_execute(Object(Smarty_Internal_Template), NULL, NULL, NULL, 1)
#17 C:\xampp\htdocs\library\app\Libraries\TPL.php(40): Smarty_Internal_TemplateBase->display('Student/dashboa...', NULL, NULL, NULL)
#18 C:\xampp\htdocs\library\app\Libraries\TPL.php(55): App\Libraries\TPL->display('Student/dashboa...')
#19 C:\xampp\htdocs\library\system\CodeIgniter.php(320): App\Libraries\TPL->__destruct()
#20 C:\xampp\htdocs\library\public\index.php(37): CodeIgniter\CodeIgniter->run()
#21 C:\xampp\htdocs\library\system\Commands\Server\rewrite.php(43): require_once('C:\\xampp\\htdocs...')
#22 {main}
CRITICAL - 2022-06-06 11:55:43 --> Undefined array key "student_profile"
#0 C:\xampp\htdocs\library\app\ThirdParty\Smarty\Compiles\1f86332d090bfa4c97363090d144890570cd3f0c_0.file.dashboard.tpl.php(250): CodeIgniter\Debug\Exceptions->errorHandler(2, 'Undefined array...', 'C:\\xampp\\htdocs...', 250)
#1 C:\xampp\htdocs\library\app\ThirdParty\Smarty\libs\sysplugins\smarty_internal_runtime_inheritance.php(248): Block_1387492300628e8c0e7ff1b6_63139405->callBlock(Object(Smarty_Internal_Template))
#2 C:\xampp\htdocs\library\app\ThirdParty\Smarty\libs\sysplugins\smarty_internal_runtime_inheritance.php(184): Smarty_Internal_Runtime_Inheritance->callBlock(Object(Block_1387492300628e8c0e7ff1b6_63139405), Object(Smarty_Internal_Template))
#3 C:\xampp\htdocs\library\app\ThirdParty\Smarty\libs\sysplugins\smarty_internal_runtime_inheritance.php(186): Smarty_Internal_Runtime_Inheritance->process(Object(Smarty_Internal_Template), Object(Block_1387492300628e8c0e7ff1b6_63139405), Object(Block_1702582666628e8c0f1485c8_90151451))
#4 C:\xampp\htdocs\library\app\ThirdParty\Smarty\libs\sysplugins\smarty_internal_runtime_inheritance.php(156): Smarty_Internal_Runtime_Inheritance->process(Object(Smarty_Internal_Template), Object(Block_1702582666628e8c0f1485c8_90151451))
#5 C:\xampp\htdocs\library\app\ThirdParty\Smarty\Compiles\526db6ec1fbab73337244baca705f02d21b93342_0.file.member_area.tpl.php(86): Smarty_Internal_Runtime_Inheritance->instanceBlock(Object(Smarty_Internal_Template), 'Block_170258266...', 'body')
#6 C:\xampp\htdocs\library\app\ThirdParty\Smarty\libs\sysplugins\smarty_template_resource_base.php(123): content_628e8c0f16f6c2_76126977(Object(Smarty_Internal_Template))
#7 C:\xampp\htdocs\library\app\ThirdParty\Smarty\libs\sysplugins\smarty_template_compiled.php(114): Smarty_Template_Resource_Base->getRenderedTemplateCode(Object(Smarty_Internal_Template))
#8 C:\xampp\htdocs\library\app\ThirdParty\Smarty\libs\sysplugins\smarty_internal_template.php(216): Smarty_Template_Compiled->render(Object(Smarty_Internal_Template))
#9 C:\xampp\htdocs\library\app\ThirdParty\Smarty\libs\sysplugins\smarty_internal_template.php(385): Smarty_Internal_Template->render()
#10 C:\xampp\htdocs\library\app\ThirdParty\Smarty\libs\sysplugins\smarty_internal_runtime_inheritance.php(116): Smarty_Internal_Template->_subTemplateRender('Layouts/member_...', NULL, NULL, 0, 3600, Array, 2, false, NULL, NULL)
#11 C:\xampp\htdocs\library\app\ThirdParty\Smarty\Compiles\1f86332d090bfa4c97363090d144890570cd3f0c_0.file.dashboard.tpl.php(31): Smarty_Internal_Runtime_Inheritance->endChild(Object(Smarty_Internal_Template), 'Layouts/member_...')
#12 C:\xampp\htdocs\library\app\ThirdParty\Smarty\libs\sysplugins\smarty_template_resource_base.php(123): content_628e8c0e9e7637_81451979(Object(Smarty_Internal_Template))
#13 C:\xampp\htdocs\library\app\ThirdParty\Smarty\libs\sysplugins\smarty_template_compiled.php(114): Smarty_Template_Resource_Base->getRenderedTemplateCode(Object(Smarty_Internal_Template))
#14 C:\xampp\htdocs\library\app\ThirdParty\Smarty\libs\sysplugins\smarty_internal_template.php(216): Smarty_Template_Compiled->render(Object(Smarty_Internal_Template))
#15 C:\xampp\htdocs\library\app\ThirdParty\Smarty\libs\sysplugins\smarty_internal_templatebase.php(238): Smarty_Internal_Template->render(false, 1)
#16 C:\xampp\htdocs\library\app\ThirdParty\Smarty\libs\sysplugins\smarty_internal_templatebase.php(134): Smarty_Internal_TemplateBase->_execute(Object(Smarty_Internal_Template), NULL, NULL, NULL, 1)
#17 C:\xampp\htdocs\library\app\Libraries\TPL.php(40): Smarty_Internal_TemplateBase->display('Student/dashboa...', NULL, NULL, NULL)
#18 C:\xampp\htdocs\library\app\Libraries\TPL.php(55): App\Libraries\TPL->display('Student/dashboa...')
#19 C:\xampp\htdocs\library\system\CodeIgniter.php(320): App\Libraries\TPL->__destruct()
#20 C:\xampp\htdocs\library\public\index.php(37): CodeIgniter\CodeIgniter->run()
#21 C:\xampp\htdocs\library\system\Commands\Server\rewrite.php(43): require_once('C:\\xampp\\htdocs...')
#22 {main}
CRITICAL - 2022-06-06 11:55:46 --> Undefined array key "student_profile"
#0 C:\xampp\htdocs\library\app\ThirdParty\Smarty\Compiles\1f86332d090bfa4c97363090d144890570cd3f0c_0.file.dashboard.tpl.php(250): CodeIgniter\Debug\Exceptions->errorHandler(2, 'Undefined array...', 'C:\\xampp\\htdocs...', 250)
#1 C:\xampp\htdocs\library\app\ThirdParty\Smarty\libs\sysplugins\smarty_internal_runtime_inheritance.php(248): Block_1387492300628e8c0e7ff1b6_63139405->callBlock(Object(Smarty_Internal_Template))
#2 C:\xampp\htdocs\library\app\ThirdParty\Smarty\libs\sysplugins\smarty_internal_runtime_inheritance.php(184): Smarty_Internal_Runtime_Inheritance->callBlock(Object(Block_1387492300628e8c0e7ff1b6_63139405), Object(Smarty_Internal_Template))
#3 C:\xampp\htdocs\library\app\ThirdParty\Smarty\libs\sysplugins\smarty_internal_runtime_inheritance.php(186): Smarty_Internal_Runtime_Inheritance->process(Object(Smarty_Internal_Template), Object(Block_1387492300628e8c0e7ff1b6_63139405), Object(Block_1702582666628e8c0f1485c8_90151451))
#4 C:\xampp\htdocs\library\app\ThirdParty\Smarty\libs\sysplugins\smarty_internal_runtime_inheritance.php(156): Smarty_Internal_Runtime_Inheritance->process(Object(Smarty_Internal_Template), Object(Block_1702582666628e8c0f1485c8_90151451))
#5 C:\xampp\htdocs\library\app\ThirdParty\Smarty\Compiles\526db6ec1fbab73337244baca705f02d21b93342_0.file.member_area.tpl.php(86): Smarty_Internal_Runtime_Inheritance->instanceBlock(Object(Smarty_Internal_Template), 'Block_170258266...', 'body')
#6 C:\xampp\htdocs\library\app\ThirdParty\Smarty\libs\sysplugins\smarty_template_resource_base.php(123): content_628e8c0f16f6c2_76126977(Object(Smarty_Internal_Template))
#7 C:\xampp\htdocs\library\app\ThirdParty\Smarty\libs\sysplugins\smarty_template_compiled.php(114): Smarty_Template_Resource_Base->getRenderedTemplateCode(Object(Smarty_Internal_Template))
#8 C:\xampp\htdocs\library\app\ThirdParty\Smarty\libs\sysplugins\smarty_internal_template.php(216): Smarty_Template_Compiled->render(Object(Smarty_Internal_Template))
#9 C:\xampp\htdocs\library\app\ThirdParty\Smarty\libs\sysplugins\smarty_internal_template.php(385): Smarty_Internal_Template->render()
#10 C:\xampp\htdocs\library\app\ThirdParty\Smarty\libs\sysplugins\smarty_internal_runtime_inheritance.php(116): Smarty_Internal_Template->_subTemplateRender('Layouts/member_...', NULL, NULL, 0, 3600, Array, 2, false, NULL, NULL)
#11 C:\xampp\htdocs\library\app\ThirdParty\Smarty\Compiles\1f86332d090bfa4c97363090d144890570cd3f0c_0.file.dashboard.tpl.php(31): Smarty_Internal_Runtime_Inheritance->endChild(Object(Smarty_Internal_Template), 'Layouts/member_...')
#12 C:\xampp\htdocs\library\app\ThirdParty\Smarty\libs\sysplugins\smarty_template_resource_base.php(123): content_628e8c0e9e7637_81451979(Object(Smarty_Internal_Template))
#13 C:\xampp\htdocs\library\app\ThirdParty\Smarty\libs\sysplugins\smarty_template_compiled.php(114): Smarty_Template_Resource_Base->getRenderedTemplateCode(Object(Smarty_Internal_Template))
#14 C:\xampp\htdocs\library\app\ThirdParty\Smarty\libs\sysplugins\smarty_internal_template.php(216): Smarty_Template_Compiled->render(Object(Smarty_Internal_Template))
#15 C:\xampp\htdocs\library\app\ThirdParty\Smarty\libs\sysplugins\smarty_internal_templatebase.php(238): Smarty_Internal_Template->render(false, 1)
#16 C:\xampp\htdocs\library\app\ThirdParty\Smarty\libs\sysplugins\smarty_internal_templatebase.php(134): Smarty_Internal_TemplateBase->_execute(Object(Smarty_Internal_Template), NULL, NULL, NULL, 1)
#17 C:\xampp\htdocs\library\app\Libraries\TPL.php(40): Smarty_Internal_TemplateBase->display('Student/dashboa...', NULL, NULL, NULL)
#18 C:\xampp\htdocs\library\app\Libraries\TPL.php(55): App\Libraries\TPL->display('Student/dashboa...')
#19 C:\xampp\htdocs\library\system\CodeIgniter.php(320): App\Libraries\TPL->__destruct()
#20 C:\xampp\htdocs\library\public\index.php(37): CodeIgniter\CodeIgniter->run()
#21 C:\xampp\htdocs\library\system\Commands\Server\rewrite.php(43): require_once('C:\\xampp\\htdocs...')
#22 {main}
CRITICAL - 2022-06-06 11:55:53 --> Undefined array key "student_profile"
#0 C:\xampp\htdocs\library\app\ThirdParty\Smarty\Compiles\1f86332d090bfa4c97363090d144890570cd3f0c_0.file.dashboard.tpl.php(250): CodeIgniter\Debug\Exceptions->errorHandler(2, 'Undefined array...', 'C:\\xampp\\htdocs...', 250)
#1 C:\xampp\htdocs\library\app\ThirdParty\Smarty\libs\sysplugins\smarty_internal_runtime_inheritance.php(248): Block_1387492300628e8c0e7ff1b6_63139405->callBlock(Object(Smarty_Internal_Template))
#2 C:\xampp\htdocs\library\app\ThirdParty\Smarty\libs\sysplugins\smarty_internal_runtime_inheritance.php(184): Smarty_Internal_Runtime_Inheritance->callBlock(Object(Block_1387492300628e8c0e7ff1b6_63139405), Object(Smarty_Internal_Template))
#3 C:\xampp\htdocs\library\app\ThirdParty\Smarty\libs\sysplugins\smarty_internal_runtime_inheritance.php(186): Smarty_Internal_Runtime_Inheritance->process(Object(Smarty_Internal_Template), Object(Block_1387492300628e8c0e7ff1b6_63139405), Object(Block_1702582666628e8c0f1485c8_90151451))
#4 C:\xampp\htdocs\library\app\ThirdParty\Smarty\libs\sysplugins\smarty_internal_runtime_inheritance.php(156): Smarty_Internal_Runtime_Inheritance->process(Object(Smarty_Internal_Template), Object(Block_1702582666628e8c0f1485c8_90151451))
#5 C:\xampp\htdocs\library\app\ThirdParty\Smarty\Compiles\526db6ec1fbab73337244baca705f02d21b93342_0.file.member_area.tpl.php(86): Smarty_Internal_Runtime_Inheritance->instanceBlock(Object(Smarty_Internal_Template), 'Block_170258266...', 'body')
#6 C:\xampp\htdocs\library\app\ThirdParty\Smarty\libs\sysplugins\smarty_template_resource_base.php(123): content_628e8c0f16f6c2_76126977(Object(Smarty_Internal_Template))
#7 C:\xampp\htdocs\library\app\ThirdParty\Smarty\libs\sysplugins\smarty_template_compiled.php(114): Smarty_Template_Resource_Base->getRenderedTemplateCode(Object(Smarty_Internal_Template))
#8 C:\xampp\htdocs\library\app\ThirdParty\Smarty\libs\sysplugins\smarty_internal_template.php(216): Smarty_Template_Compiled->render(Object(Smarty_Internal_Template))
#9 C:\xampp\htdocs\library\app\ThirdParty\Smarty\libs\sysplugins\smarty_internal_template.php(385): Smarty_Internal_Template->render()
#10 C:\xampp\htdocs\library\app\ThirdParty\Smarty\libs\sysplugins\smarty_internal_runtime_inheritance.php(116): Smarty_Internal_Template->_subTemplateRender('Layouts/member_...', NULL, NULL, 0, 3600, Array, 2, false, NULL, NULL)
#11 C:\xampp\htdocs\library\app\ThirdParty\Smarty\Compiles\1f86332d090bfa4c97363090d144890570cd3f0c_0.file.dashboard.tpl.php(31): Smarty_Internal_Runtime_Inheritance->endChild(Object(Smarty_Internal_Template), 'Layouts/member_...')
#12 C:\xampp\htdocs\library\app\ThirdParty\Smarty\libs\sysplugins\smarty_template_resource_base.php(123): content_628e8c0e9e7637_81451979(Object(Smarty_Internal_Template))
#13 C:\xampp\htdocs\library\app\ThirdParty\Smarty\libs\sysplugins\smarty_template_compiled.php(114): Smarty_Template_Resource_Base->getRenderedTemplateCode(Object(Smarty_Internal_Template))
#14 C:\xampp\htdocs\library\app\ThirdParty\Smarty\libs\sysplugins\smarty_internal_template.php(216): Smarty_Template_Compiled->render(Object(Smarty_Internal_Template))
#15 C:\xampp\htdocs\library\app\ThirdParty\Smarty\libs\sysplugins\smarty_internal_templatebase.php(238): Smarty_Internal_Template->render(false, 1)
#16 C:\xampp\htdocs\library\app\ThirdParty\Smarty\libs\sysplugins\smarty_internal_templatebase.php(134): Smarty_Internal_TemplateBase->_execute(Object(Smarty_Internal_Template), NULL, NULL, NULL, 1)
#17 C:\xampp\htdocs\library\app\Libraries\TPL.php(40): Smarty_Internal_TemplateBase->display('Student/dashboa...', NULL, NULL, NULL)
#18 C:\xampp\htdocs\library\app\Libraries\TPL.php(55): App\Libraries\TPL->display('Student/dashboa...')
#19 C:\xampp\htdocs\library\system\CodeIgniter.php(320): App\Libraries\TPL->__destruct()
#20 C:\xampp\htdocs\library\public\index.php(37): CodeIgniter\CodeIgniter->run()
#21 C:\xampp\htdocs\library\system\Commands\Server\rewrite.php(43): require_once('C:\\xampp\\htdocs...')
#22 {main}
CRITICAL - 2022-06-06 12:00:12 --> Undefined array key "bmi"
#0 C:\xampp\htdocs\library\app\ThirdParty\Smarty\Compiles\1f86332d090bfa4c97363090d144890570cd3f0c_0.file.dashboard.tpl.php(250): CodeIgniter\Debug\Exceptions->errorHandler(2, 'Undefined array...', 'C:\\xampp\\htdocs...', 250)
#1 C:\xampp\htdocs\library\app\ThirdParty\Smarty\libs\sysplugins\smarty_internal_runtime_inheritance.php(248): Block_132749478629e329bde7ac1_34583122->callBlock(Object(Smarty_Internal_Template))
#2 C:\xampp\htdocs\library\app\ThirdParty\Smarty\libs\sysplugins\smarty_internal_runtime_inheritance.php(184): Smarty_Internal_Runtime_Inheritance->callBlock(Object(Block_132749478629e329bde7ac1_34583122), Object(Smarty_Internal_Template))
#3 C:\xampp\htdocs\library\app\ThirdParty\Smarty\libs\sysplugins\smarty_internal_runtime_inheritance.php(186): Smarty_Internal_Runtime_Inheritance->process(Object(Smarty_Internal_Template), Object(Block_132749478629e329bde7ac1_34583122), Object(Block_1702582666628e8c0f1485c8_90151451))
#4 C:\xampp\htdocs\library\app\ThirdParty\Smarty\libs\sysplugins\smarty_internal_runtime_inheritance.php(156): Smarty_Internal_Runtime_Inheritance->process(Object(Smarty_Internal_Template), Object(Block_1702582666628e8c0f1485c8_90151451))
#5 C:\xampp\htdocs\library\app\ThirdParty\Smarty\Compiles\526db6ec1fbab73337244baca705f02d21b93342_0.file.member_area.tpl.php(86): Smarty_Internal_Runtime_Inheritance->instanceBlock(Object(Smarty_Internal_Template), 'Block_170258266...', 'body')
#6 C:\xampp\htdocs\library\app\ThirdParty\Smarty\libs\sysplugins\smarty_template_resource_base.php(123): content_628e8c0f16f6c2_76126977(Object(Smarty_Internal_Template))
#7 C:\xampp\htdocs\library\app\ThirdParty\Smarty\libs\sysplugins\smarty_template_compiled.php(114): Smarty_Template_Resource_Base->getRenderedTemplateCode(Object(Smarty_Internal_Template))
#8 C:\xampp\htdocs\library\app\ThirdParty\Smarty\libs\sysplugins\smarty_internal_template.php(216): Smarty_Template_Compiled->render(Object(Smarty_Internal_Template))
#9 C:\xampp\htdocs\library\app\ThirdParty\Smarty\libs\sysplugins\smarty_internal_template.php(385): Smarty_Internal_Template->render()
#10 C:\xampp\htdocs\library\app\ThirdParty\Smarty\libs\sysplugins\smarty_internal_runtime_inheritance.php(116): Smarty_Internal_Template->_subTemplateRender('Layouts/member_...', NULL, NULL, 0, 3600, Array, 2, false, NULL, NULL)
#11 C:\xampp\htdocs\library\app\ThirdParty\Smarty\Compiles\1f86332d090bfa4c97363090d144890570cd3f0c_0.file.dashboard.tpl.php(31): Smarty_Internal_Runtime_Inheritance->endChild(Object(Smarty_Internal_Template), 'Layouts/member_...')
#12 C:\xampp\htdocs\library\app\ThirdParty\Smarty\libs\sysplugins\smarty_template_resource_base.php(123): content_629e329c193770_81277682(Object(Smarty_Internal_Template))
#13 C:\xampp\htdocs\library\app\ThirdParty\Smarty\libs\sysplugins\smarty_template_compiled.php(114): Smarty_Template_Resource_Base->getRenderedTemplateCode(Object(Smarty_Internal_Template))
#14 C:\xampp\htdocs\library\app\ThirdParty\Smarty\libs\sysplugins\smarty_internal_template.php(216): Smarty_Template_Compiled->render(Object(Smarty_Internal_Template))
#15 C:\xampp\htdocs\library\app\ThirdParty\Smarty\libs\sysplugins\smarty_internal_templatebase.php(238): Smarty_Internal_Template->render(false, 1)
#16 C:\xampp\htdocs\library\app\ThirdParty\Smarty\libs\sysplugins\smarty_internal_templatebase.php(134): Smarty_Internal_TemplateBase->_execute(Object(Smarty_Internal_Template), NULL, NULL, NULL, 1)
#17 C:\xampp\htdocs\library\app\Libraries\TPL.php(40): Smarty_Internal_TemplateBase->display('Student/dashboa...', NULL, NULL, NULL)
#18 C:\xampp\htdocs\library\app\Libraries\TPL.php(55): App\Libraries\TPL->display('Student/dashboa...')
#19 C:\xampp\htdocs\library\system\CodeIgniter.php(320): App\Libraries\TPL->__destruct()
#20 C:\xampp\htdocs\library\public\index.php(37): CodeIgniter\CodeIgniter->run()
#21 C:\xampp\htdocs\library\system\Commands\Server\rewrite.php(43): require_once('C:\\xampp\\htdocs...')
#22 {main}
